2024-05-24 10:47:20.294  INFO 9192 --- [main] YuandiInjectiondispenserApplicationTests : Starting YuandiInjectiondispenserApplicationTests using Java 17.0.9 on ZH with PID 9192 (started by 78671 in D:\work\ç–«è‹—å‘è¯æœº\yiwan-vaccinedispenser_-v1.0\yiwan-vaccinedispenser-admin)
2024-05-24 10:47:20.297  INFO 9192 --- [main] YuandiInjectiondispenserApplicationTests : The following 1 profile is active: "dev"
2024-05-24 10:47:22.810  INFO 9192 --- [main] .s.d.r.c.RepositoryConfigurationDelegate : Multiple Spring Data modules found, entering strict repository configuration mode
2024-05-24 10:47:22.823  INFO 9192 --- [main] .s.d.r.c.RepositoryConfigurationDelegate : Bootstrapping Spring Data Redis repositories in DEFAULT mode.
2024-05-24 10:47:23.108  INFO 9192 --- [main] .s.d.r.c.RepositoryConfigurationDelegate : Finished Spring Data repository scanning in 211 ms. Found 0 Redis repository interfaces.
2024-05-24 10:47:28.976  INFO 9192 --- [main] com.zaxxer.hikari.HikariDataSource       : HikariPool-1 - Starting...
2024-05-24 10:47:29.362  INFO 9192 --- [main] com.zaxxer.hikari.HikariDataSource       : HikariPool-1 - Start completed.
2024-05-24 10:47:29.446  INFO 9192 --- [main] c.y.v.system.netty.NettyClient           : å½“å‰å®¢æˆ·ç«¯ï¼šA, è¿›è¡Œåˆå§‹åŒ–
2024-05-24 10:47:29.792  INFO 9192 --- [main] c.y.v.system.netty.NettyClient           : å½“å‰å®¢æˆ·ç«¯ï¼šB, è¿›è¡Œåˆå§‹åŒ–
2024-05-24 10:47:33.611  INFO 9192 --- [main] o.y.standard.ServerEndpointExporter      : [34mNetty WebSocket started on port: 8880 with context path(s): '/websocket/{pageId}' .[0m
2024-05-24 10:47:33.655  INFO 9192 --- [main] YuandiInjectiondispenserApplicationTests : Started YuandiInjectiondispenserApplicationTests in 14.649 seconds (JVM running for 17.208)
2024-05-24 10:47:34.861  INFO 9192 --- [SpringApplicationShutdownHook] com.zaxxer.hikari.HikariDataSource       : HikariPool-1 - Shutdown initiated...
2024-05-24 10:47:35.325  INFO 9192 --- [SpringApplicationShutdownHook] com.zaxxer.hikari.HikariDataSource       : HikariPool-1 - Shutdown completed.
2024-05-24 10:48:35.932  INFO 18660 --- [main] YuandiInjectiondispenserApplicationTests : Starting YuandiInjectiondispenserApplicationTests using Java 17.0.9 on ZH with PID 18660 (started by 78671 in D:\work\ç–«è‹—å‘è¯æœº\yiwan-vaccinedispenser_-v1.0\yiwan-vaccinedispenser-admin)
2024-05-24 10:48:35.938  INFO 18660 --- [main] YuandiInjectiondispenserApplicationTests : The following 1 profile is active: "dev"
2024-05-24 10:48:38.052  INFO 18660 --- [main] .s.d.r.c.RepositoryConfigurationDelegate : Multiple Spring Data modules found, entering strict repository configuration mode
2024-05-24 10:48:38.057  INFO 18660 --- [main] .s.d.r.c.RepositoryConfigurationDelegate : Bootstrapping Spring Data Redis repositories in DEFAULT mode.
2024-05-24 10:48:38.186  INFO 18660 --- [main] .s.d.r.c.RepositoryConfigurationDelegate : Finished Spring Data repository scanning in 92 ms. Found 0 Redis repository interfaces.
2024-05-24 10:48:42.451  INFO 18660 --- [main] com.zaxxer.hikari.HikariDataSource       : HikariPool-1 - Starting...
2024-05-24 10:48:42.822  INFO 18660 --- [main] com.zaxxer.hikari.HikariDataSource       : HikariPool-1 - Start completed.
2024-05-24 10:48:42.905  INFO 18660 --- [main] c.y.v.system.netty.NettyClient           : å½“å‰å®¢æˆ·ç«¯ï¼šA, è¿›è¡Œåˆå§‹åŒ–
2024-05-24 10:48:43.228  INFO 18660 --- [main] c.y.v.system.netty.NettyClient           : å½“å‰å®¢æˆ·ç«¯ï¼šB, è¿›è¡Œåˆå§‹åŒ–
2024-05-24 10:48:47.022  INFO 18660 --- [main] o.y.standard.ServerEndpointExporter      : [34mNetty WebSocket started on port: 8880 with context path(s): '/websocket/{pageId}' .[0m
2024-05-24 10:48:47.059  INFO 18660 --- [main] YuandiInjectiondispenserApplicationTests : Started YuandiInjectiondispenserApplicationTests in 12.227 seconds (JVM running for 14.463)
2024-05-24 10:48:48.212  INFO 18660 --- [main] YuandiInjectiondispenserApplicationTests : {"code":0,"data":[]}
2024-05-24 10:48:48.254  INFO 18660 --- [SpringApplicationShutdownHook] com.zaxxer.hikari.HikariDataSource       : HikariPool-1 - Shutdown initiated...
2024-05-24 10:48:48.795  INFO 18660 --- [SpringApplicationShutdownHook] com.zaxxer.hikari.HikariDataSource       : HikariPool-1 - Shutdown completed.
2024-05-24 10:51:08.952  INFO 18524 --- [main] YuandiInjectiondispenserApplicationTests : Starting YuandiInjectiondispenserApplicationTests using Java 17.0.9 on ZH with PID 18524 (started by 78671 in D:\work\ç–«è‹—å‘è¯æœº\yiwan-vaccinedispenser_-v1.0\yiwan-vaccinedispenser-admin)
2024-05-24 10:51:08.957  INFO 18524 --- [main] YuandiInjectiondispenserApplicationTests : The following 1 profile is active: "dev"
2024-05-24 10:51:11.061  INFO 18524 --- [main] .s.d.r.c.RepositoryConfigurationDelegate : Multiple Spring Data modules found, entering strict repository configuration mode
2024-05-24 10:51:11.073  INFO 18524 --- [main] .s.d.r.c.RepositoryConfigurationDelegate : Bootstrapping Spring Data Redis repositories in DEFAULT mode.
2024-05-24 10:51:11.267  INFO 18524 --- [main] .s.d.r.c.RepositoryConfigurationDelegate : Finished Spring Data repository scanning in 135 ms. Found 0 Redis repository interfaces.
2024-05-24 10:51:15.868  INFO 18524 --- [main] com.zaxxer.hikari.HikariDataSource       : HikariPool-1 - Starting...
2024-05-24 10:51:16.282  INFO 18524 --- [main] com.zaxxer.hikari.HikariDataSource       : HikariPool-1 - Start completed.
2024-05-24 10:51:16.373  INFO 18524 --- [main] c.y.v.system.netty.NettyClient           : å½“å‰å®¢æˆ·ç«¯ï¼šA, è¿›è¡Œåˆå§‹åŒ–
2024-05-24 10:51:16.668  INFO 18524 --- [main] c.y.v.system.netty.NettyClient           : å½“å‰å®¢æˆ·ç«¯ï¼šB, è¿›è¡Œåˆå§‹åŒ–
2024-05-24 10:51:20.778  INFO 18524 --- [main] o.y.standard.ServerEndpointExporter      : [34mNetty WebSocket started on port: 8880 with context path(s): '/websocket/{pageId}' .[0m
2024-05-24 10:51:20.815  INFO 18524 --- [main] YuandiInjectiondispenserApplicationTests : Started YuandiInjectiondispenserApplicationTests in 13.009 seconds (JVM running for 15.22)
2024-05-24 10:51:22.239  INFO 18524 --- [main] YuandiInjectiondispenserApplicationTests : {"code":0,"data":[{"date":"2024-05-23","count":1},{"date":"2024-05-24","count":1}]}
2024-05-24 10:51:22.290  INFO 18524 --- [SpringApplicationShutdownHook] com.zaxxer.hikari.HikariDataSource       : HikariPool-1 - Shutdown initiated...
2024-05-24 10:51:25.087  INFO 18524 --- [SpringApplicationShutdownHook] com.zaxxer.hikari.HikariDataSource       : HikariPool-1 - Shutdown completed.
2024-05-24 10:52:04.908  INFO 7152 --- [main] YuandiInjectiondispenserApplicationTests : Starting YuandiInjectiondispenserApplicationTests using Java 17.0.9 on ZH with PID 7152 (started by 78671 in D:\work\ç–«è‹—å‘è¯æœº\yiwan-vaccinedispenser_-v1.0\yiwan-vaccinedispenser-admin)
2024-05-24 10:52:04.914  INFO 7152 --- [main] YuandiInjectiondispenserApplicationTests : The following 1 profile is active: "dev"
2024-05-24 10:52:06.745  INFO 7152 --- [main] .s.d.r.c.RepositoryConfigurationDelegate : Multiple Spring Data modules found, entering strict repository configuration mode
2024-05-24 10:52:06.750  INFO 7152 --- [main] .s.d.r.c.RepositoryConfigurationDelegate : Bootstrapping Spring Data Redis repositories in DEFAULT mode.
2024-05-24 10:52:06.844  INFO 7152 --- [main] .s.d.r.c.RepositoryConfigurationDelegate : Finished Spring Data repository scanning in 65 ms. Found 0 Redis repository interfaces.
2024-05-24 10:52:10.825  INFO 7152 --- [main] com.zaxxer.hikari.HikariDataSource       : HikariPool-1 - Starting...
2024-05-24 10:52:11.182  INFO 7152 --- [main] com.zaxxer.hikari.HikariDataSource       : HikariPool-1 - Start completed.
2024-05-24 10:52:11.257  INFO 7152 --- [main] c.y.v.system.netty.NettyClient           : å½“å‰å®¢æˆ·ç«¯ï¼šA, è¿›è¡Œåˆå§‹åŒ–
2024-05-24 10:52:11.542  INFO 7152 --- [main] c.y.v.system.netty.NettyClient           : å½“å‰å®¢æˆ·ç«¯ï¼šB, è¿›è¡Œåˆå§‹åŒ–
2024-05-24 10:52:15.273  INFO 7152 --- [main] o.y.standard.ServerEndpointExporter      : [34mNetty WebSocket started on port: 8880 with context path(s): '/websocket/{pageId}' .[0m
2024-05-24 10:52:15.315  INFO 7152 --- [main] YuandiInjectiondispenserApplicationTests : Started YuandiInjectiondispenserApplicationTests in 11.645 seconds (JVM running for 13.751)
2024-05-24 10:52:16.332  INFO 7152 --- [SpringApplicationShutdownHook] com.zaxxer.hikari.HikariDataSource       : HikariPool-1 - Shutdown initiated...
2024-05-24 10:52:17.147  INFO 7152 --- [SpringApplicationShutdownHook] com.zaxxer.hikari.HikariDataSource       : HikariPool-1 - Shutdown completed.
2024-05-24 10:52:53.244  INFO 18500 --- [main] YuandiInjectiondispenserApplicationTests : Starting YuandiInjectiondispenserApplicationTests using Java 17.0.9 on ZH with PID 18500 (started by 78671 in D:\work\ç–«è‹—å‘è¯æœº\yiwan-vaccinedispenser_-v1.0\yiwan-vaccinedispenser-admin)
2024-05-24 10:52:53.249  INFO 18500 --- [main] YuandiInjectiondispenserApplicationTests : The following 1 profile is active: "dev"
2024-05-24 10:52:54.977  INFO 18500 --- [main] .s.d.r.c.RepositoryConfigurationDelegate : Multiple Spring Data modules found, entering strict repository configuration mode
2024-05-24 10:52:54.982  INFO 18500 --- [main] .s.d.r.c.RepositoryConfigurationDelegate : Bootstrapping Spring Data Redis repositories in DEFAULT mode.
2024-05-24 10:52:55.069  INFO 18500 --- [main] .s.d.r.c.RepositoryConfigurationDelegate : Finished Spring Data repository scanning in 62 ms. Found 0 Redis repository interfaces.
2024-05-24 10:52:58.860  INFO 18500 --- [main] com.zaxxer.hikari.HikariDataSource       : HikariPool-1 - Starting...
2024-05-24 10:52:59.231  INFO 18500 --- [main] com.zaxxer.hikari.HikariDataSource       : HikariPool-1 - Start completed.
2024-05-24 10:52:59.317  INFO 18500 --- [main] c.y.v.system.netty.NettyClient           : å½“å‰å®¢æˆ·ç«¯ï¼šA, è¿›è¡Œåˆå§‹åŒ–
2024-05-24 10:52:59.852  INFO 18500 --- [main] c.y.v.system.netty.NettyClient           : å½“å‰å®¢æˆ·ç«¯ï¼šB, è¿›è¡Œåˆå§‹åŒ–
2024-05-24 10:53:03.950  INFO 18500 --- [main] o.y.standard.ServerEndpointExporter      : [34mNetty WebSocket started on port: 8880 with context path(s): '/websocket/{pageId}' .[0m
2024-05-24 10:53:03.992  INFO 18500 --- [main] YuandiInjectiondispenserApplicationTests : Started YuandiInjectiondispenserApplicationTests in 11.717 seconds (JVM running for 13.759)
2024-05-24 10:53:04.994  INFO 18500 --- [main] YuandiInjectiondispenserApplicationTests : {"code":0,"data":[{"date":"05-23","count":1},{"date":"05-24","count":1}]}
2024-05-24 10:53:05.040  INFO 18500 --- [SpringApplicationShutdownHook] com.zaxxer.hikari.HikariDataSource       : HikariPool-1 - Shutdown initiated...
2024-05-24 10:53:05.277  INFO 18500 --- [SpringApplicationShutdownHook] com.zaxxer.hikari.HikariDataSource       : HikariPool-1 - Shutdown completed.
2024-05-24 10:53:29.342  INFO 15612 --- [main] YuandiInjectiondispenserApplicationTests : Starting YuandiInjectiondispenserApplicationTests using Java 17.0.9 on ZH with PID 15612 (started by 78671 in D:\work\ç–«è‹—å‘è¯æœº\yiwan-vaccinedispenser_-v1.0\yiwan-vaccinedispenser-admin)
2024-05-24 10:53:29.344  INFO 15612 --- [main] YuandiInjectiondispenserApplicationTests : The following 1 profile is active: "dev"
2024-05-24 10:53:31.400  INFO 15612 --- [main] .s.d.r.c.RepositoryConfigurationDelegate : Multiple Spring Data modules found, entering strict repository configuration mode
2024-05-24 10:53:31.415  INFO 15612 --- [main] .s.d.r.c.RepositoryConfigurationDelegate : Bootstrapping Spring Data Redis repositories in DEFAULT mode.
2024-05-24 10:53:31.506  INFO 15612 --- [main] .s.d.r.c.RepositoryConfigurationDelegate : Finished Spring Data repository scanning in 65 ms. Found 0 Redis repository interfaces.
2024-05-24 10:53:35.338  INFO 15612 --- [main] com.zaxxer.hikari.HikariDataSource       : HikariPool-1 - Starting...
2024-05-24 10:53:35.701  INFO 15612 --- [main] com.zaxxer.hikari.HikariDataSource       : HikariPool-1 - Start completed.
2024-05-24 10:53:35.785  INFO 15612 --- [main] c.y.v.system.netty.NettyClient           : å½“å‰å®¢æˆ·ç«¯ï¼šA, è¿›è¡Œåˆå§‹åŒ–
2024-05-24 10:53:36.115  INFO 15612 --- [main] c.y.v.system.netty.NettyClient           : å½“å‰å®¢æˆ·ç«¯ï¼šB, è¿›è¡Œåˆå§‹åŒ–
2024-05-24 10:53:40.110  INFO 15612 --- [main] o.y.standard.ServerEndpointExporter      : [34mNetty WebSocket started on port: 8880 with context path(s): '/websocket/{pageId}' .[0m
2024-05-24 10:53:40.149  INFO 15612 --- [main] YuandiInjectiondispenserApplicationTests : Started YuandiInjectiondispenserApplicationTests in 12.067 seconds (JVM running for 14.433)
2024-05-24 10:53:41.503  INFO 15612 --- [main] YuandiInjectiondispenserApplicationTests : {"code":0,"data":[{"date":"05-23","count":1},{"date":"05-24","count":1}]}
2024-05-24 10:53:41.557  INFO 15612 --- [SpringApplicationShutdownHook] com.zaxxer.hikari.HikariDataSource       : HikariPool-1 - Shutdown initiated...
2024-05-24 10:53:41.662  INFO 15612 --- [SpringApplicationShutdownHook] com.zaxxer.hikari.HikariDataSource       : HikariPool-1 - Shutdown completed.
2024-05-24 10:56:18.108  INFO 16648 --- [main] YuandiInjectiondispenserApplicationTests : Starting YuandiInjectiondispenserApplicationTests using Java 17.0.9 on ZH with PID 16648 (started by 78671 in D:\work\ç–«è‹—å‘è¯æœº\yiwan-vaccinedispenser_-v1.0\yiwan-vaccinedispenser-admin)
2024-05-24 10:56:18.113  INFO 16648 --- [main] YuandiInjectiondispenserApplicationTests : The following 1 profile is active: "dev"
2024-05-24 10:56:20.344  INFO 16648 --- [main] .s.d.r.c.RepositoryConfigurationDelegate : Multiple Spring Data modules found, entering strict repository configuration mode
2024-05-24 10:56:20.350  INFO 16648 --- [main] .s.d.r.c.RepositoryConfigurationDelegate : Bootstrapping Spring Data Redis repositories in DEFAULT mode.
2024-05-24 10:56:20.460  INFO 16648 --- [main] .s.d.r.c.RepositoryConfigurationDelegate : Finished Spring Data repository scanning in 79 ms. Found 0 Redis repository interfaces.
2024-05-24 10:56:24.521  INFO 16648 --- [main] com.zaxxer.hikari.HikariDataSource       : HikariPool-1 - Starting...
2024-05-24 10:56:24.924  INFO 16648 --- [main] com.zaxxer.hikari.HikariDataSource       : HikariPool-1 - Start completed.
2024-05-24 10:56:25.009  INFO 16648 --- [main] c.y.v.system.netty.NettyClient           : å½“å‰å®¢æˆ·ç«¯ï¼šA, è¿›è¡Œåˆå§‹åŒ–
2024-05-24 10:56:25.279  INFO 16648 --- [main] c.y.v.system.netty.NettyClient           : å½“å‰å®¢æˆ·ç«¯ï¼šB, è¿›è¡Œåˆå§‹åŒ–
2024-05-24 10:56:29.030  INFO 16648 --- [main] o.y.standard.ServerEndpointExporter      : [34mNetty WebSocket started on port: 8880 with context path(s): '/websocket/{pageId}' .[0m
2024-05-24 10:56:29.093  INFO 16648 --- [main] YuandiInjectiondispenserApplicationTests : Started YuandiInjectiondispenserApplicationTests in 12.194 seconds (JVM running for 14.881)
2024-05-24 10:56:30.362  INFO 16648 --- [SpringApplicationShutdownHook] com.zaxxer.hikari.HikariDataSource       : HikariPool-1 - Shutdown initiated...
2024-05-24 10:56:30.824  INFO 16648 --- [SpringApplicationShutdownHook] com.zaxxer.hikari.HikariDataSource       : HikariPool-1 - Shutdown completed.
2024-05-24 11:10:43.092  INFO 4272 --- [main] YuandiInjectiondispenserApplicationTests : Starting YuandiInjectiondispenserApplicationTests using Java 17.0.9 on ZH with PID 4272 (started by 78671 in D:\work\ç–«è‹—å‘è¯æœº\yiwan-vaccinedispenser_-v1.0\yiwan-vaccinedispenser-admin)
2024-05-24 11:10:43.095  INFO 4272 --- [main] YuandiInjectiondispenserApplicationTests : The following 1 profile is active: "dev"
2024-05-24 11:10:44.892  INFO 4272 --- [main] .s.d.r.c.RepositoryConfigurationDelegate : Multiple Spring Data modules found, entering strict repository configuration mode
2024-05-24 11:10:44.908  INFO 4272 --- [main] .s.d.r.c.RepositoryConfigurationDelegate : Bootstrapping Spring Data Redis repositories in DEFAULT mode.
2024-05-24 11:10:45.005  INFO 4272 --- [main] .s.d.r.c.RepositoryConfigurationDelegate : Finished Spring Data repository scanning in 69 ms. Found 0 Redis repository interfaces.
2024-05-24 11:10:48.680  INFO 4272 --- [main] com.zaxxer.hikari.HikariDataSource       : HikariPool-1 - Starting...
2024-05-24 11:10:49.036  INFO 4272 --- [main] com.zaxxer.hikari.HikariDataSource       : HikariPool-1 - Start completed.
2024-05-24 11:10:49.131  INFO 4272 --- [main] c.y.v.system.netty.NettyClient           : å½“å‰å®¢æˆ·ç«¯ï¼šA, è¿›è¡Œåˆå§‹åŒ–
2024-05-24 11:10:49.482  INFO 4272 --- [main] c.y.v.system.netty.NettyClient           : å½“å‰å®¢æˆ·ç«¯ï¼šB, è¿›è¡Œåˆå§‹åŒ–
2024-05-24 11:10:53.444  INFO 4272 --- [main] o.y.standard.ServerEndpointExporter      : [34mNetty WebSocket started on port: 8880 with context path(s): '/websocket/{pageId}' .[0m
2024-05-24 11:10:53.589  INFO 4272 --- [main] YuandiInjectiondispenserApplicationTests : Started YuandiInjectiondispenserApplicationTests in 11.504 seconds (JVM running for 13.782)
2024-05-24 11:10:55.214  INFO 4272 --- [SpringApplicationShutdownHook] com.zaxxer.hikari.HikariDataSource       : HikariPool-1 - Shutdown initiated...
2024-05-24 11:10:57.898  INFO 4272 --- [SpringApplicationShutdownHook] com.zaxxer.hikari.HikariDataSource       : HikariPool-1 - Shutdown completed.
2024-05-24 11:16:53.435  INFO 848 --- [main] YuandiInjectiondispenserApplicationTests : Starting YuandiInjectiondispenserApplicationTests using Java 17.0.9 on ZH with PID 848 (started by 78671 in D:\work\ç–«è‹—å‘è¯æœº\yiwan-vaccinedispenser_-v1.0\yiwan-vaccinedispenser-admin)
2024-05-24 11:16:53.438  INFO 848 --- [main] YuandiInjectiondispenserApplicationTests : The following 1 profile is active: "dev"
2024-05-24 11:16:55.421  INFO 848 --- [main] .s.d.r.c.RepositoryConfigurationDelegate : Multiple Spring Data modules found, entering strict repository configuration mode
2024-05-24 11:16:55.428  INFO 848 --- [main] .s.d.r.c.RepositoryConfigurationDelegate : Bootstrapping Spring Data Redis repositories in DEFAULT mode.
2024-05-24 11:16:55.556  INFO 848 --- [main] .s.d.r.c.RepositoryConfigurationDelegate : Finished Spring Data repository scanning in 92 ms. Found 0 Redis repository interfaces.
2024-05-24 11:16:59.682  INFO 848 --- [main] com.zaxxer.hikari.HikariDataSource       : HikariPool-1 - Starting...
2024-05-24 11:17:00.115  INFO 848 --- [main] com.zaxxer.hikari.HikariDataSource       : HikariPool-1 - Start completed.
2024-05-24 11:17:00.226  INFO 848 --- [main] c.y.v.system.netty.NettyClient           : å½“å‰å®¢æˆ·ç«¯ï¼šA, è¿›è¡Œåˆå§‹åŒ–
2024-05-24 11:17:00.648  INFO 848 --- [main] c.y.v.system.netty.NettyClient           : å½“å‰å®¢æˆ·ç«¯ï¼šB, è¿›è¡Œåˆå§‹åŒ–
2024-05-24 11:17:05.528  INFO 848 --- [main] o.y.standard.ServerEndpointExporter      : [34mNetty WebSocket started on port: 8880 with context path(s): '/websocket/{pageId}' .[0m
2024-05-24 11:17:05.573  INFO 848 --- [main] YuandiInjectiondispenserApplicationTests : Started YuandiInjectiondispenserApplicationTests in 13.097 seconds (JVM running for 15.179)
2024-05-24 11:17:07.032  INFO 848 --- [SpringApplicationShutdownHook] com.zaxxer.hikari.HikariDataSource       : HikariPool-1 - Shutdown initiated...
2024-05-24 11:17:08.994  INFO 848 --- [SpringApplicationShutdownHook] com.zaxxer.hikari.HikariDataSource       : HikariPool-1 - Shutdown completed.
2024-05-24 11:17:29.155  INFO 18628 --- [main] YuandiInjectiondispenserApplicationTests : Starting YuandiInjectiondispenserApplicationTests using Java 17.0.9 on ZH with PID 18628 (started by 78671 in D:\work\ç–«è‹—å‘è¯æœº\yiwan-vaccinedispenser_-v1.0\yiwan-vaccinedispenser-admin)
2024-05-24 11:17:29.160  INFO 18628 --- [main] YuandiInjectiondispenserApplicationTests : The following 1 profile is active: "dev"
2024-05-24 11:17:31.025  INFO 18628 --- [main] .s.d.r.c.RepositoryConfigurationDelegate : Multiple Spring Data modules found, entering strict repository configuration mode
2024-05-24 11:17:31.031  INFO 18628 --- [main] .s.d.r.c.RepositoryConfigurationDelegate : Bootstrapping Spring Data Redis repositories in DEFAULT mode.
2024-05-24 11:17:31.130  INFO 18628 --- [main] .s.d.r.c.RepositoryConfigurationDelegate : Finished Spring Data repository scanning in 71 ms. Found 0 Redis repository interfaces.
2024-05-24 11:17:34.900  INFO 18628 --- [main] com.zaxxer.hikari.HikariDataSource       : HikariPool-1 - Starting...
2024-05-24 11:17:35.269  INFO 18628 --- [main] com.zaxxer.hikari.HikariDataSource       : HikariPool-1 - Start completed.
2024-05-24 11:17:35.355  INFO 18628 --- [main] c.y.v.system.netty.NettyClient           : å½“å‰å®¢æˆ·ç«¯ï¼šA, è¿›è¡Œåˆå§‹åŒ–
2024-05-24 11:17:35.715  INFO 18628 --- [main] c.y.v.system.netty.NettyClient           : å½“å‰å®¢æˆ·ç«¯ï¼šB, è¿›è¡Œåˆå§‹åŒ–
2024-05-24 11:17:40.468  INFO 18628 --- [main] o.y.standard.ServerEndpointExporter      : [34mNetty WebSocket started on port: 8880 with context path(s): '/websocket/{pageId}' .[0m
2024-05-24 11:17:40.514  INFO 18628 --- [main] YuandiInjectiondispenserApplicationTests : Started YuandiInjectiondispenserApplicationTests in 12.537 seconds (JVM running for 14.602)
2024-05-24 11:17:41.710  INFO 18628 --- [SpringApplicationShutdownHook] com.zaxxer.hikari.HikariDataSource       : HikariPool-1 - Shutdown initiated...
2024-05-24 11:17:44.064  INFO 18628 --- [SpringApplicationShutdownHook] com.zaxxer.hikari.HikariDataSource       : HikariPool-1 - Shutdown completed.
2024-05-24 11:19:08.989  INFO 11284 --- [main] YuandiInjectiondispenserApplicationTests : Starting YuandiInjectiondispenserApplicationTests using Java 17.0.9 on ZH with PID 11284 (started by 78671 in D:\work\ç–«è‹—å‘è¯æœº\yiwan-vaccinedispenser_-v1.0\yiwan-vaccinedispenser-admin)
2024-05-24 11:19:08.992  INFO 11284 --- [main] YuandiInjectiondispenserApplicationTests : The following 1 profile is active: "dev"
2024-05-24 11:19:10.797  INFO 11284 --- [main] .s.d.r.c.RepositoryConfigurationDelegate : Multiple Spring Data modules found, entering strict repository configuration mode
2024-05-24 11:19:10.802  INFO 11284 --- [main] .s.d.r.c.RepositoryConfigurationDelegate : Bootstrapping Spring Data Redis repositories in DEFAULT mode.
2024-05-24 11:19:10.912  INFO 11284 --- [main] .s.d.r.c.RepositoryConfigurationDelegate : Finished Spring Data repository scanning in 81 ms. Found 0 Redis repository interfaces.
2024-05-24 11:19:14.667  INFO 11284 --- [main] com.zaxxer.hikari.HikariDataSource       : HikariPool-1 - Starting...
2024-05-24 11:19:15.027  INFO 11284 --- [main] com.zaxxer.hikari.HikariDataSource       : HikariPool-1 - Start completed.
2024-05-24 11:19:15.122  INFO 11284 --- [main] c.y.v.system.netty.NettyClient           : å½“å‰å®¢æˆ·ç«¯ï¼šA, è¿›è¡Œåˆå§‹åŒ–
2024-05-24 11:19:15.448  INFO 11284 --- [main] c.y.v.system.netty.NettyClient           : å½“å‰å®¢æˆ·ç«¯ï¼šB, è¿›è¡Œåˆå§‹åŒ–
2024-05-24 11:19:21.522  INFO 11284 --- [main] o.y.standard.ServerEndpointExporter      : [34mNetty WebSocket started on port: 8880 with context path(s): '/websocket/{pageId}' .[0m
2024-05-24 11:19:21.658  INFO 11284 --- [main] YuandiInjectiondispenserApplicationTests : Started YuandiInjectiondispenserApplicationTests in 13.723 seconds (JVM running for 16.4)
2024-05-24 11:19:23.128  INFO 11284 --- [SpringApplicationShutdownHook] com.zaxxer.hikari.HikariDataSource       : HikariPool-1 - Shutdown initiated...
2024-05-24 11:19:23.899  INFO 11284 --- [SpringApplicationShutdownHook] com.zaxxer.hikari.HikariDataSource       : HikariPool-1 - Shutdown completed.
2024-05-24 11:19:34.599  INFO 20212 --- [main] YuandiInjectiondispenserApplicationTests : Starting YuandiInjectiondispenserApplicationTests using Java 17.0.9 on ZH with PID 20212 (started by 78671 in D:\work\ç–«è‹—å‘è¯æœº\yiwan-vaccinedispenser_-v1.0\yiwan-vaccinedispenser-admin)
2024-05-24 11:19:34.603  INFO 20212 --- [main] YuandiInjectiondispenserApplicationTests : The following 1 profile is active: "dev"
2024-05-24 11:19:37.684  INFO 20212 --- [main] .s.d.r.c.RepositoryConfigurationDelegate : Multiple Spring Data modules found, entering strict repository configuration mode
2024-05-24 11:19:37.690  INFO 20212 --- [main] .s.d.r.c.RepositoryConfigurationDelegate : Bootstrapping Spring Data Redis repositories in DEFAULT mode.
2024-05-24 11:19:38.018  INFO 20212 --- [main] .s.d.r.c.RepositoryConfigurationDelegate : Finished Spring Data repository scanning in 220 ms. Found 0 Redis repository interfaces.
2024-05-24 11:19:43.288  INFO 20212 --- [main] com.zaxxer.hikari.HikariDataSource       : HikariPool-1 - Starting...
2024-05-24 11:19:43.717  INFO 20212 --- [main] com.zaxxer.hikari.HikariDataSource       : HikariPool-1 - Start completed.
2024-05-24 11:19:43.820  INFO 20212 --- [main] c.y.v.system.netty.NettyClient           : å½“å‰å®¢æˆ·ç«¯ï¼šA, è¿›è¡Œåˆå§‹åŒ–
2024-05-24 11:19:44.417  INFO 20212 --- [main] c.y.v.system.netty.NettyClient           : å½“å‰å®¢æˆ·ç«¯ï¼šB, è¿›è¡Œåˆå§‹åŒ–
2024-05-24 11:19:49.661  INFO 20212 --- [main] o.y.standard.ServerEndpointExporter      : [34mNetty WebSocket started on port: 8880 with context path(s): '/websocket/{pageId}' .[0m
2024-05-24 11:19:49.705  INFO 20212 --- [main] YuandiInjectiondispenserApplicationTests : Started YuandiInjectiondispenserApplicationTests in 16.436 seconds (JVM running for 18.669)
2024-05-24 11:19:51.100  INFO 20212 --- [main] YuandiInjectiondispenserApplicationTests : {"code":0,"data":[{"date":"2024-05-31","sum":0}]}
2024-05-24 11:19:51.164  INFO 20212 --- [SpringApplicationShutdownHook] com.zaxxer.hikari.HikariDataSource       : HikariPool-1 - Shutdown initiated...
2024-05-24 11:19:52.677  INFO 20212 --- [SpringApplicationShutdownHook] com.zaxxer.hikari.HikariDataSource       : HikariPool-1 - Shutdown completed.
2024-05-24 11:21:09.647  INFO 1608 --- [main] YuandiInjectiondispenserApplicationTests : Starting YuandiInjectiondispenserApplicationTests using Java 17.0.9 on ZH with PID 1608 (started by 78671 in D:\work\ç–«è‹—å‘è¯æœº\yiwan-vaccinedispenser_-v1.0\yiwan-vaccinedispenser-admin)
2024-05-24 11:21:09.650  INFO 1608 --- [main] YuandiInjectiondispenserApplicationTests : The following 1 profile is active: "dev"
2024-05-24 11:21:11.377  INFO 1608 --- [main] .s.d.r.c.RepositoryConfigurationDelegate : Multiple Spring Data modules found, entering strict repository configuration mode
2024-05-24 11:21:11.381  INFO 1608 --- [main] .s.d.r.c.RepositoryConfigurationDelegate : Bootstrapping Spring Data Redis repositories in DEFAULT mode.
2024-05-24 11:21:11.479  INFO 1608 --- [main] .s.d.r.c.RepositoryConfigurationDelegate : Finished Spring Data repository scanning in 74 ms. Found 0 Redis repository interfaces.
2024-05-24 11:21:15.163  INFO 1608 --- [main] com.zaxxer.hikari.HikariDataSource       : HikariPool-1 - Starting...
2024-05-24 11:21:15.517  INFO 1608 --- [main] com.zaxxer.hikari.HikariDataSource       : HikariPool-1 - Start completed.
2024-05-24 11:21:15.607  INFO 1608 --- [main] c.y.v.system.netty.NettyClient           : å½“å‰å®¢æˆ·ç«¯ï¼šA, è¿›è¡Œåˆå§‹åŒ–
2024-05-24 11:21:15.957  INFO 1608 --- [main] c.y.v.system.netty.NettyClient           : å½“å‰å®¢æˆ·ç«¯ï¼šB, è¿›è¡Œåˆå§‹åŒ–
2024-05-24 11:21:20.649  INFO 1608 --- [main] o.y.standard.ServerEndpointExporter      : [34mNetty WebSocket started on port: 8880 with context path(s): '/websocket/{pageId}' .[0m
2024-05-24 11:21:20.719  INFO 1608 --- [main] YuandiInjectiondispenserApplicationTests : Started YuandiInjectiondispenserApplicationTests in 12.086 seconds (JVM running for 14.104)
2024-05-24 11:21:22.316  INFO 1608 --- [main] YuandiInjectiondispenserApplicationTests : {"code":0,"data":[{"date":"2024-05-23","sum":1}]}
2024-05-24 11:21:22.370  INFO 1608 --- [SpringApplicationShutdownHook] com.zaxxer.hikari.HikariDataSource       : HikariPool-1 - Shutdown initiated...
2024-05-24 11:21:24.340  INFO 1608 --- [SpringApplicationShutdownHook] com.zaxxer.hikari.HikariDataSource       : HikariPool-1 - Shutdown completed.
2024-05-24 11:22:33.683  INFO 12648 --- [main] YuandiInjectiondispenserApplicationTests : Starting YuandiInjectiondispenserApplicationTests using Java 17.0.9 on ZH with PID 12648 (started by 78671 in D:\work\ç–«è‹—å‘è¯æœº\yiwan-vaccinedispenser_-v1.0\yiwan-vaccinedispenser-admin)
2024-05-24 11:22:33.686  INFO 12648 --- [main] YuandiInjectiondispenserApplicationTests : The following 1 profile is active: "dev"
2024-05-24 11:22:35.528  INFO 12648 --- [main] .s.d.r.c.RepositoryConfigurationDelegate : Multiple Spring Data modules found, entering strict repository configuration mode
2024-05-24 11:22:35.535  INFO 12648 --- [main] .s.d.r.c.RepositoryConfigurationDelegate : Bootstrapping Spring Data Redis repositories in DEFAULT mode.
2024-05-24 11:22:35.624  INFO 12648 --- [main] .s.d.r.c.RepositoryConfigurationDelegate : Finished Spring Data repository scanning in 65 ms. Found 0 Redis repository interfaces.
2024-05-24 11:22:39.662  INFO 12648 --- [main] com.zaxxer.hikari.HikariDataSource       : HikariPool-1 - Starting...
2024-05-24 11:22:40.057  INFO 12648 --- [main] com.zaxxer.hikari.HikariDataSource       : HikariPool-1 - Start completed.
2024-05-24 11:22:40.137  INFO 12648 --- [main] c.y.v.system.netty.NettyClient           : å½“å‰å®¢æˆ·ç«¯ï¼šA, è¿›è¡Œåˆå§‹åŒ–
2024-05-24 11:22:40.450  INFO 12648 --- [main] c.y.v.system.netty.NettyClient           : å½“å‰å®¢æˆ·ç«¯ï¼šB, è¿›è¡Œåˆå§‹åŒ–
2024-05-24 11:22:44.263  INFO 12648 --- [main] o.y.standard.ServerEndpointExporter      : [34mNetty WebSocket started on port: 8880 with context path(s): '/websocket/{pageId}' .[0m
2024-05-24 11:22:44.311  INFO 12648 --- [main] YuandiInjectiondispenserApplicationTests : Started YuandiInjectiondispenserApplicationTests in 11.66 seconds (JVM running for 14.093)
2024-05-24 11:22:45.569  INFO 12648 --- [main] YuandiInjectiondispenserApplicationTests : {"code":0,"data":[{"date":1716393600000,"sum":1},{"date":1716480000000,"sum":1},{"date":1715961600000,"sum":0},{"date":1716048000000,"sum":0},{"date":1716134400000,"sum":0},{"date":1716220800000,"sum":0},{"date":1716307200000,"sum":0}]}
2024-05-24 11:22:45.612  INFO 12648 --- [SpringApplicationShutdownHook] com.zaxxer.hikari.HikariDataSource       : HikariPool-1 - Shutdown initiated...
2024-05-24 11:22:45.990  INFO 12648 --- [SpringApplicationShutdownHook] com.zaxxer.hikari.HikariDataSource       : HikariPool-1 - Shutdown completed.
2024-05-24 11:24:06.702  INFO 14740 --- [main] YuandiInjectiondispenserApplicationTests : Starting YuandiInjectiondispenserApplicationTests using Java 17.0.9 on ZH with PID 14740 (started by 78671 in D:\work\ç–«è‹—å‘è¯æœº\yiwan-vaccinedispenser_-v1.0\yiwan-vaccinedispenser-admin)
2024-05-24 11:24:06.706  INFO 14740 --- [main] YuandiInjectiondispenserApplicationTests : The following 1 profile is active: "dev"
2024-05-24 11:24:08.831  INFO 14740 --- [main] .s.d.r.c.RepositoryConfigurationDelegate : Multiple Spring Data modules found, entering strict repository configuration mode
2024-05-24 11:24:08.839  INFO 14740 --- [main] .s.d.r.c.RepositoryConfigurationDelegate : Bootstrapping Spring Data Redis repositories in DEFAULT mode.
2024-05-24 11:24:08.950  INFO 14740 --- [main] .s.d.r.c.RepositoryConfigurationDelegate : Finished Spring Data repository scanning in 85 ms. Found 0 Redis repository interfaces.
2024-05-24 11:24:13.334  INFO 14740 --- [main] com.zaxxer.hikari.HikariDataSource       : HikariPool-1 - Starting...
2024-05-24 11:24:13.729  INFO 14740 --- [main] com.zaxxer.hikari.HikariDataSource       : HikariPool-1 - Start completed.
2024-05-24 11:24:13.817  INFO 14740 --- [main] c.y.v.system.netty.NettyClient           : å½“å‰å®¢æˆ·ç«¯ï¼šA, è¿›è¡Œåˆå§‹åŒ–
2024-05-24 11:24:14.270  INFO 14740 --- [main] c.y.v.system.netty.NettyClient           : å½“å‰å®¢æˆ·ç«¯ï¼šB, è¿›è¡Œåˆå§‹åŒ–
2024-05-24 11:24:18.005  INFO 14740 --- [main] o.y.standard.ServerEndpointExporter      : [34mNetty WebSocket started on port: 8880 with context path(s): '/websocket/{pageId}' .[0m
2024-05-24 11:24:18.060  INFO 14740 --- [main] YuandiInjectiondispenserApplicationTests : Started YuandiInjectiondispenserApplicationTests in 12.506 seconds (JVM running for 14.867)
2024-05-24 11:24:19.348  INFO 14740 --- [main] YuandiInjectiondispenserApplicationTests : {"code":0,"data":[{"DATE_FORMAT(a":{"date, '%m-%d')":"05-23"},"sum":1},{"DATE_FORMAT(a":{"date, '%m-%d')":"05-24"},"sum":1},{"DATE_FORMAT(a":{"date, '%m-%d')":"05-18"},"sum":0},{"DATE_FORMAT(a":{"date, '%m-%d')":"05-19"},"sum":0},{"DATE_FORMAT(a":{"date, '%m-%d')":"05-20"},"sum":0},{"DATE_FORMAT(a":{"date, '%m-%d')":"05-21"},"sum":0},{"DATE_FORMAT(a":{"date, '%m-%d')":"05-22"},"sum":0}]}
2024-05-24 11:24:19.394  INFO 14740 --- [SpringApplicationShutdownHook] com.zaxxer.hikari.HikariDataSource       : HikariPool-1 - Shutdown initiated...
2024-05-24 11:24:19.718  INFO 14740 --- [SpringApplicationShutdownHook] com.zaxxer.hikari.HikariDataSource       : HikariPool-1 - Shutdown completed.
2024-05-24 11:25:14.044  INFO 18568 --- [main] YuandiInjectiondispenserApplicationTests : Starting YuandiInjectiondispenserApplicationTests using Java 17.0.9 on ZH with PID 18568 (started by 78671 in D:\work\ç–«è‹—å‘è¯æœº\yiwan-vaccinedispenser_-v1.0\yiwan-vaccinedispenser-admin)
2024-05-24 11:25:14.048  INFO 18568 --- [main] YuandiInjectiondispenserApplicationTests : The following 1 profile is active: "dev"
2024-05-24 11:25:16.385  INFO 18568 --- [main] .s.d.r.c.RepositoryConfigurationDelegate : Multiple Spring Data modules found, entering strict repository configuration mode
2024-05-24 11:25:16.391  INFO 18568 --- [main] .s.d.r.c.RepositoryConfigurationDelegate : Bootstrapping Spring Data Redis repositories in DEFAULT mode.
2024-05-24 11:25:16.514  INFO 18568 --- [main] .s.d.r.c.RepositoryConfigurationDelegate : Finished Spring Data repository scanning in 94 ms. Found 0 Redis repository interfaces.
2024-05-24 11:25:20.472  INFO 18568 --- [main] com.zaxxer.hikari.HikariDataSource       : HikariPool-1 - Starting...
2024-05-24 11:25:20.871  INFO 18568 --- [main] com.zaxxer.hikari.HikariDataSource       : HikariPool-1 - Start completed.
2024-05-24 11:25:20.953  INFO 18568 --- [main] c.y.v.system.netty.NettyClient           : å½“å‰å®¢æˆ·ç«¯ï¼šA, è¿›è¡Œåˆå§‹åŒ–
2024-05-24 11:25:21.206  INFO 18568 --- [main] c.y.v.system.netty.NettyClient           : å½“å‰å®¢æˆ·ç«¯ï¼šB, è¿›è¡Œåˆå§‹åŒ–
2024-05-24 11:25:25.455  INFO 18568 --- [main] o.y.standard.ServerEndpointExporter      : [34mNetty WebSocket started on port: 8880 with context path(s): '/websocket/{pageId}' .[0m
2024-05-24 11:25:25.535  INFO 18568 --- [main] YuandiInjectiondispenserApplicationTests : Started YuandiInjectiondispenserApplicationTests in 12.628 seconds (JVM running for 15.035)
2024-05-24 11:25:26.819  INFO 18568 --- [SpringApplicationShutdownHook] com.zaxxer.hikari.HikariDataSource       : HikariPool-1 - Shutdown initiated...
2024-05-24 11:25:26.876  INFO 18568 --- [SpringApplicationShutdownHook] com.zaxxer.hikari.HikariDataSource       : HikariPool-1 - Shutdown completed.
2024-05-24 11:26:12.652  INFO 9288 --- [main] YuandiInjectiondispenserApplicationTests : Starting YuandiInjectiondispenserApplicationTests using Java 17.0.9 on ZH with PID 9288 (started by 78671 in D:\work\ç–«è‹—å‘è¯æœº\yiwan-vaccinedispenser_-v1.0\yiwan-vaccinedispenser-admin)
2024-05-24 11:26:12.657  INFO 9288 --- [main] YuandiInjectiondispenserApplicationTests : The following 1 profile is active: "dev"
2024-05-24 11:26:14.589  INFO 9288 --- [main] .s.d.r.c.RepositoryConfigurationDelegate : Multiple Spring Data modules found, entering strict repository configuration mode
2024-05-24 11:26:14.595  INFO 9288 --- [main] .s.d.r.c.RepositoryConfigurationDelegate : Bootstrapping Spring Data Redis repositories in DEFAULT mode.
2024-05-24 11:26:14.694  INFO 9288 --- [main] .s.d.r.c.RepositoryConfigurationDelegate : Finished Spring Data repository scanning in 69 ms. Found 0 Redis repository interfaces.
2024-05-24 11:26:18.773  INFO 9288 --- [main] com.zaxxer.hikari.HikariDataSource       : HikariPool-1 - Starting...
2024-05-24 11:26:19.146  INFO 9288 --- [main] com.zaxxer.hikari.HikariDataSource       : HikariPool-1 - Start completed.
2024-05-24 11:26:19.240  INFO 9288 --- [main] c.y.v.system.netty.NettyClient           : å½“å‰å®¢æˆ·ç«¯ï¼šA, è¿›è¡Œåˆå§‹åŒ–
2024-05-24 11:26:19.592  INFO 9288 --- [main] c.y.v.system.netty.NettyClient           : å½“å‰å®¢æˆ·ç«¯ï¼šB, è¿›è¡Œåˆå§‹åŒ–
2024-05-24 11:26:23.810  INFO 9288 --- [main] o.y.standard.ServerEndpointExporter      : [34mNetty WebSocket started on port: 8880 with context path(s): '/websocket/{pageId}' .[0m
2024-05-24 11:26:23.846  INFO 9288 --- [main] YuandiInjectiondispenserApplicationTests : Started YuandiInjectiondispenserApplicationTests in 12.248 seconds (JVM running for 14.486)
2024-05-24 11:26:25.042  INFO 9288 --- [SpringApplicationShutdownHook] com.zaxxer.hikari.HikariDataSource       : HikariPool-1 - Shutdown initiated...
2024-05-24 11:26:25.186  INFO 9288 --- [SpringApplicationShutdownHook] com.zaxxer.hikari.HikariDataSource       : HikariPool-1 - Shutdown completed.
2024-05-24 11:27:28.418  INFO 20164 --- [main] YuandiInjectiondispenserApplicationTests : Starting YuandiInjectiondispenserApplicationTests using Java 17.0.9 on ZH with PID 20164 (started by 78671 in D:\work\ç–«è‹—å‘è¯æœº\yiwan-vaccinedispenser_-v1.0\yiwan-vaccinedispenser-admin)
2024-05-24 11:27:28.429  INFO 20164 --- [main] YuandiInjectiondispenserApplicationTests : The following 1 profile is active: "dev"
2024-05-24 11:27:30.511  INFO 20164 --- [main] .s.d.r.c.RepositoryConfigurationDelegate : Multiple Spring Data modules found, entering strict repository configuration mode
2024-05-24 11:27:30.516  INFO 20164 --- [main] .s.d.r.c.RepositoryConfigurationDelegate : Bootstrapping Spring Data Redis repositories in DEFAULT mode.
2024-05-24 11:27:30.621  INFO 20164 --- [main] .s.d.r.c.RepositoryConfigurationDelegate : Finished Spring Data repository scanning in 79 ms. Found 0 Redis repository interfaces.
2024-05-24 11:27:34.464  INFO 20164 --- [main] com.zaxxer.hikari.HikariDataSource       : HikariPool-1 - Starting...
2024-05-24 11:27:34.870  INFO 20164 --- [main] com.zaxxer.hikari.HikariDataSource       : HikariPool-1 - Start completed.
2024-05-24 11:27:34.950  INFO 20164 --- [main] c.y.v.system.netty.NettyClient           : å½“å‰å®¢æˆ·ç«¯ï¼šA, è¿›è¡Œåˆå§‹åŒ–
2024-05-24 11:27:35.292  INFO 20164 --- [main] c.y.v.system.netty.NettyClient           : å½“å‰å®¢æˆ·ç«¯ï¼šB, è¿›è¡Œåˆå§‹åŒ–
2024-05-24 11:27:39.040  INFO 20164 --- [main] o.y.standard.ServerEndpointExporter      : [34mNetty WebSocket started on port: 8880 with context path(s): '/websocket/{pageId}' .[0m
2024-05-24 11:27:39.100  INFO 20164 --- [main] YuandiInjectiondispenserApplicationTests : Started YuandiInjectiondispenserApplicationTests in 11.78 seconds (JVM running for 13.884)
2024-05-24 11:27:40.317  INFO 20164 --- [SpringApplicationShutdownHook] com.zaxxer.hikari.HikariDataSource       : HikariPool-1 - Shutdown initiated...
2024-05-24 11:27:40.807  INFO 20164 --- [SpringApplicationShutdownHook] com.zaxxer.hikari.HikariDataSource       : HikariPool-1 - Shutdown completed.
2024-05-24 11:28:28.554  INFO 18452 --- [main] YuandiInjectiondispenserApplicationTests : Starting YuandiInjectiondispenserApplicationTests using Java 17.0.9 on ZH with PID 18452 (started by 78671 in D:\work\ç–«è‹—å‘è¯æœº\yiwan-vaccinedispenser_-v1.0\yiwan-vaccinedispenser-admin)
2024-05-24 11:28:28.558  INFO 18452 --- [main] YuandiInjectiondispenserApplicationTests : The following 1 profile is active: "dev"
2024-05-24 11:28:30.417  INFO 18452 --- [main] .s.d.r.c.RepositoryConfigurationDelegate : Multiple Spring Data modules found, entering strict repository configuration mode
2024-05-24 11:28:30.421  INFO 18452 --- [main] .s.d.r.c.RepositoryConfigurationDelegate : Bootstrapping Spring Data Redis repositories in DEFAULT mode.
2024-05-24 11:28:30.523  INFO 18452 --- [main] .s.d.r.c.RepositoryConfigurationDelegate : Finished Spring Data repository scanning in 64 ms. Found 0 Redis repository interfaces.
2024-05-24 11:28:34.657  INFO 18452 --- [main] com.zaxxer.hikari.HikariDataSource       : HikariPool-1 - Starting...
2024-05-24 11:28:35.026  INFO 18452 --- [main] com.zaxxer.hikari.HikariDataSource       : HikariPool-1 - Start completed.
2024-05-24 11:28:35.105  INFO 18452 --- [main] c.y.v.system.netty.NettyClient           : å½“å‰å®¢æˆ·ç«¯ï¼šA, è¿›è¡Œåˆå§‹åŒ–
2024-05-24 11:28:35.502  INFO 18452 --- [main] c.y.v.system.netty.NettyClient           : å½“å‰å®¢æˆ·ç«¯ï¼šB, è¿›è¡Œåˆå§‹åŒ–
2024-05-24 11:28:39.532  INFO 18452 --- [main] o.y.standard.ServerEndpointExporter      : [34mNetty WebSocket started on port: 8880 with context path(s): '/websocket/{pageId}' .[0m
2024-05-24 11:28:39.573  INFO 18452 --- [main] YuandiInjectiondispenserApplicationTests : Started YuandiInjectiondispenserApplicationTests in 12.116 seconds (JVM running for 14.373)
2024-05-24 11:28:40.760  INFO 18452 --- [SpringApplicationShutdownHook] com.zaxxer.hikari.HikariDataSource       : HikariPool-1 - Shutdown initiated...
2024-05-24 11:28:40.974  INFO 18452 --- [SpringApplicationShutdownHook] com.zaxxer.hikari.HikariDataSource       : HikariPool-1 - Shutdown completed.
2024-05-24 11:29:13.270  INFO 19560 --- [main] YuandiInjectiondispenserApplicationTests : Starting YuandiInjectiondispenserApplicationTests using Java 17.0.9 on ZH with PID 19560 (started by 78671 in D:\work\ç–«è‹—å‘è¯æœº\yiwan-vaccinedispenser_-v1.0\yiwan-vaccinedispenser-admin)
2024-05-24 11:29:13.273  INFO 19560 --- [main] YuandiInjectiondispenserApplicationTests : The following 1 profile is active: "dev"
2024-05-24 11:29:15.418  INFO 19560 --- [main] .s.d.r.c.RepositoryConfigurationDelegate : Multiple Spring Data modules found, entering strict repository configuration mode
2024-05-24 11:29:15.426  INFO 19560 --- [main] .s.d.r.c.RepositoryConfigurationDelegate : Bootstrapping Spring Data Redis repositories in DEFAULT mode.
2024-05-24 11:29:15.536  INFO 19560 --- [main] .s.d.r.c.RepositoryConfigurationDelegate : Finished Spring Data repository scanning in 82 ms. Found 0 Redis repository interfaces.
2024-05-24 11:29:20.014  INFO 19560 --- [main] com.zaxxer.hikari.HikariDataSource       : HikariPool-1 - Starting...
2024-05-24 11:29:20.515  INFO 19560 --- [main] com.zaxxer.hikari.HikariDataSource       : HikariPool-1 - Start completed.
2024-05-24 11:29:20.629  INFO 19560 --- [main] c.y.v.system.netty.NettyClient           : å½“å‰å®¢æˆ·ç«¯ï¼šA, è¿›è¡Œåˆå§‹åŒ–
2024-05-24 11:29:21.015  INFO 19560 --- [main] c.y.v.system.netty.NettyClient           : å½“å‰å®¢æˆ·ç«¯ï¼šB, è¿›è¡Œåˆå§‹åŒ–
2024-05-24 11:29:25.120  INFO 19560 --- [main] o.y.standard.ServerEndpointExporter      : [34mNetty WebSocket started on port: 8880 with context path(s): '/websocket/{pageId}' .[0m
2024-05-24 11:29:25.159  INFO 19560 --- [main] YuandiInjectiondispenserApplicationTests : Started YuandiInjectiondispenserApplicationTests in 12.983 seconds (JVM running for 15.213)
2024-05-24 11:29:26.355  INFO 19560 --- [SpringApplicationShutdownHook] com.zaxxer.hikari.HikariDataSource       : HikariPool-1 - Shutdown initiated...
2024-05-24 11:29:26.620  INFO 19560 --- [SpringApplicationShutdownHook] com.zaxxer.hikari.HikariDataSource       : HikariPool-1 - Shutdown completed.
2024-05-24 11:30:00.682  INFO 17948 --- [main] YuandiInjectiondispenserApplicationTests : Starting YuandiInjectiondispenserApplicationTests using Java 17.0.9 on ZH with PID 17948 (started by 78671 in D:\work\ç–«è‹—å‘è¯æœº\yiwan-vaccinedispenser_-v1.0\yiwan-vaccinedispenser-admin)
2024-05-24 11:30:00.686  INFO 17948 --- [main] YuandiInjectiondispenserApplicationTests : The following 1 profile is active: "dev"
2024-05-24 11:30:02.552  INFO 17948 --- [main] .s.d.r.c.RepositoryConfigurationDelegate : Multiple Spring Data modules found, entering strict repository configuration mode
2024-05-24 11:30:02.558  INFO 17948 --- [main] .s.d.r.c.RepositoryConfigurationDelegate : Bootstrapping Spring Data Redis repositories in DEFAULT mode.
2024-05-24 11:30:02.663  INFO 17948 --- [main] .s.d.r.c.RepositoryConfigurationDelegate : Finished Spring Data repository scanning in 70 ms. Found 0 Redis repository interfaces.
2024-05-24 11:30:09.661  INFO 17948 --- [main] com.zaxxer.hikari.HikariDataSource       : HikariPool-1 - Starting...
2024-05-24 11:30:10.424  INFO 17948 --- [main] com.zaxxer.hikari.HikariDataSource       : HikariPool-1 - Start completed.
2024-05-24 11:30:10.529  INFO 17948 --- [main] c.y.v.system.netty.NettyClient           : å½“å‰å®¢æˆ·ç«¯ï¼šA, è¿›è¡Œåˆå§‹åŒ–
2024-05-24 11:30:10.884  INFO 17948 --- [main] c.y.v.system.netty.NettyClient           : å½“å‰å®¢æˆ·ç«¯ï¼šB, è¿›è¡Œåˆå§‹åŒ–
2024-05-24 11:30:15.496  INFO 17948 --- [main] o.y.standard.ServerEndpointExporter      : [34mNetty WebSocket started on port: 8880 with context path(s): '/websocket/{pageId}' .[0m
2024-05-24 11:30:15.552  INFO 17948 --- [main] YuandiInjectiondispenserApplicationTests : Started YuandiInjectiondispenserApplicationTests in 16.132 seconds (JVM running for 18.234)
2024-05-24 11:30:16.703  INFO 17948 --- [main] YuandiInjectiondispenserApplicationTests : {"code":0,"data":[{"date":"05-18","sum":0},{"date":"05-19","sum":0},{"date":"05-20","sum":0},{"date":"05-21","sum":0},{"date":"05-22","sum":0},{"date":"05-23","sum":1},{"date":"05-24","sum":1}]}
2024-05-24 11:30:16.750  INFO 17948 --- [SpringApplicationShutdownHook] com.zaxxer.hikari.HikariDataSource       : HikariPool-1 - Shutdown initiated...
2024-05-24 11:30:16.807  INFO 17948 --- [SpringApplicationShutdownHook] com.zaxxer.hikari.HikariDataSource       : HikariPool-1 - Shutdown completed.
2024-05-24 11:39:49.407  INFO 68 --- [main] YuandiInjectiondispenserApplicationTests : Starting YuandiInjectiondispenserApplicationTests using Java 17.0.9 on ZH with PID 68 (started by 78671 in D:\work\ç–«è‹—å‘è¯æœº\yiwan-vaccinedispenser_-v1.0\yiwan-vaccinedispenser-admin)
2024-05-24 11:39:49.412  INFO 68 --- [main] YuandiInjectiondispenserApplicationTests : The following 1 profile is active: "dev"
2024-05-24 11:39:51.575  INFO 68 --- [main] .s.d.r.c.RepositoryConfigurationDelegate : Multiple Spring Data modules found, entering strict repository configuration mode
2024-05-24 11:39:51.580  INFO 68 --- [main] .s.d.r.c.RepositoryConfigurationDelegate : Bootstrapping Spring Data Redis repositories in DEFAULT mode.
2024-05-24 11:39:51.692  INFO 68 --- [main] .s.d.r.c.RepositoryConfigurationDelegate : Finished Spring Data repository scanning in 83 ms. Found 0 Redis repository interfaces.
2024-05-24 11:39:55.421  INFO 68 --- [main] com.zaxxer.hikari.HikariDataSource       : HikariPool-1 - Starting...
2024-05-24 11:39:55.762  INFO 68 --- [main] com.zaxxer.hikari.HikariDataSource       : HikariPool-1 - Start completed.
2024-05-24 11:39:55.846  INFO 68 --- [main] c.y.v.system.netty.NettyClient           : å½“å‰å®¢æˆ·ç«¯ï¼šA, è¿›è¡Œåˆå§‹åŒ–
2024-05-24 11:39:56.329  INFO 68 --- [main] c.y.v.system.netty.NettyClient           : å½“å‰å®¢æˆ·ç«¯ï¼šB, è¿›è¡Œåˆå§‹åŒ–
2024-05-24 11:40:00.021  INFO 68 --- [main] o.y.standard.ServerEndpointExporter      : [34mNetty WebSocket started on port: 8880 with context path(s): '/websocket/{pageId}' .[0m
2024-05-24 11:40:00.066  INFO 68 --- [main] YuandiInjectiondispenserApplicationTests : Started YuandiInjectiondispenserApplicationTests in 12.306 seconds (JVM running for 14.906)
2024-05-24 11:40:01.251  INFO 68 --- [main] YuandiInjectiondispenserApplicationTests : {"code":0,"data":[{"date":"04-25","sum":0},{"date":"04-26","sum":0},{"date":"04-27","sum":0},{"date":"04-28","sum":0},{"date":"04-29","sum":0},{"date":"04-30","sum":0},{"date":"05-01","sum":0},{"date":"05-02","sum":0},{"date":"05-03","sum":0},{"date":"05-04","sum":0},{"date":"05-05","sum":0},{"date":"05-06","sum":0},{"date":"05-07","sum":0},{"date":"05-08","sum":0},{"date":"05-09","sum":0},{"date":"05-10","sum":0},{"date":"05-11","sum":0},{"date":"05-12","sum":0},{"date":"05-13","sum":0},{"date":"05-14","sum":0},{"date":"05-15","sum":0},{"date":"05-16","sum":0},{"date":"05-17","sum":0},{"date":"05-18","sum":0},{"date":"05-19","sum":0},{"date":"05-20","sum":0},{"date":"05-21","sum":0},{"date":"05-22","sum":0},{"date":"05-23","sum":1},{"date":"05-24","sum":1}]}
2024-05-24 11:40:01.306  INFO 68 --- [SpringApplicationShutdownHook] com.zaxxer.hikari.HikariDataSource       : HikariPool-1 - Shutdown initiated...
2024-05-24 11:40:01.719  INFO 68 --- [SpringApplicationShutdownHook] com.zaxxer.hikari.HikariDataSource       : HikariPool-1 - Shutdown completed.
2024-05-24 13:22:56.128  INFO 6052 --- [main] YuandiInjectiondispenserApplicationTests : Starting YuandiInjectiondispenserApplicationTests using Java 17.0.9 on ZH with PID 6052 (started by 78671 in D:\work\ç–«è‹—å‘è¯æœº\yiwan-vaccinedispenser_-v1.0\yiwan-vaccinedispenser-admin)
2024-05-24 13:22:56.131  INFO 6052 --- [main] YuandiInjectiondispenserApplicationTests : The following 1 profile is active: "dev"
2024-05-24 13:23:00.107  INFO 6052 --- [main] .s.d.r.c.RepositoryConfigurationDelegate : Multiple Spring Data modules found, entering strict repository configuration mode
2024-05-24 13:23:00.112  INFO 6052 --- [main] .s.d.r.c.RepositoryConfigurationDelegate : Bootstrapping Spring Data Redis repositories in DEFAULT mode.
2024-05-24 13:23:00.200  INFO 6052 --- [main] .s.d.r.c.RepositoryConfigurationDelegate : Finished Spring Data repository scanning in 64 ms. Found 0 Redis repository interfaces.
2024-05-24 13:23:03.851  INFO 6052 --- [main] com.zaxxer.hikari.HikariDataSource       : HikariPool-1 - Starting...
2024-05-24 13:23:04.204  INFO 6052 --- [main] com.zaxxer.hikari.HikariDataSource       : HikariPool-1 - Start completed.
2024-05-24 13:23:04.282  INFO 6052 --- [main] c.y.v.system.netty.NettyClient           : å½“å‰å®¢æˆ·ç«¯ï¼šA, è¿›è¡Œåˆå§‹åŒ–
2024-05-24 13:23:04.573  INFO 6052 --- [main] c.y.v.system.netty.NettyClient           : å½“å‰å®¢æˆ·ç«¯ï¼šB, è¿›è¡Œåˆå§‹åŒ–
2024-05-24 13:23:08.155  INFO 6052 --- [main] o.y.standard.ServerEndpointExporter      : [34mNetty WebSocket started on port: 8880 with context path(s): '/websocket/{pageId}' .[0m
2024-05-24 13:23:08.201  INFO 6052 --- [main] YuandiInjectiondispenserApplicationTests : Started YuandiInjectiondispenserApplicationTests in 13.263 seconds (JVM running for 15.444)
2024-05-24 13:23:09.487  INFO 6052 --- [main] YuandiInjectiondispenserApplicationTests : {"code":0,"data":[{"date":"06-24","sum":0},{"date":"07-24","sum":0},{"date":"08-24","sum":0},{"date":"09-24","sum":0},{"date":"10-24","sum":0},{"date":"11-24","sum":0},{"date":"12-24","sum":0},{"date":"01-24","sum":0},{"date":"02-24","sum":0},{"date":"03-24","sum":0},{"date":"04-24","sum":0},{"date":"05-24","sum":0}]}
2024-05-24 13:23:09.530  INFO 6052 --- [SpringApplicationShutdownHook] com.zaxxer.hikari.HikariDataSource       : HikariPool-1 - Shutdown initiated...
2024-05-24 13:23:10.106  INFO 6052 --- [SpringApplicationShutdownHook] com.zaxxer.hikari.HikariDataSource       : HikariPool-1 - Shutdown completed.
2024-05-24 13:24:15.442  INFO 18548 --- [main] YuandiInjectiondispenserApplicationTests : Starting YuandiInjectiondispenserApplicationTests using Java 17.0.9 on ZH with PID 18548 (started by 78671 in D:\work\ç–«è‹—å‘è¯æœº\yiwan-vaccinedispenser_-v1.0\yiwan-vaccinedispenser-admin)
2024-05-24 13:24:15.445  INFO 18548 --- [main] YuandiInjectiondispenserApplicationTests : The following 1 profile is active: "dev"
2024-05-24 13:24:17.336  INFO 18548 --- [main] .s.d.r.c.RepositoryConfigurationDelegate : Multiple Spring Data modules found, entering strict repository configuration mode
2024-05-24 13:24:17.342  INFO 18548 --- [main] .s.d.r.c.RepositoryConfigurationDelegate : Bootstrapping Spring Data Redis repositories in DEFAULT mode.
2024-05-24 13:24:17.449  INFO 18548 --- [main] .s.d.r.c.RepositoryConfigurationDelegate : Finished Spring Data repository scanning in 82 ms. Found 0 Redis repository interfaces.
2024-05-24 13:24:21.459  INFO 18548 --- [main] com.zaxxer.hikari.HikariDataSource       : HikariPool-1 - Starting...
2024-05-24 13:24:21.797  INFO 18548 --- [main] com.zaxxer.hikari.HikariDataSource       : HikariPool-1 - Start completed.
2024-05-24 13:24:21.874  INFO 18548 --- [main] c.y.v.system.netty.NettyClient           : å½“å‰å®¢æˆ·ç«¯ï¼šA, è¿›è¡Œåˆå§‹åŒ–
2024-05-24 13:24:22.189  INFO 18548 --- [main] c.y.v.system.netty.NettyClient           : å½“å‰å®¢æˆ·ç«¯ï¼šB, è¿›è¡Œåˆå§‹åŒ–
2024-05-24 13:24:25.981  INFO 18548 --- [main] o.y.standard.ServerEndpointExporter      : [34mNetty WebSocket started on port: 8880 with context path(s): '/websocket/{pageId}' .[0m
2024-05-24 13:24:26.019  INFO 18548 --- [main] YuandiInjectiondispenserApplicationTests : Started YuandiInjectiondispenserApplicationTests in 11.868 seconds (JVM running for 13.878)
2024-05-24 13:24:27.120  INFO 18548 --- [main] YuandiInjectiondispenserApplicationTests : {"code":0,"data":[{"date":"2023-06","sum":0},{"date":"2023-07","sum":0},{"date":"2023-08","sum":0},{"date":"2023-09","sum":0},{"date":"2023-10","sum":0},{"date":"2023-11","sum":0},{"date":"2023-12","sum":0},{"date":"2024-01","sum":0},{"date":"2024-02","sum":0},{"date":"2024-03","sum":0},{"date":"2024-04","sum":0},{"date":"2024-05","sum":0}]}
2024-05-24 13:24:27.161  INFO 18548 --- [SpringApplicationShutdownHook] com.zaxxer.hikari.HikariDataSource       : HikariPool-1 - Shutdown initiated...
2024-05-24 13:24:27.784  INFO 18548 --- [SpringApplicationShutdownHook] com.zaxxer.hikari.HikariDataSource       : HikariPool-1 - Shutdown completed.
