2024-09-06 14:46:49.087  INFO 18884 --- [main] YuandiInjectiondispenserApplicationTests : Starting YuandiInjectiondispenserApplicationTests using Java 17.0.9 on ZH with PID 18884 (started by 78671 in D:\work\ç–«è‹—å‘è¯æœº\yiwan-vaccinedispenser_-v1.0\yiwan-vaccinedispenser-admin)
2024-09-06 14:46:49.088  INFO 18884 --- [main] YuandiInjectiondispenserApplicationTests : The following 1 profile is active: "dev"
2024-09-06 14:46:51.750  INFO 18884 --- [main] .s.d.r.c.RepositoryConfigurationDelegate : Multiple Spring Data modules found, entering strict repository configuration mode
2024-09-06 14:46:51.753  INFO 18884 --- [main] .s.d.r.c.RepositoryConfigurationDelegate : Bootstrapping Spring Data Redis repositories in DEFAULT mode.
2024-09-06 14:46:51.803  INFO 18884 --- [main] .s.d.r.c.RepositoryConfigurationDelegate : Finished Spring Data repository scanning in 33 ms. Found 0 Redis repository interfaces.
2024-09-06 14:46:53.949  INFO 18884 --- [main] c.y.v.system.com.ComService              : è¿æ¥ä¸²å£ï¼šCOM10å¤±è´¥ï¼
2024-09-06 14:46:54.153  INFO 18884 --- [main] c.y.v.system.com.ComService              : è¿æ¥ä¸²å£ï¼šCOM9å¤±è´¥ï¼
2024-09-06 14:46:54.356  INFO 18884 --- [main] c.y.v.system.com.ComService              : è¿æ¥ä¸²å£ï¼šCOM4å¤±è´¥ï¼
2024-09-06 14:46:54.954  INFO 18884 --- [main] com.zaxxer.hikari.HikariDataSource       : HikariPool-1 - Starting...
2024-09-06 14:46:55.152  INFO 18884 --- [main] com.zaxxer.hikari.HikariDataSource       : HikariPool-1 - Start completed.
2024-09-06 14:46:55.221  INFO 18884 --- [main] c.y.v.system.netty.NettyClient           : å½“å‰å®¢æˆ·ç«¯ï¼šA, è¿›è¡Œåˆå§‹åŒ–
2024-09-06 14:46:55.255  INFO 18884 --- [main] c.y.v.system.netty.NettyClient           : å½“å‰å®¢æˆ·ç«¯ï¼šB, è¿›è¡Œåˆå§‹åŒ–
2024-09-06 14:46:55.289  INFO 18884 --- [main] c.y.v.system.netty.NettyClient           : å½“å‰å®¢æˆ·ç«¯ï¼šC, è¿›è¡Œåˆå§‹åŒ–
2024-09-06 14:46:57.257  INFO 18884 --- [main] o.y.standard.ServerEndpointExporter      : [34mNetty WebSocket started on port: 8880 with context path(s): '/websocket/{pageId}' .[0m
2024-09-06 14:46:57.286  INFO 18884 --- [main] YuandiInjectiondispenserApplicationTests : Started YuandiInjectiondispenserApplicationTests in 8.766 seconds (JVM running for 10.809)
2024-09-06 14:46:58.037  INFO 18884 --- [main] YuandiInjectiondispenserApplicationTests : [{"batchNo":"æµ‹è¯•ç¼–å·","price":"321","productNo":"00160009601","quantity":3}]
2024-09-06 14:46:58.068  INFO 18884 --- [SpringApplicationShutdownHook] com.zaxxer.hikari.HikariDataSource       : HikariPool-1 - Shutdown initiated...
2024-09-06 14:46:58.108  INFO 18884 --- [SpringApplicationShutdownHook] com.zaxxer.hikari.HikariDataSource       : HikariPool-1 - Shutdown completed.
2024-09-06 14:59:47.969  INFO 17960 --- [main] YuandiInjectiondispenserApplicationTests : Starting YuandiInjectiondispenserApplicationTests using Java 17.0.9 on ZH with PID 17960 (started by 78671 in D:\work\ç–«è‹—å‘è¯æœº\yiwan-vaccinedispenser_-v1.0\yiwan-vaccinedispenser-admin)
2024-09-06 14:59:47.970  INFO 17960 --- [main] YuandiInjectiondispenserApplicationTests : The following 1 profile is active: "dev"
2024-09-06 14:59:48.806  INFO 17960 --- [main] .s.d.r.c.RepositoryConfigurationDelegate : Multiple Spring Data modules found, entering strict repository configuration mode
2024-09-06 14:59:48.808  INFO 17960 --- [main] .s.d.r.c.RepositoryConfigurationDelegate : Bootstrapping Spring Data Redis repositories in DEFAULT mode.
2024-09-06 14:59:48.849  INFO 17960 --- [main] .s.d.r.c.RepositoryConfigurationDelegate : Finished Spring Data repository scanning in 28 ms. Found 0 Redis repository interfaces.
2024-09-06 14:59:50.664  INFO 17960 --- [main] c.y.v.system.com.ComService              : è¿æ¥ä¸²å£ï¼šCOM10å¤±è´¥ï¼
2024-09-06 14:59:50.867  INFO 17960 --- [main] c.y.v.system.com.ComService              : è¿æ¥ä¸²å£ï¼šCOM9å¤±è´¥ï¼
2024-09-06 14:59:51.072  INFO 17960 --- [main] c.y.v.system.com.ComService              : è¿æ¥ä¸²å£ï¼šCOM4å¤±è´¥ï¼
2024-09-06 14:59:51.592  INFO 17960 --- [main] com.zaxxer.hikari.HikariDataSource       : HikariPool-1 - Starting...
2024-09-06 14:59:51.765  INFO 17960 --- [main] com.zaxxer.hikari.HikariDataSource       : HikariPool-1 - Start completed.
2024-09-06 14:59:51.828  INFO 17960 --- [main] c.y.v.system.netty.NettyClient           : å½“å‰å®¢æˆ·ç«¯ï¼šA, è¿›è¡Œåˆå§‹åŒ–
2024-09-06 14:59:51.858  INFO 17960 --- [main] c.y.v.system.netty.NettyClient           : å½“å‰å®¢æˆ·ç«¯ï¼šB, è¿›è¡Œåˆå§‹åŒ–
2024-09-06 14:59:51.893  INFO 17960 --- [main] c.y.v.system.netty.NettyClient           : å½“å‰å®¢æˆ·ç«¯ï¼šC, è¿›è¡Œåˆå§‹åŒ–
2024-09-06 14:59:53.686  INFO 17960 --- [main] o.y.standard.ServerEndpointExporter      : [34mNetty WebSocket started on port: 8880 with context path(s): '/websocket/{pageId}' .[0m
2024-09-06 14:59:53.711  INFO 17960 --- [main] YuandiInjectiondispenserApplicationTests : Started YuandiInjectiondispenserApplicationTests in 6.215 seconds (JVM running for 7.235)
2024-09-06 14:59:54.303  INFO 17960 --- [main] YuandiInjectiondispenserApplicationTests : [{"batchNo":"æµ‹è¯•ç¼–å·","price":"320","productNo":"00160009601","quantity":1},{"batchNo":"æµ‹è¯•ç¼–å·","price":"322","productNo":"00160009601","quantity":1},{"batchNo":"æµ‹è¯•ç¼–å·","price":"323","productNo":"00160009601","quantity":1}]
2024-09-06 14:59:54.329  INFO 17960 --- [SpringApplicationShutdownHook] com.zaxxer.hikari.HikariDataSource       : HikariPool-1 - Shutdown initiated...
2024-09-06 14:59:54.365  INFO 17960 --- [SpringApplicationShutdownHook] com.zaxxer.hikari.HikariDataSource       : HikariPool-1 - Shutdown completed.
