2024-06-13 13:41:18.663  INFO 17576 --- [main] YuandiInjectiondispenserApplicationTests : Starting YuandiInjectiondispenserApplicationTests using Java 17.0.9 on ZH with PID 17576 (started by 78671 in D:\work\ç–«è‹—å‘è¯æœº\yiwan-vaccinedispenser_-v1.0\yiwan-vaccinedispenser-admin)
2024-06-13 13:41:18.673  INFO 17576 --- [main] YuandiInjectiondispenserApplicationTests : The following 1 profile is active: "dev"
2024-06-13 13:41:25.218  INFO 17576 --- [main] .s.d.r.c.RepositoryConfigurationDelegate : Multiple Spring Data modules found, entering strict repository configuration mode
2024-06-13 13:41:25.224  INFO 17576 --- [main] .s.d.r.c.RepositoryConfigurationDelegate : Bootstrapping Spring Data Redis repositories in DEFAULT mode.
2024-06-13 13:41:25.335  INFO 17576 --- [main] .s.d.r.c.RepositoryConfigurationDelegate : Finished Spring Data repository scanning in 79 ms. Found 0 Redis repository interfaces.
2024-06-13 13:41:28.253  INFO 17576 --- [main] c.y.v.system.com.ComService              : è¿æ¥ä¸²å£ï¼šCOM3å¤±è´¥ï¼
2024-06-13 13:41:28.457  INFO 17576 --- [main] c.y.v.system.com.ComService              : è¿æ¥ä¸²å£ï¼šCOM5å¤±è´¥ï¼
2024-06-13 13:41:28.660  INFO 17576 --- [main] c.y.v.system.com.ComService              : è¿æ¥ä¸²å£ï¼šCOM4æˆåŠŸ!
2024-06-13 13:41:29.369  INFO 17576 --- [main] com.zaxxer.hikari.HikariDataSource       : HikariPool-1 - Starting...
2024-06-13 13:41:29.775  INFO 17576 --- [main] com.zaxxer.hikari.HikariDataSource       : HikariPool-1 - Start completed.
2024-06-13 13:41:29.842  INFO 17576 --- [main] c.y.v.system.netty.NettyClient           : å½“å‰å®¢æˆ·ç«¯ï¼šA, è¿›è¡Œåˆå§‹åŒ–
2024-06-13 13:41:30.047  INFO 17576 --- [main] c.y.v.system.netty.NettyClient           : å½“å‰å®¢æˆ·ç«¯ï¼šB, è¿›è¡Œåˆå§‹åŒ–
2024-06-13 13:41:30.322  INFO 17576 --- [nioEventLoopGroup-4-1] c.y.v.system.netty.NettyClient           : å½“å‰å®¢æˆ·ç«¯ï¼šA æœåŠ¡ç«¯è¿æ¥æˆåŠŸ...
2024-06-13 13:41:30.323  INFO 17576 --- [nioEventLoopGroup-4-1] c.y.v.system.netty.NettyClientHandler    : å½“å‰çš„clientï¼šA è¿æ¥æœåŠ¡å™¨æˆåŠŸ
2024-06-13 13:41:31.030  INFO 17576 --- [t_netty_pool_167476603] c.y.v.system.netty.function.CabinetAMsg  : æ”¶åˆ°AæŸœ0x01-æ‰è¯:A5 5A 11 00 20 25 0A 01 07 01 00 00 00 00 00 00 02 0A 00 4D 5A 55
2024-06-13 13:41:31.030  INFO 17576 --- [t_netty_pool_2028130862] c.y.v.system.netty.function.CabinetAMsg  : æ”¶åˆ°AæŸœ0x01-æ‰è¯:A5 5A 11 00 20 25 0A 01 0A 01 00 00 00 00 00 00 02 0A 00 76 F6 55
2024-06-13 13:41:31.030  INFO 17576 --- [t_netty_pool_1950054587] c.y.v.system.netty.function.CabinetAMsg  : æ”¶åˆ°AæŸœ0x01-æ‰è¯:A5 5A 11 00 20 25 0A 01 08 01 00 00 00 00 00 00 02 0A 00 7D 4E 55
2024-06-13 13:41:31.030  INFO 17576 --- [t_netty_pool_1540325945] c.y.v.system.netty.function.CabinetAMsg  : æ”¶åˆ°AæŸœ0x01-æ‰è¯:A5 5A 11 00 20 25 0A 01 03 01 00 00 00 00 00 00 02 0A 00 58 6A 55
2024-06-13 13:41:31.029  INFO 17576 --- [t_netty_pool_1560949455] c.y.v.system.netty.function.CabinetAMsg  : æ”¶åˆ°AæŸœ0x01-æ‰è¯:A5 5A 11 00 20 25 0A 01 06 01 00 00 00 00 00 00 02 0A 00 49 A6 55
2024-06-13 13:41:31.029  INFO 17576 --- [t_netty_pool_983325178] c.y.v.system.netty.function.CabinetAMsg  : æ”¶åˆ°AæŸœ0x01-æ‰è¯:A5 5A 11 00 20 25 0A 01 04 01 00 00 00 00 00 00 02 0A 00 42 1E 55
2024-06-13 13:41:31.030  INFO 17576 --- [t_netty_pool_1916064727] c.y.v.system.netty.function.CabinetAMsg  : æ”¶åˆ°AæŸœ0x01-æ‰è¯:A5 5A 11 00 20 25 0A 01 09 01 00 00 00 00 00 00 02 0A 00 79 B2 55
2024-06-13 13:41:33.691  INFO 17576 --- [main] o.y.standard.ServerEndpointExporter      : [34mNetty WebSocket started on port: 8880 with context path(s): '/websocket/{pageId}' .[0m
2024-06-13 13:41:33.754  INFO 17576 --- [main] YuandiInjectiondispenserApplicationTests : Started YuandiInjectiondispenserApplicationTests in 16.214 seconds (JVM running for 18.32)
2024-06-13 13:41:36.517  INFO 17576 --- [main] c.y.v.system.zyc.ZcyRequestBuilder       : {"body":"{\"success\":true,\"result\":[{\"cmdList\":[{\"price\":27200,\"tag\":null,\"taskId\":\"08bd88c36b6b45cbb6eedb4e7f52e23c\",\"productNos\":[\"00160011101\"]}],\"requestNo\":\"f1329196a6334eefb68b34390b909d6c\",\"workbenchNo\":\"69\"},{\"cmdList\":[{\"price\":120000,\"tag\":null,\"taskId\":\"c3740e68b64d4478ac86c74f4f7ba817\",\"productNos\":[\"09687000301\"]}],\"requestNo\":\"ac6aa11bc9324af4ae0ed08e30bc89a5\",\"workbenchNo\":\"69\"},{\"cmdList\":[{\"price\":24800,\"tag\":null,\"taskId\":\"278d7f7a573c445eb43300e6f0c978ef\",\"productNos\":[\"00755008501\"]},{\"price\":32100,\"tag\":null,\"taskId\":\"62f6b262b2074929a8dfc14001ce35fa\",\"productNos\":[\"00080000201\"]}],\"requestNo\":\"a31d0627c3624cbabd6eae9fe7a7b493\",\"workbenchNo\":\"69\"},{\"cmdList\":[{\"price\":598000,\"tag\":null,\"taskId\":\"7f25db9570f84e499131c67e1df67a90\",\"productNos\":[\"05626000705\"]}],\"requestNo\":\"22aa1ac5d66e4f709e47a9810ede9d0b\",\"workbenchNo\":\"69\"},{\"cmdList\":[{\"price\":598000,\"tag\":null,\"taskId\":\"ccbc25879c694038a68592195a228298\",\"productNos\":[\"05626000705\"]}],\"requestNo\":\"f7e396dcec204e468ada8fcdd14e6b65\",\"workbenchNo\":\"69\"},{\"cmdList\":[{\"price\":32100,\"tag\":null,\"taskId\":\"5a3639588c884cfb8ed9769f97d9aaba\",\"productNos\":[\"00080000201\"]},{\"price\":24800,\"tag\":null,\"taskId\":\"d0bb3efefc214844bb20d4cfa8e44aa8\",\"productNos\":[\"00755008501\"]}],\"requestNo\":\"697688e0017f47818ceeffe60172225b\",\"workbenchNo\":\"69\"},{\"cmdList\":[{\"price\":32100,\"tag\":null,\"taskId\":\"dc8875132c2a43b3baf7848e4156e67c\",\"productNos\":[\"00080000201\"]},{\"price\":1298000,\"tag\":null,\"taskId\":\"c8ef05d037c3416ebee1fafbe8bc06b1\",\"productNos\":[\"82352000201\"]},{\"price\":24800,\"tag\":null,\"taskId\":\"873720d1051742ab9c275d615bf329f1\",\"productNos\":[\"00755008501\"]},{\"price\":120000,\"tag\":null,\"taskId\":\"3d7249901ed2427393b58b38d8ee14a2\",\"productNos\":[\"09687000301\"]}],\"requestNo\":\"f32e31fe89674ad6aede7493502e25b0\",\"workbenchNo\":\"69\"},{\"cmdList\":[{\"price\":32100,\"tag\":null,\"taskId\":\"4a40ccbb93a84f73ab6fda56a6dc6112\",\"productNos\":[\"00080000201\"]}],\"requestNo\":\"2a53777dc887446480f2fa9d9799a38a\",\"workbenchNo\":\"69\"},{\"cmdList\":[{\"price\":320000,\"tag\":null,\"taskId\":\"c3cbb2803d90451f8a4dfcdf3f22bc75\",\"productNos\":[\"00509000401\"]},{\"price\":24800,\"tag\":null,\"taskId\":\"ec9680e6fd314e49bfb1e0c05bc5e17d\",\"productNos\":[\"00755008501\"]}],\"requestNo\":\"606ccda7cb01407c9315814773e8e412\",\"workbenchNo\":\"69\"},{\"cmdList\":[{\"price\":24400,\"tag\":null,\"taskId\":\"8de67882ea444c628b10f6ee9192b01d\",\"productNos\":[\"02060003701\",\"02060003703\"]}],\"requestNo\":\"1a17b5a7422d4f8fb0e440070b97f0eb\",\"workbenchNo\":\"69\"},{\"cmdList\":[{\"price\":329000,\"tag\":\"01\",\"taskId\":\"e2e3f2d33ee54838a73bc3c6d1b3370c\",\"productNos\":[\"82263000201\"]}],\"requestNo\":\"664cf42218d34ccf9b69772220348f1d\",\"workbenchNo\":\"69\"},{\"cmdList\":[{\"price\":24400,\"tag\":null,\"taskId\":\"4055a02941604857bb3669ef2c541e53\",\"productNos\":[\"02060003701\",\"02060003703\"]},{\"price\":280000,\"tag\":null,\"taskId\":\"6e0a21f8f73b4cf689e1e6a18dea3ba1\",\"productNos\":[\"79524002603\"]},{\"price\":698000,\"tag\":null,\"taskId\":\"10b21be186524117b4dea5316cabed1f\",\"productNos\":[\"78724011201\"]},{\"price\":320000,\"tag\":null,\"taskId\":\"9b5b0bc59fb4499aa5838ec9a2b5b025\",\"productNos\":[\"00509000401\"]}],\"requestNo\":\"28a4ffc0dcb54a0f963224ac0824bcc3\",\"workbenchNo\":\"69\"},{\"cmdList\":[{\"price\":320000,\"tag\":null,\"taskId\":\"5eecd6fd158d44328ea7af8a27683611\",\"productNos\":[\"00509000401\"]}],\"requestNo\":\"c777107a495d440eaf08403ccb09b7f3\",\"workbenchNo\":\"69\"},{\"cmdList\":[{\"price\":320000,\"tag\":null,\"taskId\":\"33064740383841a8bfa179cc735c9c5c\",\"productNos\":[\"00509000401\"]}],\"requestNo\":\"82995c6423124562a61d3eab4c268373\",\"workbenchNo\":\"69\"},{\"cmdList\":[{\"price\":320000,\"tag\":null,\"taskId\":\"80a9b25d32f94cdda87a7e5c3faadccd\",\"productNos\":[\"00509000401\"]}],\"requestNo\":\"d3ef9e6c8aa842a2bf57a7629758d0bb\",\"workbenchNo\":\"69\"},{\"cmdList\":[{\"price\":320000,\"tag\":null,\"taskId\":\"3203a3ea5e604ce79d63b5501eb285d1\",\"productNos\":[\"00509000401\"]}],\"requestNo\":\"7f8245974e784a229b27f27f436e03c9\",\"workbenchNo\":\"69\"},{\"cmdList\":[{\"price\":320000,\"tag\":null,\"taskId\":\"1a2260bf42fe494e8ea0f130769d54a2\",\"productNos\":[\"00509000401\"]}],\"requestNo\":\"60698ab15dff465d9564f190fae51783\",\"workbenchNo\":\"69\"},{\"cmdList\":[{\"price\":320000,\"tag\":null,\"taskId\":\"9099273154da47e8a0ad1a1954d8530b\",\"productNos\":[\"00509000401\"]}],\"requestNo\":\"3ae63efda7534824862126e0a0cb43b7\",\"workbenchNo\":\"69\"},{\"cmdList\":[{\"price\":320000,\"tag\":null,\"taskId\":\"4e967b6c1ccc4671bee0226049354d06\",\"productNos\":[\"00509000401\"]}],\"requestNo\":\"6606a7c5f6374de7aa1bfd281ddd7b01\",\"workbenchNo\":\"69\"},{\"cmdList\":[{\"price\":320000,\"tag\":null,\"taskId\":\"2d60f18d77544f5fa62b0f8524934096\",\"productNos\":[\"00509000401\"]}],\"requestNo\":\"d7c8e6a0bdee4e51aecd7203937a104f\",\"workbenchNo\":\"69\"},{\"cmdList\":[{\"price\":320000,\"tag\":null,\"taskId\":\"1aace782be434401a8032c13dca44674\",\"productNos\":[\"00509000401\"]}],\"requestNo\":\"54e83ad84eac4d6fa7b0392c3b0137bd\",\"workbenchNo\":\"69\"},{\"cmdList\":[{\"price\":320000,\"tag\":null,\"taskId\":\"818c8c83db9e4e3e8652d4cc9472d6ce\",\"productNos\":[\"00509000401\"]}],\"requestNo\":\"e638bcc280f04f299dce30bc144af026\",\"workbenchNo\":\"69\"},{\"cmdList\":[{\"price\":320000,\"tag\":null,\"taskId\":\"e006b351218a41008c08953a2069ab27\",\"productNos\":[\"00509000401\"]}],\"requestNo\":\"ce7a80b6dcd94c38b9e3e92db57f4370\",\"workbenchNo\":\"69\"}],\"code\":null,\"message\":null}","headers":{"X-Frame-Options":"SAMEORIGIN","Strict-Transport-Security":"max-age=31536000; includeSubDomains","Content-Security-Policy":"default-src 'self' *.zcycdn.com *.aliyuncs.com gw.alipayobjects.com res.wx.qq.com *.zcygov.cn *.alicdn.com *.cloud-inner.zj.gov.cn www.gjtool.cn 'unsafe-inline' data:","Connection":"keep-alive","Vary":"Accept-Encoding","Content-Length":"5144","Date":"Thu, 13 Jun 2024 05:41:37 GMT","Content-Type":"application/json;charset=UTF-8"},"httpStatus":200}
2024-06-13 13:41:36.587  INFO 17576 --- [main] c.y.v.system.zyc.ZcyFunction             : null
2024-06-13 13:41:36.641  INFO 17576 --- [SpringApplicationShutdownHook] com.zaxxer.hikari.HikariDataSource       : HikariPool-1 - Shutdown initiated...
2024-06-13 13:41:36.699  INFO 17576 --- [SpringApplicationShutdownHook] com.zaxxer.hikari.HikariDataSource       : HikariPool-1 - Shutdown completed.
2024-06-13 13:46:41.432  INFO 18328 --- [main] YuandiInjectiondispenserApplicationTests : Starting YuandiInjectiondispenserApplicationTests using Java 17.0.9 on ZH with PID 18328 (started by 78671 in D:\work\ç–«è‹—å‘è¯æœº\yiwan-vaccinedispenser_-v1.0\yiwan-vaccinedispenser-admin)
2024-06-13 13:46:41.435  INFO 18328 --- [main] YuandiInjectiondispenserApplicationTests : The following 1 profile is active: "dev"
2024-06-13 13:46:42.925  INFO 18328 --- [main] .s.d.r.c.RepositoryConfigurationDelegate : Multiple Spring Data modules found, entering strict repository configuration mode
2024-06-13 13:46:42.931  INFO 18328 --- [main] .s.d.r.c.RepositoryConfigurationDelegate : Bootstrapping Spring Data Redis repositories in DEFAULT mode.
2024-06-13 13:46:43.004  INFO 18328 --- [main] .s.d.r.c.RepositoryConfigurationDelegate : Finished Spring Data repository scanning in 54 ms. Found 0 Redis repository interfaces.
2024-06-13 13:46:46.123  INFO 18328 --- [main] c.y.v.system.com.ComService              : è¿æ¥ä¸²å£ï¼šCOM3å¤±è´¥ï¼
2024-06-13 13:46:46.330  INFO 18328 --- [main] c.y.v.system.com.ComService              : è¿æ¥ä¸²å£ï¼šCOM5å¤±è´¥ï¼
2024-06-13 13:46:46.534  INFO 18328 --- [main] c.y.v.system.com.ComService              : è¿æ¥ä¸²å£ï¼šCOM4æˆåŠŸ!
2024-06-13 13:46:47.224  INFO 18328 --- [main] com.zaxxer.hikari.HikariDataSource       : HikariPool-1 - Starting...
2024-06-13 13:46:47.511  INFO 18328 --- [main] com.zaxxer.hikari.HikariDataSource       : HikariPool-1 - Start completed.
2024-06-13 13:46:47.591  INFO 18328 --- [main] c.y.v.system.netty.NettyClient           : å½“å‰å®¢æˆ·ç«¯ï¼šA, è¿›è¡Œåˆå§‹åŒ–
2024-06-13 13:46:47.849  INFO 18328 --- [main] c.y.v.system.netty.NettyClient           : å½“å‰å®¢æˆ·ç«¯ï¼šB, è¿›è¡Œåˆå§‹åŒ–
2024-06-13 13:46:48.099  INFO 18328 --- [nioEventLoopGroup-4-1] c.y.v.system.netty.NettyClient           : å½“å‰å®¢æˆ·ç«¯ï¼šA æœåŠ¡ç«¯è¿æ¥æˆåŠŸ...
2024-06-13 13:46:48.099  INFO 18328 --- [nioEventLoopGroup-4-1] c.y.v.system.netty.NettyClientHandler    : å½“å‰çš„clientï¼šA è¿æ¥æœåŠ¡å™¨æˆåŠŸ
2024-06-13 13:46:51.007  INFO 18328 --- [main] o.y.standard.ServerEndpointExporter      : [34mNetty WebSocket started on port: 8880 with context path(s): '/websocket/{pageId}' .[0m
2024-06-13 13:46:51.037  INFO 18328 --- [main] YuandiInjectiondispenserApplicationTests : Started YuandiInjectiondispenserApplicationTests in 10.523 seconds (JVM running for 12.567)
2024-06-13 13:46:53.197  INFO 18328 --- [main] c.y.v.system.zyc.ZcyRequestBuilder       : {"body":"{\"success\":true,\"result\":true,\"code\":null,\"message\":null}","headers":{"X-Frame-Options":"SAMEORIGIN","Strict-Transport-Security":"max-age=31536000; includeSubDomains","Content-Security-Policy":"default-src 'self' *.zcycdn.com *.aliyuncs.com gw.alipayobjects.com res.wx.qq.com *.zcygov.cn *.alicdn.com *.cloud-inner.zj.gov.cn www.gjtool.cn 'unsafe-inline' data:","Connection":"keep-alive","Content-Length":"57","Date":"Thu, 13 Jun 2024 05:46:53 GMT","Content-Type":"application/json;charset=UTF-8"},"httpStatus":200}
2024-06-13 13:46:53.241  INFO 18328 --- [SpringApplicationShutdownHook] com.zaxxer.hikari.HikariDataSource       : HikariPool-1 - Shutdown initiated...
2024-06-13 13:46:53.305  INFO 18328 --- [SpringApplicationShutdownHook] com.zaxxer.hikari.HikariDataSource       : HikariPool-1 - Shutdown completed.
2024-06-13 13:47:27.892  INFO 12256 --- [main] YuandiInjectiondispenserApplicationTests : Starting YuandiInjectiondispenserApplicationTests using Java 17.0.9 on ZH with PID 12256 (started by 78671 in D:\work\ç–«è‹—å‘è¯æœº\yiwan-vaccinedispenser_-v1.0\yiwan-vaccinedispenser-admin)
2024-06-13 13:47:27.897  INFO 12256 --- [main] YuandiInjectiondispenserApplicationTests : The following 1 profile is active: "dev"
2024-06-13 13:47:30.176  INFO 12256 --- [main] .s.d.r.c.RepositoryConfigurationDelegate : Multiple Spring Data modules found, entering strict repository configuration mode
2024-06-13 13:47:30.183  INFO 12256 --- [main] .s.d.r.c.RepositoryConfigurationDelegate : Bootstrapping Spring Data Redis repositories in DEFAULT mode.
2024-06-13 13:47:30.308  INFO 12256 --- [main] .s.d.r.c.RepositoryConfigurationDelegate : Finished Spring Data repository scanning in 90 ms. Found 0 Redis repository interfaces.
2024-06-13 13:47:34.019  INFO 12256 --- [main] c.y.v.system.com.ComService              : è¿æ¥ä¸²å£ï¼šCOM3å¤±è´¥ï¼
2024-06-13 13:47:34.236  INFO 12256 --- [main] c.y.v.system.com.ComService              : è¿æ¥ä¸²å£ï¼šCOM5å¤±è´¥ï¼
2024-06-13 13:47:34.443  INFO 12256 --- [main] c.y.v.system.com.ComService              : è¿æ¥ä¸²å£ï¼šCOM4æˆåŠŸ!
2024-06-13 13:47:35.892  INFO 12256 --- [main] com.zaxxer.hikari.HikariDataSource       : HikariPool-1 - Starting...
2024-06-13 13:47:36.673  INFO 12256 --- [main] com.zaxxer.hikari.HikariDataSource       : HikariPool-1 - Start completed.
2024-06-13 13:47:36.770  INFO 12256 --- [main] c.y.v.system.netty.NettyClient           : å½“å‰å®¢æˆ·ç«¯ï¼šA, è¿›è¡Œåˆå§‹åŒ–
2024-06-13 13:47:37.235  INFO 12256 --- [main] c.y.v.system.netty.NettyClient           : å½“å‰å®¢æˆ·ç«¯ï¼šB, è¿›è¡Œåˆå§‹åŒ–
2024-06-13 13:47:37.643  INFO 12256 --- [nioEventLoopGroup-4-1] c.y.v.system.netty.NettyClient           : å½“å‰å®¢æˆ·ç«¯ï¼šA æœåŠ¡ç«¯è¿æ¥æˆåŠŸ...
2024-06-13 13:47:37.643  INFO 12256 --- [nioEventLoopGroup-4-1] c.y.v.system.netty.NettyClientHandler    : å½“å‰çš„clientï¼šA è¿æ¥æœåŠ¡å™¨æˆåŠŸ
2024-06-13 13:47:41.509  INFO 12256 --- [main] o.y.standard.ServerEndpointExporter      : [34mNetty WebSocket started on port: 8880 with context path(s): '/websocket/{pageId}' .[0m
2024-06-13 13:47:41.588  INFO 12256 --- [main] YuandiInjectiondispenserApplicationTests : Started YuandiInjectiondispenserApplicationTests in 15.008 seconds (JVM running for 17.465)
2024-06-13 13:47:44.780  INFO 12256 --- [main] c.y.v.system.zyc.ZcyRequestBuilder       : {"body":"{\"success\":true,\"result\":[{\"cmdList\":[{\"price\":120000,\"tag\":null,\"taskId\":\"c3740e68b64d4478ac86c74f4f7ba817\",\"productNos\":[\"09687000301\"]}],\"requestNo\":\"ac6aa11bc9324af4ae0ed08e30bc89a5\",\"workbenchNo\":\"69\"},{\"cmdList\":[{\"price\":24800,\"tag\":null,\"taskId\":\"278d7f7a573c445eb43300e6f0c978ef\",\"productNos\":[\"00755008501\"]},{\"price\":32100,\"tag\":null,\"taskId\":\"62f6b262b2074929a8dfc14001ce35fa\",\"productNos\":[\"00080000201\"]}],\"requestNo\":\"a31d0627c3624cbabd6eae9fe7a7b493\",\"workbenchNo\":\"69\"},{\"cmdList\":[{\"price\":598000,\"tag\":null,\"taskId\":\"7f25db9570f84e499131c67e1df67a90\",\"productNos\":[\"05626000705\"]}],\"requestNo\":\"22aa1ac5d66e4f709e47a9810ede9d0b\",\"workbenchNo\":\"69\"},{\"cmdList\":[{\"price\":598000,\"tag\":null,\"taskId\":\"ccbc25879c694038a68592195a228298\",\"productNos\":[\"05626000705\"]}],\"requestNo\":\"f7e396dcec204e468ada8fcdd14e6b65\",\"workbenchNo\":\"69\"},{\"cmdList\":[{\"price\":32100,\"tag\":null,\"taskId\":\"5a3639588c884cfb8ed9769f97d9aaba\",\"productNos\":[\"00080000201\"]},{\"price\":24800,\"tag\":null,\"taskId\":\"d0bb3efefc214844bb20d4cfa8e44aa8\",\"productNos\":[\"00755008501\"]}],\"requestNo\":\"697688e0017f47818ceeffe60172225b\",\"workbenchNo\":\"69\"},{\"cmdList\":[{\"price\":32100,\"tag\":null,\"taskId\":\"dc8875132c2a43b3baf7848e4156e67c\",\"productNos\":[\"00080000201\"]},{\"price\":1298000,\"tag\":null,\"taskId\":\"c8ef05d037c3416ebee1fafbe8bc06b1\",\"productNos\":[\"82352000201\"]},{\"price\":24800,\"tag\":null,\"taskId\":\"873720d1051742ab9c275d615bf329f1\",\"productNos\":[\"00755008501\"]},{\"price\":120000,\"tag\":null,\"taskId\":\"3d7249901ed2427393b58b38d8ee14a2\",\"productNos\":[\"09687000301\"]}],\"requestNo\":\"f32e31fe89674ad6aede7493502e25b0\",\"workbenchNo\":\"69\"},{\"cmdList\":[{\"price\":32100,\"tag\":null,\"taskId\":\"4a40ccbb93a84f73ab6fda56a6dc6112\",\"productNos\":[\"00080000201\"]}],\"requestNo\":\"2a53777dc887446480f2fa9d9799a38a\",\"workbenchNo\":\"69\"},{\"cmdList\":[{\"price\":320000,\"tag\":null,\"taskId\":\"c3cbb2803d90451f8a4dfcdf3f22bc75\",\"productNos\":[\"00509000401\"]},{\"price\":24800,\"tag\":null,\"taskId\":\"ec9680e6fd314e49bfb1e0c05bc5e17d\",\"productNos\":[\"00755008501\"]}],\"requestNo\":\"606ccda7cb01407c9315814773e8e412\",\"workbenchNo\":\"69\"},{\"cmdList\":[{\"price\":24400,\"tag\":null,\"taskId\":\"8de67882ea444c628b10f6ee9192b01d\",\"productNos\":[\"02060003701\",\"02060003703\"]}],\"requestNo\":\"1a17b5a7422d4f8fb0e440070b97f0eb\",\"workbenchNo\":\"69\"},{\"cmdList\":[{\"price\":329000,\"tag\":\"01\",\"taskId\":\"e2e3f2d33ee54838a73bc3c6d1b3370c\",\"productNos\":[\"82263000201\"]}],\"requestNo\":\"664cf42218d34ccf9b69772220348f1d\",\"workbenchNo\":\"69\"},{\"cmdList\":[{\"price\":24400,\"tag\":null,\"taskId\":\"4055a02941604857bb3669ef2c541e53\",\"productNos\":[\"02060003701\",\"02060003703\"]},{\"price\":280000,\"tag\":null,\"taskId\":\"6e0a21f8f73b4cf689e1e6a18dea3ba1\",\"productNos\":[\"79524002603\"]},{\"price\":698000,\"tag\":null,\"taskId\":\"10b21be186524117b4dea5316cabed1f\",\"productNos\":[\"78724011201\"]},{\"price\":320000,\"tag\":null,\"taskId\":\"9b5b0bc59fb4499aa5838ec9a2b5b025\",\"productNos\":[\"00509000401\"]}],\"requestNo\":\"28a4ffc0dcb54a0f963224ac0824bcc3\",\"workbenchNo\":\"69\"},{\"cmdList\":[{\"price\":320000,\"tag\":null,\"taskId\":\"5eecd6fd158d44328ea7af8a27683611\",\"productNos\":[\"00509000401\"]}],\"requestNo\":\"c777107a495d440eaf08403ccb09b7f3\",\"workbenchNo\":\"69\"},{\"cmdList\":[{\"price\":320000,\"tag\":null,\"taskId\":\"33064740383841a8bfa179cc735c9c5c\",\"productNos\":[\"00509000401\"]}],\"requestNo\":\"82995c6423124562a61d3eab4c268373\",\"workbenchNo\":\"69\"},{\"cmdList\":[{\"price\":320000,\"tag\":null,\"taskId\":\"80a9b25d32f94cdda87a7e5c3faadccd\",\"productNos\":[\"00509000401\"]}],\"requestNo\":\"d3ef9e6c8aa842a2bf57a7629758d0bb\",\"workbenchNo\":\"69\"},{\"cmdList\":[{\"price\":320000,\"tag\":null,\"taskId\":\"3203a3ea5e604ce79d63b5501eb285d1\",\"productNos\":[\"00509000401\"]}],\"requestNo\":\"7f8245974e784a229b27f27f436e03c9\",\"workbenchNo\":\"69\"},{\"cmdList\":[{\"price\":320000,\"tag\":null,\"taskId\":\"1a2260bf42fe494e8ea0f130769d54a2\",\"productNos\":[\"00509000401\"]}],\"requestNo\":\"60698ab15dff465d9564f190fae51783\",\"workbenchNo\":\"69\"},{\"cmdList\":[{\"price\":320000,\"tag\":null,\"taskId\":\"9099273154da47e8a0ad1a1954d8530b\",\"productNos\":[\"00509000401\"]}],\"requestNo\":\"3ae63efda7534824862126e0a0cb43b7\",\"workbenchNo\":\"69\"},{\"cmdList\":[{\"price\":320000,\"tag\":null,\"taskId\":\"4e967b6c1ccc4671bee0226049354d06\",\"productNos\":[\"00509000401\"]}],\"requestNo\":\"6606a7c5f6374de7aa1bfd281ddd7b01\",\"workbenchNo\":\"69\"},{\"cmdList\":[{\"price\":320000,\"tag\":null,\"taskId\":\"2d60f18d77544f5fa62b0f8524934096\",\"productNos\":[\"00509000401\"]}],\"requestNo\":\"d7c8e6a0bdee4e51aecd7203937a104f\",\"workbenchNo\":\"69\"},{\"cmdList\":[{\"price\":320000,\"tag\":null,\"taskId\":\"1aace782be434401a8032c13dca44674\",\"productNos\":[\"00509000401\"]}],\"requestNo\":\"54e83ad84eac4d6fa7b0392c3b0137bd\",\"workbenchNo\":\"69\"},{\"cmdList\":[{\"price\":320000,\"tag\":null,\"taskId\":\"818c8c83db9e4e3e8652d4cc9472d6ce\",\"productNos\":[\"00509000401\"]}],\"requestNo\":\"e638bcc280f04f299dce30bc144af026\",\"workbenchNo\":\"69\"},{\"cmdList\":[{\"price\":320000,\"tag\":null,\"taskId\":\"e006b351218a41008c08953a2069ab27\",\"productNos\":[\"00509000401\"]}],\"requestNo\":\"ce7a80b6dcd94c38b9e3e92db57f4370\",\"workbenchNo\":\"69\"}],\"code\":null,\"message\":null}","headers":{"X-Frame-Options":"SAMEORIGIN","Strict-Transport-Security":"max-age=31536000; includeSubDomains","Content-Security-Policy":"default-src 'self' *.zcycdn.com *.aliyuncs.com gw.alipayobjects.com res.wx.qq.com *.zcygov.cn *.alicdn.com *.cloud-inner.zj.gov.cn www.gjtool.cn 'unsafe-inline' data:","Connection":"keep-alive","Vary":"Accept-Encoding","Content-Length":"4964","Date":"Thu, 13 Jun 2024 05:47:45 GMT","Content-Type":"application/json;charset=UTF-8"},"httpStatus":200}
2024-06-13 13:47:44.856  INFO 12256 --- [main] c.y.v.system.zyc.ZcyFunction             : {"deleted":0,"price":"120000","productNo":"[09687000301]","requestNo":"ac6aa11bc9324af4ae0ed08e30bc89a5","status":"0","taskId":"c3740e68b64d4478ac86c74f4f7ba817","workbenchNo":"69"}
2024-06-13 13:47:44.884 ERROR 12256 --- [main] c.y.v.s.s.s.v.i.VacGetVaccineServiceImpl : æœºå™¨æ²¡æœ‰è¯å“ç¼–å·ï¼š[09687000301]çš„è¯
2024-06-13 13:47:44.890  INFO 12256 --- [main] c.y.v.system.zyc.ZcyFunction             : {"deleted":0,"price":"24800","productNo":"[00755008501]","requestNo":"a31d0627c3624cbabd6eae9fe7a7b493","status":"0","taskId":"278d7f7a573c445eb43300e6f0c978ef","workbenchNo":"69"}
2024-06-13 13:47:44.893 ERROR 12256 --- [main] c.y.v.s.s.s.v.i.VacGetVaccineServiceImpl : æœºå™¨æ²¡æœ‰è¯å“ç¼–å·ï¼š[00755008501]çš„è¯
2024-06-13 13:47:44.897  INFO 12256 --- [main] c.y.v.system.zyc.ZcyFunction             : {"deleted":0,"price":"32100","productNo":"[00080000201]","requestNo":"a31d0627c3624cbabd6eae9fe7a7b493","status":"0","taskId":"62f6b262b2074929a8dfc14001ce35fa","workbenchNo":"69"}
2024-06-13 13:47:44.901 ERROR 12256 --- [main] c.y.v.s.s.s.v.i.VacGetVaccineServiceImpl : æœºå™¨æ²¡æœ‰è¯å“ç¼–å·ï¼š[00080000201]çš„è¯
2024-06-13 13:47:44.906  INFO 12256 --- [main] c.y.v.system.zyc.ZcyFunction             : {"deleted":0,"price":"598000","productNo":"[05626000705]","requestNo":"22aa1ac5d66e4f709e47a9810ede9d0b","status":"0","taskId":"7f25db9570f84e499131c67e1df67a90","workbenchNo":"69"}
2024-06-13 13:47:44.910 ERROR 12256 --- [main] c.y.v.s.s.s.v.i.VacGetVaccineServiceImpl : æœºå™¨æ²¡æœ‰è¯å“ç¼–å·ï¼š[05626000705]çš„è¯
2024-06-13 13:47:44.914  INFO 12256 --- [main] c.y.v.system.zyc.ZcyFunction             : {"deleted":0,"price":"598000","productNo":"[05626000705]","requestNo":"f7e396dcec204e468ada8fcdd14e6b65","status":"0","taskId":"ccbc25879c694038a68592195a228298","workbenchNo":"69"}
2024-06-13 13:47:44.918 ERROR 12256 --- [main] c.y.v.s.s.s.v.i.VacGetVaccineServiceImpl : æœºå™¨æ²¡æœ‰è¯å“ç¼–å·ï¼š[05626000705]çš„è¯
2024-06-13 13:47:44.923  INFO 12256 --- [main] c.y.v.system.zyc.ZcyFunction             : {"deleted":0,"price":"32100","productNo":"[00080000201]","requestNo":"697688e0017f47818ceeffe60172225b","status":"0","taskId":"5a3639588c884cfb8ed9769f97d9aaba","workbenchNo":"69"}
2024-06-13 13:47:44.928 ERROR 12256 --- [main] c.y.v.s.s.s.v.i.VacGetVaccineServiceImpl : æœºå™¨æ²¡æœ‰è¯å“ç¼–å·ï¼š[00080000201]çš„è¯
2024-06-13 13:47:44.939  INFO 12256 --- [main] c.y.v.system.zyc.ZcyFunction             : {"deleted":0,"price":"24800","productNo":"[00755008501]","requestNo":"697688e0017f47818ceeffe60172225b","status":"0","taskId":"d0bb3efefc214844bb20d4cfa8e44aa8","workbenchNo":"69"}
2024-06-13 13:47:44.944 ERROR 12256 --- [main] c.y.v.s.s.s.v.i.VacGetVaccineServiceImpl : æœºå™¨æ²¡æœ‰è¯å“ç¼–å·ï¼š[00755008501]çš„è¯
2024-06-13 13:47:44.949  INFO 12256 --- [main] c.y.v.system.zyc.ZcyFunction             : {"deleted":0,"price":"32100","productNo":"[00080000201]","requestNo":"f32e31fe89674ad6aede7493502e25b0","status":"0","taskId":"dc8875132c2a43b3baf7848e4156e67c","workbenchNo":"69"}
2024-06-13 13:47:44.954 ERROR 12256 --- [main] c.y.v.s.s.s.v.i.VacGetVaccineServiceImpl : æœºå™¨æ²¡æœ‰è¯å“ç¼–å·ï¼š[00080000201]çš„è¯
2024-06-13 13:47:44.966  INFO 12256 --- [main] c.y.v.system.zyc.ZcyFunction             : {"createTime":"2024-06-11 18:05:04","deleted":0,"id":7,"price":"1298000","productName":"è¿›-HPV9-é»˜æ²™ä¸œ-1/0.5ml/æ”¯-æ¶²é¢„æ³¨1","productNo":"82352000201","requestNo":"f32e31fe89674ad6aede7493502e25b0","status":"0","taskId":"c8ef05d037c3416ebee1fafbe8bc06b1","updateTime":"2024-06-11 18:05:04","workbenchName":"å·¥ä½œå°1","workbenchNo":"69","workbenchNum":1}
2024-06-13 13:47:44.976  INFO 12256 --- [main] c.y.v.system.zyc.ZcyFunction             : {"deleted":0,"price":"24800","productNo":"[00755008501]","requestNo":"f32e31fe89674ad6aede7493502e25b0","status":"0","taskId":"873720d1051742ab9c275d615bf329f1","workbenchNo":"69"}
2024-06-13 13:47:44.979 ERROR 12256 --- [main] c.y.v.s.s.s.v.i.VacGetVaccineServiceImpl : æœºå™¨æ²¡æœ‰è¯å“ç¼–å·ï¼š[00755008501]çš„è¯
2024-06-13 13:47:44.984  INFO 12256 --- [main] c.y.v.system.zyc.ZcyFunction             : {"deleted":0,"price":"120000","productNo":"[09687000301]","requestNo":"f32e31fe89674ad6aede7493502e25b0","status":"0","taskId":"3d7249901ed2427393b58b38d8ee14a2","workbenchNo":"69"}
2024-06-13 13:47:44.988 ERROR 12256 --- [main] c.y.v.s.s.s.v.i.VacGetVaccineServiceImpl : æœºå™¨æ²¡æœ‰è¯å“ç¼–å·ï¼š[09687000301]çš„è¯
2024-06-13 13:47:44.992  INFO 12256 --- [main] c.y.v.system.zyc.ZcyFunction             : {"deleted":0,"price":"32100","productNo":"[00080000201]","requestNo":"2a53777dc887446480f2fa9d9799a38a","status":"0","taskId":"4a40ccbb93a84f73ab6fda56a6dc6112","workbenchNo":"69"}
2024-06-13 13:47:44.996 ERROR 12256 --- [main] c.y.v.s.s.s.v.i.VacGetVaccineServiceImpl : æœºå™¨æ²¡æœ‰è¯å“ç¼–å·ï¼š[00080000201]çš„è¯
2024-06-13 13:47:45.004  INFO 12256 --- [main] c.y.v.system.zyc.ZcyFunction             : {"deleted":0,"price":"320000","productNo":"[00509000401]","requestNo":"606ccda7cb01407c9315814773e8e412","status":"0","taskId":"c3cbb2803d90451f8a4dfcdf3f22bc75","workbenchNo":"69"}
2024-06-13 13:47:45.010 ERROR 12256 --- [main] c.y.v.s.s.s.v.i.VacGetVaccineServiceImpl : æœºå™¨æ²¡æœ‰è¯å“ç¼–å·ï¼š[00509000401]çš„è¯
2024-06-13 13:47:45.024  INFO 12256 --- [main] c.y.v.system.zyc.ZcyFunction             : {"deleted":0,"price":"24800","productNo":"[00755008501]","requestNo":"606ccda7cb01407c9315814773e8e412","status":"0","taskId":"ec9680e6fd314e49bfb1e0c05bc5e17d","workbenchNo":"69"}
2024-06-13 13:47:45.033 ERROR 12256 --- [main] c.y.v.s.s.s.v.i.VacGetVaccineServiceImpl : æœºå™¨æ²¡æœ‰è¯å“ç¼–å·ï¼š[00755008501]çš„è¯
2024-06-13 13:47:45.040  INFO 12256 --- [main] c.y.v.system.zyc.ZcyFunction             : {"deleted":0,"price":"24400","productNo":"[02060003701, 02060003703]","requestNo":"1a17b5a7422d4f8fb0e440070b97f0eb","status":"0","taskId":"8de67882ea444c628b10f6ee9192b01d","workbenchNo":"69"}
2024-06-13 13:47:45.044 ERROR 12256 --- [main] c.y.v.s.s.s.v.i.VacGetVaccineServiceImpl : æœºå™¨æ²¡æœ‰è¯å“ç¼–å·ï¼š[02060003701, 02060003703]çš„è¯
2024-06-13 13:47:45.052  INFO 12256 --- [main] c.y.v.system.zyc.ZcyFunction             : {"deleted":0,"price":"329000","productNo":"[82263000201]","requestNo":"664cf42218d34ccf9b69772220348f1d","status":"0","tag":"01","taskId":"e2e3f2d33ee54838a73bc3c6d1b3370c","workbenchNo":"69"}
2024-06-13 13:47:45.056 ERROR 12256 --- [main] c.y.v.s.s.s.v.i.VacGetVaccineServiceImpl : æœºå™¨æ²¡æœ‰è¯å“ç¼–å·ï¼š[82263000201]çš„è¯
2024-06-13 13:47:45.062  INFO 12256 --- [main] c.y.v.system.zyc.ZcyFunction             : {"deleted":0,"price":"24400","productNo":"[02060003701, 02060003703]","requestNo":"28a4ffc0dcb54a0f963224ac0824bcc3","status":"0","taskId":"4055a02941604857bb3669ef2c541e53","workbenchNo":"69"}
2024-06-13 13:47:45.074 ERROR 12256 --- [main] c.y.v.s.s.s.v.i.VacGetVaccineServiceImpl : æœºå™¨æ²¡æœ‰è¯å“ç¼–å·ï¼š[02060003701, 02060003703]çš„è¯
2024-06-13 13:47:45.077  INFO 12256 --- [main] c.y.v.system.zyc.ZcyFunction             : {"deleted":0,"price":"280000","productNo":"[79524002603]","requestNo":"28a4ffc0dcb54a0f963224ac0824bcc3","status":"0","taskId":"6e0a21f8f73b4cf689e1e6a18dea3ba1","workbenchNo":"69"}
2024-06-13 13:47:45.083 ERROR 12256 --- [main] c.y.v.s.s.s.v.i.VacGetVaccineServiceImpl : æœºå™¨æ²¡æœ‰è¯å“ç¼–å·ï¼š[79524002603]çš„è¯
2024-06-13 13:47:45.089  INFO 12256 --- [main] c.y.v.system.zyc.ZcyFunction             : {"deleted":0,"price":"698000","productNo":"[78724011201]","requestNo":"28a4ffc0dcb54a0f963224ac0824bcc3","status":"0","taskId":"10b21be186524117b4dea5316cabed1f","workbenchNo":"69"}
2024-06-13 13:47:45.094 ERROR 12256 --- [main] c.y.v.s.s.s.v.i.VacGetVaccineServiceImpl : æœºå™¨æ²¡æœ‰è¯å“ç¼–å·ï¼š[78724011201]çš„è¯
2024-06-13 13:47:45.099  INFO 12256 --- [main] c.y.v.system.zyc.ZcyFunction             : {"deleted":0,"price":"320000","productNo":"[00509000401]","requestNo":"28a4ffc0dcb54a0f963224ac0824bcc3","status":"0","taskId":"9b5b0bc59fb4499aa5838ec9a2b5b025","workbenchNo":"69"}
2024-06-13 13:47:45.103 ERROR 12256 --- [main] c.y.v.s.s.s.v.i.VacGetVaccineServiceImpl : æœºå™¨æ²¡æœ‰è¯å“ç¼–å·ï¼š[00509000401]çš„è¯
2024-06-13 13:47:45.109  INFO 12256 --- [main] c.y.v.system.zyc.ZcyFunction             : {"deleted":0,"price":"320000","productNo":"[00509000401]","requestNo":"c777107a495d440eaf08403ccb09b7f3","status":"0","taskId":"5eecd6fd158d44328ea7af8a27683611","workbenchNo":"69"}
2024-06-13 13:47:45.113 ERROR 12256 --- [main] c.y.v.s.s.s.v.i.VacGetVaccineServiceImpl : æœºå™¨æ²¡æœ‰è¯å“ç¼–å·ï¼š[00509000401]çš„è¯
2024-06-13 13:47:45.119  INFO 12256 --- [main] c.y.v.system.zyc.ZcyFunction             : {"deleted":0,"price":"320000","productNo":"[00509000401]","requestNo":"82995c6423124562a61d3eab4c268373","status":"0","taskId":"33064740383841a8bfa179cc735c9c5c","workbenchNo":"69"}
2024-06-13 13:47:45.123 ERROR 12256 --- [main] c.y.v.s.s.s.v.i.VacGetVaccineServiceImpl : æœºå™¨æ²¡æœ‰è¯å“ç¼–å·ï¼š[00509000401]çš„è¯
2024-06-13 13:47:45.128  INFO 12256 --- [main] c.y.v.system.zyc.ZcyFunction             : {"deleted":0,"price":"320000","productNo":"[00509000401]","requestNo":"d3ef9e6c8aa842a2bf57a7629758d0bb","status":"0","taskId":"80a9b25d32f94cdda87a7e5c3faadccd","workbenchNo":"69"}
2024-06-13 13:47:45.132 ERROR 12256 --- [main] c.y.v.s.s.s.v.i.VacGetVaccineServiceImpl : æœºå™¨æ²¡æœ‰è¯å“ç¼–å·ï¼š[00509000401]çš„è¯
2024-06-13 13:47:45.136  INFO 12256 --- [main] c.y.v.system.zyc.ZcyFunction             : {"deleted":0,"price":"320000","productNo":"[00509000401]","requestNo":"7f8245974e784a229b27f27f436e03c9","status":"0","taskId":"3203a3ea5e604ce79d63b5501eb285d1","workbenchNo":"69"}
2024-06-13 13:47:45.139 ERROR 12256 --- [main] c.y.v.s.s.s.v.i.VacGetVaccineServiceImpl : æœºå™¨æ²¡æœ‰è¯å“ç¼–å·ï¼š[00509000401]çš„è¯
2024-06-13 13:47:45.144  INFO 12256 --- [main] c.y.v.system.zyc.ZcyFunction             : {"deleted":0,"price":"320000","productNo":"[00509000401]","requestNo":"60698ab15dff465d9564f190fae51783","status":"0","taskId":"1a2260bf42fe494e8ea0f130769d54a2","workbenchNo":"69"}
2024-06-13 13:47:45.149 ERROR 12256 --- [main] c.y.v.s.s.s.v.i.VacGetVaccineServiceImpl : æœºå™¨æ²¡æœ‰è¯å“ç¼–å·ï¼š[00509000401]çš„è¯
2024-06-13 13:47:45.153  INFO 12256 --- [main] c.y.v.system.zyc.ZcyFunction             : {"deleted":0,"price":"320000","productNo":"[00509000401]","requestNo":"3ae63efda7534824862126e0a0cb43b7","status":"0","taskId":"9099273154da47e8a0ad1a1954d8530b","workbenchNo":"69"}
2024-06-13 13:47:45.157 ERROR 12256 --- [main] c.y.v.s.s.s.v.i.VacGetVaccineServiceImpl : æœºå™¨æ²¡æœ‰è¯å“ç¼–å·ï¼š[00509000401]çš„è¯
2024-06-13 13:47:45.162  INFO 12256 --- [main] c.y.v.system.zyc.ZcyFunction             : {"deleted":0,"price":"320000","productNo":"[00509000401]","requestNo":"6606a7c5f6374de7aa1bfd281ddd7b01","status":"0","taskId":"4e967b6c1ccc4671bee0226049354d06","workbenchNo":"69"}
2024-06-13 13:47:45.164 ERROR 12256 --- [main] c.y.v.s.s.s.v.i.VacGetVaccineServiceImpl : æœºå™¨æ²¡æœ‰è¯å“ç¼–å·ï¼š[00509000401]çš„è¯
2024-06-13 13:47:45.169  INFO 12256 --- [main] c.y.v.system.zyc.ZcyFunction             : {"deleted":0,"price":"320000","productNo":"[00509000401]","requestNo":"d7c8e6a0bdee4e51aecd7203937a104f","status":"0","taskId":"2d60f18d77544f5fa62b0f8524934096","workbenchNo":"69"}
2024-06-13 13:47:45.171 ERROR 12256 --- [main] c.y.v.s.s.s.v.i.VacGetVaccineServiceImpl : æœºå™¨æ²¡æœ‰è¯å“ç¼–å·ï¼š[00509000401]çš„è¯
2024-06-13 13:47:45.176  INFO 12256 --- [main] c.y.v.system.zyc.ZcyFunction             : {"deleted":0,"price":"320000","productNo":"[00509000401]","requestNo":"54e83ad84eac4d6fa7b0392c3b0137bd","status":"0","taskId":"1aace782be434401a8032c13dca44674","workbenchNo":"69"}
2024-06-13 13:47:45.179 ERROR 12256 --- [main] c.y.v.s.s.s.v.i.VacGetVaccineServiceImpl : æœºå™¨æ²¡æœ‰è¯å“ç¼–å·ï¼š[00509000401]çš„è¯
2024-06-13 13:47:45.184  INFO 12256 --- [main] c.y.v.system.zyc.ZcyFunction             : {"deleted":0,"price":"320000","productNo":"[00509000401]","requestNo":"e638bcc280f04f299dce30bc144af026","status":"0","taskId":"818c8c83db9e4e3e8652d4cc9472d6ce","workbenchNo":"69"}
2024-06-13 13:47:45.187 ERROR 12256 --- [main] c.y.v.s.s.s.v.i.VacGetVaccineServiceImpl : æœºå™¨æ²¡æœ‰è¯å“ç¼–å·ï¼š[00509000401]çš„è¯
2024-06-13 13:47:45.192  INFO 12256 --- [main] c.y.v.system.zyc.ZcyFunction             : {"deleted":0,"price":"320000","productNo":"[00509000401]","requestNo":"ce7a80b6dcd94c38b9e3e92db57f4370","status":"0","taskId":"e006b351218a41008c08953a2069ab27","workbenchNo":"69"}
2024-06-13 13:47:45.195 ERROR 12256 --- [main] c.y.v.s.s.s.v.i.VacGetVaccineServiceImpl : æœºå™¨æ²¡æœ‰è¯å“ç¼–å·ï¼š[00509000401]çš„è¯
2024-06-13 13:47:45.258  INFO 12256 --- [SpringApplicationShutdownHook] com.zaxxer.hikari.HikariDataSource       : HikariPool-1 - Shutdown initiated...
2024-06-13 13:47:45.358  INFO 12256 --- [SpringApplicationShutdownHook] com.zaxxer.hikari.HikariDataSource       : HikariPool-1 - Shutdown completed.
