2024-10-21 16:50:26.035  INFO 20624 --- [main] YuandiInjectiondispenserApplicationTests : Starting YuandiInjectiondispenserApplicationTests using Java 17.0.9 on ZH with PID 20624 (started by 78671 in D:\work\ç–«è‹—å‘è¯æœº\yiwan-vaccinedispenser_-v1.0\yiwan-vaccinedispenser-admin)
2024-10-21 16:50:26.039  INFO 20624 --- [main] YuandiInjectiondispenserApplicationTests : The following 1 profile is active: "dev"
2024-10-21 16:50:27.841  INFO 20624 --- [main] .s.d.r.c.RepositoryConfigurationDelegate : Multiple Spring Data modules found, entering strict repository configuration mode
2024-10-21 16:50:27.846  INFO 20624 --- [main] .s.d.r.c.RepositoryConfigurationDelegate : Bootstrapping Spring Data Redis repositories in DEFAULT mode.
2024-10-21 16:50:27.920  INFO 20624 --- [main] .s.d.r.c.RepositoryConfigurationDelegate : Finished Spring Data repository scanning in 53 ms. Found 0 Redis repository interfaces.
2024-10-21 16:50:30.564  INFO 20624 --- [main] c.y.v.system.com.ComService              : è¿æ¥ä¸²å£ï¼šCOM10å¤±è´¥ï¼
2024-10-21 16:50:30.781  INFO 20624 --- [main] c.y.v.system.com.ComService              : è¿æ¥ä¸²å£ï¼šCOM9å¤±è´¥ï¼
2024-10-21 16:50:30.984  INFO 20624 --- [main] c.y.v.system.com.ComService              : è¿æ¥ä¸²å£ï¼šCOM4å¤±è´¥ï¼
2024-10-21 16:50:31.437  INFO 20624 --- [nioEventLoopGroup-5-1] c.y.v.system.camera.CameraClient         : å½“å‰å®¢æˆ·ç«¯ï¼šä¸‹æ–¹æ‰«ç ç›¸æœº æœåŠ¡ç«¯è¿æ¥æˆåŠŸ...
2024-10-21 16:50:31.437  INFO 20624 --- [nioEventLoopGroup-4-1] c.y.v.system.camera.CameraClient         : å½“å‰å®¢æˆ·ç«¯ï¼šä¸Šæ–¹æ‰«ç ç›¸æœº æœåŠ¡ç«¯è¿æ¥æˆåŠŸ...
2024-10-21 16:50:31.437  INFO 20624 --- [nioEventLoopGroup-6-1] c.y.v.system.camera.CameraClient         : å½“å‰å®¢æˆ·ç«¯ï¼šä¾§æ–¹æ‰«ç ç›¸æœº æœåŠ¡ç«¯è¿æ¥æˆåŠŸ...
2024-10-21 16:50:32.000  INFO 20624 --- [main] com.zaxxer.hikari.HikariDataSource       : HikariPool-1 - Starting...
2024-10-21 16:50:32.279  INFO 20624 --- [main] com.zaxxer.hikari.HikariDataSource       : HikariPool-1 - Start completed.
2024-10-21 16:50:32.344  INFO 20624 --- [main] c.y.v.system.netty.NettyClient           : å½“å‰å®¢æˆ·ç«¯ï¼šA, è¿›è¡Œåˆå§‹åŒ–
2024-10-21 16:50:32.393  INFO 20624 --- [nioEventLoopGroup-8-1] c.y.v.system.netty.NettyClient           : å½“å‰å®¢æˆ·ç«¯ï¼šA æœåŠ¡ç«¯è¿æ¥æˆåŠŸ...
2024-10-21 16:50:32.396  INFO 20624 --- [nioEventLoopGroup-8-1] c.y.v.system.netty.NettyClientHandler    : å½“å‰çš„clientï¼šA è¿æ¥æœåŠ¡å™¨æˆåŠŸ
2024-10-21 16:50:32.399  INFO 20624 --- [main] c.y.v.system.netty.NettyClient           : å½“å‰å®¢æˆ·ç«¯ï¼šB, è¿›è¡Œåˆå§‹åŒ–
2024-10-21 16:50:32.480  INFO 20624 --- [nioEventLoopGroup-9-1] c.y.v.system.netty.NettyClient           : å½“å‰å®¢æˆ·ç«¯ï¼šB æœåŠ¡ç«¯è¿æ¥æˆåŠŸ...
2024-10-21 16:50:32.485  INFO 20624 --- [nioEventLoopGroup-9-1] c.y.v.system.netty.NettyClientHandler    : å½“å‰çš„clientï¼šB è¿æ¥æœåŠ¡å™¨æˆåŠŸ
2024-10-21 16:50:32.494  INFO 20624 --- [main] c.y.v.system.netty.NettyClient           : å½“å‰å®¢æˆ·ç«¯ï¼šC, è¿›è¡Œåˆå§‹åŒ–
2024-10-21 16:50:32.553  INFO 20624 --- [nioEventLoopGroup-10-1] c.y.v.system.netty.NettyClient           : å½“å‰å®¢æˆ·ç«¯ï¼šC æœåŠ¡ç«¯è¿æ¥æˆåŠŸ...
2024-10-21 16:50:32.556  INFO 20624 --- [nioEventLoopGroup-10-1] c.y.v.system.netty.NettyClientHandler    : å½“å‰çš„clientï¼šC è¿æ¥æœåŠ¡å™¨æˆåŠŸ
2024-10-21 16:50:35.354  INFO 20624 --- [main] o.y.standard.ServerEndpointExporter      : [34mNetty WebSocket started on port: 8880 with context path(s): '/websocket/{pageId}' .[0m
2024-10-21 16:50:35.390  INFO 20624 --- [main] YuandiInjectiondispenserApplicationTests : Started YuandiInjectiondispenserApplicationTests in 11.218 seconds (JVM running for 12.942)
2024-10-21 16:50:36.226  INFO 20624 --- [main] c.y.v.s.s.s.n.impl.CabinetCServiceImpl   : 0x0C CæŸœæŸœ-0x01-è¯æŒ‡ä»¤ï¼šA5 5A 09 00 01 00 0C 01 03 00 01 2B FD 55
2024-10-21 16:50:36.287  INFO 20624 --- [SpringApplicationShutdownHook] com.zaxxer.hikari.HikariDataSource       : HikariPool-1 - Shutdown initiated...
2024-10-21 16:50:36.296 ERROR 20624 --- [nioEventLoopGroup-10-1] c.y.v.system.netty.NettyClientHandler    : å½“å‰çš„clientï¼šC å‘ç”Ÿäº†å¼‚å¸¸å¤„ç†
2024-10-21 16:50:36.298  WARN 20624 --- [nioEventLoopGroup-10-1] c.y.v.system.netty.NettyClientHandler    : é‡æ–°è¿æ¥
2024-10-21 16:50:36.299  INFO 20624 --- [nioEventLoopGroup-10-1] c.y.v.system.netty.NettyClientHandler    : å½“å‰çš„clientï¼šC æ–­å¼€äº†è¿æ¥
2024-10-21 16:50:36.303  INFO 20624 --- [nioEventLoopGroup-10-2] c.y.v.system.netty.NettyClient           : å½“å‰å®¢æˆ·ç«¯ï¼šC æœåŠ¡ç«¯è¿æ¥æˆåŠŸ...
2024-10-21 16:50:36.304  INFO 20624 --- [nioEventLoopGroup-10-2] c.y.v.system.netty.NettyClientHandler    : å½“å‰çš„clientï¼šC è¿æ¥æœåŠ¡å™¨æˆåŠŸ
2024-10-21 16:50:36.342  INFO 20624 --- [SpringApplicationShutdownHook] com.zaxxer.hikari.HikariDataSource       : HikariPool-1 - Shutdown completed.
2024-10-21 16:51:56.987  INFO 21852 --- [main] YuandiInjectiondispenserApplicationTests : Starting YuandiInjectiondispenserApplicationTests using Java 17.0.9 on ZH with PID 21852 (started by 78671 in D:\work\ç–«è‹—å‘è¯æœº\yiwan-vaccinedispenser_-v1.0\yiwan-vaccinedispenser-admin)
2024-10-21 16:51:56.990  INFO 21852 --- [main] YuandiInjectiondispenserApplicationTests : The following 1 profile is active: "dev"
2024-10-21 16:51:58.852  INFO 21852 --- [main] .s.d.r.c.RepositoryConfigurationDelegate : Multiple Spring Data modules found, entering strict repository configuration mode
2024-10-21 16:51:58.856  INFO 21852 --- [main] .s.d.r.c.RepositoryConfigurationDelegate : Bootstrapping Spring Data Redis repositories in DEFAULT mode.
2024-10-21 16:51:58.943  INFO 21852 --- [main] .s.d.r.c.RepositoryConfigurationDelegate : Finished Spring Data repository scanning in 63 ms. Found 0 Redis repository interfaces.
2024-10-21 16:52:02.177  INFO 21852 --- [main] c.y.v.system.com.ComService              : è¿æ¥ä¸²å£ï¼šCOM10å¤±è´¥ï¼
2024-10-21 16:52:02.436  INFO 21852 --- [main] c.y.v.system.com.ComService              : è¿æ¥ä¸²å£ï¼šCOM9å¤±è´¥ï¼
2024-10-21 16:52:02.680  INFO 21852 --- [main] c.y.v.system.com.ComService              : è¿æ¥ä¸²å£ï¼šCOM4å¤±è´¥ï¼
2024-10-21 16:52:03.261  INFO 21852 --- [nioEventLoopGroup-5-1] c.y.v.system.camera.CameraClient         : å½“å‰å®¢æˆ·ç«¯ï¼šä¸‹æ–¹æ‰«ç ç›¸æœº æœåŠ¡ç«¯è¿æ¥æˆåŠŸ...
2024-10-21 16:52:03.261  INFO 21852 --- [nioEventLoopGroup-4-1] c.y.v.system.camera.CameraClient         : å½“å‰å®¢æˆ·ç«¯ï¼šä¸Šæ–¹æ‰«ç ç›¸æœº æœåŠ¡ç«¯è¿æ¥æˆåŠŸ...
2024-10-21 16:52:03.261  INFO 21852 --- [nioEventLoopGroup-6-1] c.y.v.system.camera.CameraClient         : å½“å‰å®¢æˆ·ç«¯ï¼šä¾§æ–¹æ‰«ç ç›¸æœº æœåŠ¡ç«¯è¿æ¥æˆåŠŸ...
2024-10-21 16:52:03.948  INFO 21852 --- [main] com.zaxxer.hikari.HikariDataSource       : HikariPool-1 - Starting...
2024-10-21 16:52:04.229  INFO 21852 --- [main] com.zaxxer.hikari.HikariDataSource       : HikariPool-1 - Start completed.
2024-10-21 16:52:04.307  INFO 21852 --- [main] c.y.v.system.netty.NettyClient           : å½“å‰å®¢æˆ·ç«¯ï¼šA, è¿›è¡Œåˆå§‹åŒ–
2024-10-21 16:52:04.390  INFO 21852 --- [nioEventLoopGroup-8-1] c.y.v.system.netty.NettyClient           : å½“å‰å®¢æˆ·ç«¯ï¼šA æœåŠ¡ç«¯è¿æ¥æˆåŠŸ...
2024-10-21 16:52:04.394  INFO 21852 --- [nioEventLoopGroup-8-1] c.y.v.system.netty.NettyClientHandler    : å½“å‰çš„clientï¼šA è¿æ¥æœåŠ¡å™¨æˆåŠŸ
2024-10-21 16:52:04.397  INFO 21852 --- [main] c.y.v.system.netty.NettyClient           : å½“å‰å®¢æˆ·ç«¯ï¼šB, è¿›è¡Œåˆå§‹åŒ–
2024-10-21 16:52:04.470  INFO 21852 --- [nioEventLoopGroup-9-1] c.y.v.system.netty.NettyClient           : å½“å‰å®¢æˆ·ç«¯ï¼šB æœåŠ¡ç«¯è¿æ¥æˆåŠŸ...
2024-10-21 16:52:04.474  INFO 21852 --- [nioEventLoopGroup-9-1] c.y.v.system.netty.NettyClientHandler    : å½“å‰çš„clientï¼šB è¿æ¥æœåŠ¡å™¨æˆåŠŸ
2024-10-21 16:52:04.482  INFO 21852 --- [main] c.y.v.system.netty.NettyClient           : å½“å‰å®¢æˆ·ç«¯ï¼šC, è¿›è¡Œåˆå§‹åŒ–
2024-10-21 16:52:04.557  INFO 21852 --- [nioEventLoopGroup-10-1] c.y.v.system.netty.NettyClient           : å½“å‰å®¢æˆ·ç«¯ï¼šC æœåŠ¡ç«¯è¿æ¥æˆåŠŸ...
2024-10-21 16:52:04.561  INFO 21852 --- [nioEventLoopGroup-10-1] c.y.v.system.netty.NettyClientHandler    : å½“å‰çš„clientï¼šC è¿æ¥æœåŠ¡å™¨æˆåŠŸ
2024-10-21 16:52:07.866  INFO 21852 --- [main] o.y.standard.ServerEndpointExporter      : [34mNetty WebSocket started on port: 8880 with context path(s): '/websocket/{pageId}' .[0m
2024-10-21 16:52:07.921  INFO 21852 --- [main] YuandiInjectiondispenserApplicationTests : Started YuandiInjectiondispenserApplicationTests in 11.87 seconds (JVM running for 13.031)
2024-10-21 16:52:08.828  INFO 21852 --- [main] c.y.v.s.s.s.n.impl.CabinetCServiceImpl   : 0x0C CæŸœæŸœ-0x01-è¯æŒ‡ä»¤ï¼šA5 5A 09 00 01 00 0C 01 03 00 02 6B FC 55
2024-10-21 16:52:08.890 ERROR 21852 --- [nioEventLoopGroup-10-1] c.y.v.system.netty.NettyClientHandler    : å½“å‰çš„clientï¼šC å‘ç”Ÿäº†å¼‚å¸¸å¤„ç†
2024-10-21 16:52:08.895  WARN 21852 --- [nioEventLoopGroup-10-1] c.y.v.system.netty.NettyClientHandler    : é‡æ–°è¿æ¥
2024-10-21 16:52:08.897  INFO 21852 --- [SpringApplicationShutdownHook] com.zaxxer.hikari.HikariDataSource       : HikariPool-1 - Shutdown initiated...
2024-10-21 16:52:08.897  INFO 21852 --- [nioEventLoopGroup-10-1] c.y.v.system.netty.NettyClientHandler    : å½“å‰çš„clientï¼šC æ–­å¼€äº†è¿æ¥
2024-10-21 16:52:08.900  INFO 21852 --- [nioEventLoopGroup-10-2] c.y.v.system.netty.NettyClient           : å½“å‰å®¢æˆ·ç«¯ï¼šC æœåŠ¡ç«¯è¿æ¥æˆåŠŸ...
2024-10-21 16:52:08.902  INFO 21852 --- [nioEventLoopGroup-10-2] c.y.v.system.netty.NettyClientHandler    : å½“å‰çš„clientï¼šC è¿æ¥æœåŠ¡å™¨æˆåŠŸ
2024-10-21 16:52:08.951  INFO 21852 --- [SpringApplicationShutdownHook] com.zaxxer.hikari.HikariDataSource       : HikariPool-1 - Shutdown completed.
2024-10-21 16:52:24.692  INFO 25000 --- [main] YuandiInjectiondispenserApplicationTests : Starting YuandiInjectiondispenserApplicationTests using Java 17.0.9 on ZH with PID 25000 (started by 78671 in D:\work\ç–«è‹—å‘è¯æœº\yiwan-vaccinedispenser_-v1.0\yiwan-vaccinedispenser-admin)
2024-10-21 16:52:24.694  INFO 25000 --- [main] YuandiInjectiondispenserApplicationTests : The following 1 profile is active: "dev"
2024-10-21 16:52:26.072  INFO 25000 --- [main] .s.d.r.c.RepositoryConfigurationDelegate : Multiple Spring Data modules found, entering strict repository configuration mode
2024-10-21 16:52:26.078  INFO 25000 --- [main] .s.d.r.c.RepositoryConfigurationDelegate : Bootstrapping Spring Data Redis repositories in DEFAULT mode.
2024-10-21 16:52:26.178  INFO 25000 --- [main] .s.d.r.c.RepositoryConfigurationDelegate : Finished Spring Data repository scanning in 72 ms. Found 0 Redis repository interfaces.
2024-10-21 16:52:29.381  INFO 25000 --- [main] c.y.v.system.com.ComService              : è¿æ¥ä¸²å£ï¼šCOM10å¤±è´¥ï¼
2024-10-21 16:52:29.600  INFO 25000 --- [main] c.y.v.system.com.ComService              : è¿æ¥ä¸²å£ï¼šCOM9å¤±è´¥ï¼
2024-10-21 16:52:29.803  INFO 25000 --- [main] c.y.v.system.com.ComService              : è¿æ¥ä¸²å£ï¼šCOM4å¤±è´¥ï¼
2024-10-21 16:52:30.171  INFO 25000 --- [nioEventLoopGroup-5-1] c.y.v.system.camera.CameraClient         : å½“å‰å®¢æˆ·ç«¯ï¼šä¸‹æ–¹æ‰«ç ç›¸æœº æœåŠ¡ç«¯è¿æ¥æˆåŠŸ...
2024-10-21 16:52:30.171  INFO 25000 --- [nioEventLoopGroup-6-1] c.y.v.system.camera.CameraClient         : å½“å‰å®¢æˆ·ç«¯ï¼šä¾§æ–¹æ‰«ç ç›¸æœº æœåŠ¡ç«¯è¿æ¥æˆåŠŸ...
2024-10-21 16:52:30.171  INFO 25000 --- [nioEventLoopGroup-4-1] c.y.v.system.camera.CameraClient         : å½“å‰å®¢æˆ·ç«¯ï¼šä¸Šæ–¹æ‰«ç ç›¸æœº æœåŠ¡ç«¯è¿æ¥æˆåŠŸ...
2024-10-21 16:52:30.707  INFO 25000 --- [main] com.zaxxer.hikari.HikariDataSource       : HikariPool-1 - Starting...
2024-10-21 16:52:30.953  INFO 25000 --- [main] com.zaxxer.hikari.HikariDataSource       : HikariPool-1 - Start completed.
2024-10-21 16:52:31.007  INFO 25000 --- [main] c.y.v.system.netty.NettyClient           : å½“å‰å®¢æˆ·ç«¯ï¼šA, è¿›è¡Œåˆå§‹åŒ–
2024-10-21 16:52:31.049  INFO 25000 --- [nioEventLoopGroup-8-1] c.y.v.system.netty.NettyClient           : å½“å‰å®¢æˆ·ç«¯ï¼šA æœåŠ¡ç«¯è¿æ¥æˆåŠŸ...
2024-10-21 16:52:31.051  INFO 25000 --- [main] c.y.v.system.netty.NettyClient           : å½“å‰å®¢æˆ·ç«¯ï¼šB, è¿›è¡Œåˆå§‹åŒ–
2024-10-21 16:52:31.052  INFO 25000 --- [nioEventLoopGroup-8-1] c.y.v.system.netty.NettyClientHandler    : å½“å‰çš„clientï¼šA è¿æ¥æœåŠ¡å™¨æˆåŠŸ
2024-10-21 16:52:31.089  INFO 25000 --- [nioEventLoopGroup-9-1] c.y.v.system.netty.NettyClient           : å½“å‰å®¢æˆ·ç«¯ï¼šB æœåŠ¡ç«¯è¿æ¥æˆåŠŸ...
2024-10-21 16:52:31.092  INFO 25000 --- [nioEventLoopGroup-9-1] c.y.v.system.netty.NettyClientHandler    : å½“å‰çš„clientï¼šB è¿æ¥æœåŠ¡å™¨æˆåŠŸ
2024-10-21 16:52:31.093  INFO 25000 --- [main] c.y.v.system.netty.NettyClient           : å½“å‰å®¢æˆ·ç«¯ï¼šC, è¿›è¡Œåˆå§‹åŒ–
2024-10-21 16:52:31.136  INFO 25000 --- [nioEventLoopGroup-10-1] c.y.v.system.netty.NettyClient           : å½“å‰å®¢æˆ·ç«¯ï¼šC æœåŠ¡ç«¯è¿æ¥æˆåŠŸ...
2024-10-21 16:52:31.138  INFO 25000 --- [nioEventLoopGroup-10-1] c.y.v.system.netty.NettyClientHandler    : å½“å‰çš„clientï¼šC è¿æ¥æœåŠ¡å™¨æˆåŠŸ
2024-10-21 16:52:33.890  INFO 25000 --- [main] o.y.standard.ServerEndpointExporter      : [34mNetty WebSocket started on port: 8880 with context path(s): '/websocket/{pageId}' .[0m
2024-10-21 16:52:33.929  INFO 25000 --- [main] YuandiInjectiondispenserApplicationTests : Started YuandiInjectiondispenserApplicationTests in 10.023 seconds (JVM running for 11.577)
2024-10-21 16:52:34.776  INFO 25000 --- [main] c.y.v.s.s.s.n.impl.CabinetCServiceImpl   : 0x0C CæŸœæŸœ-0x01-è¯æŒ‡ä»¤ï¼šA5 5A 09 00 01 00 0C 01 03 00 01 2B FD 55
2024-10-21 16:52:34.819  INFO 25000 --- [t_netty_pool_273229434] .s.n.m.i.NettyReceiveCabinetCServiceImpl : æ”¶åˆ°CæŸœ0x01-è¯æŒ‡ä»¤:A5 5A 0C 00 01 00 0C 01 03 00 01 00 00 00 30 98 55
2024-10-21 16:52:34.836  INFO 25000 --- [SpringApplicationShutdownHook] com.zaxxer.hikari.HikariDataSource       : HikariPool-1 - Shutdown initiated...
2024-10-21 16:52:34.893  INFO 25000 --- [SpringApplicationShutdownHook] com.zaxxer.hikari.HikariDataSource       : HikariPool-1 - Shutdown completed.
