2024-07-06 17:03:06.984  INFO 17708 --- [main] YuandiInjectiondispenserApplicationTests : Starting YuandiInjectiondispenserApplicationTests using Java 17.0.9 on ZH with PID 17708 (started by 78671 in D:\work\ç–«è‹—å‘è¯æœº\yiwan-vaccinedispenser_-v1.0\yiwan-vaccinedispenser-admin)
2024-07-06 17:03:06.989  INFO 17708 --- [main] YuandiInjectiondispenserApplicationTests : The following 1 profile is active: "dev"
2024-07-06 17:03:09.292  INFO 17708 --- [main] .s.d.r.c.RepositoryConfigurationDelegate : Multiple Spring Data modules found, entering strict repository configuration mode
2024-07-06 17:03:09.298  INFO 17708 --- [main] .s.d.r.c.RepositoryConfigurationDelegate : Bootstrapping Spring Data Redis repositories in DEFAULT mode.
2024-07-06 17:03:09.480  INFO 17708 --- [main] .s.d.r.c.RepositoryConfigurationDelegate : Finished Spring Data repository scanning in 151 ms. Found 0 Redis repository interfaces.
2024-07-06 17:03:14.944  INFO 17708 --- [main] c.y.v.system.com.ComService              : è¿æ¥ä¸²å£ï¼šCOM10å¤±è´¥ï¼
2024-07-06 17:03:15.160  INFO 17708 --- [main] c.y.v.system.com.ComService              : è¿æ¥ä¸²å£ï¼šCOM9å¤±è´¥ï¼
2024-07-06 17:03:15.363  INFO 17708 --- [main] c.y.v.system.com.ComService              : è¿æ¥ä¸²å£ï¼šCOM4å¤±è´¥ï¼
2024-07-06 17:03:16.666  INFO 17708 --- [main] com.zaxxer.hikari.HikariDataSource       : HikariPool-1 - Starting...
2024-07-06 17:03:17.069  INFO 17708 --- [main] com.zaxxer.hikari.HikariDataSource       : HikariPool-1 - Start completed.
2024-07-06 17:03:17.156  INFO 17708 --- [main] c.y.v.system.netty.NettyClient           : å½“å‰å®¢æˆ·ç«¯ï¼šA, è¿›è¡Œåˆå§‹åŒ–
2024-07-06 17:03:17.241  INFO 17708 --- [main] c.y.v.system.netty.NettyClient           : å½“å‰å®¢æˆ·ç«¯ï¼šB, è¿›è¡Œåˆå§‹åŒ–
2024-07-06 17:03:17.326  INFO 17708 --- [main] c.y.v.system.netty.NettyClient           : å½“å‰å®¢æˆ·ç«¯ï¼šC, è¿›è¡Œåˆå§‹åŒ–
2024-07-06 17:03:21.145  INFO 17708 --- [main] o.y.standard.ServerEndpointExporter      : [34mNetty WebSocket started on port: 8880 with context path(s): '/websocket/{pageId}' .[0m
2024-07-06 17:03:21.184  INFO 17708 --- [main] YuandiInjectiondispenserApplicationTests : Started YuandiInjectiondispenserApplicationTests in 15.365 seconds (JVM running for 18.146)
2024-07-06 17:03:22.499  INFO 17708 --- [SpringApplicationShutdownHook] com.zaxxer.hikari.HikariDataSource       : HikariPool-1 - Shutdown initiated...
2024-07-06 17:03:23.089  INFO 17708 --- [SpringApplicationShutdownHook] com.zaxxer.hikari.HikariDataSource       : HikariPool-1 - Shutdown completed.
2024-07-06 17:04:06.386  INFO 18392 --- [main] YuandiInjectiondispenserApplicationTests : Starting YuandiInjectiondispenserApplicationTests using Java 17.0.9 on ZH with PID 18392 (started by 78671 in D:\work\ç–«è‹—å‘è¯æœº\yiwan-vaccinedispenser_-v1.0\yiwan-vaccinedispenser-admin)
2024-07-06 17:04:06.390  INFO 18392 --- [main] YuandiInjectiondispenserApplicationTests : The following 1 profile is active: "dev"
2024-07-06 17:04:08.491  INFO 18392 --- [main] .s.d.r.c.RepositoryConfigurationDelegate : Multiple Spring Data modules found, entering strict repository configuration mode
2024-07-06 17:04:08.498  INFO 18392 --- [main] .s.d.r.c.RepositoryConfigurationDelegate : Bootstrapping Spring Data Redis repositories in DEFAULT mode.
2024-07-06 17:04:08.650  INFO 18392 --- [main] .s.d.r.c.RepositoryConfigurationDelegate : Finished Spring Data repository scanning in 111 ms. Found 0 Redis repository interfaces.
2024-07-06 17:04:12.538  INFO 18392 --- [main] c.y.v.system.com.ComService              : è¿æ¥ä¸²å£ï¼šCOM10å¤±è´¥ï¼
2024-07-06 17:04:12.757  INFO 18392 --- [main] c.y.v.system.com.ComService              : è¿æ¥ä¸²å£ï¼šCOM9å¤±è´¥ï¼
2024-07-06 17:04:12.959  INFO 18392 --- [main] c.y.v.system.com.ComService              : è¿æ¥ä¸²å£ï¼šCOM4å¤±è´¥ï¼
2024-07-06 17:04:14.296  INFO 18392 --- [main] com.zaxxer.hikari.HikariDataSource       : HikariPool-1 - Starting...
2024-07-06 17:04:14.728  INFO 18392 --- [main] com.zaxxer.hikari.HikariDataSource       : HikariPool-1 - Start completed.
2024-07-06 17:04:14.816  INFO 18392 --- [main] c.y.v.system.netty.NettyClient           : å½“å‰å®¢æˆ·ç«¯ï¼šA, è¿›è¡Œåˆå§‹åŒ–
2024-07-06 17:04:14.931  INFO 18392 --- [main] c.y.v.system.netty.NettyClient           : å½“å‰å®¢æˆ·ç«¯ï¼šB, è¿›è¡Œåˆå§‹åŒ–
2024-07-06 17:04:15.017  INFO 18392 --- [main] c.y.v.system.netty.NettyClient           : å½“å‰å®¢æˆ·ç«¯ï¼šC, è¿›è¡Œåˆå§‹åŒ–
2024-07-06 17:04:18.879  INFO 18392 --- [main] o.y.standard.ServerEndpointExporter      : [34mNetty WebSocket started on port: 8880 with context path(s): '/websocket/{pageId}' .[0m
2024-07-06 17:04:18.947  INFO 18392 --- [main] YuandiInjectiondispenserApplicationTests : Started YuandiInjectiondispenserApplicationTests in 13.718 seconds (JVM running for 15.989)
2024-07-06 17:04:20.222  INFO 18392 --- [SpringApplicationShutdownHook] com.zaxxer.hikari.HikariDataSource       : HikariPool-1 - Shutdown initiated...
2024-07-06 17:04:20.758  INFO 18392 --- [SpringApplicationShutdownHook] com.zaxxer.hikari.HikariDataSource       : HikariPool-1 - Shutdown completed.
2024-07-06 17:06:58.410  INFO 14396 --- [main] YuandiInjectiondispenserApplicationTests : Starting YuandiInjectiondispenserApplicationTests using Java 17.0.9 on ZH with PID 14396 (started by 78671 in D:\work\ç–«è‹—å‘è¯æœº\yiwan-vaccinedispenser_-v1.0\yiwan-vaccinedispenser-admin)
2024-07-06 17:06:58.414  INFO 14396 --- [main] YuandiInjectiondispenserApplicationTests : The following 1 profile is active: "dev"
2024-07-06 17:07:00.723  INFO 14396 --- [main] .s.d.r.c.RepositoryConfigurationDelegate : Multiple Spring Data modules found, entering strict repository configuration mode
2024-07-06 17:07:00.728  INFO 14396 --- [main] .s.d.r.c.RepositoryConfigurationDelegate : Bootstrapping Spring Data Redis repositories in DEFAULT mode.
2024-07-06 17:07:00.853  INFO 14396 --- [main] .s.d.r.c.RepositoryConfigurationDelegate : Finished Spring Data repository scanning in 97 ms. Found 0 Redis repository interfaces.
2024-07-06 17:07:05.279  INFO 14396 --- [main] c.y.v.system.com.ComService              : è¿æ¥ä¸²å£ï¼šCOM10å¤±è´¥ï¼
2024-07-06 17:07:05.496  INFO 14396 --- [main] c.y.v.system.com.ComService              : è¿æ¥ä¸²å£ï¼šCOM9å¤±è´¥ï¼
2024-07-06 17:07:05.699  INFO 14396 --- [main] c.y.v.system.com.ComService              : è¿æ¥ä¸²å£ï¼šCOM4å¤±è´¥ï¼
2024-07-06 17:07:06.930  INFO 14396 --- [main] com.zaxxer.hikari.HikariDataSource       : HikariPool-1 - Starting...
2024-07-06 17:07:07.341  INFO 14396 --- [main] com.zaxxer.hikari.HikariDataSource       : HikariPool-1 - Start completed.
2024-07-06 17:07:07.426  INFO 14396 --- [main] c.y.v.system.netty.NettyClient           : å½“å‰å®¢æˆ·ç«¯ï¼šA, è¿›è¡Œåˆå§‹åŒ–
2024-07-06 17:07:07.507  INFO 14396 --- [main] c.y.v.system.netty.NettyClient           : å½“å‰å®¢æˆ·ç«¯ï¼šB, è¿›è¡Œåˆå§‹åŒ–
2024-07-06 17:07:07.571  INFO 14396 --- [main] c.y.v.system.netty.NettyClient           : å½“å‰å®¢æˆ·ç«¯ï¼šC, è¿›è¡Œåˆå§‹åŒ–
2024-07-06 17:07:11.489  INFO 14396 --- [main] o.y.standard.ServerEndpointExporter      : [34mNetty WebSocket started on port: 8880 with context path(s): '/websocket/{pageId}' .[0m
2024-07-06 17:07:11.541  INFO 14396 --- [main] YuandiInjectiondispenserApplicationTests : Started YuandiInjectiondispenserApplicationTests in 14.296 seconds (JVM running for 16.668)
2024-07-06 17:07:12.811  INFO 14396 --- [main] YuandiInjectiondispenserApplicationTests : []
2024-07-06 17:07:12.879  INFO 14396 --- [SpringApplicationShutdownHook] com.zaxxer.hikari.HikariDataSource       : HikariPool-1 - Shutdown initiated...
2024-07-06 17:07:13.330  INFO 14396 --- [SpringApplicationShutdownHook] com.zaxxer.hikari.HikariDataSource       : HikariPool-1 - Shutdown completed.
2024-07-06 17:11:38.431  INFO 15724 --- [main] YuandiInjectiondispenserApplicationTests : Starting YuandiInjectiondispenserApplicationTests using Java 17.0.9 on ZH with PID 15724 (started by 78671 in D:\work\ç–«è‹—å‘è¯æœº\yiwan-vaccinedispenser_-v1.0\yiwan-vaccinedispenser-admin)
2024-07-06 17:11:38.435  INFO 15724 --- [main] YuandiInjectiondispenserApplicationTests : The following 1 profile is active: "dev"
2024-07-06 17:11:40.498  INFO 15724 --- [main] .s.d.r.c.RepositoryConfigurationDelegate : Multiple Spring Data modules found, entering strict repository configuration mode
2024-07-06 17:11:40.505  INFO 15724 --- [main] .s.d.r.c.RepositoryConfigurationDelegate : Bootstrapping Spring Data Redis repositories in DEFAULT mode.
2024-07-06 17:11:40.638  INFO 15724 --- [main] .s.d.r.c.RepositoryConfigurationDelegate : Finished Spring Data repository scanning in 98 ms. Found 0 Redis repository interfaces.
2024-07-06 17:11:44.425  INFO 15724 --- [main] c.y.v.system.com.ComService              : è¿æ¥ä¸²å£ï¼šCOM10å¤±è´¥ï¼
2024-07-06 17:11:44.640  INFO 15724 --- [main] c.y.v.system.com.ComService              : è¿æ¥ä¸²å£ï¼šCOM9å¤±è´¥ï¼
2024-07-06 17:11:44.843  INFO 15724 --- [main] c.y.v.system.com.ComService              : è¿æ¥ä¸²å£ï¼šCOM4å¤±è´¥ï¼
2024-07-06 17:11:46.093  INFO 15724 --- [main] com.zaxxer.hikari.HikariDataSource       : HikariPool-1 - Starting...
2024-07-06 17:11:46.498  INFO 15724 --- [main] com.zaxxer.hikari.HikariDataSource       : HikariPool-1 - Start completed.
2024-07-06 17:11:46.578  INFO 15724 --- [main] c.y.v.system.netty.NettyClient           : å½“å‰å®¢æˆ·ç«¯ï¼šA, è¿›è¡Œåˆå§‹åŒ–
2024-07-06 17:11:46.659  INFO 15724 --- [main] c.y.v.system.netty.NettyClient           : å½“å‰å®¢æˆ·ç«¯ï¼šB, è¿›è¡Œåˆå§‹åŒ–
2024-07-06 17:11:46.730  INFO 15724 --- [main] c.y.v.system.netty.NettyClient           : å½“å‰å®¢æˆ·ç«¯ï¼šC, è¿›è¡Œåˆå§‹åŒ–
2024-07-06 17:11:50.502  INFO 15724 --- [main] o.y.standard.ServerEndpointExporter      : [34mNetty WebSocket started on port: 8880 with context path(s): '/websocket/{pageId}' .[0m
2024-07-06 17:11:50.566  INFO 15724 --- [main] YuandiInjectiondispenserApplicationTests : Started YuandiInjectiondispenserApplicationTests in 13.274 seconds (JVM running for 15.463)
2024-07-06 17:11:51.899  INFO 15724 --- [main] YuandiInjectiondispenserApplicationTests : []
2024-07-06 17:11:51.963  INFO 15724 --- [SpringApplicationShutdownHook] com.zaxxer.hikari.HikariDataSource       : HikariPool-1 - Shutdown initiated...
2024-07-06 17:11:52.508  INFO 15724 --- [SpringApplicationShutdownHook] com.zaxxer.hikari.HikariDataSource       : HikariPool-1 - Shutdown completed.
2024-07-06 17:15:30.453  INFO 12228 --- [main] YuandiInjectiondispenserApplicationTests : Starting YuandiInjectiondispenserApplicationTests using Java 17.0.9 on ZH with PID 12228 (started by 78671 in D:\work\ç–«è‹—å‘è¯æœº\yiwan-vaccinedispenser_-v1.0\yiwan-vaccinedispenser-admin)
2024-07-06 17:15:30.458  INFO 12228 --- [main] YuandiInjectiondispenserApplicationTests : The following 1 profile is active: "dev"
2024-07-06 17:15:32.525  INFO 12228 --- [main] .s.d.r.c.RepositoryConfigurationDelegate : Multiple Spring Data modules found, entering strict repository configuration mode
2024-07-06 17:15:32.531  INFO 12228 --- [main] .s.d.r.c.RepositoryConfigurationDelegate : Bootstrapping Spring Data Redis repositories in DEFAULT mode.
2024-07-06 17:15:32.644  INFO 12228 --- [main] .s.d.r.c.RepositoryConfigurationDelegate : Finished Spring Data repository scanning in 82 ms. Found 0 Redis repository interfaces.
2024-07-06 17:15:36.317  INFO 12228 --- [main] c.y.v.system.com.ComService              : è¿æ¥ä¸²å£ï¼šCOM10å¤±è´¥ï¼
2024-07-06 17:15:36.535  INFO 12228 --- [main] c.y.v.system.com.ComService              : è¿æ¥ä¸²å£ï¼šCOM9å¤±è´¥ï¼
2024-07-06 17:15:36.738  INFO 12228 --- [main] c.y.v.system.com.ComService              : è¿æ¥ä¸²å£ï¼šCOM4å¤±è´¥ï¼
2024-07-06 17:15:38.028  INFO 12228 --- [main] com.zaxxer.hikari.HikariDataSource       : HikariPool-1 - Starting...
2024-07-06 17:15:38.427  INFO 12228 --- [main] com.zaxxer.hikari.HikariDataSource       : HikariPool-1 - Start completed.
2024-07-06 17:15:38.516  INFO 12228 --- [main] c.y.v.system.netty.NettyClient           : å½“å‰å®¢æˆ·ç«¯ï¼šA, è¿›è¡Œåˆå§‹åŒ–
2024-07-06 17:15:38.591  INFO 12228 --- [main] c.y.v.system.netty.NettyClient           : å½“å‰å®¢æˆ·ç«¯ï¼šB, è¿›è¡Œåˆå§‹åŒ–
2024-07-06 17:15:38.674  INFO 12228 --- [main] c.y.v.system.netty.NettyClient           : å½“å‰å®¢æˆ·ç«¯ï¼šC, è¿›è¡Œåˆå§‹åŒ–
2024-07-06 17:15:42.305  INFO 12228 --- [main] o.y.standard.ServerEndpointExporter      : [34mNetty WebSocket started on port: 8880 with context path(s): '/websocket/{pageId}' .[0m
2024-07-06 17:15:42.347  INFO 12228 --- [main] YuandiInjectiondispenserApplicationTests : Started YuandiInjectiondispenserApplicationTests in 13.102 seconds (JVM running for 15.417)
2024-07-06 17:15:43.548  INFO 12228 --- [main] YuandiInjectiondispenserApplicationTests : [{"record_count":0,"workbench_name":"å·¥ä½œå°1"},{"record_count":0,"workbench_name":"å·¥ä½œå°2"},{"record_count":0,"workbench_name":"å·¥ä½œå°3"},{"record_count":0,"workbench_name":"å·¥ä½œå°4"},{"record_count":0,"workbench_name":"å·¥ä½œå°5"},{"record_count":0,"workbench_name":"å·¥ä½œå°6"}]
2024-07-06 17:15:43.600  INFO 12228 --- [SpringApplicationShutdownHook] com.zaxxer.hikari.HikariDataSource       : HikariPool-1 - Shutdown initiated...
2024-07-06 17:15:44.420  INFO 12228 --- [SpringApplicationShutdownHook] com.zaxxer.hikari.HikariDataSource       : HikariPool-1 - Shutdown completed.
2024-07-06 17:20:46.473  INFO 1120 --- [main] YuandiInjectiondispenserApplicationTests : Starting YuandiInjectiondispenserApplicationTests using Java 17.0.9 on ZH with PID 1120 (started by 78671 in D:\work\ç–«è‹—å‘è¯æœº\yiwan-vaccinedispenser_-v1.0\yiwan-vaccinedispenser-admin)
2024-07-06 17:20:46.477  INFO 1120 --- [main] YuandiInjectiondispenserApplicationTests : The following 1 profile is active: "dev"
2024-07-06 17:20:48.519  INFO 1120 --- [main] .s.d.r.c.RepositoryConfigurationDelegate : Multiple Spring Data modules found, entering strict repository configuration mode
2024-07-06 17:20:48.534  INFO 1120 --- [main] .s.d.r.c.RepositoryConfigurationDelegate : Bootstrapping Spring Data Redis repositories in DEFAULT mode.
2024-07-06 17:20:48.651  INFO 1120 --- [main] .s.d.r.c.RepositoryConfigurationDelegate : Finished Spring Data repository scanning in 85 ms. Found 0 Redis repository interfaces.
2024-07-06 17:20:52.458  INFO 1120 --- [main] c.y.v.system.com.ComService              : è¿æ¥ä¸²å£ï¼šCOM10å¤±è´¥ï¼
2024-07-06 17:20:52.662  INFO 1120 --- [main] c.y.v.system.com.ComService              : è¿æ¥ä¸²å£ï¼šCOM9å¤±è´¥ï¼
2024-07-06 17:20:52.864  INFO 1120 --- [main] c.y.v.system.com.ComService              : è¿æ¥ä¸²å£ï¼šCOM4å¤±è´¥ï¼
2024-07-06 17:20:54.254  INFO 1120 --- [main] com.zaxxer.hikari.HikariDataSource       : HikariPool-1 - Starting...
2024-07-06 17:20:54.637  INFO 1120 --- [main] com.zaxxer.hikari.HikariDataSource       : HikariPool-1 - Start completed.
2024-07-06 17:20:54.743  INFO 1120 --- [main] c.y.v.system.netty.NettyClient           : å½“å‰å®¢æˆ·ç«¯ï¼šA, è¿›è¡Œåˆå§‹åŒ–
2024-07-06 17:20:55.009  INFO 1120 --- [main] c.y.v.system.netty.NettyClient           : å½“å‰å®¢æˆ·ç«¯ï¼šB, è¿›è¡Œåˆå§‹åŒ–
2024-07-06 17:20:55.090  INFO 1120 --- [main] c.y.v.system.netty.NettyClient           : å½“å‰å®¢æˆ·ç«¯ï¼šC, è¿›è¡Œåˆå§‹åŒ–
2024-07-06 17:20:58.830  INFO 1120 --- [main] o.y.standard.ServerEndpointExporter      : [34mNetty WebSocket started on port: 8880 with context path(s): '/websocket/{pageId}' .[0m
2024-07-06 17:20:58.877  INFO 1120 --- [main] YuandiInjectiondispenserApplicationTests : Started YuandiInjectiondispenserApplicationTests in 13.58 seconds (JVM running for 15.822)
2024-07-06 17:21:00.528  INFO 1120 --- [SpringApplicationShutdownHook] com.zaxxer.hikari.HikariDataSource       : HikariPool-1 - Shutdown initiated...
2024-07-06 17:21:00.658  INFO 1120 --- [SpringApplicationShutdownHook] com.zaxxer.hikari.HikariDataSource       : HikariPool-1 - Shutdown completed.
2024-07-06 17:21:17.456  INFO 5056 --- [main] YuandiInjectiondispenserApplicationTests : Starting YuandiInjectiondispenserApplicationTests using Java 17.0.9 on ZH with PID 5056 (started by 78671 in D:\work\ç–«è‹—å‘è¯æœº\yiwan-vaccinedispenser_-v1.0\yiwan-vaccinedispenser-admin)
2024-07-06 17:21:17.460  INFO 5056 --- [main] YuandiInjectiondispenserApplicationTests : The following 1 profile is active: "dev"
2024-07-06 17:21:19.593  INFO 5056 --- [main] .s.d.r.c.RepositoryConfigurationDelegate : Multiple Spring Data modules found, entering strict repository configuration mode
2024-07-06 17:21:19.599  INFO 5056 --- [main] .s.d.r.c.RepositoryConfigurationDelegate : Bootstrapping Spring Data Redis repositories in DEFAULT mode.
2024-07-06 17:21:19.719  INFO 5056 --- [main] .s.d.r.c.RepositoryConfigurationDelegate : Finished Spring Data repository scanning in 92 ms. Found 0 Redis repository interfaces.
2024-07-06 17:21:23.673  INFO 5056 --- [main] c.y.v.system.com.ComService              : è¿æ¥ä¸²å£ï¼šCOM10å¤±è´¥ï¼
2024-07-06 17:21:23.891  INFO 5056 --- [main] c.y.v.system.com.ComService              : è¿æ¥ä¸²å£ï¼šCOM9å¤±è´¥ï¼
2024-07-06 17:21:24.091  INFO 5056 --- [main] c.y.v.system.com.ComService              : è¿æ¥ä¸²å£ï¼šCOM4å¤±è´¥ï¼
2024-07-06 17:21:25.361  INFO 5056 --- [main] com.zaxxer.hikari.HikariDataSource       : HikariPool-1 - Starting...
2024-07-06 17:21:25.747  INFO 5056 --- [main] com.zaxxer.hikari.HikariDataSource       : HikariPool-1 - Start completed.
2024-07-06 17:21:25.843  INFO 5056 --- [main] c.y.v.system.netty.NettyClient           : å½“å‰å®¢æˆ·ç«¯ï¼šA, è¿›è¡Œåˆå§‹åŒ–
2024-07-06 17:21:25.926  INFO 5056 --- [main] c.y.v.system.netty.NettyClient           : å½“å‰å®¢æˆ·ç«¯ï¼šB, è¿›è¡Œåˆå§‹åŒ–
2024-07-06 17:21:26.015  INFO 5056 --- [main] c.y.v.system.netty.NettyClient           : å½“å‰å®¢æˆ·ç«¯ï¼šC, è¿›è¡Œåˆå§‹åŒ–
2024-07-06 17:21:29.811  INFO 5056 --- [main] o.y.standard.ServerEndpointExporter      : [34mNetty WebSocket started on port: 8880 with context path(s): '/websocket/{pageId}' .[0m
2024-07-06 17:21:29.853  INFO 5056 --- [main] YuandiInjectiondispenserApplicationTests : Started YuandiInjectiondispenserApplicationTests in 13.53 seconds (JVM running for 15.875)
2024-07-06 17:21:31.197  INFO 5056 --- [main] YuandiInjectiondispenserApplicationTests : [{"record_count":0,"workbench_name":"å·¥ä½œå°1"},{"record_count":0,"workbench_name":"å·¥ä½œå°2"},{"record_count":0,"workbench_name":"å·¥ä½œå°3"},{"record_count":0,"workbench_name":"å·¥ä½œå°4"},{"record_count":0,"workbench_name":"å·¥ä½œå°5"},{"record_count":0,"workbench_name":"å·¥ä½œå°6"}]
2024-07-06 17:21:31.249  INFO 5056 --- [SpringApplicationShutdownHook] com.zaxxer.hikari.HikariDataSource       : HikariPool-1 - Shutdown initiated...
2024-07-06 17:21:31.752  INFO 5056 --- [SpringApplicationShutdownHook] com.zaxxer.hikari.HikariDataSource       : HikariPool-1 - Shutdown completed.
2024-07-06 17:23:01.046  INFO 20972 --- [main] YuandiInjectiondispenserApplicationTests : Starting YuandiInjectiondispenserApplicationTests using Java 17.0.9 on ZH with PID 20972 (started by 78671 in D:\work\ç–«è‹—å‘è¯æœº\yiwan-vaccinedispenser_-v1.0\yiwan-vaccinedispenser-admin)
2024-07-06 17:23:01.050  INFO 20972 --- [main] YuandiInjectiondispenserApplicationTests : The following 1 profile is active: "dev"
2024-07-06 17:23:03.306  INFO 20972 --- [main] .s.d.r.c.RepositoryConfigurationDelegate : Multiple Spring Data modules found, entering strict repository configuration mode
2024-07-06 17:23:03.314  INFO 20972 --- [main] .s.d.r.c.RepositoryConfigurationDelegate : Bootstrapping Spring Data Redis repositories in DEFAULT mode.
2024-07-06 17:23:03.472  INFO 20972 --- [main] .s.d.r.c.RepositoryConfigurationDelegate : Finished Spring Data repository scanning in 132 ms. Found 0 Redis repository interfaces.
2024-07-06 17:23:07.672  INFO 20972 --- [main] c.y.v.system.com.ComService              : è¿æ¥ä¸²å£ï¼šCOM10å¤±è´¥ï¼
2024-07-06 17:23:07.889  INFO 20972 --- [main] c.y.v.system.com.ComService              : è¿æ¥ä¸²å£ï¼šCOM9å¤±è´¥ï¼
2024-07-06 17:23:08.094  INFO 20972 --- [main] c.y.v.system.com.ComService              : è¿æ¥ä¸²å£ï¼šCOM4å¤±è´¥ï¼
2024-07-06 17:23:09.393  INFO 20972 --- [main] com.zaxxer.hikari.HikariDataSource       : HikariPool-1 - Starting...
2024-07-06 17:23:09.786  INFO 20972 --- [main] com.zaxxer.hikari.HikariDataSource       : HikariPool-1 - Start completed.
2024-07-06 17:23:09.879  INFO 20972 --- [main] c.y.v.system.netty.NettyClient           : å½“å‰å®¢æˆ·ç«¯ï¼šA, è¿›è¡Œåˆå§‹åŒ–
2024-07-06 17:23:09.970  INFO 20972 --- [main] c.y.v.system.netty.NettyClient           : å½“å‰å®¢æˆ·ç«¯ï¼šB, è¿›è¡Œåˆå§‹åŒ–
2024-07-06 17:23:10.066  INFO 20972 --- [main] c.y.v.system.netty.NettyClient           : å½“å‰å®¢æˆ·ç«¯ï¼šC, è¿›è¡Œåˆå§‹åŒ–
2024-07-06 17:23:14.135  INFO 20972 --- [main] o.y.standard.ServerEndpointExporter      : [34mNetty WebSocket started on port: 8880 with context path(s): '/websocket/{pageId}' .[0m
2024-07-06 17:23:14.195  INFO 20972 --- [main] YuandiInjectiondispenserApplicationTests : Started YuandiInjectiondispenserApplicationTests in 14.358 seconds (JVM running for 16.679)
2024-07-06 17:23:15.523  INFO 20972 --- [main] YuandiInjectiondispenserApplicationTests : [{"counts":0,"name":"å·¥ä½œå°1"},{"counts":0,"name":"å·¥ä½œå°2"},{"counts":0,"name":"å·¥ä½œå°3"},{"counts":0,"name":"å·¥ä½œå°4"},{"counts":0,"name":"å·¥ä½œå°5"},{"counts":0,"name":"å·¥ä½œå°6"}]
2024-07-06 17:23:15.603  INFO 20972 --- [SpringApplicationShutdownHook] com.zaxxer.hikari.HikariDataSource       : HikariPool-1 - Shutdown initiated...
2024-07-06 17:23:15.839  INFO 20972 --- [SpringApplicationShutdownHook] com.zaxxer.hikari.HikariDataSource       : HikariPool-1 - Shutdown completed.
2024-07-06 17:52:40.059  INFO 20664 --- [main] YuandiInjectiondispenserApplicationTests : Starting YuandiInjectiondispenserApplicationTests using Java 17.0.9 on ZH with PID 20664 (started by 78671 in D:\work\ç–«è‹—å‘è¯æœº\yiwan-vaccinedispenser_-v1.0\yiwan-vaccinedispenser-admin)
2024-07-06 17:52:40.064  INFO 20664 --- [main] YuandiInjectiondispenserApplicationTests : The following 1 profile is active: "dev"
2024-07-06 17:52:42.035  INFO 20664 --- [main] .s.d.r.c.RepositoryConfigurationDelegate : Multiple Spring Data modules found, entering strict repository configuration mode
2024-07-06 17:52:42.043  INFO 20664 --- [main] .s.d.r.c.RepositoryConfigurationDelegate : Bootstrapping Spring Data Redis repositories in DEFAULT mode.
2024-07-06 17:52:42.183  INFO 20664 --- [main] .s.d.r.c.RepositoryConfigurationDelegate : Finished Spring Data repository scanning in 109 ms. Found 0 Redis repository interfaces.
2024-07-06 17:52:46.846  INFO 20664 --- [main] c.y.v.system.com.ComService              : è¿æ¥ä¸²å£ï¼šCOM10å¤±è´¥ï¼
2024-07-06 17:52:46.856  INFO 20664 --- [main] c.y.v.c.websocket.utils.WebSocketUtils   : å‘é€æ¶ˆæ¯åˆ°:2000ï¼ŒæŠ¥æ–‡:{code=Command(2024, å·¦è¾¹æµ‹è·), data=fail}
2024-07-06 17:52:46.860 ERROR 20664 --- [main] c.y.v.c.websocket.utils.WebSocketUtils   : é¡µé¢id:2000,ä¸åœ¨çº¿ï¼
2024-07-06 17:52:47.072  INFO 20664 --- [main] c.y.v.system.com.ComService              : è¿æ¥ä¸²å£ï¼šCOM9å¤±è´¥ï¼
2024-07-06 17:52:47.073  INFO 20664 --- [main] c.y.v.c.websocket.utils.WebSocketUtils   : å‘é€æ¶ˆæ¯åˆ°:2000ï¼ŒæŠ¥æ–‡:{code=Command(2025, å³è¾¹æµ‹è·), data=fail}
2024-07-06 17:52:47.074 ERROR 20664 --- [main] c.y.v.c.websocket.utils.WebSocketUtils   : é¡µé¢id:2000,ä¸åœ¨çº¿ï¼
2024-07-06 17:52:47.349  INFO 20664 --- [main] c.y.v.system.com.ComService              : è¿æ¥ä¸²å£ï¼šCOM4å¤±è´¥ï¼
2024-07-06 17:52:47.351  INFO 20664 --- [main] c.y.v.c.websocket.utils.WebSocketUtils   : å‘é€æ¶ˆæ¯åˆ°:2000ï¼ŒæŠ¥æ–‡:{code=Command(2026, ä¸Šæ–¹æµ‹è·), data=fail}
2024-07-06 17:52:47.352 ERROR 20664 --- [main] c.y.v.c.websocket.utils.WebSocketUtils   : é¡µé¢id:2000,ä¸åœ¨çº¿ï¼
2024-07-06 17:52:49.371  INFO 20664 --- [main] com.zaxxer.hikari.HikariDataSource       : HikariPool-1 - Starting...
2024-07-06 17:52:49.393  INFO 17308 --- [main] YuandiInjectiondispenserApplicationTests : Starting YuandiInjectiondispenserApplicationTests using Java 17.0.9 on ZH with PID 17308 (started by 78671 in D:\work\ç–«è‹—å‘è¯æœº\yiwan-vaccinedispenser_-v1.0\yiwan-vaccinedispenser-admin)
2024-07-06 17:52:49.396  INFO 17308 --- [main] YuandiInjectiondispenserApplicationTests : The following 1 profile is active: "dev"
2024-07-06 17:52:49.920  INFO 20664 --- [main] com.zaxxer.hikari.HikariDataSource       : HikariPool-1 - Start completed.
2024-07-06 17:52:50.028  INFO 20664 --- [main] c.y.v.system.netty.NettyClient           : å½“å‰å®¢æˆ·ç«¯ï¼šA, è¿›è¡Œåˆå§‹åŒ–
2024-07-06 17:52:50.222  INFO 20664 --- [main] c.y.v.system.netty.NettyClient           : å½“å‰å®¢æˆ·ç«¯ï¼šB, è¿›è¡Œåˆå§‹åŒ–
2024-07-06 17:52:50.729  INFO 20664 --- [main] c.y.v.system.netty.NettyClient           : å½“å‰å®¢æˆ·ç«¯ï¼šC, è¿›è¡Œåˆå§‹åŒ–
2024-07-06 17:52:52.996  INFO 17308 --- [main] .s.d.r.c.RepositoryConfigurationDelegate : Multiple Spring Data modules found, entering strict repository configuration mode
2024-07-06 17:52:53.033  INFO 17308 --- [main] .s.d.r.c.RepositoryConfigurationDelegate : Bootstrapping Spring Data Redis repositories in DEFAULT mode.
2024-07-06 17:52:53.567  INFO 17308 --- [main] .s.d.r.c.RepositoryConfigurationDelegate : Finished Spring Data repository scanning in 489 ms. Found 0 Redis repository interfaces.
2024-07-06 17:52:57.629  INFO 20664 --- [main] o.y.standard.ServerEndpointExporter      : [34mNetty WebSocket started on port: 8880 with context path(s): '/websocket/{pageId}' .[0m
2024-07-06 17:52:57.681  INFO 20664 --- [main] YuandiInjectiondispenserApplicationTests : Started YuandiInjectiondispenserApplicationTests in 18.573 seconds (JVM running for 20.552)
2024-07-06 17:52:59.771  INFO 20664 --- [main] YuandiInjectiondispenserApplicationTests : {"todayDrug":0,"todaySendDrug":0}
2024-07-06 17:52:59.908  INFO 20664 --- [SpringApplicationShutdownHook] com.zaxxer.hikari.HikariDataSource       : HikariPool-1 - Shutdown initiated...
2024-07-06 17:53:01.406  INFO 17308 --- [main] c.y.v.system.com.ComService              : è¿æ¥ä¸²å£ï¼šCOM10å¤±è´¥ï¼
2024-07-06 17:53:01.412  INFO 17308 --- [main] c.y.v.c.websocket.utils.WebSocketUtils   : å‘é€æ¶ˆæ¯åˆ°:2000ï¼ŒæŠ¥æ–‡:{code=Command(2024, å·¦è¾¹æµ‹è·), data=fail}
2024-07-06 17:53:01.415 ERROR 17308 --- [main] c.y.v.c.websocket.utils.WebSocketUtils   : é¡µé¢id:2000,ä¸åœ¨çº¿ï¼
2024-07-06 17:53:01.625  INFO 17308 --- [main] c.y.v.system.com.ComService              : è¿æ¥ä¸²å£ï¼šCOM9å¤±è´¥ï¼
2024-07-06 17:53:01.626  INFO 17308 --- [main] c.y.v.c.websocket.utils.WebSocketUtils   : å‘é€æ¶ˆæ¯åˆ°:2000ï¼ŒæŠ¥æ–‡:{code=Command(2025, å³è¾¹æµ‹è·), data=fail}
2024-07-06 17:53:01.626 ERROR 17308 --- [main] c.y.v.c.websocket.utils.WebSocketUtils   : é¡µé¢id:2000,ä¸åœ¨çº¿ï¼
2024-07-06 17:53:01.828  INFO 17308 --- [main] c.y.v.system.com.ComService              : è¿æ¥ä¸²å£ï¼šCOM4å¤±è´¥ï¼
2024-07-06 17:53:01.829  INFO 17308 --- [main] c.y.v.c.websocket.utils.WebSocketUtils   : å‘é€æ¶ˆæ¯åˆ°:2000ï¼ŒæŠ¥æ–‡:{code=Command(2026, ä¸Šæ–¹æµ‹è·), data=fail}
2024-07-06 17:53:01.829 ERROR 17308 --- [main] c.y.v.c.websocket.utils.WebSocketUtils   : é¡µé¢id:2000,ä¸åœ¨çº¿ï¼
2024-07-06 17:53:03.321  INFO 17308 --- [main] com.zaxxer.hikari.HikariDataSource       : HikariPool-1 - Starting...
2024-07-06 17:53:03.756  INFO 17308 --- [main] com.zaxxer.hikari.HikariDataSource       : HikariPool-1 - Start completed.
2024-07-06 17:53:03.851  INFO 17308 --- [main] c.y.v.system.netty.NettyClient           : å½“å‰å®¢æˆ·ç«¯ï¼šA, è¿›è¡Œåˆå§‹åŒ–
2024-07-06 17:53:03.973  INFO 17308 --- [main] c.y.v.system.netty.NettyClient           : å½“å‰å®¢æˆ·ç«¯ï¼šB, è¿›è¡Œåˆå§‹åŒ–
2024-07-06 17:53:04.082  INFO 17308 --- [main] c.y.v.system.netty.NettyClient           : å½“å‰å®¢æˆ·ç«¯ï¼šC, è¿›è¡Œåˆå§‹åŒ–
2024-07-06 17:53:04.145  INFO 20664 --- [SpringApplicationShutdownHook] com.zaxxer.hikari.HikariDataSource       : HikariPool-1 - Shutdown completed.
2024-07-06 17:53:08.569  INFO 17308 --- [main] o.y.standard.ServerEndpointExporter      : [34mNetty WebSocket started on port: 8880 with context path(s): '/websocket/{pageId}' .[0m
2024-07-06 17:53:08.615  INFO 17308 --- [main] YuandiInjectiondispenserApplicationTests : Started YuandiInjectiondispenserApplicationTests in 21.059 seconds (JVM running for 24.602)
2024-07-06 17:53:09.801  INFO 17308 --- [main] YuandiInjectiondispenserApplicationTests : {"todayDrug":0,"todaySendDrug":0}
2024-07-06 17:53:09.849  INFO 17308 --- [SpringApplicationShutdownHook] com.zaxxer.hikari.HikariDataSource       : HikariPool-1 - Shutdown initiated...
2024-07-06 17:53:10.029  INFO 17308 --- [SpringApplicationShutdownHook] com.zaxxer.hikari.HikariDataSource       : HikariPool-1 - Shutdown completed.
2024-07-06 18:03:29.102  INFO 19012 --- [main] YuandiInjectiondispenserApplicationTests : Starting YuandiInjectiondispenserApplicationTests using Java 17.0.9 on ZH with PID 19012 (started by 78671 in D:\work\ç–«è‹—å‘è¯æœº\yiwan-vaccinedispenser_-v1.0\yiwan-vaccinedispenser-admin)
2024-07-06 18:03:29.109  INFO 19012 --- [main] YuandiInjectiondispenserApplicationTests : The following 1 profile is active: "dev"
2024-07-06 18:03:31.185  INFO 19012 --- [main] .s.d.r.c.RepositoryConfigurationDelegate : Multiple Spring Data modules found, entering strict repository configuration mode
2024-07-06 18:03:31.191  INFO 19012 --- [main] .s.d.r.c.RepositoryConfigurationDelegate : Bootstrapping Spring Data Redis repositories in DEFAULT mode.
2024-07-06 18:03:31.300  INFO 19012 --- [main] .s.d.r.c.RepositoryConfigurationDelegate : Finished Spring Data repository scanning in 83 ms. Found 0 Redis repository interfaces.
2024-07-06 18:03:35.104  INFO 19012 --- [main] c.y.v.system.com.ComService              : è¿æ¥ä¸²å£ï¼šCOM10å¤±è´¥ï¼
2024-07-06 18:03:35.111  INFO 19012 --- [main] c.y.v.c.websocket.utils.WebSocketUtils   : å‘é€æ¶ˆæ¯åˆ°:2000ï¼ŒæŠ¥æ–‡:{code=Command(2024, å·¦è¾¹æµ‹è·), data=fail}
2024-07-06 18:03:35.114 ERROR 19012 --- [main] c.y.v.c.websocket.utils.WebSocketUtils   : é¡µé¢id:2000,ä¸åœ¨çº¿ï¼
2024-07-06 18:03:35.321  INFO 19012 --- [main] c.y.v.system.com.ComService              : è¿æ¥ä¸²å£ï¼šCOM9å¤±è´¥ï¼
2024-07-06 18:03:35.323  INFO 19012 --- [main] c.y.v.c.websocket.utils.WebSocketUtils   : å‘é€æ¶ˆæ¯åˆ°:2000ï¼ŒæŠ¥æ–‡:{code=Command(2025, å³è¾¹æµ‹è·), data=fail}
2024-07-06 18:03:35.323 ERROR 19012 --- [main] c.y.v.c.websocket.utils.WebSocketUtils   : é¡µé¢id:2000,ä¸åœ¨çº¿ï¼
2024-07-06 18:03:35.537  INFO 19012 --- [main] c.y.v.system.com.ComService              : è¿æ¥ä¸²å£ï¼šCOM4å¤±è´¥ï¼
2024-07-06 18:03:35.537  INFO 19012 --- [main] c.y.v.c.websocket.utils.WebSocketUtils   : å‘é€æ¶ˆæ¯åˆ°:2000ï¼ŒæŠ¥æ–‡:{code=Command(2026, ä¸Šæ–¹æµ‹è·), data=fail}
2024-07-06 18:03:35.538 ERROR 19012 --- [main] c.y.v.c.websocket.utils.WebSocketUtils   : é¡µé¢id:2000,ä¸åœ¨çº¿ï¼
2024-07-06 18:03:37.009  INFO 19012 --- [main] com.zaxxer.hikari.HikariDataSource       : HikariPool-1 - Starting...
2024-07-06 18:03:37.407  INFO 19012 --- [main] com.zaxxer.hikari.HikariDataSource       : HikariPool-1 - Start completed.
2024-07-06 18:03:37.494  INFO 19012 --- [main] c.y.v.system.netty.NettyClient           : å½“å‰å®¢æˆ·ç«¯ï¼šA, è¿›è¡Œåˆå§‹åŒ–
2024-07-06 18:03:37.580  INFO 19012 --- [main] c.y.v.system.netty.NettyClient           : å½“å‰å®¢æˆ·ç«¯ï¼šB, è¿›è¡Œåˆå§‹åŒ–
2024-07-06 18:03:37.686  INFO 19012 --- [main] c.y.v.system.netty.NettyClient           : å½“å‰å®¢æˆ·ç«¯ï¼šC, è¿›è¡Œåˆå§‹åŒ–
2024-07-06 18:03:42.266  INFO 19012 --- [main] o.y.standard.ServerEndpointExporter      : [34mNetty WebSocket started on port: 8880 with context path(s): '/websocket/{pageId}' .[0m
2024-07-06 18:03:42.318  INFO 19012 --- [main] YuandiInjectiondispenserApplicationTests : Started YuandiInjectiondispenserApplicationTests in 14.391 seconds (JVM running for 16.677)
2024-07-06 18:03:43.643  INFO 19012 --- [main] YuandiInjectiondispenserApplicationTests : []
2024-07-06 18:03:43.697  INFO 19012 --- [SpringApplicationShutdownHook] com.zaxxer.hikari.HikariDataSource       : HikariPool-1 - Shutdown initiated...
2024-07-06 18:03:46.296  INFO 19012 --- [SpringApplicationShutdownHook] com.zaxxer.hikari.HikariDataSource       : HikariPool-1 - Shutdown completed.
2024-07-06 18:06:58.737  INFO 9496 --- [main] YuandiInjectiondispenserApplicationTests : Starting YuandiInjectiondispenserApplicationTests using Java 17.0.9 on ZH with PID 9496 (started by 78671 in D:\work\ç–«è‹—å‘è¯æœº\yiwan-vaccinedispenser_-v1.0\yiwan-vaccinedispenser-admin)
2024-07-06 18:06:58.740  INFO 9496 --- [main] YuandiInjectiondispenserApplicationTests : The following 1 profile is active: "dev"
2024-07-06 18:07:00.874  INFO 9496 --- [main] .s.d.r.c.RepositoryConfigurationDelegate : Multiple Spring Data modules found, entering strict repository configuration mode
2024-07-06 18:07:00.880  INFO 9496 --- [main] .s.d.r.c.RepositoryConfigurationDelegate : Bootstrapping Spring Data Redis repositories in DEFAULT mode.
2024-07-06 18:07:00.990  INFO 9496 --- [main] .s.d.r.c.RepositoryConfigurationDelegate : Finished Spring Data repository scanning in 83 ms. Found 0 Redis repository interfaces.
2024-07-06 18:07:04.877  INFO 9496 --- [main] c.y.v.system.com.ComService              : è¿æ¥ä¸²å£ï¼šCOM10å¤±è´¥ï¼
2024-07-06 18:07:04.882  INFO 9496 --- [main] c.y.v.c.websocket.utils.WebSocketUtils   : å‘é€æ¶ˆæ¯åˆ°:2000ï¼ŒæŠ¥æ–‡:{code=Command(2024, å·¦è¾¹æµ‹è·), data=fail}
2024-07-06 18:07:04.886 ERROR 9496 --- [main] c.y.v.c.websocket.utils.WebSocketUtils   : é¡µé¢id:2000,ä¸åœ¨çº¿ï¼
2024-07-06 18:07:05.097  INFO 9496 --- [main] c.y.v.system.com.ComService              : è¿æ¥ä¸²å£ï¼šCOM9å¤±è´¥ï¼
2024-07-06 18:07:05.099  INFO 9496 --- [main] c.y.v.c.websocket.utils.WebSocketUtils   : å‘é€æ¶ˆæ¯åˆ°:2000ï¼ŒæŠ¥æ–‡:{code=Command(2025, å³è¾¹æµ‹è·), data=fail}
2024-07-06 18:07:05.099 ERROR 9496 --- [main] c.y.v.c.websocket.utils.WebSocketUtils   : é¡µé¢id:2000,ä¸åœ¨çº¿ï¼
2024-07-06 18:07:05.301  INFO 9496 --- [main] c.y.v.system.com.ComService              : è¿æ¥ä¸²å£ï¼šCOM4å¤±è´¥ï¼
2024-07-06 18:07:05.304  INFO 9496 --- [main] c.y.v.c.websocket.utils.WebSocketUtils   : å‘é€æ¶ˆæ¯åˆ°:2000ï¼ŒæŠ¥æ–‡:{code=Command(2026, ä¸Šæ–¹æµ‹è·), data=fail}
2024-07-06 18:07:05.307 ERROR 9496 --- [main] c.y.v.c.websocket.utils.WebSocketUtils   : é¡µé¢id:2000,ä¸åœ¨çº¿ï¼
2024-07-06 18:07:06.609  INFO 9496 --- [main] com.zaxxer.hikari.HikariDataSource       : HikariPool-1 - Starting...
2024-07-06 18:07:07.024  INFO 9496 --- [main] com.zaxxer.hikari.HikariDataSource       : HikariPool-1 - Start completed.
2024-07-06 18:07:07.114  INFO 9496 --- [main] c.y.v.system.netty.NettyClient           : å½“å‰å®¢æˆ·ç«¯ï¼šA, è¿›è¡Œåˆå§‹åŒ–
2024-07-06 18:07:07.193  INFO 9496 --- [main] c.y.v.system.netty.NettyClient           : å½“å‰å®¢æˆ·ç«¯ï¼šB, è¿›è¡Œåˆå§‹åŒ–
2024-07-06 18:07:07.278  INFO 9496 --- [main] c.y.v.system.netty.NettyClient           : å½“å‰å®¢æˆ·ç«¯ï¼šC, è¿›è¡Œåˆå§‹åŒ–
2024-07-06 18:07:11.179  INFO 9496 --- [main] o.y.standard.ServerEndpointExporter      : [34mNetty WebSocket started on port: 8880 with context path(s): '/websocket/{pageId}' .[0m
2024-07-06 18:07:11.223  INFO 9496 --- [main] YuandiInjectiondispenserApplicationTests : Started YuandiInjectiondispenserApplicationTests in 13.667 seconds (JVM running for 16.001)
2024-07-06 18:07:12.802  INFO 9496 --- [SpringApplicationShutdownHook] com.zaxxer.hikari.HikariDataSource       : HikariPool-1 - Shutdown initiated...
2024-07-06 18:07:13.054  INFO 9496 --- [SpringApplicationShutdownHook] com.zaxxer.hikari.HikariDataSource       : HikariPool-1 - Shutdown completed.
2024-07-06 18:07:47.027  INFO 5564 --- [main] YuandiInjectiondispenserApplicationTests : Starting YuandiInjectiondispenserApplicationTests using Java 17.0.9 on ZH with PID 5564 (started by 78671 in D:\work\ç–«è‹—å‘è¯æœº\yiwan-vaccinedispenser_-v1.0\yiwan-vaccinedispenser-admin)
2024-07-06 18:07:47.030  INFO 5564 --- [main] YuandiInjectiondispenserApplicationTests : The following 1 profile is active: "dev"
2024-07-06 18:07:50.596  INFO 5564 --- [main] .s.d.r.c.RepositoryConfigurationDelegate : Multiple Spring Data modules found, entering strict repository configuration mode
2024-07-06 18:07:50.608  INFO 5564 --- [main] .s.d.r.c.RepositoryConfigurationDelegate : Bootstrapping Spring Data Redis repositories in DEFAULT mode.
2024-07-06 18:07:50.896  INFO 5564 --- [main] .s.d.r.c.RepositoryConfigurationDelegate : Finished Spring Data repository scanning in 229 ms. Found 0 Redis repository interfaces.
2024-07-06 18:07:55.807  INFO 5564 --- [main] c.y.v.system.com.ComService              : è¿æ¥ä¸²å£ï¼šCOM10å¤±è´¥ï¼
2024-07-06 18:07:55.814  INFO 5564 --- [main] c.y.v.c.websocket.utils.WebSocketUtils   : å‘é€æ¶ˆæ¯åˆ°:2000ï¼ŒæŠ¥æ–‡:{code=Command(2024, å·¦è¾¹æµ‹è·), data=fail}
2024-07-06 18:07:55.818 ERROR 5564 --- [main] c.y.v.c.websocket.utils.WebSocketUtils   : é¡µé¢id:2000,ä¸åœ¨çº¿ï¼
2024-07-06 18:07:56.025  INFO 5564 --- [main] c.y.v.system.com.ComService              : è¿æ¥ä¸²å£ï¼šCOM9å¤±è´¥ï¼
2024-07-06 18:07:56.026  INFO 5564 --- [main] c.y.v.c.websocket.utils.WebSocketUtils   : å‘é€æ¶ˆæ¯åˆ°:2000ï¼ŒæŠ¥æ–‡:{code=Command(2025, å³è¾¹æµ‹è·), data=fail}
2024-07-06 18:07:56.026 ERROR 5564 --- [main] c.y.v.c.websocket.utils.WebSocketUtils   : é¡µé¢id:2000,ä¸åœ¨çº¿ï¼
2024-07-06 18:07:56.227  INFO 5564 --- [main] c.y.v.system.com.ComService              : è¿æ¥ä¸²å£ï¼šCOM4å¤±è´¥ï¼
2024-07-06 18:07:56.230  INFO 5564 --- [main] c.y.v.c.websocket.utils.WebSocketUtils   : å‘é€æ¶ˆæ¯åˆ°:2000ï¼ŒæŠ¥æ–‡:{code=Command(2026, ä¸Šæ–¹æµ‹è·), data=fail}
2024-07-06 18:07:56.233 ERROR 5564 --- [main] c.y.v.c.websocket.utils.WebSocketUtils   : é¡µé¢id:2000,ä¸åœ¨çº¿ï¼
2024-07-06 18:07:58.375  INFO 5564 --- [main] com.zaxxer.hikari.HikariDataSource       : HikariPool-1 - Starting...
2024-07-06 18:07:58.831  INFO 5564 --- [main] com.zaxxer.hikari.HikariDataSource       : HikariPool-1 - Start completed.
2024-07-06 18:07:58.940  INFO 5564 --- [main] c.y.v.system.netty.NettyClient           : å½“å‰å®¢æˆ·ç«¯ï¼šA, è¿›è¡Œåˆå§‹åŒ–
2024-07-06 18:07:59.075  INFO 5564 --- [main] c.y.v.system.netty.NettyClient           : å½“å‰å®¢æˆ·ç«¯ï¼šB, è¿›è¡Œåˆå§‹åŒ–
2024-07-06 18:07:59.186  INFO 5564 --- [main] c.y.v.system.netty.NettyClient           : å½“å‰å®¢æˆ·ç«¯ï¼šC, è¿›è¡Œåˆå§‹åŒ–
2024-07-06 18:08:03.961  INFO 5564 --- [main] o.y.standard.ServerEndpointExporter      : [34mNetty WebSocket started on port: 8880 with context path(s): '/websocket/{pageId}' .[0m
2024-07-06 18:08:04.001  INFO 5564 --- [main] YuandiInjectiondispenserApplicationTests : Started YuandiInjectiondispenserApplicationTests in 18.518 seconds (JVM running for 21.006)
2024-07-06 18:08:05.420  INFO 5564 --- [main] YuandiInjectiondispenserApplicationTests : []
2024-07-06 18:08:05.504  INFO 5564 --- [SpringApplicationShutdownHook] com.zaxxer.hikari.HikariDataSource       : HikariPool-1 - Shutdown initiated...
2024-07-06 18:08:08.040  INFO 5564 --- [SpringApplicationShutdownHook] com.zaxxer.hikari.HikariDataSource       : HikariPool-1 - Shutdown completed.
2024-07-06 18:25:44.986  INFO 19920 --- [main] YuandiInjectiondispenserApplicationTests : Starting YuandiInjectiondispenserApplicationTests using Java 17.0.9 on ZH with PID 19920 (started by 78671 in D:\work\ç–«è‹—å‘è¯æœº\yiwan-vaccinedispenser_-v1.0\yiwan-vaccinedispenser-admin)
2024-07-06 18:25:44.993  INFO 19920 --- [main] YuandiInjectiondispenserApplicationTests : The following 1 profile is active: "dev"
2024-07-06 18:25:47.656  INFO 19920 --- [main] .s.d.r.c.RepositoryConfigurationDelegate : Multiple Spring Data modules found, entering strict repository configuration mode
2024-07-06 18:25:47.660  INFO 19920 --- [main] .s.d.r.c.RepositoryConfigurationDelegate : Bootstrapping Spring Data Redis repositories in DEFAULT mode.
2024-07-06 18:25:47.764  INFO 19920 --- [main] .s.d.r.c.RepositoryConfigurationDelegate : Finished Spring Data repository scanning in 80 ms. Found 0 Redis repository interfaces.
2024-07-06 18:25:52.117  INFO 19920 --- [main] c.y.v.system.com.ComService              : è¿æ¥ä¸²å£ï¼šCOM10å¤±è´¥ï¼
2024-07-06 18:25:52.127  INFO 19920 --- [main] c.y.v.c.websocket.utils.WebSocketUtils   : å‘é€æ¶ˆæ¯åˆ°:2000ï¼ŒæŠ¥æ–‡:{code=Command(2024, å·¦è¾¹æµ‹è·), data=fail}
2024-07-06 18:25:52.130 ERROR 19920 --- [main] c.y.v.c.websocket.utils.WebSocketUtils   : é¡µé¢id:2000,ä¸åœ¨çº¿ï¼
2024-07-06 18:25:52.337  INFO 19920 --- [main] c.y.v.system.com.ComService              : è¿æ¥ä¸²å£ï¼šCOM9å¤±è´¥ï¼
2024-07-06 18:25:52.338  INFO 19920 --- [main] c.y.v.c.websocket.utils.WebSocketUtils   : å‘é€æ¶ˆæ¯åˆ°:2000ï¼ŒæŠ¥æ–‡:{code=Command(2025, å³è¾¹æµ‹è·), data=fail}
2024-07-06 18:25:52.339 ERROR 19920 --- [main] c.y.v.c.websocket.utils.WebSocketUtils   : é¡µé¢id:2000,ä¸åœ¨çº¿ï¼
2024-07-06 18:25:52.553  INFO 19920 --- [main] c.y.v.system.com.ComService              : è¿æ¥ä¸²å£ï¼šCOM4å¤±è´¥ï¼
2024-07-06 18:25:52.554  INFO 19920 --- [main] c.y.v.c.websocket.utils.WebSocketUtils   : å‘é€æ¶ˆæ¯åˆ°:2000ï¼ŒæŠ¥æ–‡:{code=Command(2026, ä¸Šæ–¹æµ‹è·), data=fail}
2024-07-06 18:25:52.554 ERROR 19920 --- [main] c.y.v.c.websocket.utils.WebSocketUtils   : é¡µé¢id:2000,ä¸åœ¨çº¿ï¼
2024-07-06 18:25:54.016  INFO 19920 --- [main] com.zaxxer.hikari.HikariDataSource       : HikariPool-1 - Starting...
2024-07-06 18:25:54.437  INFO 19920 --- [main] com.zaxxer.hikari.HikariDataSource       : HikariPool-1 - Start completed.
2024-07-06 18:25:54.512  INFO 19920 --- [main] c.y.v.system.netty.NettyClient           : å½“å‰å®¢æˆ·ç«¯ï¼šA, è¿›è¡Œåˆå§‹åŒ–
2024-07-06 18:25:54.589  INFO 19920 --- [main] c.y.v.system.netty.NettyClient           : å½“å‰å®¢æˆ·ç«¯ï¼šB, è¿›è¡Œåˆå§‹åŒ–
2024-07-06 18:25:54.674  INFO 19920 --- [main] c.y.v.system.netty.NettyClient           : å½“å‰å®¢æˆ·ç«¯ï¼šC, è¿›è¡Œåˆå§‹åŒ–
2024-07-06 18:25:58.818  INFO 19920 --- [main] o.y.standard.ServerEndpointExporter      : [34mNetty WebSocket started on port: 8880 with context path(s): '/websocket/{pageId}' .[0m
2024-07-06 18:25:58.872  INFO 19920 --- [main] YuandiInjectiondispenserApplicationTests : Started YuandiInjectiondispenserApplicationTests in 15.164 seconds (JVM running for 17.828)
2024-07-06 18:26:00.173  INFO 19920 --- [main] YuandiInjectiondispenserApplicationTests : {"LastTuesday":0,"LastThursday":0,"Monday":0,"LastMonday":0,"Saturday":0,"LastSaturday":0,"Thursday":0,"LastFriday":0,"Friday":0,"Sunday":0,"Wednesday":0,"LastWednesday":0,"LastSunday":0,"Tuesday":0}
2024-07-06 18:26:00.233  INFO 19920 --- [SpringApplicationShutdownHook] com.zaxxer.hikari.HikariDataSource       : HikariPool-1 - Shutdown initiated...
2024-07-06 18:26:00.460  INFO 19920 --- [SpringApplicationShutdownHook] com.zaxxer.hikari.HikariDataSource       : HikariPool-1 - Shutdown completed.
2024-07-06 18:27:31.573  INFO 17360 --- [main] YuandiInjectiondispenserApplicationTests : Starting YuandiInjectiondispenserApplicationTests using Java 17.0.9 on ZH with PID 17360 (started by 78671 in D:\work\ç–«è‹—å‘è¯æœº\yiwan-vaccinedispenser_-v1.0\yiwan-vaccinedispenser-admin)
2024-07-06 18:27:31.577  INFO 17360 --- [main] YuandiInjectiondispenserApplicationTests : The following 1 profile is active: "dev"
2024-07-06 18:27:33.931  INFO 17360 --- [main] .s.d.r.c.RepositoryConfigurationDelegate : Multiple Spring Data modules found, entering strict repository configuration mode
2024-07-06 18:27:33.936  INFO 17360 --- [main] .s.d.r.c.RepositoryConfigurationDelegate : Bootstrapping Spring Data Redis repositories in DEFAULT mode.
2024-07-06 18:27:34.041  INFO 17360 --- [main] .s.d.r.c.RepositoryConfigurationDelegate : Finished Spring Data repository scanning in 77 ms. Found 0 Redis repository interfaces.
2024-07-06 18:27:38.014  INFO 17360 --- [main] c.y.v.system.com.ComService              : è¿æ¥ä¸²å£ï¼šCOM10å¤±è´¥ï¼
2024-07-06 18:27:38.020  INFO 17360 --- [main] c.y.v.c.websocket.utils.WebSocketUtils   : å‘é€æ¶ˆæ¯åˆ°:2000ï¼ŒæŠ¥æ–‡:{code=Command(2024, å·¦è¾¹æµ‹è·), data=fail}
2024-07-06 18:27:38.023 ERROR 17360 --- [main] c.y.v.c.websocket.utils.WebSocketUtils   : é¡µé¢id:2000,ä¸åœ¨çº¿ï¼
2024-07-06 18:27:38.228  INFO 17360 --- [main] c.y.v.system.com.ComService              : è¿æ¥ä¸²å£ï¼šCOM9å¤±è´¥ï¼
2024-07-06 18:27:38.228  INFO 17360 --- [main] c.y.v.c.websocket.utils.WebSocketUtils   : å‘é€æ¶ˆæ¯åˆ°:2000ï¼ŒæŠ¥æ–‡:{code=Command(2025, å³è¾¹æµ‹è·), data=fail}
2024-07-06 18:27:38.229 ERROR 17360 --- [main] c.y.v.c.websocket.utils.WebSocketUtils   : é¡µé¢id:2000,ä¸åœ¨çº¿ï¼
2024-07-06 18:27:38.430  INFO 17360 --- [main] c.y.v.system.com.ComService              : è¿æ¥ä¸²å£ï¼šCOM4å¤±è´¥ï¼
2024-07-06 18:27:38.433  INFO 17360 --- [main] c.y.v.c.websocket.utils.WebSocketUtils   : å‘é€æ¶ˆæ¯åˆ°:2000ï¼ŒæŠ¥æ–‡:{code=Command(2026, ä¸Šæ–¹æµ‹è·), data=fail}
2024-07-06 18:27:38.434 ERROR 17360 --- [main] c.y.v.c.websocket.utils.WebSocketUtils   : é¡µé¢id:2000,ä¸åœ¨çº¿ï¼
2024-07-06 18:27:39.866  INFO 17360 --- [main] com.zaxxer.hikari.HikariDataSource       : HikariPool-1 - Starting...
2024-07-06 18:27:40.334  INFO 17360 --- [main] com.zaxxer.hikari.HikariDataSource       : HikariPool-1 - Start completed.
2024-07-06 18:27:40.469  INFO 17360 --- [main] c.y.v.system.netty.NettyClient           : å½“å‰å®¢æˆ·ç«¯ï¼šA, è¿›è¡Œåˆå§‹åŒ–
2024-07-06 18:27:40.595  INFO 17360 --- [main] c.y.v.system.netty.NettyClient           : å½“å‰å®¢æˆ·ç«¯ï¼šB, è¿›è¡Œåˆå§‹åŒ–
2024-07-06 18:27:40.710  INFO 17360 --- [main] c.y.v.system.netty.NettyClient           : å½“å‰å®¢æˆ·ç«¯ï¼šC, è¿›è¡Œåˆå§‹åŒ–
2024-07-06 18:27:45.310  INFO 17360 --- [main] o.y.standard.ServerEndpointExporter      : [34mNetty WebSocket started on port: 8880 with context path(s): '/websocket/{pageId}' .[0m
2024-07-06 18:27:45.386  INFO 17360 --- [main] YuandiInjectiondispenserApplicationTests : Started YuandiInjectiondispenserApplicationTests in 15.065 seconds (JVM running for 17.481)
2024-07-06 18:27:47.145  INFO 17360 --- [main] YuandiInjectiondispenserApplicationTests : {"LastTuesday":0,"LastThursday":0,"Monday":0,"LastMonday":0,"Saturday":0,"LastSaturday":0,"Thursday":0,"LastFriday":0,"Friday":0,"Sunday":0,"Wednesday":0,"LastWednesday":0,"LastSunday":0,"Tuesday":0}
2024-07-06 18:27:47.239  INFO 17360 --- [SpringApplicationShutdownHook] com.zaxxer.hikari.HikariDataSource       : HikariPool-1 - Shutdown initiated...
2024-07-06 18:27:49.299  INFO 17360 --- [SpringApplicationShutdownHook] com.zaxxer.hikari.HikariDataSource       : HikariPool-1 - Shutdown completed.
2024-07-06 18:29:19.669  INFO 20576 --- [main] YuandiInjectiondispenserApplicationTests : Starting YuandiInjectiondispenserApplicationTests using Java 17.0.9 on ZH with PID 20576 (started by 78671 in D:\work\ç–«è‹—å‘è¯æœº\yiwan-vaccinedispenser_-v1.0\yiwan-vaccinedispenser-admin)
2024-07-06 18:29:19.673  INFO 20576 --- [main] YuandiInjectiondispenserApplicationTests : The following 1 profile is active: "dev"
2024-07-06 18:29:21.745  INFO 20576 --- [main] .s.d.r.c.RepositoryConfigurationDelegate : Multiple Spring Data modules found, entering strict repository configuration mode
2024-07-06 18:29:21.751  INFO 20576 --- [main] .s.d.r.c.RepositoryConfigurationDelegate : Bootstrapping Spring Data Redis repositories in DEFAULT mode.
2024-07-06 18:29:21.880  INFO 20576 --- [main] .s.d.r.c.RepositoryConfigurationDelegate : Finished Spring Data repository scanning in 95 ms. Found 0 Redis repository interfaces.
2024-07-06 18:29:26.947  INFO 20576 --- [main] c.y.v.system.com.ComService              : è¿æ¥ä¸²å£ï¼šCOM10å¤±è´¥ï¼
2024-07-06 18:29:26.959  INFO 20576 --- [main] c.y.v.c.websocket.utils.WebSocketUtils   : å‘é€æ¶ˆæ¯åˆ°:2000ï¼ŒæŠ¥æ–‡:{code=Command(2024, å·¦è¾¹æµ‹è·), data=fail}
2024-07-06 18:29:26.962 ERROR 20576 --- [main] c.y.v.c.websocket.utils.WebSocketUtils   : é¡µé¢id:2000,ä¸åœ¨çº¿ï¼
2024-07-06 18:29:27.165  INFO 20576 --- [main] c.y.v.system.com.ComService              : è¿æ¥ä¸²å£ï¼šCOM9å¤±è´¥ï¼
2024-07-06 18:29:27.166  INFO 20576 --- [main] c.y.v.c.websocket.utils.WebSocketUtils   : å‘é€æ¶ˆæ¯åˆ°:2000ï¼ŒæŠ¥æ–‡:{code=Command(2025, å³è¾¹æµ‹è·), data=fail}
2024-07-06 18:29:27.166 ERROR 20576 --- [main] c.y.v.c.websocket.utils.WebSocketUtils   : é¡µé¢id:2000,ä¸åœ¨çº¿ï¼
2024-07-06 18:29:27.368  INFO 20576 --- [main] c.y.v.system.com.ComService              : è¿æ¥ä¸²å£ï¼šCOM4å¤±è´¥ï¼
2024-07-06 18:29:27.369  INFO 20576 --- [main] c.y.v.c.websocket.utils.WebSocketUtils   : å‘é€æ¶ˆæ¯åˆ°:2000ï¼ŒæŠ¥æ–‡:{code=Command(2026, ä¸Šæ–¹æµ‹è·), data=fail}
2024-07-06 18:29:27.370 ERROR 20576 --- [main] c.y.v.c.websocket.utils.WebSocketUtils   : é¡µé¢id:2000,ä¸åœ¨çº¿ï¼
2024-07-06 18:29:28.774  INFO 20576 --- [main] com.zaxxer.hikari.HikariDataSource       : HikariPool-1 - Starting...
2024-07-06 18:29:29.116  INFO 20576 --- [main] com.zaxxer.hikari.HikariDataSource       : HikariPool-1 - Start completed.
2024-07-06 18:29:29.191  INFO 20576 --- [main] c.y.v.system.netty.NettyClient           : å½“å‰å®¢æˆ·ç«¯ï¼šA, è¿›è¡Œåˆå§‹åŒ–
2024-07-06 18:29:29.276  INFO 20576 --- [main] c.y.v.system.netty.NettyClient           : å½“å‰å®¢æˆ·ç«¯ï¼šB, è¿›è¡Œåˆå§‹åŒ–
2024-07-06 18:29:29.367  INFO 20576 --- [main] c.y.v.system.netty.NettyClient           : å½“å‰å®¢æˆ·ç«¯ï¼šC, è¿›è¡Œåˆå§‹åŒ–
2024-07-06 18:29:33.476  INFO 20576 --- [main] o.y.standard.ServerEndpointExporter      : [34mNetty WebSocket started on port: 8880 with context path(s): '/websocket/{pageId}' .[0m
2024-07-06 18:29:33.522  INFO 20576 --- [main] YuandiInjectiondispenserApplicationTests : Started YuandiInjectiondispenserApplicationTests in 15.037 seconds (JVM running for 17.586)
2024-07-06 18:29:34.953  INFO 20576 --- [SpringApplicationShutdownHook] com.zaxxer.hikari.HikariDataSource       : HikariPool-1 - Shutdown initiated...
2024-07-06 18:29:35.134  INFO 20576 --- [SpringApplicationShutdownHook] com.zaxxer.hikari.HikariDataSource       : HikariPool-1 - Shutdown completed.
2024-07-06 18:32:06.322  INFO 21312 --- [main] YuandiInjectiondispenserApplicationTests : Starting YuandiInjectiondispenserApplicationTests using Java 17.0.9 on ZH with PID 21312 (started by 78671 in D:\work\ç–«è‹—å‘è¯æœº\yiwan-vaccinedispenser_-v1.0\yiwan-vaccinedispenser-admin)
2024-07-06 18:32:06.326  INFO 21312 --- [main] YuandiInjectiondispenserApplicationTests : The following 1 profile is active: "dev"
2024-07-06 18:32:08.992  INFO 21312 --- [main] .s.d.r.c.RepositoryConfigurationDelegate : Multiple Spring Data modules found, entering strict repository configuration mode
2024-07-06 18:32:08.998  INFO 21312 --- [main] .s.d.r.c.RepositoryConfigurationDelegate : Bootstrapping Spring Data Redis repositories in DEFAULT mode.
2024-07-06 18:32:09.113  INFO 21312 --- [main] .s.d.r.c.RepositoryConfigurationDelegate : Finished Spring Data repository scanning in 85 ms. Found 0 Redis repository interfaces.
2024-07-06 18:32:12.942  INFO 21312 --- [main] c.y.v.system.com.ComService              : è¿æ¥ä¸²å£ï¼šCOM10å¤±è´¥ï¼
2024-07-06 18:32:12.948  INFO 21312 --- [main] c.y.v.c.websocket.utils.WebSocketUtils   : å‘é€æ¶ˆæ¯åˆ°:2000ï¼ŒæŠ¥æ–‡:{code=Command(2024, å·¦è¾¹æµ‹è·), data=fail}
2024-07-06 18:32:12.950 ERROR 21312 --- [main] c.y.v.c.websocket.utils.WebSocketUtils   : é¡µé¢id:2000,ä¸åœ¨çº¿ï¼
2024-07-06 18:32:13.160  INFO 21312 --- [main] c.y.v.system.com.ComService              : è¿æ¥ä¸²å£ï¼šCOM9å¤±è´¥ï¼
2024-07-06 18:32:13.161  INFO 21312 --- [main] c.y.v.c.websocket.utils.WebSocketUtils   : å‘é€æ¶ˆæ¯åˆ°:2000ï¼ŒæŠ¥æ–‡:{code=Command(2025, å³è¾¹æµ‹è·), data=fail}
2024-07-06 18:32:13.161 ERROR 21312 --- [main] c.y.v.c.websocket.utils.WebSocketUtils   : é¡µé¢id:2000,ä¸åœ¨çº¿ï¼
2024-07-06 18:32:13.364  INFO 21312 --- [main] c.y.v.system.com.ComService              : è¿æ¥ä¸²å£ï¼šCOM4å¤±è´¥ï¼
2024-07-06 18:32:13.365  INFO 21312 --- [main] c.y.v.c.websocket.utils.WebSocketUtils   : å‘é€æ¶ˆæ¯åˆ°:2000ï¼ŒæŠ¥æ–‡:{code=Command(2026, ä¸Šæ–¹æµ‹è·), data=fail}
2024-07-06 18:32:13.366 ERROR 21312 --- [main] c.y.v.c.websocket.utils.WebSocketUtils   : é¡µé¢id:2000,ä¸åœ¨çº¿ï¼
2024-07-06 18:32:14.724  INFO 21312 --- [main] com.zaxxer.hikari.HikariDataSource       : HikariPool-1 - Starting...
2024-07-06 18:32:15.126  INFO 21312 --- [main] com.zaxxer.hikari.HikariDataSource       : HikariPool-1 - Start completed.
2024-07-06 18:32:15.222  INFO 21312 --- [main] c.y.v.system.netty.NettyClient           : å½“å‰å®¢æˆ·ç«¯ï¼šA, è¿›è¡Œåˆå§‹åŒ–
2024-07-06 18:32:15.306  INFO 21312 --- [main] c.y.v.system.netty.NettyClient           : å½“å‰å®¢æˆ·ç«¯ï¼šB, è¿›è¡Œåˆå§‹åŒ–
2024-07-06 18:32:15.396  INFO 21312 --- [main] c.y.v.system.netty.NettyClient           : å½“å‰å®¢æˆ·ç«¯ï¼šC, è¿›è¡Œåˆå§‹åŒ–
2024-07-06 18:32:19.404  INFO 21312 --- [main] o.y.standard.ServerEndpointExporter      : [34mNetty WebSocket started on port: 8880 with context path(s): '/websocket/{pageId}' .[0m
2024-07-06 18:32:19.453  INFO 21312 --- [main] YuandiInjectiondispenserApplicationTests : Started YuandiInjectiondispenserApplicationTests in 14.429 seconds (JVM running for 16.741)
2024-07-06 18:32:20.779  INFO 21312 --- [main] YuandiInjectiondispenserApplicationTests : {"MondayLast":1,"LastTuesday":0,"LastThursday":0,"Monday":0,"LastMonday":0,"Saturday":2,"LastSaturday":0,"Thursday":0,"LastFriday":0,"Friday":0,"Sunday":0,"Wednesday":0,"LastWednesday":0,"LastSunday":0,"Tuesday":0}
2024-07-06 18:32:20.836  INFO 21312 --- [SpringApplicationShutdownHook] com.zaxxer.hikari.HikariDataSource       : HikariPool-1 - Shutdown initiated...
2024-07-06 18:32:21.142  INFO 21312 --- [SpringApplicationShutdownHook] com.zaxxer.hikari.HikariDataSource       : HikariPool-1 - Shutdown completed.
2024-07-06 18:33:52.002  INFO 8756 --- [main] YuandiInjectiondispenserApplicationTests : Starting YuandiInjectiondispenserApplicationTests using Java 17.0.9 on ZH with PID 8756 (started by 78671 in D:\work\ç–«è‹—å‘è¯æœº\yiwan-vaccinedispenser_-v1.0\yiwan-vaccinedispenser-admin)
2024-07-06 18:33:52.005  INFO 8756 --- [main] YuandiInjectiondispenserApplicationTests : The following 1 profile is active: "dev"
2024-07-06 18:33:54.162  INFO 8756 --- [main] .s.d.r.c.RepositoryConfigurationDelegate : Multiple Spring Data modules found, entering strict repository configuration mode
2024-07-06 18:33:54.167  INFO 8756 --- [main] .s.d.r.c.RepositoryConfigurationDelegate : Bootstrapping Spring Data Redis repositories in DEFAULT mode.
2024-07-06 18:33:54.301  INFO 8756 --- [main] .s.d.r.c.RepositoryConfigurationDelegate : Finished Spring Data repository scanning in 101 ms. Found 0 Redis repository interfaces.
2024-07-06 18:33:58.308  INFO 8756 --- [main] c.y.v.system.com.ComService              : è¿æ¥ä¸²å£ï¼šCOM10å¤±è´¥ï¼
2024-07-06 18:33:58.313  INFO 8756 --- [main] c.y.v.c.websocket.utils.WebSocketUtils   : å‘é€æ¶ˆæ¯åˆ°:2000ï¼ŒæŠ¥æ–‡:{code=Command(2024, å·¦è¾¹æµ‹è·), data=fail}
2024-07-06 18:33:58.315 ERROR 8756 --- [main] c.y.v.c.websocket.utils.WebSocketUtils   : é¡µé¢id:2000,ä¸åœ¨çº¿ï¼
2024-07-06 18:33:58.526  INFO 8756 --- [main] c.y.v.system.com.ComService              : è¿æ¥ä¸²å£ï¼šCOM9å¤±è´¥ï¼
2024-07-06 18:33:58.527  INFO 8756 --- [main] c.y.v.c.websocket.utils.WebSocketUtils   : å‘é€æ¶ˆæ¯åˆ°:2000ï¼ŒæŠ¥æ–‡:{code=Command(2025, å³è¾¹æµ‹è·), data=fail}
2024-07-06 18:33:58.528 ERROR 8756 --- [main] c.y.v.c.websocket.utils.WebSocketUtils   : é¡µé¢id:2000,ä¸åœ¨çº¿ï¼
2024-07-06 18:33:58.744  INFO 8756 --- [main] c.y.v.system.com.ComService              : è¿æ¥ä¸²å£ï¼šCOM4å¤±è´¥ï¼
2024-07-06 18:33:58.744  INFO 8756 --- [main] c.y.v.c.websocket.utils.WebSocketUtils   : å‘é€æ¶ˆæ¯åˆ°:2000ï¼ŒæŠ¥æ–‡:{code=Command(2026, ä¸Šæ–¹æµ‹è·), data=fail}
2024-07-06 18:33:58.745 ERROR 8756 --- [main] c.y.v.c.websocket.utils.WebSocketUtils   : é¡µé¢id:2000,ä¸åœ¨çº¿ï¼
2024-07-06 18:34:00.051  INFO 8756 --- [main] com.zaxxer.hikari.HikariDataSource       : HikariPool-1 - Starting...
2024-07-06 18:34:00.518  INFO 8756 --- [main] com.zaxxer.hikari.HikariDataSource       : HikariPool-1 - Start completed.
2024-07-06 18:34:00.627  INFO 8756 --- [main] c.y.v.system.netty.NettyClient           : å½“å‰å®¢æˆ·ç«¯ï¼šA, è¿›è¡Œåˆå§‹åŒ–
2024-07-06 18:34:00.724  INFO 8756 --- [main] c.y.v.system.netty.NettyClient           : å½“å‰å®¢æˆ·ç«¯ï¼šB, è¿›è¡Œåˆå§‹åŒ–
2024-07-06 18:34:00.833  INFO 8756 --- [main] c.y.v.system.netty.NettyClient           : å½“å‰å®¢æˆ·ç«¯ï¼šC, è¿›è¡Œåˆå§‹åŒ–
2024-07-06 18:34:04.538  INFO 8756 --- [main] o.y.standard.ServerEndpointExporter      : [34mNetty WebSocket started on port: 8880 with context path(s): '/websocket/{pageId}' .[0m
2024-07-06 18:34:04.578  INFO 8756 --- [main] YuandiInjectiondispenserApplicationTests : Started YuandiInjectiondispenserApplicationTests in 13.709 seconds (JVM running for 16.082)
2024-07-06 18:34:05.930  INFO 8756 --- [main] YuandiInjectiondispenserApplicationTests : {"LastTuesday":0,"LastThursday":0,"Monday":0,"LastMonday":1,"Saturday":1,"LastSaturday":1,"Thursday":0,"LastFriday":0,"Friday":0,"Sunday":0,"Wednesday":0,"LastWednesday":0,"LastSunday":0,"Tuesday":0}
2024-07-06 18:34:05.982  INFO 8756 --- [SpringApplicationShutdownHook] com.zaxxer.hikari.HikariDataSource       : HikariPool-1 - Shutdown initiated...
2024-07-06 18:34:06.527  INFO 8756 --- [SpringApplicationShutdownHook] com.zaxxer.hikari.HikariDataSource       : HikariPool-1 - Shutdown completed.
2024-07-06 18:34:52.538  INFO 21520 --- [main] YuandiInjectiondispenserApplicationTests : Starting YuandiInjectiondispenserApplicationTests using Java 17.0.9 on ZH with PID 21520 (started by 78671 in D:\work\ç–«è‹—å‘è¯æœº\yiwan-vaccinedispenser_-v1.0\yiwan-vaccinedispenser-admin)
2024-07-06 18:34:52.543  INFO 21520 --- [main] YuandiInjectiondispenserApplicationTests : The following 1 profile is active: "dev"
2024-07-06 18:34:55.180  INFO 21520 --- [main] .s.d.r.c.RepositoryConfigurationDelegate : Multiple Spring Data modules found, entering strict repository configuration mode
2024-07-06 18:34:55.186  INFO 21520 --- [main] .s.d.r.c.RepositoryConfigurationDelegate : Bootstrapping Spring Data Redis repositories in DEFAULT mode.
2024-07-06 18:34:55.313  INFO 21520 --- [main] .s.d.r.c.RepositoryConfigurationDelegate : Finished Spring Data repository scanning in 89 ms. Found 0 Redis repository interfaces.
2024-07-06 18:34:59.455  INFO 21520 --- [main] c.y.v.system.com.ComService              : è¿æ¥ä¸²å£ï¼šCOM10å¤±è´¥ï¼
2024-07-06 18:34:59.463  INFO 21520 --- [main] c.y.v.c.websocket.utils.WebSocketUtils   : å‘é€æ¶ˆæ¯åˆ°:2000ï¼ŒæŠ¥æ–‡:{code=Command(2024, å·¦è¾¹æµ‹è·), data=fail}
2024-07-06 18:34:59.466 ERROR 21520 --- [main] c.y.v.c.websocket.utils.WebSocketUtils   : é¡µé¢id:2000,ä¸åœ¨çº¿ï¼
2024-07-06 18:34:59.680  INFO 21520 --- [main] c.y.v.system.com.ComService              : è¿æ¥ä¸²å£ï¼šCOM9å¤±è´¥ï¼
2024-07-06 18:34:59.682  INFO 21520 --- [main] c.y.v.c.websocket.utils.WebSocketUtils   : å‘é€æ¶ˆæ¯åˆ°:2000ï¼ŒæŠ¥æ–‡:{code=Command(2025, å³è¾¹æµ‹è·), data=fail}
2024-07-06 18:34:59.683 ERROR 21520 --- [main] c.y.v.c.websocket.utils.WebSocketUtils   : é¡µé¢id:2000,ä¸åœ¨çº¿ï¼
2024-07-06 18:34:59.891  INFO 21520 --- [main] c.y.v.system.com.ComService              : è¿æ¥ä¸²å£ï¼šCOM4å¤±è´¥ï¼
2024-07-06 18:34:59.893  INFO 21520 --- [main] c.y.v.c.websocket.utils.WebSocketUtils   : å‘é€æ¶ˆæ¯åˆ°:2000ï¼ŒæŠ¥æ–‡:{code=Command(2026, ä¸Šæ–¹æµ‹è·), data=fail}
2024-07-06 18:34:59.894 ERROR 21520 --- [main] c.y.v.c.websocket.utils.WebSocketUtils   : é¡µé¢id:2000,ä¸åœ¨çº¿ï¼
2024-07-06 18:35:01.293  INFO 21520 --- [main] com.zaxxer.hikari.HikariDataSource       : HikariPool-1 - Starting...
2024-07-06 18:35:01.704  INFO 21520 --- [main] com.zaxxer.hikari.HikariDataSource       : HikariPool-1 - Start completed.
2024-07-06 18:35:01.804  INFO 21520 --- [main] c.y.v.system.netty.NettyClient           : å½“å‰å®¢æˆ·ç«¯ï¼šA, è¿›è¡Œåˆå§‹åŒ–
2024-07-06 18:35:01.891  INFO 21520 --- [main] c.y.v.system.netty.NettyClient           : å½“å‰å®¢æˆ·ç«¯ï¼šB, è¿›è¡Œåˆå§‹åŒ–
2024-07-06 18:35:01.990  INFO 21520 --- [main] c.y.v.system.netty.NettyClient           : å½“å‰å®¢æˆ·ç«¯ï¼šC, è¿›è¡Œåˆå§‹åŒ–
2024-07-06 18:35:05.955  INFO 21520 --- [main] o.y.standard.ServerEndpointExporter      : [34mNetty WebSocket started on port: 8880 with context path(s): '/websocket/{pageId}' .[0m
2024-07-06 18:35:05.999  INFO 21520 --- [main] YuandiInjectiondispenserApplicationTests : Started YuandiInjectiondispenserApplicationTests in 14.891 seconds (JVM running for 17.11)
2024-07-06 18:35:07.524  INFO 21520 --- [main] YuandiInjectiondispenserApplicationTests : {"LastTuesday":0,"LastThursday":0,"Monday":0,"LastMonday":0,"Saturday":1,"LastSaturday":1,"Thursday":0,"LastFriday":0,"Friday":0,"Sunday":1,"Wednesday":0,"LastWednesday":0,"LastSunday":0,"Tuesday":0}
2024-07-06 18:35:07.571  INFO 21520 --- [SpringApplicationShutdownHook] com.zaxxer.hikari.HikariDataSource       : HikariPool-1 - Shutdown initiated...
2024-07-06 18:35:07.766  INFO 21520 --- [SpringApplicationShutdownHook] com.zaxxer.hikari.HikariDataSource       : HikariPool-1 - Shutdown completed.
2024-07-06 18:36:24.248  INFO 20548 --- [main] YuandiInjectiondispenserApplicationTests : Starting YuandiInjectiondispenserApplicationTests using Java 17.0.9 on ZH with PID 20548 (started by 78671 in D:\work\ç–«è‹—å‘è¯æœº\yiwan-vaccinedispenser_-v1.0\yiwan-vaccinedispenser-admin)
2024-07-06 18:36:24.251  INFO 20548 --- [main] YuandiInjectiondispenserApplicationTests : The following 1 profile is active: "dev"
2024-07-06 18:36:26.280  INFO 20548 --- [main] .s.d.r.c.RepositoryConfigurationDelegate : Multiple Spring Data modules found, entering strict repository configuration mode
2024-07-06 18:36:26.287  INFO 20548 --- [main] .s.d.r.c.RepositoryConfigurationDelegate : Bootstrapping Spring Data Redis repositories in DEFAULT mode.
2024-07-06 18:36:26.406  INFO 20548 --- [main] .s.d.r.c.RepositoryConfigurationDelegate : Finished Spring Data repository scanning in 86 ms. Found 0 Redis repository interfaces.
2024-07-06 18:36:32.113  INFO 20548 --- [main] c.y.v.system.com.ComService              : è¿æ¥ä¸²å£ï¼šCOM10å¤±è´¥ï¼
2024-07-06 18:36:32.119  INFO 20548 --- [main] c.y.v.c.websocket.utils.WebSocketUtils   : å‘é€æ¶ˆæ¯åˆ°:2000ï¼ŒæŠ¥æ–‡:{code=Command(2024, å·¦è¾¹æµ‹è·), data=fail}
2024-07-06 18:36:32.122 ERROR 20548 --- [main] c.y.v.c.websocket.utils.WebSocketUtils   : é¡µé¢id:2000,ä¸åœ¨çº¿ï¼
2024-07-06 18:36:32.332  INFO 20548 --- [main] c.y.v.system.com.ComService              : è¿æ¥ä¸²å£ï¼šCOM9å¤±è´¥ï¼
2024-07-06 18:36:32.334  INFO 20548 --- [main] c.y.v.c.websocket.utils.WebSocketUtils   : å‘é€æ¶ˆæ¯åˆ°:2000ï¼ŒæŠ¥æ–‡:{code=Command(2025, å³è¾¹æµ‹è·), data=fail}
2024-07-06 18:36:32.334 ERROR 20548 --- [main] c.y.v.c.websocket.utils.WebSocketUtils   : é¡µé¢id:2000,ä¸åœ¨çº¿ï¼
2024-07-06 18:36:32.536  INFO 20548 --- [main] c.y.v.system.com.ComService              : è¿æ¥ä¸²å£ï¼šCOM4å¤±è´¥ï¼
2024-07-06 18:36:32.536  INFO 20548 --- [main] c.y.v.c.websocket.utils.WebSocketUtils   : å‘é€æ¶ˆæ¯åˆ°:2000ï¼ŒæŠ¥æ–‡:{code=Command(2026, ä¸Šæ–¹æµ‹è·), data=fail}
2024-07-06 18:36:32.536 ERROR 20548 --- [main] c.y.v.c.websocket.utils.WebSocketUtils   : é¡µé¢id:2000,ä¸åœ¨çº¿ï¼
2024-07-06 18:36:34.219  INFO 20548 --- [main] com.zaxxer.hikari.HikariDataSource       : HikariPool-1 - Starting...
2024-07-06 18:36:34.610  INFO 20548 --- [main] com.zaxxer.hikari.HikariDataSource       : HikariPool-1 - Start completed.
2024-07-06 18:36:34.700  INFO 20548 --- [main] c.y.v.system.netty.NettyClient           : å½“å‰å®¢æˆ·ç«¯ï¼šA, è¿›è¡Œåˆå§‹åŒ–
2024-07-06 18:36:34.798  INFO 20548 --- [main] c.y.v.system.netty.NettyClient           : å½“å‰å®¢æˆ·ç«¯ï¼šB, è¿›è¡Œåˆå§‹åŒ–
2024-07-06 18:36:34.899  INFO 20548 --- [main] c.y.v.system.netty.NettyClient           : å½“å‰å®¢æˆ·ç«¯ï¼šC, è¿›è¡Œåˆå§‹åŒ–
2024-07-06 18:36:41.130  INFO 20548 --- [main] o.y.standard.ServerEndpointExporter      : [34mNetty WebSocket started on port: 8880 with context path(s): '/websocket/{pageId}' .[0m
2024-07-06 18:36:41.183  INFO 20548 --- [main] YuandiInjectiondispenserApplicationTests : Started YuandiInjectiondispenserApplicationTests in 18.917 seconds (JVM running for 22.037)
2024-07-06 18:36:42.457  INFO 20548 --- [main] v.s.s.s.v.i.VacSendDrugRecordServiceImpl : 6
2024-07-06 18:36:42.576  INFO 20548 --- [main] YuandiInjectiondispenserApplicationTests : {"LastTuesday":0,"LastThursday":0,"Monday":0,"LastMonday":0,"Saturday":2,"LastSaturday":0,"Thursday":0,"LastFriday":0,"Friday":0,"Sunday":1,"Wednesday":0,"LastWednesday":0,"LastSunday":0,"Tuesday":0}
2024-07-06 18:36:42.635  INFO 20548 --- [SpringApplicationShutdownHook] com.zaxxer.hikari.HikariDataSource       : HikariPool-1 - Shutdown initiated...
2024-07-06 18:36:44.729  INFO 20548 --- [SpringApplicationShutdownHook] com.zaxxer.hikari.HikariDataSource       : HikariPool-1 - Shutdown completed.
2024-07-06 18:38:57.478  INFO 18008 --- [main] YuandiInjectiondispenserApplicationTests : Starting YuandiInjectiondispenserApplicationTests using Java 17.0.9 on ZH with PID 18008 (started by 78671 in D:\work\ç–«è‹—å‘è¯æœº\yiwan-vaccinedispenser_-v1.0\yiwan-vaccinedispenser-admin)
2024-07-06 18:38:57.484  INFO 18008 --- [main] YuandiInjectiondispenserApplicationTests : The following 1 profile is active: "dev"
2024-07-06 18:39:00.321  INFO 18008 --- [main] .s.d.r.c.RepositoryConfigurationDelegate : Multiple Spring Data modules found, entering strict repository configuration mode
2024-07-06 18:39:00.330  INFO 18008 --- [main] .s.d.r.c.RepositoryConfigurationDelegate : Bootstrapping Spring Data Redis repositories in DEFAULT mode.
2024-07-06 18:39:00.533  INFO 18008 --- [main] .s.d.r.c.RepositoryConfigurationDelegate : Finished Spring Data repository scanning in 155 ms. Found 0 Redis repository interfaces.
2024-07-06 18:39:06.197  INFO 18008 --- [main] c.y.v.system.com.ComService              : è¿æ¥ä¸²å£ï¼šCOM10å¤±è´¥ï¼
2024-07-06 18:39:06.207  INFO 18008 --- [main] c.y.v.c.websocket.utils.WebSocketUtils   : å‘é€æ¶ˆæ¯åˆ°:2000ï¼ŒæŠ¥æ–‡:{code=Command(2024, å·¦è¾¹æµ‹è·), data=fail}
2024-07-06 18:39:06.211 ERROR 18008 --- [main] c.y.v.c.websocket.utils.WebSocketUtils   : é¡µé¢id:2000,ä¸åœ¨çº¿ï¼
2024-07-06 18:39:06.415  INFO 18008 --- [main] c.y.v.system.com.ComService              : è¿æ¥ä¸²å£ï¼šCOM9å¤±è´¥ï¼
2024-07-06 18:39:06.417  INFO 18008 --- [main] c.y.v.c.websocket.utils.WebSocketUtils   : å‘é€æ¶ˆæ¯åˆ°:2000ï¼ŒæŠ¥æ–‡:{code=Command(2025, å³è¾¹æµ‹è·), data=fail}
2024-07-06 18:39:06.418 ERROR 18008 --- [main] c.y.v.c.websocket.utils.WebSocketUtils   : é¡µé¢id:2000,ä¸åœ¨çº¿ï¼
2024-07-06 18:39:06.633  INFO 18008 --- [main] c.y.v.system.com.ComService              : è¿æ¥ä¸²å£ï¼šCOM4å¤±è´¥ï¼
2024-07-06 18:39:06.634  INFO 18008 --- [main] c.y.v.c.websocket.utils.WebSocketUtils   : å‘é€æ¶ˆæ¯åˆ°:2000ï¼ŒæŠ¥æ–‡:{code=Command(2026, ä¸Šæ–¹æµ‹è·), data=fail}
2024-07-06 18:39:06.634 ERROR 18008 --- [main] c.y.v.c.websocket.utils.WebSocketUtils   : é¡µé¢id:2000,ä¸åœ¨çº¿ï¼
2024-07-06 18:39:08.655  INFO 18008 --- [main] com.zaxxer.hikari.HikariDataSource       : HikariPool-1 - Starting...
2024-07-06 18:39:09.021  INFO 18008 --- [main] com.zaxxer.hikari.HikariDataSource       : HikariPool-1 - Start completed.
2024-07-06 18:39:09.103  INFO 18008 --- [main] c.y.v.system.netty.NettyClient           : å½“å‰å®¢æˆ·ç«¯ï¼šA, è¿›è¡Œåˆå§‹åŒ–
2024-07-06 18:39:09.199  INFO 18008 --- [main] c.y.v.system.netty.NettyClient           : å½“å‰å®¢æˆ·ç«¯ï¼šB, è¿›è¡Œåˆå§‹åŒ–
2024-07-06 18:39:09.264  INFO 18008 --- [main] c.y.v.system.netty.NettyClient           : å½“å‰å®¢æˆ·ç«¯ï¼šC, è¿›è¡Œåˆå§‹åŒ–
2024-07-06 18:39:14.684  INFO 18008 --- [main] o.y.standard.ServerEndpointExporter      : [34mNetty WebSocket started on port: 8880 with context path(s): '/websocket/{pageId}' .[0m
2024-07-06 18:39:14.743  INFO 18008 --- [main] YuandiInjectiondispenserApplicationTests : Started YuandiInjectiondispenserApplicationTests in 18.532 seconds (JVM running for 20.642)
2024-07-06 18:39:16.211  INFO 18008 --- [main] YuandiInjectiondispenserApplicationTests : {"LastTuesday":0,"LastThursday":0,"Monday":0,"LastMonday":0,"Saturday":1,"LastSaturday":1,"Thursday":0,"LastFriday":0,"Friday":0,"Sunday":1,"Wednesday":0,"LastWednesday":0,"LastSunday":0,"Tuesday":0}
2024-07-06 18:39:16.274  INFO 18008 --- [SpringApplicationShutdownHook] com.zaxxer.hikari.HikariDataSource       : HikariPool-1 - Shutdown initiated...
2024-07-06 18:39:17.906  INFO 18008 --- [SpringApplicationShutdownHook] com.zaxxer.hikari.HikariDataSource       : HikariPool-1 - Shutdown completed.
2024-07-06 18:39:37.608  INFO 2532 --- [main] YuandiInjectiondispenserApplicationTests : Starting YuandiInjectiondispenserApplicationTests using Java 17.0.9 on ZH with PID 2532 (started by 78671 in D:\work\ç–«è‹—å‘è¯æœº\yiwan-vaccinedispenser_-v1.0\yiwan-vaccinedispenser-admin)
2024-07-06 18:39:37.611  INFO 2532 --- [main] YuandiInjectiondispenserApplicationTests : The following 1 profile is active: "dev"
2024-07-06 18:39:39.646  INFO 2532 --- [main] .s.d.r.c.RepositoryConfigurationDelegate : Multiple Spring Data modules found, entering strict repository configuration mode
2024-07-06 18:39:39.651  INFO 2532 --- [main] .s.d.r.c.RepositoryConfigurationDelegate : Bootstrapping Spring Data Redis repositories in DEFAULT mode.
2024-07-06 18:39:39.766  INFO 2532 --- [main] .s.d.r.c.RepositoryConfigurationDelegate : Finished Spring Data repository scanning in 82 ms. Found 0 Redis repository interfaces.
2024-07-06 18:39:44.902  INFO 2532 --- [main] c.y.v.system.com.ComService              : è¿æ¥ä¸²å£ï¼šCOM10å¤±è´¥ï¼
2024-07-06 18:39:44.908  INFO 2532 --- [main] c.y.v.c.websocket.utils.WebSocketUtils   : å‘é€æ¶ˆæ¯åˆ°:2000ï¼ŒæŠ¥æ–‡:{code=Command(2024, å·¦è¾¹æµ‹è·), data=fail}
2024-07-06 18:39:44.916 ERROR 2532 --- [main] c.y.v.c.websocket.utils.WebSocketUtils   : é¡µé¢id:2000,ä¸åœ¨çº¿ï¼
2024-07-06 18:39:45.128  INFO 2532 --- [main] c.y.v.system.com.ComService              : è¿æ¥ä¸²å£ï¼šCOM9å¤±è´¥ï¼
2024-07-06 18:39:45.129  INFO 2532 --- [main] c.y.v.c.websocket.utils.WebSocketUtils   : å‘é€æ¶ˆæ¯åˆ°:2000ï¼ŒæŠ¥æ–‡:{code=Command(2025, å³è¾¹æµ‹è·), data=fail}
2024-07-06 18:39:45.129 ERROR 2532 --- [main] c.y.v.c.websocket.utils.WebSocketUtils   : é¡µé¢id:2000,ä¸åœ¨çº¿ï¼
2024-07-06 18:39:45.341  INFO 2532 --- [main] c.y.v.system.com.ComService              : è¿æ¥ä¸²å£ï¼šCOM4å¤±è´¥ï¼
2024-07-06 18:39:45.342  INFO 2532 --- [main] c.y.v.c.websocket.utils.WebSocketUtils   : å‘é€æ¶ˆæ¯åˆ°:2000ï¼ŒæŠ¥æ–‡:{code=Command(2026, ä¸Šæ–¹æµ‹è·), data=fail}
2024-07-06 18:39:45.343 ERROR 2532 --- [main] c.y.v.c.websocket.utils.WebSocketUtils   : é¡µé¢id:2000,ä¸åœ¨çº¿ï¼
2024-07-06 18:39:47.106  INFO 2532 --- [main] com.zaxxer.hikari.HikariDataSource       : HikariPool-1 - Starting...
2024-07-06 18:39:47.558  INFO 2532 --- [main] com.zaxxer.hikari.HikariDataSource       : HikariPool-1 - Start completed.
2024-07-06 18:39:47.671  INFO 2532 --- [main] c.y.v.system.netty.NettyClient           : å½“å‰å®¢æˆ·ç«¯ï¼šA, è¿›è¡Œåˆå§‹åŒ–
2024-07-06 18:39:47.780  INFO 2532 --- [main] c.y.v.system.netty.NettyClient           : å½“å‰å®¢æˆ·ç«¯ï¼šB, è¿›è¡Œåˆå§‹åŒ–
2024-07-06 18:39:47.899  INFO 2532 --- [main] c.y.v.system.netty.NettyClient           : å½“å‰å®¢æˆ·ç«¯ï¼šC, è¿›è¡Œåˆå§‹åŒ–
2024-07-06 18:39:54.346  INFO 2532 --- [main] o.y.standard.ServerEndpointExporter      : [34mNetty WebSocket started on port: 8880 with context path(s): '/websocket/{pageId}' .[0m
2024-07-06 18:39:54.391  INFO 2532 --- [main] YuandiInjectiondispenserApplicationTests : Started YuandiInjectiondispenserApplicationTests in 17.897 seconds (JVM running for 20.581)
2024-07-06 18:39:55.685  INFO 2532 --- [main] YuandiInjectiondispenserApplicationTests : {"LastTuesday":0,"LastThursday":0,"Monday":0,"LastMonday":0,"Saturday":1,"LastSaturday":1,"Thursday":0,"LastFriday":0,"Friday":0,"Sunday":1,"Wednesday":0,"LastWednesday":0,"LastSunday":0,"Tuesday":0}
2024-07-06 18:39:55.742  INFO 2532 --- [SpringApplicationShutdownHook] com.zaxxer.hikari.HikariDataSource       : HikariPool-1 - Shutdown initiated...
2024-07-06 18:39:56.533  INFO 2532 --- [SpringApplicationShutdownHook] com.zaxxer.hikari.HikariDataSource       : HikariPool-1 - Shutdown completed.
2024-07-06 18:40:23.079  INFO 9788 --- [main] YuandiInjectiondispenserApplicationTests : Starting YuandiInjectiondispenserApplicationTests using Java 17.0.9 on ZH with PID 9788 (started by 78671 in D:\work\ç–«è‹—å‘è¯æœº\yiwan-vaccinedispenser_-v1.0\yiwan-vaccinedispenser-admin)
2024-07-06 18:40:23.082  INFO 9788 --- [main] YuandiInjectiondispenserApplicationTests : The following 1 profile is active: "dev"
2024-07-06 18:40:25.136  INFO 9788 --- [main] .s.d.r.c.RepositoryConfigurationDelegate : Multiple Spring Data modules found, entering strict repository configuration mode
2024-07-06 18:40:25.141  INFO 9788 --- [main] .s.d.r.c.RepositoryConfigurationDelegate : Bootstrapping Spring Data Redis repositories in DEFAULT mode.
2024-07-06 18:40:25.251  INFO 9788 --- [main] .s.d.r.c.RepositoryConfigurationDelegate : Finished Spring Data repository scanning in 86 ms. Found 0 Redis repository interfaces.
2024-07-06 18:40:29.225  INFO 9788 --- [main] c.y.v.system.com.ComService              : è¿æ¥ä¸²å£ï¼šCOM10å¤±è´¥ï¼
2024-07-06 18:40:29.230  INFO 9788 --- [main] c.y.v.c.websocket.utils.WebSocketUtils   : å‘é€æ¶ˆæ¯åˆ°:2000ï¼ŒæŠ¥æ–‡:{code=Command(2024, å·¦è¾¹æµ‹è·), data=fail}
2024-07-06 18:40:29.234 ERROR 9788 --- [main] c.y.v.c.websocket.utils.WebSocketUtils   : é¡µé¢id:2000,ä¸åœ¨çº¿ï¼
2024-07-06 18:40:29.441  INFO 9788 --- [main] c.y.v.system.com.ComService              : è¿æ¥ä¸²å£ï¼šCOM9å¤±è´¥ï¼
2024-07-06 18:40:29.443  INFO 9788 --- [main] c.y.v.c.websocket.utils.WebSocketUtils   : å‘é€æ¶ˆæ¯åˆ°:2000ï¼ŒæŠ¥æ–‡:{code=Command(2025, å³è¾¹æµ‹è·), data=fail}
2024-07-06 18:40:29.443 ERROR 9788 --- [main] c.y.v.c.websocket.utils.WebSocketUtils   : é¡µé¢id:2000,ä¸åœ¨çº¿ï¼
2024-07-06 18:40:29.644  INFO 9788 --- [main] c.y.v.system.com.ComService              : è¿æ¥ä¸²å£ï¼šCOM4å¤±è´¥ï¼
2024-07-06 18:40:29.645  INFO 9788 --- [main] c.y.v.c.websocket.utils.WebSocketUtils   : å‘é€æ¶ˆæ¯åˆ°:2000ï¼ŒæŠ¥æ–‡:{code=Command(2026, ä¸Šæ–¹æµ‹è·), data=fail}
2024-07-06 18:40:29.646 ERROR 9788 --- [main] c.y.v.c.websocket.utils.WebSocketUtils   : é¡µé¢id:2000,ä¸åœ¨çº¿ï¼
2024-07-06 18:40:31.099  INFO 9788 --- [main] com.zaxxer.hikari.HikariDataSource       : HikariPool-1 - Starting...
2024-07-06 18:40:31.493  INFO 9788 --- [main] com.zaxxer.hikari.HikariDataSource       : HikariPool-1 - Start completed.
2024-07-06 18:40:31.594  INFO 9788 --- [main] c.y.v.system.netty.NettyClient           : å½“å‰å®¢æˆ·ç«¯ï¼šA, è¿›è¡Œåˆå§‹åŒ–
2024-07-06 18:40:31.679  INFO 9788 --- [main] c.y.v.system.netty.NettyClient           : å½“å‰å®¢æˆ·ç«¯ï¼šB, è¿›è¡Œåˆå§‹åŒ–
2024-07-06 18:40:31.781  INFO 9788 --- [main] c.y.v.system.netty.NettyClient           : å½“å‰å®¢æˆ·ç«¯ï¼šC, è¿›è¡Œåˆå§‹åŒ–
2024-07-06 18:40:35.724  INFO 9788 --- [main] o.y.standard.ServerEndpointExporter      : [34mNetty WebSocket started on port: 8880 with context path(s): '/websocket/{pageId}' .[0m
2024-07-06 18:40:35.762  INFO 9788 --- [main] YuandiInjectiondispenserApplicationTests : Started YuandiInjectiondispenserApplicationTests in 13.79 seconds (JVM running for 15.983)
2024-07-06 18:40:37.046  INFO 9788 --- [main] YuandiInjectiondispenserApplicationTests : {"LastTuesday":0,"LastThursday":0,"Monday":0,"LastMonday":0,"Saturday":1,"LastSaturday":1,"Thursday":0,"LastFriday":0,"Friday":0,"Sunday":0,"Wednesday":0,"LastWednesday":0,"LastSunday":1,"Tuesday":0}
2024-07-06 18:40:37.096  INFO 9788 --- [SpringApplicationShutdownHook] com.zaxxer.hikari.HikariDataSource       : HikariPool-1 - Shutdown initiated...
2024-07-06 18:40:37.539  INFO 9788 --- [SpringApplicationShutdownHook] com.zaxxer.hikari.HikariDataSource       : HikariPool-1 - Shutdown completed.
