2024-08-14 14:20:50.916  INFO 11380 --- [main] YuandiInjectiondispenserApplicationTests : Starting YuandiInjectiondispenserApplicationTests using Java 17.0.9 on ZH with PID 11380 (started by 78671 in D:\work\ç–«è‹—å‘è¯æœº\yiwan-vaccinedispenser_-v1.0\yiwan-vaccinedispenser-admin)
2024-08-14 14:20:50.920  INFO 11380 --- [main] YuandiInjectiondispenserApplicationTests : The following 1 profile is active: "dev"
2024-08-14 14:20:56.594  INFO 11380 --- [main] .s.d.r.c.RepositoryConfigurationDelegate : Multiple Spring Data modules found, entering strict repository configuration mode
2024-08-14 14:20:56.600  INFO 11380 --- [main] .s.d.r.c.RepositoryConfigurationDelegate : Bootstrapping Spring Data Redis repositories in DEFAULT mode.
2024-08-14 14:20:56.720  INFO 11380 --- [main] .s.d.r.c.RepositoryConfigurationDelegate : Finished Spring Data repository scanning in 84 ms. Found 0 Redis repository interfaces.
2024-08-14 14:21:00.871  INFO 11380 --- [main] c.y.v.system.com.ComService              : è¿æ¥ä¸²å£ï¼šCOM10å¤±è´¥ï¼
2024-08-14 14:21:01.093  INFO 11380 --- [main] c.y.v.system.com.ComService              : è¿æ¥ä¸²å£ï¼šCOM9å¤±è´¥ï¼
2024-08-14 14:21:01.307  INFO 11380 --- [main] c.y.v.system.com.ComService              : è¿æ¥ä¸²å£ï¼šCOM4å¤±è´¥ï¼
2024-08-14 14:21:02.583  INFO 11380 --- [main] com.zaxxer.hikari.HikariDataSource       : HikariPool-1 - Starting...
2024-08-14 14:21:03.020  INFO 11380 --- [main] com.zaxxer.hikari.HikariDataSource       : HikariPool-1 - Start completed.
2024-08-14 14:21:03.202  INFO 11380 --- [main] c.y.v.system.netty.NettyClient           : å½“å‰å®¢æˆ·ç«¯ï¼šA, è¿›è¡Œåˆå§‹åŒ–
2024-08-14 14:21:03.340  INFO 11380 --- [main] c.y.v.system.netty.NettyClient           : å½“å‰å®¢æˆ·ç«¯ï¼šB, è¿›è¡Œåˆå§‹åŒ–
2024-08-14 14:21:03.420  INFO 11380 --- [main] c.y.v.system.netty.NettyClient           : å½“å‰å®¢æˆ·ç«¯ï¼šC, è¿›è¡Œåˆå§‹åŒ–
2024-08-14 14:21:06.852  INFO 11380 --- [main] o.y.standard.ServerEndpointExporter      : [34mNetty WebSocket started on port: 8880 with context path(s): '/websocket/{pageId}' .[0m
2024-08-14 14:21:06.893  INFO 11380 --- [main] YuandiInjectiondispenserApplicationTests : Started YuandiInjectiondispenserApplicationTests in 17.151 seconds (JVM running for 20.686)
2024-08-14 14:21:08.250  INFO 11380 --- [SpringApplicationShutdownHook] com.zaxxer.hikari.HikariDataSource       : HikariPool-1 - Shutdown initiated...
2024-08-14 14:21:08.404  INFO 11380 --- [SpringApplicationShutdownHook] com.zaxxer.hikari.HikariDataSource       : HikariPool-1 - Shutdown completed.
2024-08-14 14:21:51.781  INFO 2456 --- [main] YuandiInjectiondispenserApplicationTests : Starting YuandiInjectiondispenserApplicationTests using Java 17.0.9 on ZH with PID 2456 (started by 78671 in D:\work\ç–«è‹—å‘è¯æœº\yiwan-vaccinedispenser_-v1.0\yiwan-vaccinedispenser-admin)
2024-08-14 14:21:51.784  INFO 2456 --- [main] YuandiInjectiondispenserApplicationTests : The following 1 profile is active: "dev"
2024-08-14 14:21:54.138  INFO 2456 --- [main] .s.d.r.c.RepositoryConfigurationDelegate : Multiple Spring Data modules found, entering strict repository configuration mode
2024-08-14 14:21:54.145  INFO 2456 --- [main] .s.d.r.c.RepositoryConfigurationDelegate : Bootstrapping Spring Data Redis repositories in DEFAULT mode.
2024-08-14 14:21:54.245  INFO 2456 --- [main] .s.d.r.c.RepositoryConfigurationDelegate : Finished Spring Data repository scanning in 62 ms. Found 0 Redis repository interfaces.
2024-08-14 14:22:02.239  INFO 2456 --- [main] c.y.v.system.com.ComService              : è¿æ¥ä¸²å£ï¼šCOM10å¤±è´¥ï¼
2024-08-14 14:22:02.492  INFO 2456 --- [main] c.y.v.system.com.ComService              : è¿æ¥ä¸²å£ï¼šCOM9å¤±è´¥ï¼
2024-08-14 14:22:02.730  INFO 2456 --- [main] c.y.v.system.com.ComService              : è¿æ¥ä¸²å£ï¼šCOM4å¤±è´¥ï¼
2024-08-14 14:22:04.990  INFO 2456 --- [main] com.zaxxer.hikari.HikariDataSource       : HikariPool-1 - Starting...
2024-08-14 14:22:05.529  INFO 2456 --- [main] com.zaxxer.hikari.HikariDataSource       : HikariPool-1 - Start completed.
2024-08-14 14:22:05.738  INFO 2456 --- [main] c.y.v.system.netty.NettyClient           : å½“å‰å®¢æˆ·ç«¯ï¼šA, è¿›è¡Œåˆå§‹åŒ–
2024-08-14 14:22:05.857  INFO 2456 --- [main] c.y.v.system.netty.NettyClient           : å½“å‰å®¢æˆ·ç«¯ï¼šB, è¿›è¡Œåˆå§‹åŒ–
2024-08-14 14:22:05.982  INFO 2456 --- [main] c.y.v.system.netty.NettyClient           : å½“å‰å®¢æˆ·ç«¯ï¼šC, è¿›è¡Œåˆå§‹åŒ–
2024-08-14 14:22:09.963  INFO 2456 --- [main] o.y.standard.ServerEndpointExporter      : [34mNetty WebSocket started on port: 8880 with context path(s): '/websocket/{pageId}' .[0m
2024-08-14 14:22:09.999  INFO 2456 --- [main] YuandiInjectiondispenserApplicationTests : Started YuandiInjectiondispenserApplicationTests in 19.47 seconds (JVM running for 22.603)
2024-08-14 14:22:11.595  INFO 2456 --- [SpringApplicationShutdownHook] com.zaxxer.hikari.HikariDataSource       : HikariPool-1 - Shutdown initiated...
2024-08-14 14:22:11.759  INFO 2456 --- [SpringApplicationShutdownHook] com.zaxxer.hikari.HikariDataSource       : HikariPool-1 - Shutdown completed.
2024-08-14 14:22:46.646  INFO 3124 --- [main] YuandiInjectiondispenserApplicationTests : Starting YuandiInjectiondispenserApplicationTests using Java 17.0.9 on ZH with PID 3124 (started by 78671 in D:\work\ç–«è‹—å‘è¯æœº\yiwan-vaccinedispenser_-v1.0\yiwan-vaccinedispenser-admin)
2024-08-14 14:22:46.649  INFO 3124 --- [main] YuandiInjectiondispenserApplicationTests : The following 1 profile is active: "dev"
2024-08-14 14:22:48.639  INFO 3124 --- [main] .s.d.r.c.RepositoryConfigurationDelegate : Multiple Spring Data modules found, entering strict repository configuration mode
2024-08-14 14:22:48.648  INFO 3124 --- [main] .s.d.r.c.RepositoryConfigurationDelegate : Bootstrapping Spring Data Redis repositories in DEFAULT mode.
2024-08-14 14:22:48.734  INFO 3124 --- [main] .s.d.r.c.RepositoryConfigurationDelegate : Finished Spring Data repository scanning in 61 ms. Found 0 Redis repository interfaces.
2024-08-14 14:22:52.105  INFO 3124 --- [main] c.y.v.system.com.ComService              : è¿æ¥ä¸²å£ï¼šCOM10å¤±è´¥ï¼
2024-08-14 14:22:52.323  INFO 3124 --- [main] c.y.v.system.com.ComService              : è¿æ¥ä¸²å£ï¼šCOM9å¤±è´¥ï¼
2024-08-14 14:22:52.526  INFO 3124 --- [main] c.y.v.system.com.ComService              : è¿æ¥ä¸²å£ï¼šCOM4å¤±è´¥ï¼
2024-08-14 14:22:54.585  INFO 3124 --- [main] com.zaxxer.hikari.HikariDataSource       : HikariPool-1 - Starting...
2024-08-14 14:22:54.965  INFO 3124 --- [main] com.zaxxer.hikari.HikariDataSource       : HikariPool-1 - Start completed.
2024-08-14 14:22:55.153  INFO 3124 --- [main] c.y.v.system.netty.NettyClient           : å½“å‰å®¢æˆ·ç«¯ï¼šA, è¿›è¡Œåˆå§‹åŒ–
2024-08-14 14:22:55.266  INFO 3124 --- [main] c.y.v.system.netty.NettyClient           : å½“å‰å®¢æˆ·ç«¯ï¼šB, è¿›è¡Œåˆå§‹åŒ–
2024-08-14 14:22:55.388  INFO 3124 --- [main] c.y.v.system.netty.NettyClient           : å½“å‰å®¢æˆ·ç«¯ï¼šC, è¿›è¡Œåˆå§‹åŒ–
2024-08-14 14:23:00.766  INFO 3124 --- [main] o.y.standard.ServerEndpointExporter      : [34mNetty WebSocket started on port: 8880 with context path(s): '/websocket/{pageId}' .[0m
2024-08-14 14:23:00.822  INFO 3124 --- [main] YuandiInjectiondispenserApplicationTests : Started YuandiInjectiondispenserApplicationTests in 15.173 seconds (JVM running for 17.443)
2024-08-14 14:23:02.991  INFO 3124 --- [SpringApplicationShutdownHook] com.zaxxer.hikari.HikariDataSource       : HikariPool-1 - Shutdown initiated...
2024-08-14 14:23:03.516  INFO 3124 --- [SpringApplicationShutdownHook] com.zaxxer.hikari.HikariDataSource       : HikariPool-1 - Shutdown completed.
2024-08-14 14:23:50.896  INFO 16672 --- [main] YuandiInjectiondispenserApplicationTests : Starting YuandiInjectiondispenserApplicationTests using Java 17.0.9 on ZH with PID 16672 (started by 78671 in D:\work\ç–«è‹—å‘è¯æœº\yiwan-vaccinedispenser_-v1.0\yiwan-vaccinedispenser-admin)
2024-08-14 14:23:50.900  INFO 16672 --- [main] YuandiInjectiondispenserApplicationTests : The following 1 profile is active: "dev"
2024-08-14 14:23:53.591  INFO 16672 --- [main] .s.d.r.c.RepositoryConfigurationDelegate : Multiple Spring Data modules found, entering strict repository configuration mode
2024-08-14 14:23:53.609  INFO 16672 --- [main] .s.d.r.c.RepositoryConfigurationDelegate : Bootstrapping Spring Data Redis repositories in DEFAULT mode.
2024-08-14 14:23:53.908  INFO 16672 --- [main] .s.d.r.c.RepositoryConfigurationDelegate : Finished Spring Data repository scanning in 176 ms. Found 0 Redis repository interfaces.
2024-08-14 14:23:58.869  INFO 16672 --- [main] c.y.v.system.com.ComService              : è¿æ¥ä¸²å£ï¼šCOM10å¤±è´¥ï¼
2024-08-14 14:23:59.084  INFO 16672 --- [main] c.y.v.system.com.ComService              : è¿æ¥ä¸²å£ï¼šCOM9å¤±è´¥ï¼
2024-08-14 14:23:59.301  INFO 16672 --- [main] c.y.v.system.com.ComService              : è¿æ¥ä¸²å£ï¼šCOM4å¤±è´¥ï¼
2024-08-14 14:24:00.413  INFO 16672 --- [main] com.zaxxer.hikari.HikariDataSource       : HikariPool-1 - Starting...
2024-08-14 14:24:00.829  INFO 16672 --- [main] com.zaxxer.hikari.HikariDataSource       : HikariPool-1 - Start completed.
2024-08-14 14:24:01.002  INFO 16672 --- [main] c.y.v.system.netty.NettyClient           : å½“å‰å®¢æˆ·ç«¯ï¼šA, è¿›è¡Œåˆå§‹åŒ–
2024-08-14 14:24:01.229  INFO 16672 --- [main] c.y.v.system.netty.NettyClient           : å½“å‰å®¢æˆ·ç«¯ï¼šB, è¿›è¡Œåˆå§‹åŒ–
2024-08-14 14:24:01.399  INFO 16672 --- [main] c.y.v.system.netty.NettyClient           : å½“å‰å®¢æˆ·ç«¯ï¼šC, è¿›è¡Œåˆå§‹åŒ–
2024-08-14 14:24:05.726  INFO 16672 --- [main] o.y.standard.ServerEndpointExporter      : [34mNetty WebSocket started on port: 8880 with context path(s): '/websocket/{pageId}' .[0m
2024-08-14 14:24:05.788  INFO 16672 --- [main] YuandiInjectiondispenserApplicationTests : Started YuandiInjectiondispenserApplicationTests in 15.922 seconds (JVM running for 18.338)
2024-08-14 14:24:07.460  INFO 16672 --- [SpringApplicationShutdownHook] com.zaxxer.hikari.HikariDataSource       : HikariPool-1 - Shutdown initiated...
2024-08-14 14:24:07.584  INFO 16672 --- [SpringApplicationShutdownHook] com.zaxxer.hikari.HikariDataSource       : HikariPool-1 - Shutdown completed.
2024-08-14 14:25:02.565  INFO 1780 --- [main] YuandiInjectiondispenserApplicationTests : Starting YuandiInjectiondispenserApplicationTests using Java 17.0.9 on ZH with PID 1780 (started by 78671 in D:\work\ç–«è‹—å‘è¯æœº\yiwan-vaccinedispenser_-v1.0\yiwan-vaccinedispenser-admin)
2024-08-14 14:25:02.568  INFO 1780 --- [main] YuandiInjectiondispenserApplicationTests : The following 1 profile is active: "dev"
2024-08-14 14:25:04.074  INFO 1780 --- [main] .s.d.r.c.RepositoryConfigurationDelegate : Multiple Spring Data modules found, entering strict repository configuration mode
2024-08-14 14:25:04.079  INFO 1780 --- [main] .s.d.r.c.RepositoryConfigurationDelegate : Bootstrapping Spring Data Redis repositories in DEFAULT mode.
2024-08-14 14:25:04.159  INFO 1780 --- [main] .s.d.r.c.RepositoryConfigurationDelegate : Finished Spring Data repository scanning in 60 ms. Found 0 Redis repository interfaces.
2024-08-14 14:25:07.755  INFO 1780 --- [main] c.y.v.system.com.ComService              : è¿æ¥ä¸²å£ï¼šCOM10å¤±è´¥ï¼
2024-08-14 14:25:07.975  INFO 1780 --- [main] c.y.v.system.com.ComService              : è¿æ¥ä¸²å£ï¼šCOM9å¤±è´¥ï¼
2024-08-14 14:25:08.180  INFO 1780 --- [main] c.y.v.system.com.ComService              : è¿æ¥ä¸²å£ï¼šCOM4å¤±è´¥ï¼
2024-08-14 14:25:09.159  INFO 1780 --- [main] com.zaxxer.hikari.HikariDataSource       : HikariPool-1 - Starting...
2024-08-14 14:25:09.465  INFO 1780 --- [main] com.zaxxer.hikari.HikariDataSource       : HikariPool-1 - Start completed.
2024-08-14 14:25:09.617  INFO 1780 --- [main] c.y.v.system.netty.NettyClient           : å½“å‰å®¢æˆ·ç«¯ï¼šA, è¿›è¡Œåˆå§‹åŒ–
2024-08-14 14:25:09.682  INFO 1780 --- [main] c.y.v.system.netty.NettyClient           : å½“å‰å®¢æˆ·ç«¯ï¼šB, è¿›è¡Œåˆå§‹åŒ–
2024-08-14 14:25:09.779  INFO 1780 --- [main] c.y.v.system.netty.NettyClient           : å½“å‰å®¢æˆ·ç«¯ï¼šC, è¿›è¡Œåˆå§‹åŒ–
2024-08-14 14:25:13.145  INFO 1780 --- [main] o.y.standard.ServerEndpointExporter      : [34mNetty WebSocket started on port: 8880 with context path(s): '/websocket/{pageId}' .[0m
2024-08-14 14:25:13.194  INFO 1780 --- [main] YuandiInjectiondispenserApplicationTests : Started YuandiInjectiondispenserApplicationTests in 11.572 seconds (JVM running for 13.595)
2024-08-14 14:25:14.204  INFO 1780 --- [SpringApplicationShutdownHook] com.zaxxer.hikari.HikariDataSource       : HikariPool-1 - Shutdown initiated...
2024-08-14 14:25:14.254  INFO 1780 --- [SpringApplicationShutdownHook] com.zaxxer.hikari.HikariDataSource       : HikariPool-1 - Shutdown completed.
2024-08-14 14:37:41.848  INFO 9732 --- [main] YuandiInjectiondispenserApplicationTests : Starting YuandiInjectiondispenserApplicationTests using Java 17.0.9 on ZH with PID 9732 (started by 78671 in D:\work\ç–«è‹—å‘è¯æœº\yiwan-vaccinedispenser_-v1.0\yiwan-vaccinedispenser-admin)
2024-08-14 14:37:41.852  INFO 9732 --- [main] YuandiInjectiondispenserApplicationTests : The following 1 profile is active: "dev"
2024-08-14 14:37:44.154  INFO 9732 --- [main] .s.d.r.c.RepositoryConfigurationDelegate : Multiple Spring Data modules found, entering strict repository configuration mode
2024-08-14 14:37:44.161  INFO 9732 --- [main] .s.d.r.c.RepositoryConfigurationDelegate : Bootstrapping Spring Data Redis repositories in DEFAULT mode.
2024-08-14 14:37:44.334  INFO 9732 --- [main] .s.d.r.c.RepositoryConfigurationDelegate : Finished Spring Data repository scanning in 138 ms. Found 0 Redis repository interfaces.
2024-08-14 14:37:48.674  INFO 9732 --- [main] c.y.v.system.com.ComService              : è¿æ¥ä¸²å£ï¼šCOM10å¤±è´¥ï¼
2024-08-14 14:37:48.892  INFO 9732 --- [main] c.y.v.system.com.ComService              : è¿æ¥ä¸²å£ï¼šCOM9å¤±è´¥ï¼
2024-08-14 14:37:49.096  INFO 9732 --- [main] c.y.v.system.com.ComService              : è¿æ¥ä¸²å£ï¼šCOM4å¤±è´¥ï¼
2024-08-14 14:37:50.313  INFO 9732 --- [main] com.zaxxer.hikari.HikariDataSource       : HikariPool-1 - Starting...
2024-08-14 14:37:50.669  INFO 9732 --- [main] com.zaxxer.hikari.HikariDataSource       : HikariPool-1 - Start completed.
2024-08-14 14:37:50.829  INFO 9732 --- [main] c.y.v.system.netty.NettyClient           : å½“å‰å®¢æˆ·ç«¯ï¼šA, è¿›è¡Œåˆå§‹åŒ–
2024-08-14 14:37:50.925  INFO 9732 --- [main] c.y.v.system.netty.NettyClient           : å½“å‰å®¢æˆ·ç«¯ï¼šB, è¿›è¡Œåˆå§‹åŒ–
2024-08-14 14:37:51.032  INFO 9732 --- [main] c.y.v.system.netty.NettyClient           : å½“å‰å®¢æˆ·ç«¯ï¼šC, è¿›è¡Œåˆå§‹åŒ–
2024-08-14 14:37:54.409  INFO 9732 --- [main] o.y.standard.ServerEndpointExporter      : [34mNetty WebSocket started on port: 8880 with context path(s): '/websocket/{pageId}' .[0m
2024-08-14 14:37:54.444  INFO 9732 --- [main] YuandiInjectiondispenserApplicationTests : Started YuandiInjectiondispenserApplicationTests in 13.658 seconds (JVM running for 16.574)
2024-08-14 14:38:18.624  WARN 9732 --- [nioEventLoopGroup-4-1] c.y.v.system.camera.CameraClient         : å½“å‰ç›¸æœºï¼šä¸Šæ–¹æ‰«ç ç›¸æœº, æ‰§è¡Œé‡æ–°è¿æ¥åˆ°æœåŠ¡å™¨192.168.1.11:2001
2024-08-14 14:38:18.624  WARN 9732 --- [nioEventLoopGroup-6-1] c.y.v.system.camera.CameraClient         : å½“å‰ç›¸æœºï¼šä¾§æ–¹æ‰«ç ç›¸æœº, æ‰§è¡Œé‡æ–°è¿æ¥åˆ°æœåŠ¡å™¨192.168.1.13:2001
2024-08-14 14:38:18.624  WARN 9732 --- [nioEventLoopGroup-7-1] c.y.v.system.netty.NettyClient           : å½“å‰å®¢æˆ·ç«¯ï¼šA, æ‰§è¡Œé‡æ–°è¿æ¥åˆ°æœåŠ¡å™¨192.168.1.66:8088
2024-08-14 14:38:18.624  WARN 9732 --- [nioEventLoopGroup-8-1] c.y.v.system.netty.NettyClient           : å½“å‰å®¢æˆ·ç«¯ï¼šB, æ‰§è¡Œé‡æ–°è¿æ¥åˆ°æœåŠ¡å™¨192.168.1.77:8088
2024-08-14 14:38:18.624  WARN 9732 --- [nioEventLoopGroup-9-1] c.y.v.system.netty.NettyClient           : å½“å‰å®¢æˆ·ç«¯ï¼šC, æ‰§è¡Œé‡æ–°è¿æ¥åˆ°æœåŠ¡å™¨192.168.1.88:8088
2024-08-14 14:38:18.624  WARN 9732 --- [nioEventLoopGroup-5-1] c.y.v.system.camera.CameraClient         : å½“å‰ç›¸æœºï¼šä¸‹æ–¹æ‰«ç ç›¸æœº, æ‰§è¡Œé‡æ–°è¿æ¥åˆ°æœåŠ¡å™¨192.168.1.12:2001
2024-08-14 14:38:18.766  INFO 9732 --- [SpringApplicationShutdownHook] com.zaxxer.hikari.HikariDataSource       : HikariPool-1 - Shutdown initiated...
2024-08-14 14:38:22.894  INFO 9732 --- [SpringApplicationShutdownHook] com.zaxxer.hikari.HikariDataSource       : HikariPool-1 - Shutdown completed.
