2024-05-22 08:57:59.197  INFO 4316 --- [main] YuandiInjectiondispenserApplicationTests : Starting YuandiInjectiondispenserApplicationTests using Java 17.0.9 on ZH with PID 4316 (started by 78671 in D:\work\ç–«è‹—å‘è¯æœº\yiwan-vaccinedispenser_-v1.0\yiwan-vaccinedispenser-admin)
2024-05-22 08:57:59.199  INFO 4316 --- [main] YuandiInjectiondispenserApplicationTests : The following 1 profile is active: "dev"
2024-05-22 08:58:01.865  INFO 4316 --- [main] .s.d.r.c.RepositoryConfigurationDelegate : Multiple Spring Data modules found, entering strict repository configuration mode
2024-05-22 08:58:01.868  INFO 4316 --- [main] .s.d.r.c.RepositoryConfigurationDelegate : Bootstrapping Spring Data Redis repositories in DEFAULT mode.
2024-05-22 08:58:01.910  INFO 4316 --- [main] .s.d.r.c.RepositoryConfigurationDelegate : Finished Spring Data repository scanning in 28 ms. Found 0 Redis repository interfaces.
2024-05-22 08:58:03.888  INFO 4316 --- [main] com.zaxxer.hikari.HikariDataSource       : HikariPool-1 - Starting...
2024-05-22 08:58:04.083  INFO 4316 --- [main] com.zaxxer.hikari.HikariDataSource       : HikariPool-1 - Start completed.
2024-05-22 08:58:04.136  INFO 4316 --- [main] c.y.v.system.netty.NettyClient           : å½“å‰å®¢æˆ·ç«¯ï¼šA, è¿›è¡Œåˆå§‹åŒ–
2024-05-22 08:58:04.281  INFO 4316 --- [main] c.y.v.system.netty.NettyClient           : å½“å‰å®¢æˆ·ç«¯ï¼šB, è¿›è¡Œåˆå§‹åŒ–
2024-05-22 08:58:06.243  INFO 4316 --- [main] o.y.standard.ServerEndpointExporter      : [34mNetty WebSocket started on port: 8880 with context path(s): '/websocket/{pageId}' .[0m
2024-05-22 08:58:06.267  INFO 4316 --- [main] YuandiInjectiondispenserApplicationTests : Started YuandiInjectiondispenserApplicationTests in 7.598 seconds (JVM running for 9.331)
2024-05-22 08:58:07.146  INFO 4316 --- [SpringApplicationShutdownHook] com.zaxxer.hikari.HikariDataSource       : HikariPool-1 - Shutdown initiated...
2024-05-22 08:58:07.202  INFO 4316 --- [SpringApplicationShutdownHook] com.zaxxer.hikari.HikariDataSource       : HikariPool-1 - Shutdown completed.
2024-05-22 09:20:36.153  INFO 16780 --- [main] YuandiInjectiondispenserApplicationTests : Starting YuandiInjectiondispenserApplicationTests using Java 17.0.9 on ZH with PID 16780 (started by 78671 in D:\work\ç–«è‹—å‘è¯æœº\yiwan-vaccinedispenser_-v1.0\yiwan-vaccinedispenser-admin)
2024-05-22 09:20:36.155  INFO 16780 --- [main] YuandiInjectiondispenserApplicationTests : The following 1 profile is active: "dev"
2024-05-22 09:20:37.455  INFO 16780 --- [main] .s.d.r.c.RepositoryConfigurationDelegate : Multiple Spring Data modules found, entering strict repository configuration mode
2024-05-22 09:20:37.458  INFO 16780 --- [main] .s.d.r.c.RepositoryConfigurationDelegate : Bootstrapping Spring Data Redis repositories in DEFAULT mode.
2024-05-22 09:20:37.529  INFO 16780 --- [main] .s.d.r.c.RepositoryConfigurationDelegate : Finished Spring Data repository scanning in 51 ms. Found 0 Redis repository interfaces.
2024-05-22 09:20:39.659  INFO 16780 --- [main] com.zaxxer.hikari.HikariDataSource       : HikariPool-1 - Starting...
2024-05-22 09:20:39.894  INFO 16780 --- [main] com.zaxxer.hikari.HikariDataSource       : HikariPool-1 - Start completed.
2024-05-22 09:20:39.941  INFO 16780 --- [main] c.y.v.system.netty.NettyClient           : å½“å‰å®¢æˆ·ç«¯ï¼šA, è¿›è¡Œåˆå§‹åŒ–
2024-05-22 09:20:40.095  INFO 16780 --- [main] c.y.v.system.netty.NettyClient           : å½“å‰å®¢æˆ·ç«¯ï¼šB, è¿›è¡Œåˆå§‹åŒ–
2024-05-22 09:20:42.220  INFO 16780 --- [main] o.y.standard.ServerEndpointExporter      : [34mNetty WebSocket started on port: 8880 with context path(s): '/websocket/{pageId}' .[0m
2024-05-22 09:20:42.240  INFO 16780 --- [main] YuandiInjectiondispenserApplicationTests : Started YuandiInjectiondispenserApplicationTests in 6.759 seconds (JVM running for 8.125)
2024-05-22 09:20:42.924  INFO 16780 --- [SpringApplicationShutdownHook] com.zaxxer.hikari.HikariDataSource       : HikariPool-1 - Shutdown initiated...
2024-05-22 09:20:42.979  INFO 16780 --- [SpringApplicationShutdownHook] com.zaxxer.hikari.HikariDataSource       : HikariPool-1 - Shutdown completed.
2024-05-22 09:38:15.604  INFO 18376 --- [main] YuandiInjectiondispenserApplicationTests : Starting YuandiInjectiondispenserApplicationTests using Java 17.0.9 on ZH with PID 18376 (started by 78671 in D:\work\ç–«è‹—å‘è¯æœº\yiwan-vaccinedispenser_-v1.0\yiwan-vaccinedispenser-admin)
2024-05-22 09:38:15.607  INFO 18376 --- [main] YuandiInjectiondispenserApplicationTests : The following 1 profile is active: "dev"
2024-05-22 09:38:17.597  INFO 18376 --- [main] .s.d.r.c.RepositoryConfigurationDelegate : Multiple Spring Data modules found, entering strict repository configuration mode
2024-05-22 09:38:17.603  INFO 18376 --- [main] .s.d.r.c.RepositoryConfigurationDelegate : Bootstrapping Spring Data Redis repositories in DEFAULT mode.
2024-05-22 09:38:17.687  INFO 18376 --- [main] .s.d.r.c.RepositoryConfigurationDelegate : Finished Spring Data repository scanning in 62 ms. Found 0 Redis repository interfaces.
2024-05-22 09:38:21.180  INFO 18376 --- [main] com.zaxxer.hikari.HikariDataSource       : HikariPool-1 - Starting...
2024-05-22 09:38:21.545  INFO 18376 --- [main] com.zaxxer.hikari.HikariDataSource       : HikariPool-1 - Start completed.
2024-05-22 09:38:21.641  INFO 18376 --- [main] c.y.v.system.netty.NettyClient           : å½“å‰å®¢æˆ·ç«¯ï¼šA, è¿›è¡Œåˆå§‹åŒ–
2024-05-22 09:38:21.909  INFO 18376 --- [main] c.y.v.system.netty.NettyClient           : å½“å‰å®¢æˆ·ç«¯ï¼šB, è¿›è¡Œåˆå§‹åŒ–
2024-05-22 09:38:25.839  INFO 18376 --- [main] o.y.standard.ServerEndpointExporter      : [34mNetty WebSocket started on port: 8880 with context path(s): '/websocket/{pageId}' .[0m
2024-05-22 09:38:25.879  INFO 18376 --- [main] YuandiInjectiondispenserApplicationTests : Started YuandiInjectiondispenserApplicationTests in 11.443 seconds (JVM running for 13.608)
2024-05-22 09:38:27.378  INFO 18376 --- [SpringApplicationShutdownHook] com.zaxxer.hikari.HikariDataSource       : HikariPool-1 - Shutdown initiated...
2024-05-22 09:38:27.459  INFO 18376 --- [SpringApplicationShutdownHook] com.zaxxer.hikari.HikariDataSource       : HikariPool-1 - Shutdown completed.
2024-05-22 09:39:11.143  INFO 11612 --- [main] YuandiInjectiondispenserApplicationTests : Starting YuandiInjectiondispenserApplicationTests using Java 17.0.9 on ZH with PID 11612 (started by 78671 in D:\work\ç–«è‹—å‘è¯æœº\yiwan-vaccinedispenser_-v1.0\yiwan-vaccinedispenser-admin)
2024-05-22 09:39:11.145  INFO 11612 --- [main] YuandiInjectiondispenserApplicationTests : The following 1 profile is active: "dev"
2024-05-22 09:39:12.819  INFO 11612 --- [main] .s.d.r.c.RepositoryConfigurationDelegate : Multiple Spring Data modules found, entering strict repository configuration mode
2024-05-22 09:39:12.823  INFO 11612 --- [main] .s.d.r.c.RepositoryConfigurationDelegate : Bootstrapping Spring Data Redis repositories in DEFAULT mode.
2024-05-22 09:39:12.925  INFO 11612 --- [main] .s.d.r.c.RepositoryConfigurationDelegate : Finished Spring Data repository scanning in 69 ms. Found 0 Redis repository interfaces.
2024-05-22 09:39:16.292  INFO 11612 --- [main] com.zaxxer.hikari.HikariDataSource       : HikariPool-1 - Starting...
2024-05-22 09:39:16.599  INFO 11612 --- [main] com.zaxxer.hikari.HikariDataSource       : HikariPool-1 - Start completed.
2024-05-22 09:39:16.670  INFO 11612 --- [main] c.y.v.system.netty.NettyClient           : å½“å‰å®¢æˆ·ç«¯ï¼šA, è¿›è¡Œåˆå§‹åŒ–
2024-05-22 09:39:16.939  INFO 11612 --- [main] c.y.v.system.netty.NettyClient           : å½“å‰å®¢æˆ·ç«¯ï¼šB, è¿›è¡Œåˆå§‹åŒ–
2024-05-22 09:39:20.540  INFO 11612 --- [main] o.y.standard.ServerEndpointExporter      : [34mNetty WebSocket started on port: 8880 with context path(s): '/websocket/{pageId}' .[0m
2024-05-22 09:39:20.580  INFO 11612 --- [main] YuandiInjectiondispenserApplicationTests : Started YuandiInjectiondispenserApplicationTests in 10.446 seconds (JVM running for 12.511)
2024-05-22 09:39:22.133  INFO 11612 --- [SpringApplicationShutdownHook] com.zaxxer.hikari.HikariDataSource       : HikariPool-1 - Shutdown initiated...
2024-05-22 09:39:22.206  INFO 11612 --- [SpringApplicationShutdownHook] com.zaxxer.hikari.HikariDataSource       : HikariPool-1 - Shutdown completed.
2024-05-22 09:39:53.669  INFO 17900 --- [main] YuandiInjectiondispenserApplicationTests : Starting YuandiInjectiondispenserApplicationTests using Java 17.0.9 on ZH with PID 17900 (started by 78671 in D:\work\ç–«è‹—å‘è¯æœº\yiwan-vaccinedispenser_-v1.0\yiwan-vaccinedispenser-admin)
2024-05-22 09:39:53.672  INFO 17900 --- [main] YuandiInjectiondispenserApplicationTests : The following 1 profile is active: "dev"
2024-05-22 09:39:55.650  INFO 17900 --- [main] .s.d.r.c.RepositoryConfigurationDelegate : Multiple Spring Data modules found, entering strict repository configuration mode
2024-05-22 09:39:55.655  INFO 17900 --- [main] .s.d.r.c.RepositoryConfigurationDelegate : Bootstrapping Spring Data Redis repositories in DEFAULT mode.
2024-05-22 09:39:55.739  INFO 17900 --- [main] .s.d.r.c.RepositoryConfigurationDelegate : Finished Spring Data repository scanning in 58 ms. Found 0 Redis repository interfaces.
2024-05-22 09:39:59.173  INFO 17900 --- [main] com.zaxxer.hikari.HikariDataSource       : HikariPool-1 - Starting...
2024-05-22 09:39:59.521  INFO 17900 --- [main] com.zaxxer.hikari.HikariDataSource       : HikariPool-1 - Start completed.
2024-05-22 09:39:59.587  INFO 17900 --- [main] c.y.v.system.netty.NettyClient           : å½“å‰å®¢æˆ·ç«¯ï¼šA, è¿›è¡Œåˆå§‹åŒ–
2024-05-22 09:39:59.843  INFO 17900 --- [main] c.y.v.system.netty.NettyClient           : å½“å‰å®¢æˆ·ç«¯ï¼šB, è¿›è¡Œåˆå§‹åŒ–
2024-05-22 09:40:03.490  INFO 17900 --- [main] o.y.standard.ServerEndpointExporter      : [34mNetty WebSocket started on port: 8880 with context path(s): '/websocket/{pageId}' .[0m
2024-05-22 09:40:03.528  INFO 17900 --- [main] YuandiInjectiondispenserApplicationTests : Started YuandiInjectiondispenserApplicationTests in 11.067 seconds (JVM running for 13.193)
2024-05-22 09:40:05.005  INFO 17900 --- [SpringApplicationShutdownHook] com.zaxxer.hikari.HikariDataSource       : HikariPool-1 - Shutdown initiated...
2024-05-22 09:40:05.076  INFO 17900 --- [SpringApplicationShutdownHook] com.zaxxer.hikari.HikariDataSource       : HikariPool-1 - Shutdown completed.
2024-05-22 09:44:57.401  INFO 18428 --- [main] YuandiInjectiondispenserApplicationTests : Starting YuandiInjectiondispenserApplicationTests using Java 17.0.9 on ZH with PID 18428 (started by 78671 in D:\work\ç–«è‹—å‘è¯æœº\yiwan-vaccinedispenser_-v1.0\yiwan-vaccinedispenser-admin)
2024-05-22 09:44:57.403  INFO 18428 --- [main] YuandiInjectiondispenserApplicationTests : The following 1 profile is active: "dev"
2024-05-22 09:44:59.021  INFO 18428 --- [main] .s.d.r.c.RepositoryConfigurationDelegate : Multiple Spring Data modules found, entering strict repository configuration mode
2024-05-22 09:44:59.027  INFO 18428 --- [main] .s.d.r.c.RepositoryConfigurationDelegate : Bootstrapping Spring Data Redis repositories in DEFAULT mode.
2024-05-22 09:44:59.114  INFO 18428 --- [main] .s.d.r.c.RepositoryConfigurationDelegate : Finished Spring Data repository scanning in 61 ms. Found 0 Redis repository interfaces.
2024-05-22 09:45:02.975  INFO 18428 --- [main] com.zaxxer.hikari.HikariDataSource       : HikariPool-1 - Starting...
2024-05-22 09:45:03.325  INFO 18428 --- [main] com.zaxxer.hikari.HikariDataSource       : HikariPool-1 - Start completed.
2024-05-22 09:45:03.396  INFO 18428 --- [main] c.y.v.system.netty.NettyClient           : å½“å‰å®¢æˆ·ç«¯ï¼šA, è¿›è¡Œåˆå§‹åŒ–
2024-05-22 09:45:03.643  INFO 18428 --- [main] c.y.v.system.netty.NettyClient           : å½“å‰å®¢æˆ·ç«¯ï¼šB, è¿›è¡Œåˆå§‹åŒ–
2024-05-22 09:45:07.102  INFO 18428 --- [main] o.y.standard.ServerEndpointExporter      : [34mNetty WebSocket started on port: 8880 with context path(s): '/websocket/{pageId}' .[0m
2024-05-22 09:45:07.160  INFO 18428 --- [main] YuandiInjectiondispenserApplicationTests : Started YuandiInjectiondispenserApplicationTests in 10.761 seconds (JVM running for 12.943)
2024-05-22 09:45:08.851  INFO 18428 --- [SpringApplicationShutdownHook] com.zaxxer.hikari.HikariDataSource       : HikariPool-1 - Shutdown initiated...
2024-05-22 09:45:08.934  INFO 18428 --- [SpringApplicationShutdownHook] com.zaxxer.hikari.HikariDataSource       : HikariPool-1 - Shutdown completed.
2024-05-22 09:45:48.647  INFO 15296 --- [main] YuandiInjectiondispenserApplicationTests : Starting YuandiInjectiondispenserApplicationTests using Java 17.0.9 on ZH with PID 15296 (started by 78671 in D:\work\ç–«è‹—å‘è¯æœº\yiwan-vaccinedispenser_-v1.0\yiwan-vaccinedispenser-admin)
2024-05-22 09:45:48.650  INFO 15296 --- [main] YuandiInjectiondispenserApplicationTests : The following 1 profile is active: "dev"
2024-05-22 09:45:50.422  INFO 15296 --- [main] .s.d.r.c.RepositoryConfigurationDelegate : Multiple Spring Data modules found, entering strict repository configuration mode
2024-05-22 09:45:50.425  INFO 15296 --- [main] .s.d.r.c.RepositoryConfigurationDelegate : Bootstrapping Spring Data Redis repositories in DEFAULT mode.
2024-05-22 09:45:50.521  INFO 15296 --- [main] .s.d.r.c.RepositoryConfigurationDelegate : Finished Spring Data repository scanning in 57 ms. Found 0 Redis repository interfaces.
2024-05-22 09:45:54.026  INFO 15296 --- [main] com.zaxxer.hikari.HikariDataSource       : HikariPool-1 - Starting...
2024-05-22 09:45:54.359  INFO 15296 --- [main] com.zaxxer.hikari.HikariDataSource       : HikariPool-1 - Start completed.
2024-05-22 09:45:54.433  INFO 15296 --- [main] c.y.v.system.netty.NettyClient           : å½“å‰å®¢æˆ·ç«¯ï¼šA, è¿›è¡Œåˆå§‹åŒ–
2024-05-22 09:45:54.700  INFO 15296 --- [main] c.y.v.system.netty.NettyClient           : å½“å‰å®¢æˆ·ç«¯ï¼šB, è¿›è¡Œåˆå§‹åŒ–
2024-05-22 09:45:58.597  INFO 15296 --- [main] o.y.standard.ServerEndpointExporter      : [34mNetty WebSocket started on port: 8880 with context path(s): '/websocket/{pageId}' .[0m
2024-05-22 09:45:58.637  INFO 15296 --- [main] YuandiInjectiondispenserApplicationTests : Started YuandiInjectiondispenserApplicationTests in 11.152 seconds (JVM running for 13.033)
2024-05-22 09:46:16.049  WARN 15296 --- [nioEventLoopGroup-4-1] c.y.v.system.netty.NettyClient           : å½“å‰å®¢æˆ·ç«¯ï¼šA, æ‰§è¡Œé‡æ–°è¿æ¥åˆ°æœåŠ¡å™¨192.168.1.66:8088
2024-05-22 09:46:16.049  WARN 15296 --- [nioEventLoopGroup-5-1] c.y.v.system.netty.NettyClient           : å½“å‰å®¢æˆ·ç«¯ï¼šB, æ‰§è¡Œé‡æ–°è¿æ¥åˆ°æœåŠ¡å™¨192.168.1.77:8088
2024-05-22 09:46:21.289  INFO 15296 --- [SpringApplicationShutdownHook] com.zaxxer.hikari.HikariDataSource       : HikariPool-1 - Shutdown initiated...
2024-05-22 09:46:21.345  INFO 15296 --- [SpringApplicationShutdownHook] com.zaxxer.hikari.HikariDataSource       : HikariPool-1 - Shutdown completed.
2024-05-22 09:47:16.292  INFO 14940 --- [main] YuandiInjectiondispenserApplicationTests : Starting YuandiInjectiondispenserApplicationTests using Java 17.0.9 on ZH with PID 14940 (started by 78671 in D:\work\ç–«è‹—å‘è¯æœº\yiwan-vaccinedispenser_-v1.0\yiwan-vaccinedispenser-admin)
2024-05-22 09:47:16.295  INFO 14940 --- [main] YuandiInjectiondispenserApplicationTests : The following 1 profile is active: "dev"
2024-05-22 09:47:18.474  INFO 14940 --- [main] .s.d.r.c.RepositoryConfigurationDelegate : Multiple Spring Data modules found, entering strict repository configuration mode
2024-05-22 09:47:18.483  INFO 14940 --- [main] .s.d.r.c.RepositoryConfigurationDelegate : Bootstrapping Spring Data Redis repositories in DEFAULT mode.
2024-05-22 09:47:18.601  INFO 14940 --- [main] .s.d.r.c.RepositoryConfigurationDelegate : Finished Spring Data repository scanning in 85 ms. Found 0 Redis repository interfaces.
2024-05-22 09:47:22.278  INFO 14940 --- [main] com.zaxxer.hikari.HikariDataSource       : HikariPool-1 - Starting...
2024-05-22 09:47:22.707  INFO 14940 --- [main] com.zaxxer.hikari.HikariDataSource       : HikariPool-1 - Start completed.
2024-05-22 09:47:22.889  INFO 14940 --- [main] c.y.v.system.netty.NettyClient           : å½“å‰å®¢æˆ·ç«¯ï¼šA, è¿›è¡Œåˆå§‹åŒ–
2024-05-22 09:47:23.348  INFO 14940 --- [main] c.y.v.system.netty.NettyClient           : å½“å‰å®¢æˆ·ç«¯ï¼šB, è¿›è¡Œåˆå§‹åŒ–
2024-05-22 09:47:27.275  INFO 14940 --- [main] o.y.standard.ServerEndpointExporter      : [34mNetty WebSocket started on port: 8880 with context path(s): '/websocket/{pageId}' .[0m
2024-05-22 09:47:27.319  INFO 14940 --- [main] YuandiInjectiondispenserApplicationTests : Started YuandiInjectiondispenserApplicationTests in 12.105 seconds (JVM running for 14.337)
2024-05-22 09:47:28.821  INFO 14940 --- [SpringApplicationShutdownHook] com.zaxxer.hikari.HikariDataSource       : HikariPool-1 - Shutdown initiated...
2024-05-22 09:47:28.890  INFO 14940 --- [SpringApplicationShutdownHook] com.zaxxer.hikari.HikariDataSource       : HikariPool-1 - Shutdown completed.
2024-05-22 09:47:46.659  INFO 18828 --- [main] YuandiInjectiondispenserApplicationTests : Starting YuandiInjectiondispenserApplicationTests using Java 17.0.9 on ZH with PID 18828 (started by 78671 in D:\work\ç–«è‹—å‘è¯æœº\yiwan-vaccinedispenser_-v1.0\yiwan-vaccinedispenser-admin)
2024-05-22 09:47:46.662  INFO 18828 --- [main] YuandiInjectiondispenserApplicationTests : The following 1 profile is active: "dev"
2024-05-22 09:47:48.287  INFO 18828 --- [main] .s.d.r.c.RepositoryConfigurationDelegate : Multiple Spring Data modules found, entering strict repository configuration mode
2024-05-22 09:47:48.292  INFO 18828 --- [main] .s.d.r.c.RepositoryConfigurationDelegate : Bootstrapping Spring Data Redis repositories in DEFAULT mode.
2024-05-22 09:47:48.371  INFO 18828 --- [main] .s.d.r.c.RepositoryConfigurationDelegate : Finished Spring Data repository scanning in 60 ms. Found 0 Redis repository interfaces.
2024-05-22 09:47:51.596  INFO 18828 --- [main] com.zaxxer.hikari.HikariDataSource       : HikariPool-1 - Starting...
2024-05-22 09:47:51.933  INFO 18828 --- [main] com.zaxxer.hikari.HikariDataSource       : HikariPool-1 - Start completed.
2024-05-22 09:47:52.015  INFO 18828 --- [main] c.y.v.system.netty.NettyClient           : å½“å‰å®¢æˆ·ç«¯ï¼šA, è¿›è¡Œåˆå§‹åŒ–
2024-05-22 09:47:52.257  INFO 18828 --- [main] c.y.v.system.netty.NettyClient           : å½“å‰å®¢æˆ·ç«¯ï¼šB, è¿›è¡Œåˆå§‹åŒ–
2024-05-22 09:47:55.590  INFO 18828 --- [main] o.y.standard.ServerEndpointExporter      : [34mNetty WebSocket started on port: 8880 with context path(s): '/websocket/{pageId}' .[0m
2024-05-22 09:47:55.624  INFO 18828 --- [main] YuandiInjectiondispenserApplicationTests : Started YuandiInjectiondispenserApplicationTests in 10.147 seconds (JVM running for 12.071)
2024-05-22 09:48:13.571  WARN 18828 --- [nioEventLoopGroup-5-1] c.y.v.system.netty.NettyClient           : å½“å‰å®¢æˆ·ç«¯ï¼šB, æ‰§è¡Œé‡æ–°è¿æ¥åˆ°æœåŠ¡å™¨192.168.1.77:8088
2024-05-22 09:48:13.571  WARN 18828 --- [nioEventLoopGroup-4-1] c.y.v.system.netty.NettyClient           : å½“å‰å®¢æˆ·ç«¯ï¼šA, æ‰§è¡Œé‡æ–°è¿æ¥åˆ°æœåŠ¡å™¨192.168.1.66:8088
2024-05-22 09:48:18.175  INFO 18828 --- [SpringApplicationShutdownHook] com.zaxxer.hikari.HikariDataSource       : HikariPool-1 - Shutdown initiated...
2024-05-22 09:48:18.228  INFO 18828 --- [SpringApplicationShutdownHook] com.zaxxer.hikari.HikariDataSource       : HikariPool-1 - Shutdown completed.
2024-05-22 09:50:27.277  INFO 14944 --- [main] YuandiInjectiondispenserApplicationTests : Starting YuandiInjectiondispenserApplicationTests using Java 17.0.9 on ZH with PID 14944 (started by 78671 in D:\work\ç–«è‹—å‘è¯æœº\yiwan-vaccinedispenser_-v1.0\yiwan-vaccinedispenser-admin)
2024-05-22 09:50:27.282  INFO 14944 --- [main] YuandiInjectiondispenserApplicationTests : The following 1 profile is active: "dev"
2024-05-22 09:50:28.854  INFO 14944 --- [main] .s.d.r.c.RepositoryConfigurationDelegate : Multiple Spring Data modules found, entering strict repository configuration mode
2024-05-22 09:50:28.859  INFO 14944 --- [main] .s.d.r.c.RepositoryConfigurationDelegate : Bootstrapping Spring Data Redis repositories in DEFAULT mode.
2024-05-22 09:50:28.952  INFO 14944 --- [main] .s.d.r.c.RepositoryConfigurationDelegate : Finished Spring Data repository scanning in 56 ms. Found 0 Redis repository interfaces.
2024-05-22 09:50:32.260  INFO 14944 --- [main] com.zaxxer.hikari.HikariDataSource       : HikariPool-1 - Starting...
2024-05-22 09:50:32.574  INFO 14944 --- [main] com.zaxxer.hikari.HikariDataSource       : HikariPool-1 - Start completed.
2024-05-22 09:50:32.649  INFO 14944 --- [main] c.y.v.system.netty.NettyClient           : å½“å‰å®¢æˆ·ç«¯ï¼šA, è¿›è¡Œåˆå§‹åŒ–
2024-05-22 09:50:32.942  INFO 14944 --- [main] c.y.v.system.netty.NettyClient           : å½“å‰å®¢æˆ·ç«¯ï¼šB, è¿›è¡Œåˆå§‹åŒ–
2024-05-22 09:50:36.332  INFO 14944 --- [main] o.y.standard.ServerEndpointExporter      : [34mNetty WebSocket started on port: 8880 with context path(s): '/websocket/{pageId}' .[0m
2024-05-22 09:50:36.374  INFO 14944 --- [main] YuandiInjectiondispenserApplicationTests : Started YuandiInjectiondispenserApplicationTests in 10.01 seconds (JVM running for 11.993)
2024-05-22 09:50:54.268  WARN 14944 --- [nioEventLoopGroup-5-1] c.y.v.system.netty.NettyClient           : å½“å‰å®¢æˆ·ç«¯ï¼šB, æ‰§è¡Œé‡æ–°è¿æ¥åˆ°æœåŠ¡å™¨192.168.1.77:8088
2024-05-22 09:50:54.268  WARN 14944 --- [nioEventLoopGroup-4-1] c.y.v.system.netty.NettyClient           : å½“å‰å®¢æˆ·ç«¯ï¼šA, æ‰§è¡Œé‡æ–°è¿æ¥åˆ°æœåŠ¡å™¨192.168.1.66:8088
2024-05-22 09:50:59.044  INFO 14944 --- [SpringApplicationShutdownHook] com.zaxxer.hikari.HikariDataSource       : HikariPool-1 - Shutdown initiated...
2024-05-22 09:50:59.104  INFO 14944 --- [SpringApplicationShutdownHook] com.zaxxer.hikari.HikariDataSource       : HikariPool-1 - Shutdown completed.
2024-05-22 11:00:52.606  INFO 16980 --- [main] YuandiInjectiondispenserApplicationTests : Starting YuandiInjectiondispenserApplicationTests using Java 17.0.9 on ZH with PID 16980 (started by 78671 in D:\work\ç–«è‹—å‘è¯æœº\yiwan-vaccinedispenser_-v1.0\yiwan-vaccinedispenser-admin)
2024-05-22 11:00:52.608  INFO 16980 --- [main] YuandiInjectiondispenserApplicationTests : The following 1 profile is active: "dev"
2024-05-22 11:00:53.627  INFO 16980 --- [main] .s.d.r.c.RepositoryConfigurationDelegate : Multiple Spring Data modules found, entering strict repository configuration mode
2024-05-22 11:00:53.630  INFO 16980 --- [main] .s.d.r.c.RepositoryConfigurationDelegate : Bootstrapping Spring Data Redis repositories in DEFAULT mode.
2024-05-22 11:00:53.694  INFO 16980 --- [main] .s.d.r.c.RepositoryConfigurationDelegate : Finished Spring Data repository scanning in 44 ms. Found 0 Redis repository interfaces.
2024-05-22 11:00:55.922  INFO 16980 --- [main] com.zaxxer.hikari.HikariDataSource       : HikariPool-1 - Starting...
2024-05-22 11:00:56.119  INFO 16980 --- [main] com.zaxxer.hikari.HikariDataSource       : HikariPool-1 - Start completed.
2024-05-22 11:00:56.162  INFO 16980 --- [main] c.y.v.system.netty.NettyClient           : å½“å‰å®¢æˆ·ç«¯ï¼šA, è¿›è¡Œåˆå§‹åŒ–
2024-05-22 11:00:56.317  INFO 16980 --- [main] c.y.v.system.netty.NettyClient           : å½“å‰å®¢æˆ·ç«¯ï¼šB, è¿›è¡Œåˆå§‹åŒ–
2024-05-22 11:00:58.546  INFO 16980 --- [main] o.y.standard.ServerEndpointExporter      : [34mNetty WebSocket started on port: 8880 with context path(s): '/websocket/{pageId}' .[0m
2024-05-22 11:00:58.577  INFO 16980 --- [main] YuandiInjectiondispenserApplicationTests : Started YuandiInjectiondispenserApplicationTests in 6.503 seconds (JVM running for 7.638)
2024-05-22 11:01:00.271  INFO 16980 --- [main] c.y.v.system.zyc.ZcyRequestBuilder       : {"body":"{\"success\":false,\"result\":null,\"code\":\"A100404\",\"message\":\"uriå¯¹åº”çš„apiä¸å­˜åœ¨ï¼Œuri:/zcy.vaccine.product.query\"}","headers":{"X-Frame-Options":"SAMEORIGIN","Strict-Transport-Security":"max-age=31536000; includeSubDomains","Content-Security-Policy":"default-src 'self' *.zcycdn.com *.aliyuncs.com gw.alipayobjects.com res.wx.qq.com *.zcygov.cn *.alicdn.com *.cloud-inner.zj.gov.cn www.gjtool.cn 'unsafe-inline' data:","Connection":"keep-alive","Content-Length":"118","Date":"Wed, 22 May 2024 03:01:01 GMT","Content-Type":"application/json;charset=UTF-8"},"httpStatus":200}
2024-05-22 11:01:00.294  INFO 16980 --- [SpringApplicationShutdownHook] com.zaxxer.hikari.HikariDataSource       : HikariPool-1 - Shutdown initiated...
2024-05-22 11:01:00.331  INFO 16980 --- [SpringApplicationShutdownHook] com.zaxxer.hikari.HikariDataSource       : HikariPool-1 - Shutdown completed.
2024-05-22 13:46:11.190  INFO 16504 --- [main] YuandiInjectiondispenserApplicationTests : Starting YuandiInjectiondispenserApplicationTests using Java 17.0.9 on ZH with PID 16504 (started by 78671 in D:\work\ç–«è‹—å‘è¯æœº\yiwan-vaccinedispenser_-v1.0\yiwan-vaccinedispenser-admin)
2024-05-22 13:46:11.192  INFO 16504 --- [main] YuandiInjectiondispenserApplicationTests : The following 1 profile is active: "dev"
2024-05-22 13:46:13.568  INFO 16504 --- [main] .s.d.r.c.RepositoryConfigurationDelegate : Multiple Spring Data modules found, entering strict repository configuration mode
2024-05-22 13:46:13.572  INFO 16504 --- [main] .s.d.r.c.RepositoryConfigurationDelegate : Bootstrapping Spring Data Redis repositories in DEFAULT mode.
2024-05-22 13:46:13.631  INFO 16504 --- [main] .s.d.r.c.RepositoryConfigurationDelegate : Finished Spring Data repository scanning in 28 ms. Found 0 Redis repository interfaces.
2024-05-22 13:46:15.901  INFO 16504 --- [main] com.zaxxer.hikari.HikariDataSource       : HikariPool-1 - Starting...
2024-05-22 13:46:16.147  INFO 16504 --- [main] com.zaxxer.hikari.HikariDataSource       : HikariPool-1 - Start completed.
2024-05-22 13:46:16.187  INFO 16504 --- [main] c.y.v.system.netty.NettyClient           : å½“å‰å®¢æˆ·ç«¯ï¼šA, è¿›è¡Œåˆå§‹åŒ–
2024-05-22 13:46:16.422  INFO 16504 --- [main] c.y.v.system.netty.NettyClient           : å½“å‰å®¢æˆ·ç«¯ï¼šB, è¿›è¡Œåˆå§‹åŒ–
2024-05-22 13:46:18.737  INFO 16504 --- [main] o.y.standard.ServerEndpointExporter      : [34mNetty WebSocket started on port: 8880 with context path(s): '/websocket/{pageId}' .[0m
2024-05-22 13:46:18.761  INFO 16504 --- [main] YuandiInjectiondispenserApplicationTests : Started YuandiInjectiondispenserApplicationTests in 8.066 seconds (JVM running for 9.849)
2024-05-22 13:46:20.199  INFO 16504 --- [main] c.y.v.system.zyc.ZcyRequestBuilder       : {"body":"{\"success\":false,\"result\":null,\"code\":\"A100404\",\"message\":\"uriå¯¹åº”çš„apiä¸å­˜åœ¨ï¼Œuri:/zcy.vaccine.product.query\"}","headers":{"X-Frame-Options":"SAMEORIGIN","Strict-Transport-Security":"max-age=31536000; includeSubDomains","Content-Security-Policy":"default-src 'self' *.zcycdn.com *.aliyuncs.com gw.alipayobjects.com res.wx.qq.com *.zcygov.cn *.alicdn.com *.cloud-inner.zj.gov.cn www.gjtool.cn 'unsafe-inline' data:","Connection":"keep-alive","Content-Length":"118","Date":"Wed, 22 May 2024 05:46:22 GMT","Content-Type":"application/json;charset=UTF-8"},"httpStatus":200}
2024-05-22 13:46:20.227  INFO 16504 --- [SpringApplicationShutdownHook] com.zaxxer.hikari.HikariDataSource       : HikariPool-1 - Shutdown initiated...
2024-05-22 13:46:20.264  INFO 16504 --- [SpringApplicationShutdownHook] com.zaxxer.hikari.HikariDataSource       : HikariPool-1 - Shutdown completed.
2024-05-22 15:28:14.536  INFO 19260 --- [main] YuandiInjectiondispenserApplicationTests : Starting YuandiInjectiondispenserApplicationTests using Java 17.0.9 on ZH with PID 19260 (started by 78671 in D:\work\ç–«è‹—å‘è¯æœº\yiwan-vaccinedispenser_-v1.0\yiwan-vaccinedispenser-admin)
2024-05-22 15:28:14.539  INFO 19260 --- [main] YuandiInjectiondispenserApplicationTests : The following 1 profile is active: "dev"
2024-05-22 15:28:20.427  INFO 19260 --- [main] .s.d.r.c.RepositoryConfigurationDelegate : Multiple Spring Data modules found, entering strict repository configuration mode
2024-05-22 15:28:20.435  INFO 19260 --- [main] .s.d.r.c.RepositoryConfigurationDelegate : Bootstrapping Spring Data Redis repositories in DEFAULT mode.
2024-05-22 15:28:20.643  INFO 19260 --- [main] .s.d.r.c.RepositoryConfigurationDelegate : Finished Spring Data repository scanning in 161 ms. Found 0 Redis repository interfaces.
2024-05-22 15:28:23.883  INFO 19004 --- [main] YuandiInjectiondispenserApplicationTests : Starting YuandiInjectiondispenserApplicationTests using Java 17.0.9 on ZH with PID 19004 (started by 78671 in D:\work\ç–«è‹—å‘è¯æœº\yiwan-vaccinedispenser_-v1.0\yiwan-vaccinedispenser-admin)
2024-05-22 15:28:23.887  INFO 19004 --- [main] YuandiInjectiondispenserApplicationTests : The following 1 profile is active: "dev"
2024-05-22 15:28:27.382  INFO 19004 --- [main] .s.d.r.c.RepositoryConfigurationDelegate : Multiple Spring Data modules found, entering strict repository configuration mode
2024-05-22 15:28:27.388  INFO 19004 --- [main] .s.d.r.c.RepositoryConfigurationDelegate : Bootstrapping Spring Data Redis repositories in DEFAULT mode.
2024-05-22 15:28:27.569  INFO 19004 --- [main] .s.d.r.c.RepositoryConfigurationDelegate : Finished Spring Data repository scanning in 154 ms. Found 0 Redis repository interfaces.
2024-05-22 15:28:27.863  INFO 19260 --- [main] com.zaxxer.hikari.HikariDataSource       : HikariPool-1 - Starting...
2024-05-22 15:28:28.437  INFO 19260 --- [main] com.zaxxer.hikari.HikariDataSource       : HikariPool-1 - Start completed.
2024-05-22 15:28:28.643  INFO 19260 --- [main] c.y.v.system.netty.NettyClient           : å½“å‰å®¢æˆ·ç«¯ï¼šA, è¿›è¡Œåˆå§‹åŒ–
2024-05-22 15:28:29.378  INFO 19260 --- [main] c.y.v.system.netty.NettyClient           : å½“å‰å®¢æˆ·ç«¯ï¼šB, è¿›è¡Œåˆå§‹åŒ–
2024-05-22 15:28:36.019  INFO 19260 --- [main] o.y.standard.ServerEndpointExporter      : [34mNetty WebSocket started on port: 8880 with context path(s): '/websocket/{pageId}' .[0m
2024-05-22 15:28:36.077  INFO 19260 --- [main] YuandiInjectiondispenserApplicationTests : Started YuandiInjectiondispenserApplicationTests in 22.635 seconds (JVM running for 24.944)
2024-05-22 15:28:36.508  INFO 19004 --- [main] com.zaxxer.hikari.HikariDataSource       : HikariPool-1 - Starting...
2024-05-22 15:28:37.166  INFO 19004 --- [main] com.zaxxer.hikari.HikariDataSource       : HikariPool-1 - Start completed.
2024-05-22 15:28:37.278  INFO 19004 --- [main] c.y.v.system.netty.NettyClient           : å½“å‰å®¢æˆ·ç«¯ï¼šA, è¿›è¡Œåˆå§‹åŒ–
2024-05-22 15:28:37.823  INFO 19004 --- [main] c.y.v.system.netty.NettyClient           : å½“å‰å®¢æˆ·ç«¯ï¼šB, è¿›è¡Œåˆå§‹åŒ–
2024-05-22 15:28:39.917  INFO 19260 --- [SpringApplicationShutdownHook] com.zaxxer.hikari.HikariDataSource       : HikariPool-1 - Shutdown initiated...
2024-05-22 15:28:40.190  INFO 19260 --- [SpringApplicationShutdownHook] com.zaxxer.hikari.HikariDataSource       : HikariPool-1 - Shutdown completed.
2024-05-22 15:28:40.354  WARN 19260 --- [Dispensing-1] io.netty.channel.AbstractChannel         : Force-closing a channel whose registration task was not accepted by an event loop: [id: 0xe66b6cca]

java.util.concurrent.RejectedExecutionException: event executor terminated
	at io.netty.util.concurrent.SingleThreadEventExecutor.reject(SingleThreadEventExecutor.java:934)
	at io.netty.util.concurrent.SingleThreadEventExecutor.offerTask(SingleThreadEventExecutor.java:351)
	at io.netty.util.concurrent.SingleThreadEventExecutor.addTask(SingleThreadEventExecutor.java:344)
	at io.netty.util.concurrent.SingleThreadEventExecutor.execute(SingleThreadEventExecutor.java:836)
	at io.netty.util.concurrent.SingleThreadEventExecutor.execute0(SingleThreadEventExecutor.java:827)
	at io.netty.util.concurrent.SingleThreadEventExecutor.execute(SingleThreadEventExecutor.java:817)
	at io.netty.channel.AbstractChannel$AbstractUnsafe.register(AbstractChannel.java:483)
	at io.netty.channel.SingleThreadEventLoop.register(SingleThreadEventLoop.java:89)
	at io.netty.channel.SingleThreadEventLoop.register(SingleThreadEventLoop.java:83)
	at io.netty.channel.MultithreadEventLoopGroup.register(MultithreadEventLoopGroup.java:86)
	at io.netty.bootstrap.AbstractBootstrap.initAndRegister(AbstractBootstrap.java:323)
	at io.netty.bootstrap.Bootstrap.doResolveAndConnect(Bootstrap.java:155)
	at io.netty.bootstrap.Bootstrap.connect(Bootstrap.java:139)
	at io.lettuce.core.AbstractRedisClient.initializeChannelAsync0(AbstractRedisClient.java:409)
	at io.lettuce.core.AbstractRedisClient.lambda$initializeChannelAsync$2(AbstractRedisClient.java:391)
	at reactor.core.publisher.LambdaMonoSubscriber.onNext(LambdaMonoSubscriber.java:171)
	at reactor.core.publisher.FluxPeekFuseable$PeekFuseableSubscriber.onNext(FluxPeekFuseable.java:210)
	at reactor.core.publisher.MonoPeekTerminal$MonoTerminalPeekSubscriber.onNext(MonoPeekTerminal.java:180)
	at reactor.core.publisher.FluxPeekFuseable$PeekConditionalSubscriber.onNext(FluxPeekFuseable.java:854)
	at reactor.core.publisher.Operators$MonoSubscriber.complete(Operators.java:1839)
	at reactor.core.publisher.MonoCallable.subscribe(MonoCallable.java:62)
	at reactor.core.publisher.MonoDefer.subscribe(MonoDefer.java:52)
	at reactor.core.publisher.Mono.subscribe(Mono.java:4490)
	at reactor.core.publisher.Mono.subscribeWith(Mono.java:4605)
	at reactor.core.publisher.Mono.subscribe(Mono.java:4457)
	at reactor.core.publisher.Mono.subscribe(Mono.java:4393)
	at reactor.core.publisher.Mono.subscribe(Mono.java:4365)
	at io.lettuce.core.AbstractRedisClient.initializeChannelAsync(AbstractRedisClient.java:386)
	at io.lettuce.core.RedisClient.connectStatefulAsync(RedisClient.java:325)
	at io.lettuce.core.RedisClient.connectStandaloneAsync(RedisClient.java:287)
	at io.lettuce.core.RedisClient.connect(RedisClient.java:216)
	at org.springframework.data.redis.connection.lettuce.StandaloneConnectionProvider.lambda$getConnection$1(StandaloneConnectionProvider.java:115)
	at java.base/java.util.Optional.orElseGet(Optional.java:364)
	at org.springframework.data.redis.connection.lettuce.StandaloneConnectionProvider.getConnection(StandaloneConnectionProvider.java:115)
	at org.springframework.data.redis.connection.lettuce.LettuceConnectionFactory$ExceptionTranslatingConnectionProvider.getConnection(LettuceConnectionFactory.java:1595)
	at org.springframework.data.redis.connection.lettuce.LettuceConnectionFactory$SharedConnection.getNativeConnection(LettuceConnectionFactory.java:1383)
	at org.springframework.data.redis.connection.lettuce.LettuceConnectionFactory$SharedConnection.getConnection(LettuceConnectionFactory.java:1366)
	at org.springframework.data.redis.connection.lettuce.LettuceConnectionFactory.getSharedConnection(LettuceConnectionFactory.java:1093)
	at org.springframework.data.redis.connection.lettuce.LettuceConnectionFactory.getConnection(LettuceConnectionFactory.java:421)
	at org.springframework.data.redis.core.RedisConnectionUtils.fetchConnection(RedisConnectionUtils.java:193)
	at org.springframework.data.redis.core.RedisConnectionUtils.doGetConnection(RedisConnectionUtils.java:144)
	at org.springframework.data.redis.core.RedisConnectionUtils.getConnection(RedisConnectionUtils.java:105)
	at org.springframework.data.redis.core.RedisTemplate.execute(RedisTemplate.java:211)
	at org.springframework.data.redis.core.RedisTemplate.execute(RedisTemplate.java:191)
	at org.springframework.data.redis.core.AbstractOperations.execute(AbstractOperations.java:97)
	at org.springframework.data.redis.core.DefaultListOperations.size(DefaultListOperations.java:200)
	at com.yiwan.vaccinedispenser.system.dispensing.DispensingThreadManager.checkDropLayersInRedis(DispensingThreadManager.java:159)
	at com.yiwan.vaccinedispenser.system.dispensing.DispensingThreadManager.lambda$drop$1(DispensingThreadManager.java:60)
	at java.base/java.util.concurrent.ThreadPoolExecutor.runWorker(ThreadPoolExecutor.java:1136)
	at java.base/java.util.concurrent.ThreadPoolExecutor$Worker.run(ThreadPoolExecutor.java:635)
	at java.base/java.lang.Thread.run(Thread.java:842)

2024-05-22 15:28:40.361 ERROR 19260 --- [Dispensing-1] i.n.u.c.D.rejectedExecution              : Failed to submit a listener notification task. Event loop shut down?

java.util.concurrent.RejectedExecutionException: event executor terminated
	at io.netty.util.concurrent.SingleThreadEventExecutor.reject(SingleThreadEventExecutor.java:934)
	at io.netty.util.concurrent.SingleThreadEventExecutor.offerTask(SingleThreadEventExecutor.java:351)
	at io.netty.util.concurrent.SingleThreadEventExecutor.addTask(SingleThreadEventExecutor.java:344)
	at io.netty.util.concurrent.SingleThreadEventExecutor.execute(SingleThreadEventExecutor.java:836)
	at io.netty.util.concurrent.SingleThreadEventExecutor.execute0(SingleThreadEventExecutor.java:827)
	at io.netty.util.concurrent.SingleThreadEventExecutor.execute(SingleThreadEventExecutor.java:817)
	at io.netty.util.concurrent.DefaultPromise.safeExecute(DefaultPromise.java:862)
	at io.netty.util.concurrent.DefaultPromise.notifyListeners(DefaultPromise.java:500)
	at io.netty.util.concurrent.DefaultPromise.addListener(DefaultPromise.java:185)
	at io.netty.channel.DefaultChannelPromise.addListener(DefaultChannelPromise.java:95)
	at io.netty.channel.DefaultChannelPromise.addListener(DefaultChannelPromise.java:30)
	at io.lettuce.core.AbstractRedisClient.initializeChannelAsync0(AbstractRedisClient.java:418)
	at io.lettuce.core.AbstractRedisClient.lambda$initializeChannelAsync$2(AbstractRedisClient.java:391)
	at reactor.core.publisher.LambdaMonoSubscriber.onNext(LambdaMonoSubscriber.java:171)
	at reactor.core.publisher.FluxPeekFuseable$PeekFuseableSubscriber.onNext(FluxPeekFuseable.java:210)
	at reactor.core.publisher.MonoPeekTerminal$MonoTerminalPeekSubscriber.onNext(MonoPeekTerminal.java:180)
	at reactor.core.publisher.FluxPeekFuseable$PeekConditionalSubscriber.onNext(FluxPeekFuseable.java:854)
	at reactor.core.publisher.Operators$MonoSubscriber.complete(Operators.java:1839)
	at reactor.core.publisher.MonoCallable.subscribe(MonoCallable.java:62)
	at reactor.core.publisher.MonoDefer.subscribe(MonoDefer.java:52)
	at reactor.core.publisher.Mono.subscribe(Mono.java:4490)
	at reactor.core.publisher.Mono.subscribeWith(Mono.java:4605)
	at reactor.core.publisher.Mono.subscribe(Mono.java:4457)
	at reactor.core.publisher.Mono.subscribe(Mono.java:4393)
	at reactor.core.publisher.Mono.subscribe(Mono.java:4365)
	at io.lettuce.core.AbstractRedisClient.initializeChannelAsync(AbstractRedisClient.java:386)
	at io.lettuce.core.RedisClient.connectStatefulAsync(RedisClient.java:325)
	at io.lettuce.core.RedisClient.connectStandaloneAsync(RedisClient.java:287)
	at io.lettuce.core.RedisClient.connect(RedisClient.java:216)
	at org.springframework.data.redis.connection.lettuce.StandaloneConnectionProvider.lambda$getConnection$1(StandaloneConnectionProvider.java:115)
	at java.base/java.util.Optional.orElseGet(Optional.java:364)
	at org.springframework.data.redis.connection.lettuce.StandaloneConnectionProvider.getConnection(StandaloneConnectionProvider.java:115)
	at org.springframework.data.redis.connection.lettuce.LettuceConnectionFactory$ExceptionTranslatingConnectionProvider.getConnection(LettuceConnectionFactory.java:1595)
	at org.springframework.data.redis.connection.lettuce.LettuceConnectionFactory$SharedConnection.getNativeConnection(LettuceConnectionFactory.java:1383)
	at org.springframework.data.redis.connection.lettuce.LettuceConnectionFactory$SharedConnection.getConnection(LettuceConnectionFactory.java:1366)
	at org.springframework.data.redis.connection.lettuce.LettuceConnectionFactory.getSharedConnection(LettuceConnectionFactory.java:1093)
	at org.springframework.data.redis.connection.lettuce.LettuceConnectionFactory.getConnection(LettuceConnectionFactory.java:421)
	at org.springframework.data.redis.core.RedisConnectionUtils.fetchConnection(RedisConnectionUtils.java:193)
	at org.springframework.data.redis.core.RedisConnectionUtils.doGetConnection(RedisConnectionUtils.java:144)
	at org.springframework.data.redis.core.RedisConnectionUtils.getConnection(RedisConnectionUtils.java:105)
	at org.springframework.data.redis.core.RedisTemplate.execute(RedisTemplate.java:211)
	at org.springframework.data.redis.core.RedisTemplate.execute(RedisTemplate.java:191)
	at org.springframework.data.redis.core.AbstractOperations.execute(AbstractOperations.java:97)
	at org.springframework.data.redis.core.DefaultListOperations.size(DefaultListOperations.java:200)
	at com.yiwan.vaccinedispenser.system.dispensing.DispensingThreadManager.checkDropLayersInRedis(DispensingThreadManager.java:159)
	at com.yiwan.vaccinedispenser.system.dispensing.DispensingThreadManager.lambda$drop$1(DispensingThreadManager.java:60)
	at java.base/java.util.concurrent.ThreadPoolExecutor.runWorker(ThreadPoolExecutor.java:1136)
	at java.base/java.util.concurrent.ThreadPoolExecutor$Worker.run(ThreadPoolExecutor.java:635)
	at java.base/java.lang.Thread.run(Thread.java:842)

2024-05-22 15:28:43.492  INFO 19004 --- [main] o.y.standard.ServerEndpointExporter      : [34mNetty WebSocket started on port: 8880 with context path(s): '/websocket/{pageId}' .[0m
2024-05-22 15:28:43.544  INFO 19004 --- [main] YuandiInjectiondispenserApplicationTests : Started YuandiInjectiondispenserApplicationTests in 21.556 seconds (JVM running for 24.742)
2024-05-22 15:28:47.183  INFO 19004 --- [SpringApplicationShutdownHook] com.zaxxer.hikari.HikariDataSource       : HikariPool-1 - Shutdown initiated...
2024-05-22 15:28:47.328  INFO 19004 --- [SpringApplicationShutdownHook] com.zaxxer.hikari.HikariDataSource       : HikariPool-1 - Shutdown completed.
2024-05-22 15:29:47.189  INFO 19240 --- [main] YuandiInjectiondispenserApplicationTests : Starting YuandiInjectiondispenserApplicationTests using Java 17.0.9 on ZH with PID 19240 (started by 78671 in D:\work\ç–«è‹—å‘è¯æœº\yiwan-vaccinedispenser_-v1.0\yiwan-vaccinedispenser-admin)
2024-05-22 15:29:47.192  INFO 19240 --- [main] YuandiInjectiondispenserApplicationTests : The following 1 profile is active: "dev"
2024-05-22 15:29:49.330  INFO 19240 --- [main] .s.d.r.c.RepositoryConfigurationDelegate : Multiple Spring Data modules found, entering strict repository configuration mode
2024-05-22 15:29:49.335  INFO 19240 --- [main] .s.d.r.c.RepositoryConfigurationDelegate : Bootstrapping Spring Data Redis repositories in DEFAULT mode.
2024-05-22 15:29:49.449  INFO 19240 --- [main] .s.d.r.c.RepositoryConfigurationDelegate : Finished Spring Data repository scanning in 77 ms. Found 0 Redis repository interfaces.
2024-05-22 15:29:54.209  INFO 19240 --- [main] com.zaxxer.hikari.HikariDataSource       : HikariPool-1 - Starting...
2024-05-22 15:29:54.730  INFO 19240 --- [main] com.zaxxer.hikari.HikariDataSource       : HikariPool-1 - Start completed.
2024-05-22 15:29:54.847  INFO 19240 --- [main] c.y.v.system.netty.NettyClient           : å½“å‰å®¢æˆ·ç«¯ï¼šA, è¿›è¡Œåˆå§‹åŒ–
2024-05-22 15:29:56.102  INFO 19240 --- [main] c.y.v.system.netty.NettyClient           : å½“å‰å®¢æˆ·ç«¯ï¼šB, è¿›è¡Œåˆå§‹åŒ–
2024-05-22 15:30:07.769  INFO 19240 --- [main] o.y.standard.ServerEndpointExporter      : [34mNetty WebSocket started on port: 8880 with context path(s): '/websocket/{pageId}' .[0m
2024-05-22 15:30:07.825  INFO 19240 --- [main] YuandiInjectiondispenserApplicationTests : Started YuandiInjectiondispenserApplicationTests in 21.776 seconds (JVM running for 24.611)
2024-05-22 15:30:12.500  INFO 19240 --- [main] c.y.v.system.zyc.ZcyRequestBuilder       : {"body":"{\"success\":false,\"result\":null,\"code\":\"A100404\",\"message\":\"uriå¯¹åº”çš„apiä¸å­˜åœ¨ï¼Œuri:/zcy.vaccine.info.query.for.machine.enter\"}","headers":{"X-Frame-Options":"SAMEORIGIN","Strict-Transport-Security":"max-age=31536000; includeSubDomains","Content-Security-Policy":"default-src 'self' *.zcycdn.com *.aliyuncs.com gw.alipayobjects.com res.wx.qq.com *.zcygov.cn *.alicdn.com *.cloud-inner.zj.gov.cn www.gjtool.cn 'unsafe-inline' data:","Connection":"keep-alive","Content-Length":"133","Date":"Wed, 22 May 2024 07:30:14 GMT","Content-Type":"application/json;charset=UTF-8"},"httpStatus":200}
2024-05-22 15:30:12.620  INFO 19240 --- [SpringApplicationShutdownHook] com.zaxxer.hikari.HikariDataSource       : HikariPool-1 - Shutdown initiated...
2024-05-22 15:30:12.884  INFO 19240 --- [SpringApplicationShutdownHook] com.zaxxer.hikari.HikariDataSource       : HikariPool-1 - Shutdown completed.
