2024-06-03 15:57:49.663  INFO 18536 --- [main] YuandiInjectiondispenserApplicationTests : Starting YuandiInjectiondispenserApplicationTests using Java 17.0.9 on ZH with PID 18536 (started by 78671 in D:\work\ç–«è‹—å‘è¯æœº\yiwan-vaccinedispenser_-v1.0\yiwan-vaccinedispenser-admin)
2024-06-03 15:57:49.668  INFO 18536 --- [main] YuandiInjectiondispenserApplicationTests : The following 1 profile is active: "dev"
2024-06-03 15:57:51.273  INFO 18536 --- [main] .s.d.r.c.RepositoryConfigurationDelegate : Multiple Spring Data modules found, entering strict repository configuration mode
2024-06-03 15:57:51.277  INFO 18536 --- [main] .s.d.r.c.RepositoryConfigurationDelegate : Bootstrapping Spring Data Redis repositories in DEFAULT mode.
2024-06-03 15:57:51.363  INFO 18536 --- [main] .s.d.r.c.RepositoryConfigurationDelegate : Finished Spring Data repository scanning in 52 ms. Found 0 Redis repository interfaces.
2024-06-03 15:57:54.344  INFO 18536 --- [main] com.zaxxer.hikari.HikariDataSource       : HikariPool-1 - Starting...
2024-06-03 15:57:54.660  INFO 18536 --- [main] com.zaxxer.hikari.HikariDataSource       : HikariPool-1 - Start completed.
2024-06-03 15:57:54.730  INFO 18536 --- [main] c.y.v.system.netty.NettyClient           : å½“å‰å®¢æˆ·ç«¯ï¼šA, è¿›è¡Œåˆå§‹åŒ–
2024-06-03 15:57:54.996  INFO 18536 --- [main] c.y.v.system.netty.NettyClient           : å½“å‰å®¢æˆ·ç«¯ï¼šB, è¿›è¡Œåˆå§‹åŒ–
2024-06-03 15:57:55.330  INFO 18536 --- [nioEventLoopGroup-4-1] c.y.v.system.netty.NettyClient           : å½“å‰å®¢æˆ·ç«¯ï¼šA æœåŠ¡ç«¯è¿æ¥æˆåŠŸ...
2024-06-03 15:57:55.330  INFO 18536 --- [nioEventLoopGroup-5-1] c.y.v.system.netty.NettyClient           : å½“å‰å®¢æˆ·ç«¯ï¼šB æœåŠ¡ç«¯è¿æ¥æˆåŠŸ...
2024-06-03 15:57:55.330  INFO 18536 --- [nioEventLoopGroup-4-1] c.y.v.system.netty.NettyClientHandler    : å½“å‰çš„clientï¼šA è¿æ¥æœåŠ¡å™¨æˆåŠŸ
2024-06-03 15:57:55.330  INFO 18536 --- [nioEventLoopGroup-5-1] c.y.v.system.netty.NettyClientHandler    : å½“å‰çš„clientï¼šB è¿æ¥æœåŠ¡å™¨æˆåŠŸ
2024-06-03 15:57:58.606  INFO 18536 --- [main] o.y.standard.ServerEndpointExporter      : [34mNetty WebSocket started on port: 8880 with context path(s): '/websocket/{pageId}' .[0m
2024-06-03 15:57:58.664  INFO 18536 --- [main] YuandiInjectiondispenserApplicationTests : Started YuandiInjectiondispenserApplicationTests in 9.815 seconds (JVM running for 12.124)
2024-06-03 15:58:00.808  INFO 18536 --- [main] c.y.v.system.zyc.ZcyRequestBuilder       : {"body":"{\"success\":false,\"result\":null,\"code\":null,\"message\":\"ç”µå­ç›‘ç®¡ç ä¸ºç©º\"}","headers":{"X-Frame-Options":"SAMEORIGIN","Strict-Transport-Security":"max-age=31536000; includeSubDomains","Content-Security-Policy":"default-src 'self' *.zcycdn.com *.aliyuncs.com gw.alipayobjects.com res.wx.qq.com *.zcygov.cn *.alicdn.com *.cloud-inner.zj.gov.cn www.gjtool.cn 'unsafe-inline' data:","Connection":"keep-alive","Content-Length":"77","Date":"Mon, 03 Jun 2024 07:58:00 GMT","Content-Type":"application/json;charset=UTF-8"},"httpStatus":200}
2024-06-03 15:58:00.858  INFO 18536 --- [SpringApplicationShutdownHook] com.zaxxer.hikari.HikariDataSource       : HikariPool-1 - Shutdown initiated...
2024-06-03 15:58:00.922  INFO 18536 --- [SpringApplicationShutdownHook] com.zaxxer.hikari.HikariDataSource       : HikariPool-1 - Shutdown completed.
2024-06-03 16:45:33.883  INFO 2964 --- [main] YuandiInjectiondispenserApplicationTests : Starting YuandiInjectiondispenserApplicationTests using Java 17.0.9 on ZH with PID 2964 (started by 78671 in D:\work\ç–«è‹—å‘è¯æœº\yiwan-vaccinedispenser_-v1.0\yiwan-vaccinedispenser-admin)
2024-06-03 16:45:33.886  INFO 2964 --- [main] YuandiInjectiondispenserApplicationTests : The following 1 profile is active: "dev"
2024-06-03 16:45:35.367  INFO 2964 --- [main] .s.d.r.c.RepositoryConfigurationDelegate : Multiple Spring Data modules found, entering strict repository configuration mode
2024-06-03 16:45:35.371  INFO 2964 --- [main] .s.d.r.c.RepositoryConfigurationDelegate : Bootstrapping Spring Data Redis repositories in DEFAULT mode.
2024-06-03 16:45:35.467  INFO 2964 --- [main] .s.d.r.c.RepositoryConfigurationDelegate : Finished Spring Data repository scanning in 61 ms. Found 0 Redis repository interfaces.
2024-06-03 16:45:38.595  INFO 2964 --- [main] com.zaxxer.hikari.HikariDataSource       : HikariPool-1 - Starting...
2024-06-03 16:45:38.927  INFO 2964 --- [main] com.zaxxer.hikari.HikariDataSource       : HikariPool-1 - Start completed.
2024-06-03 16:45:39.005  INFO 2964 --- [main] c.y.v.system.netty.NettyClient           : å½“å‰å®¢æˆ·ç«¯ï¼šA, è¿›è¡Œåˆå§‹åŒ–
2024-06-03 16:45:39.240  INFO 2964 --- [main] c.y.v.system.netty.NettyClient           : å½“å‰å®¢æˆ·ç«¯ï¼šB, è¿›è¡Œåˆå§‹åŒ–
2024-06-03 16:45:39.497  INFO 2964 --- [nioEventLoopGroup-5-1] c.y.v.system.netty.NettyClient           : å½“å‰å®¢æˆ·ç«¯ï¼šB æœåŠ¡ç«¯è¿æ¥æˆåŠŸ...
2024-06-03 16:45:39.497  INFO 2964 --- [nioEventLoopGroup-4-1] c.y.v.system.netty.NettyClient           : å½“å‰å®¢æˆ·ç«¯ï¼šA æœåŠ¡ç«¯è¿æ¥æˆåŠŸ...
2024-06-03 16:45:39.498  INFO 2964 --- [nioEventLoopGroup-5-1] c.y.v.system.netty.NettyClientHandler    : å½“å‰çš„clientï¼šB è¿æ¥æœåŠ¡å™¨æˆåŠŸ
2024-06-03 16:45:39.498  INFO 2964 --- [nioEventLoopGroup-4-1] c.y.v.system.netty.NettyClientHandler    : å½“å‰çš„clientï¼šA è¿æ¥æœåŠ¡å™¨æˆåŠŸ
2024-06-03 16:45:42.660  INFO 2964 --- [main] o.y.standard.ServerEndpointExporter      : [34mNetty WebSocket started on port: 8880 with context path(s): '/websocket/{pageId}' .[0m
2024-06-03 16:45:42.699  INFO 2964 --- [main] YuandiInjectiondispenserApplicationTests : Started YuandiInjectiondispenserApplicationTests in 9.759 seconds (JVM running for 11.716)
2024-06-03 16:45:44.903  INFO 2964 --- [main] c.y.v.system.zyc.ZcyRequestBuilder       : {"body":"{\"success\":true,\"result\":{\"batchNo\":\"202007170\",\"expiredAt\":1906473600000,\"price\":24800,\"productNo\":\"00755008501\",\"supervisedCode\":\"81004681877833202109\",\"tag\":null},\"code\":null,\"message\":null}","headers":{"X-Frame-Options":"SAMEORIGIN","Strict-Transport-Security":"max-age=31536000; includeSubDomains","Content-Security-Policy":"default-src 'self' *.zcycdn.com *.aliyuncs.com gw.alipayobjects.com res.wx.qq.com *.zcygov.cn *.alicdn.com *.cloud-inner.zj.gov.cn www.gjtool.cn 'unsafe-inline' data:","Connection":"keep-alive","Content-Length":"193","Date":"Mon, 03 Jun 2024 08:45:44 GMT","Content-Type":"application/json;charset=UTF-8"},"httpStatus":200}
2024-06-03 16:45:44.960  INFO 2964 --- [SpringApplicationShutdownHook] com.zaxxer.hikari.HikariDataSource       : HikariPool-1 - Shutdown initiated...
2024-06-03 16:45:45.052  INFO 2964 --- [SpringApplicationShutdownHook] com.zaxxer.hikari.HikariDataSource       : HikariPool-1 - Shutdown completed.
2024-06-03 17:03:49.134  INFO 15172 --- [main] YuandiInjectiondispenserApplicationTests : Starting YuandiInjectiondispenserApplicationTests using Java 17.0.9 on ZH with PID 15172 (started by 78671 in D:\work\ç–«è‹—å‘è¯æœº\yiwan-vaccinedispenser_-v1.0\yiwan-vaccinedispenser-admin)
2024-06-03 17:03:49.138  INFO 15172 --- [main] YuandiInjectiondispenserApplicationTests : The following 1 profile is active: "dev"
2024-06-03 17:03:50.712  INFO 15172 --- [main] .s.d.r.c.RepositoryConfigurationDelegate : Multiple Spring Data modules found, entering strict repository configuration mode
2024-06-03 17:03:50.719  INFO 15172 --- [main] .s.d.r.c.RepositoryConfigurationDelegate : Bootstrapping Spring Data Redis repositories in DEFAULT mode.
2024-06-03 17:03:50.840  INFO 15172 --- [main] .s.d.r.c.RepositoryConfigurationDelegate : Finished Spring Data repository scanning in 90 ms. Found 0 Redis repository interfaces.
2024-06-03 17:03:54.508  INFO 15172 --- [main] com.zaxxer.hikari.HikariDataSource       : HikariPool-1 - Starting...
2024-06-03 17:03:54.840  INFO 15172 --- [main] com.zaxxer.hikari.HikariDataSource       : HikariPool-1 - Start completed.
2024-06-03 17:03:54.940  INFO 15172 --- [main] c.y.v.system.netty.NettyClient           : å½“å‰å®¢æˆ·ç«¯ï¼šA, è¿›è¡Œåˆå§‹åŒ–
2024-06-03 17:03:55.200  INFO 15172 --- [main] c.y.v.system.netty.NettyClient           : å½“å‰å®¢æˆ·ç«¯ï¼šB, è¿›è¡Œåˆå§‹åŒ–
2024-06-03 17:03:55.476  INFO 15172 --- [nioEventLoopGroup-4-1] c.y.v.system.netty.NettyClient           : å½“å‰å®¢æˆ·ç«¯ï¼šA æœåŠ¡ç«¯è¿æ¥æˆåŠŸ...
2024-06-03 17:03:55.476  INFO 15172 --- [nioEventLoopGroup-5-1] c.y.v.system.netty.NettyClient           : å½“å‰å®¢æˆ·ç«¯ï¼šB æœåŠ¡ç«¯è¿æ¥æˆåŠŸ...
2024-06-03 17:03:55.477  INFO 15172 --- [nioEventLoopGroup-4-1] c.y.v.system.netty.NettyClientHandler    : å½“å‰çš„clientï¼šA è¿æ¥æœåŠ¡å™¨æˆåŠŸ
2024-06-03 17:03:55.477  INFO 15172 --- [nioEventLoopGroup-5-1] c.y.v.system.netty.NettyClientHandler    : å½“å‰çš„clientï¼šB è¿æ¥æœåŠ¡å™¨æˆåŠŸ
2024-06-03 17:03:58.726  INFO 15172 --- [main] o.y.standard.ServerEndpointExporter      : [34mNetty WebSocket started on port: 8880 with context path(s): '/websocket/{pageId}' .[0m
2024-06-03 17:03:58.761  INFO 15172 --- [main] YuandiInjectiondispenserApplicationTests : Started YuandiInjectiondispenserApplicationTests in 10.59 seconds (JVM running for 12.481)
2024-06-03 17:04:00.473  INFO 15172 --- [main] c.y.v.system.zyc.ZcyRequestBuilder       : {"body":"{\"success\":true,\"result\":{\"batchNo\":\"202007170\",\"expiredAt\":1906473600000,\"price\":24800,\"productNo\":\"00755008501\",\"supervisedCode\":\"81004681877833202109\",\"tag\":null},\"code\":null,\"message\":null}","headers":{"X-Frame-Options":"SAMEORIGIN","Strict-Transport-Security":"max-age=31536000; includeSubDomains","Content-Security-Policy":"default-src 'self' *.zcycdn.com *.aliyuncs.com gw.alipayobjects.com res.wx.qq.com *.zcygov.cn *.alicdn.com *.cloud-inner.zj.gov.cn www.gjtool.cn 'unsafe-inline' data:","Connection":"keep-alive","Content-Length":"193","Date":"Mon, 03 Jun 2024 09:04:00 GMT","Content-Type":"application/json;charset=UTF-8"},"httpStatus":200}
2024-06-03 17:04:00.513  INFO 15172 --- [SpringApplicationShutdownHook] com.zaxxer.hikari.HikariDataSource       : HikariPool-1 - Shutdown initiated...
2024-06-03 17:04:00.593  INFO 15172 --- [SpringApplicationShutdownHook] com.zaxxer.hikari.HikariDataSource       : HikariPool-1 - Shutdown completed.
2024-06-03 17:04:50.371  INFO 16948 --- [main] YuandiInjectiondispenserApplicationTests : Starting YuandiInjectiondispenserApplicationTests using Java 17.0.9 on ZH with PID 16948 (started by 78671 in D:\work\ç–«è‹—å‘è¯æœº\yiwan-vaccinedispenser_-v1.0\yiwan-vaccinedispenser-admin)
2024-06-03 17:04:50.373  INFO 16948 --- [main] YuandiInjectiondispenserApplicationTests : The following 1 profile is active: "dev"
2024-06-03 17:04:51.905  INFO 16948 --- [main] .s.d.r.c.RepositoryConfigurationDelegate : Multiple Spring Data modules found, entering strict repository configuration mode
2024-06-03 17:04:51.920  INFO 16948 --- [main] .s.d.r.c.RepositoryConfigurationDelegate : Bootstrapping Spring Data Redis repositories in DEFAULT mode.
2024-06-03 17:04:52.001  INFO 16948 --- [main] .s.d.r.c.RepositoryConfigurationDelegate : Finished Spring Data repository scanning in 58 ms. Found 0 Redis repository interfaces.
2024-06-03 17:04:56.544  INFO 16948 --- [main] com.zaxxer.hikari.HikariDataSource       : HikariPool-1 - Starting...
2024-06-03 17:04:56.879  INFO 16948 --- [main] com.zaxxer.hikari.HikariDataSource       : HikariPool-1 - Start completed.
2024-06-03 17:04:56.972  INFO 16948 --- [main] c.y.v.system.netty.NettyClient           : å½“å‰å®¢æˆ·ç«¯ï¼šA, è¿›è¡Œåˆå§‹åŒ–
2024-06-03 17:04:57.234  INFO 16948 --- [main] c.y.v.system.netty.NettyClient           : å½“å‰å®¢æˆ·ç«¯ï¼šB, è¿›è¡Œåˆå§‹åŒ–
2024-06-03 17:04:57.533  INFO 16948 --- [nioEventLoopGroup-4-1] c.y.v.system.netty.NettyClient           : å½“å‰å®¢æˆ·ç«¯ï¼šA æœåŠ¡ç«¯è¿æ¥æˆåŠŸ...
2024-06-03 17:04:57.533  INFO 16948 --- [nioEventLoopGroup-5-1] c.y.v.system.netty.NettyClient           : å½“å‰å®¢æˆ·ç«¯ï¼šB æœåŠ¡ç«¯è¿æ¥æˆåŠŸ...
2024-06-03 17:04:57.534  INFO 16948 --- [nioEventLoopGroup-4-1] c.y.v.system.netty.NettyClientHandler    : å½“å‰çš„clientï¼šA è¿æ¥æœåŠ¡å™¨æˆåŠŸ
2024-06-03 17:04:57.534  INFO 16948 --- [nioEventLoopGroup-5-1] c.y.v.system.netty.NettyClientHandler    : å½“å‰çš„clientï¼šB è¿æ¥æœåŠ¡å™¨æˆåŠŸ
2024-06-03 17:05:01.617  INFO 16948 --- [main] o.y.standard.ServerEndpointExporter      : [34mNetty WebSocket started on port: 8880 with context path(s): '/websocket/{pageId}' .[0m
2024-06-03 17:05:01.674  INFO 16948 --- [main] YuandiInjectiondispenserApplicationTests : Started YuandiInjectiondispenserApplicationTests in 12.262 seconds (JVM running for 14.358)
2024-06-03 17:05:03.828  INFO 16948 --- [main] c.y.v.system.zyc.ZcyRequestBuilder       : {"body":"{\"success\":true,\"result\":{\"batchNo\":\"202007170\",\"expiredAt\":1906473600000,\"price\":24800,\"productNo\":\"00755008501\",\"supervisedCode\":\"81004681877833202109\",\"tag\":null},\"code\":null,\"message\":null}","headers":{"X-Frame-Options":"SAMEORIGIN","Strict-Transport-Security":"max-age=31536000; includeSubDomains","Content-Security-Policy":"default-src 'self' *.zcycdn.com *.aliyuncs.com gw.alipayobjects.com res.wx.qq.com *.zcygov.cn *.alicdn.com *.cloud-inner.zj.gov.cn www.gjtool.cn 'unsafe-inline' data:","Connection":"keep-alive","Content-Length":"193","Date":"Mon, 03 Jun 2024 09:05:03 GMT","Content-Type":"application/json;charset=UTF-8"},"httpStatus":200}
2024-06-03 17:05:03.869  INFO 16948 --- [main] c.y.v.system.zyc.ZcyFunction             : {"batchNo":"202007170","expiredAt":1906473600000,"price":24800,"productNo":"00755008501","supervisedCode":"81004681877833202109"}
2024-06-03 17:05:03.911  INFO 16948 --- [SpringApplicationShutdownHook] com.zaxxer.hikari.HikariDataSource       : HikariPool-1 - Shutdown initiated...
2024-06-03 17:05:03.980  INFO 16948 --- [SpringApplicationShutdownHook] com.zaxxer.hikari.HikariDataSource       : HikariPool-1 - Shutdown completed.
2024-06-03 17:06:09.612  INFO 19680 --- [main] YuandiInjectiondispenserApplicationTests : Starting YuandiInjectiondispenserApplicationTests using Java 17.0.9 on ZH with PID 19680 (started by 78671 in D:\work\ç–«è‹—å‘è¯æœº\yiwan-vaccinedispenser_-v1.0\yiwan-vaccinedispenser-admin)
2024-06-03 17:06:09.614  INFO 19680 --- [main] YuandiInjectiondispenserApplicationTests : The following 1 profile is active: "dev"
2024-06-03 17:06:10.594  INFO 19680 --- [main] .s.d.r.c.RepositoryConfigurationDelegate : Multiple Spring Data modules found, entering strict repository configuration mode
2024-06-03 17:06:10.597  INFO 19680 --- [main] .s.d.r.c.RepositoryConfigurationDelegate : Bootstrapping Spring Data Redis repositories in DEFAULT mode.
2024-06-03 17:06:10.673  INFO 19680 --- [main] .s.d.r.c.RepositoryConfigurationDelegate : Finished Spring Data repository scanning in 50 ms. Found 0 Redis repository interfaces.
2024-06-03 17:06:14.199  INFO 19680 --- [main] com.zaxxer.hikari.HikariDataSource       : HikariPool-1 - Starting...
2024-06-03 17:06:14.545  INFO 19680 --- [main] com.zaxxer.hikari.HikariDataSource       : HikariPool-1 - Start completed.
2024-06-03 17:06:14.622  INFO 19680 --- [main] c.y.v.system.netty.NettyClient           : å½“å‰å®¢æˆ·ç«¯ï¼šA, è¿›è¡Œåˆå§‹åŒ–
2024-06-03 17:06:14.894  INFO 19680 --- [main] c.y.v.system.netty.NettyClient           : å½“å‰å®¢æˆ·ç«¯ï¼šB, è¿›è¡Œåˆå§‹åŒ–
2024-06-03 17:06:15.181  INFO 19680 --- [nioEventLoopGroup-5-1] c.y.v.system.netty.NettyClient           : å½“å‰å®¢æˆ·ç«¯ï¼šB æœåŠ¡ç«¯è¿æ¥æˆåŠŸ...
2024-06-03 17:06:15.181  INFO 19680 --- [nioEventLoopGroup-4-1] c.y.v.system.netty.NettyClient           : å½“å‰å®¢æˆ·ç«¯ï¼šA æœåŠ¡ç«¯è¿æ¥æˆåŠŸ...
2024-06-03 17:06:15.181  INFO 19680 --- [nioEventLoopGroup-5-1] c.y.v.system.netty.NettyClientHandler    : å½“å‰çš„clientï¼šB è¿æ¥æœåŠ¡å™¨æˆåŠŸ
2024-06-03 17:06:15.181  INFO 19680 --- [nioEventLoopGroup-4-1] c.y.v.system.netty.NettyClientHandler    : å½“å‰çš„clientï¼šA è¿æ¥æœåŠ¡å™¨æˆåŠŸ
2024-06-03 17:06:18.851  INFO 19680 --- [main] o.y.standard.ServerEndpointExporter      : [34mNetty WebSocket started on port: 8880 with context path(s): '/websocket/{pageId}' .[0m
2024-06-03 17:06:18.894  INFO 19680 --- [main] YuandiInjectiondispenserApplicationTests : Started YuandiInjectiondispenserApplicationTests in 9.95 seconds (JVM running for 11.094)
2024-06-03 17:06:21.176  INFO 19680 --- [main] c.y.v.system.zyc.ZcyRequestBuilder       : {"body":"{\"success\":true,\"result\":{\"batchNo\":\"202007170\",\"expiredAt\":1906473600000,\"price\":24800,\"productNo\":\"00755008501\",\"supervisedCode\":\"81004681877833202109\",\"tag\":null},\"code\":null,\"message\":null}","headers":{"X-Frame-Options":"SAMEORIGIN","Strict-Transport-Security":"max-age=31536000; includeSubDomains","Content-Security-Policy":"default-src 'self' *.zcycdn.com *.aliyuncs.com gw.alipayobjects.com res.wx.qq.com *.zcygov.cn *.alicdn.com *.cloud-inner.zj.gov.cn www.gjtool.cn 'unsafe-inline' data:","Connection":"keep-alive","Content-Length":"193","Date":"Mon, 03 Jun 2024 09:06:21 GMT","Content-Type":"application/json;charset=UTF-8"},"httpStatus":200}
2024-06-03 17:06:21.223  INFO 19680 --- [main] c.y.v.system.zyc.ZcyFunction             : {"batchNo":"202007170","expiredAt":1906473600000,"price":24800,"productNo":"00755008501","supervisedCode":"81004681877833202109"}
2024-06-03 17:06:21.264  INFO 19680 --- [SpringApplicationShutdownHook] com.zaxxer.hikari.HikariDataSource       : HikariPool-1 - Shutdown initiated...
2024-06-03 17:06:21.338  INFO 19680 --- [SpringApplicationShutdownHook] com.zaxxer.hikari.HikariDataSource       : HikariPool-1 - Shutdown completed.
2024-06-03 17:07:34.674  INFO 19340 --- [main] YuandiInjectiondispenserApplicationTests : Starting YuandiInjectiondispenserApplicationTests using Java 17.0.9 on ZH with PID 19340 (started by 78671 in D:\work\ç–«è‹—å‘è¯æœº\yiwan-vaccinedispenser_-v1.0\yiwan-vaccinedispenser-admin)
2024-06-03 17:07:34.677  INFO 19340 --- [main] YuandiInjectiondispenserApplicationTests : The following 1 profile is active: "dev"
2024-06-03 17:07:36.482  INFO 19340 --- [main] .s.d.r.c.RepositoryConfigurationDelegate : Multiple Spring Data modules found, entering strict repository configuration mode
2024-06-03 17:07:36.486  INFO 19340 --- [main] .s.d.r.c.RepositoryConfigurationDelegate : Bootstrapping Spring Data Redis repositories in DEFAULT mode.
2024-06-03 17:07:36.571  INFO 19340 --- [main] .s.d.r.c.RepositoryConfigurationDelegate : Finished Spring Data repository scanning in 60 ms. Found 0 Redis repository interfaces.
2024-06-03 17:07:39.972  INFO 19340 --- [main] com.zaxxer.hikari.HikariDataSource       : HikariPool-1 - Starting...
2024-06-03 17:07:40.301  INFO 19340 --- [main] com.zaxxer.hikari.HikariDataSource       : HikariPool-1 - Start completed.
2024-06-03 17:07:40.368  INFO 19340 --- [main] c.y.v.system.netty.NettyClient           : å½“å‰å®¢æˆ·ç«¯ï¼šA, è¿›è¡Œåˆå§‹åŒ–
2024-06-03 17:07:40.637  INFO 19340 --- [main] c.y.v.system.netty.NettyClient           : å½“å‰å®¢æˆ·ç«¯ï¼šB, è¿›è¡Œåˆå§‹åŒ–
2024-06-03 17:07:40.921  INFO 19340 --- [nioEventLoopGroup-5-1] c.y.v.system.netty.NettyClient           : å½“å‰å®¢æˆ·ç«¯ï¼šB æœåŠ¡ç«¯è¿æ¥æˆåŠŸ...
2024-06-03 17:07:40.921  INFO 19340 --- [nioEventLoopGroup-4-1] c.y.v.system.netty.NettyClient           : å½“å‰å®¢æˆ·ç«¯ï¼šA æœåŠ¡ç«¯è¿æ¥æˆåŠŸ...
2024-06-03 17:07:40.922  INFO 19340 --- [nioEventLoopGroup-5-1] c.y.v.system.netty.NettyClientHandler    : å½“å‰çš„clientï¼šB è¿æ¥æœåŠ¡å™¨æˆåŠŸ
2024-06-03 17:07:40.922  INFO 19340 --- [nioEventLoopGroup-4-1] c.y.v.system.netty.NettyClientHandler    : å½“å‰çš„clientï¼šA è¿æ¥æœåŠ¡å™¨æˆåŠŸ
2024-06-03 17:07:44.476  INFO 19340 --- [main] o.y.standard.ServerEndpointExporter      : [34mNetty WebSocket started on port: 8880 with context path(s): '/websocket/{pageId}' .[0m
2024-06-03 17:07:44.559  INFO 19340 --- [main] YuandiInjectiondispenserApplicationTests : Started YuandiInjectiondispenserApplicationTests in 10.94 seconds (JVM running for 13.787)
2024-06-03 17:07:47.426  INFO 19340 --- [main] c.y.v.system.zyc.ZcyRequestBuilder       : {"body":"{\"success\":false,\"result\":null,\"code\":null,\"message\":\"ç›‘ç®¡ç ä¸å­˜åœ¨\"}","headers":{"X-Frame-Options":"SAMEORIGIN","Strict-Transport-Security":"max-age=31536000; includeSubDomains","Content-Security-Policy":"default-src 'self' *.zcycdn.com *.aliyuncs.com gw.alipayobjects.com res.wx.qq.com *.zcygov.cn *.alicdn.com *.cloud-inner.zj.gov.cn www.gjtool.cn 'unsafe-inline' data:","Connection":"keep-alive","Content-Length":"74","Date":"Mon, 03 Jun 2024 09:07:47 GMT","Content-Type":"application/json;charset=UTF-8"},"httpStatus":200}
2024-06-03 17:07:47.449  INFO 19340 --- [main] c.y.v.system.zyc.ZcyFunction             : null
2024-06-03 17:07:47.493  INFO 19340 --- [SpringApplicationShutdownHook] com.zaxxer.hikari.HikariDataSource       : HikariPool-1 - Shutdown initiated...
2024-06-03 17:07:47.580  INFO 19340 --- [SpringApplicationShutdownHook] com.zaxxer.hikari.HikariDataSource       : HikariPool-1 - Shutdown completed.
2024-06-03 17:09:31.549  INFO 6532 --- [main] YuandiInjectiondispenserApplicationTests : Starting YuandiInjectiondispenserApplicationTests using Java 17.0.9 on ZH with PID 6532 (started by 78671 in D:\work\ç–«è‹—å‘è¯æœº\yiwan-vaccinedispenser_-v1.0\yiwan-vaccinedispenser-admin)
2024-06-03 17:09:31.551  INFO 6532 --- [main] YuandiInjectiondispenserApplicationTests : The following 1 profile is active: "dev"
2024-06-03 17:09:33.186  INFO 6532 --- [main] .s.d.r.c.RepositoryConfigurationDelegate : Multiple Spring Data modules found, entering strict repository configuration mode
2024-06-03 17:09:33.190  INFO 6532 --- [main] .s.d.r.c.RepositoryConfigurationDelegate : Bootstrapping Spring Data Redis repositories in DEFAULT mode.
2024-06-03 17:09:33.277  INFO 6532 --- [main] .s.d.r.c.RepositoryConfigurationDelegate : Finished Spring Data repository scanning in 61 ms. Found 0 Redis repository interfaces.
2024-06-03 17:09:36.472  INFO 6532 --- [main] com.zaxxer.hikari.HikariDataSource       : HikariPool-1 - Starting...
2024-06-03 17:09:36.811  INFO 6532 --- [main] com.zaxxer.hikari.HikariDataSource       : HikariPool-1 - Start completed.
2024-06-03 17:09:36.882  INFO 6532 --- [main] c.y.v.system.netty.NettyClient           : å½“å‰å®¢æˆ·ç«¯ï¼šA, è¿›è¡Œåˆå§‹åŒ–
2024-06-03 17:09:37.126  INFO 6532 --- [main] c.y.v.system.netty.NettyClient           : å½“å‰å®¢æˆ·ç«¯ï¼šB, è¿›è¡Œåˆå§‹åŒ–
2024-06-03 17:09:37.402  INFO 6532 --- [nioEventLoopGroup-4-1] c.y.v.system.netty.NettyClient           : å½“å‰å®¢æˆ·ç«¯ï¼šA æœåŠ¡ç«¯è¿æ¥æˆåŠŸ...
2024-06-03 17:09:37.402  INFO 6532 --- [nioEventLoopGroup-5-1] c.y.v.system.netty.NettyClient           : å½“å‰å®¢æˆ·ç«¯ï¼šB æœåŠ¡ç«¯è¿æ¥æˆåŠŸ...
2024-06-03 17:09:37.403  INFO 6532 --- [nioEventLoopGroup-4-1] c.y.v.system.netty.NettyClientHandler    : å½“å‰çš„clientï¼šA è¿æ¥æœåŠ¡å™¨æˆåŠŸ
2024-06-03 17:09:37.403  INFO 6532 --- [nioEventLoopGroup-5-1] c.y.v.system.netty.NettyClientHandler    : å½“å‰çš„clientï¼šB è¿æ¥æœåŠ¡å™¨æˆåŠŸ
2024-06-03 17:09:40.561  INFO 6532 --- [main] o.y.standard.ServerEndpointExporter      : [34mNetty WebSocket started on port: 8880 with context path(s): '/websocket/{pageId}' .[0m
2024-06-03 17:09:40.620  INFO 6532 --- [main] YuandiInjectiondispenserApplicationTests : Started YuandiInjectiondispenserApplicationTests in 10.123 seconds (JVM running for 12.262)
2024-06-03 17:09:42.523  INFO 6532 --- [main] c.y.v.system.zyc.ZcyRequestBuilder       : {"body":"{\"success\":false,\"result\":null,\"code\":null,\"message\":\"ç›‘ç®¡ç ä¸å­˜åœ¨\"}","headers":{"X-Frame-Options":"SAMEORIGIN","Strict-Transport-Security":"max-age=31536000; includeSubDomains","Content-Security-Policy":"default-src 'self' *.zcycdn.com *.aliyuncs.com gw.alipayobjects.com res.wx.qq.com *.zcygov.cn *.alicdn.com *.cloud-inner.zj.gov.cn www.gjtool.cn 'unsafe-inline' data:","Connection":"keep-alive","Content-Length":"74","Date":"Mon, 03 Jun 2024 09:09:42 GMT","Content-Type":"application/json;charset=UTF-8"},"httpStatus":200}
2024-06-03 17:09:42.543  INFO 6532 --- [main] c.y.v.system.zyc.ZcyFunction             : ç›‘ç®¡ç ä¸å­˜åœ¨
2024-06-03 17:09:42.583  INFO 6532 --- [SpringApplicationShutdownHook] com.zaxxer.hikari.HikariDataSource       : HikariPool-1 - Shutdown initiated...
2024-06-03 17:09:42.661  INFO 6532 --- [SpringApplicationShutdownHook] com.zaxxer.hikari.HikariDataSource       : HikariPool-1 - Shutdown completed.
