2024-05-21 17:24:46.375  INFO 2932 --- [main] YuandiInjectiondispenserApplicationTests : Starting YuandiInjectiondispenserApplicationTests using Java 17.0.9 on ZH with PID 2932 (started by 78671 in D:\work\ç–«è‹—å‘è¯æœº\yiwan-vaccinedispenser_-v1.0\yiwan-vaccinedispenser-admin)
2024-05-21 17:24:46.381  INFO 2932 --- [main] YuandiInjectiondispenserApplicationTests : The following 1 profile is active: "dev"
2024-05-21 17:24:49.986  INFO 2932 --- [main] .s.d.r.c.RepositoryConfigurationDelegate : Multiple Spring Data modules found, entering strict repository configuration mode
2024-05-21 17:24:49.991  INFO 2932 --- [main] .s.d.r.c.RepositoryConfigurationDelegate : Bootstrapping Spring Data Redis repositories in DEFAULT mode.
2024-05-21 17:24:50.097  INFO 2932 --- [main] .s.d.r.c.RepositoryConfigurationDelegate : Finished Spring Data repository scanning in 76 ms. Found 0 Redis repository interfaces.
2024-05-21 17:24:53.758  INFO 2932 --- [main] com.zaxxer.hikari.HikariDataSource       : HikariPool-1 - Starting...
2024-05-21 17:24:54.125  INFO 2932 --- [main] com.zaxxer.hikari.HikariDataSource       : HikariPool-1 - Start completed.
2024-05-21 17:24:54.222  INFO 2932 --- [main] c.y.v.system.netty.NettyClient           : å½“å‰å®¢æˆ·ç«¯ï¼šA, è¿›è¡Œåˆå§‹åŒ–
2024-05-21 17:24:54.552  INFO 2932 --- [main] c.y.v.system.netty.NettyClient           : å½“å‰å®¢æˆ·ç«¯ï¼šB, è¿›è¡Œåˆå§‹åŒ–
2024-05-21 17:24:58.118  INFO 2932 --- [main] o.y.standard.ServerEndpointExporter      : [34mNetty WebSocket started on port: 8880 with context path(s): '/websocket/{pageId}' .[0m
2024-05-21 17:24:58.146  INFO 2932 --- [main] YuandiInjectiondispenserApplicationTests : Started YuandiInjectiondispenserApplicationTests in 13.108 seconds (JVM running for 16.162)
2024-05-21 17:24:59.699  INFO 2932 --- [SpringApplicationShutdownHook] com.zaxxer.hikari.HikariDataSource       : HikariPool-1 - Shutdown initiated...
2024-05-21 17:24:59.788  INFO 2932 --- [SpringApplicationShutdownHook] com.zaxxer.hikari.HikariDataSource       : HikariPool-1 - Shutdown completed.
2024-05-21 17:27:55.161  INFO 20312 --- [main] YuandiInjectiondispenserApplicationTests : Starting YuandiInjectiondispenserApplicationTests using Java 17.0.9 on ZH with PID 20312 (started by 78671 in D:\work\ç–«è‹—å‘è¯æœº\yiwan-vaccinedispenser_-v1.0\yiwan-vaccinedispenser-admin)
2024-05-21 17:27:55.163  INFO 20312 --- [main] YuandiInjectiondispenserApplicationTests : The following 1 profile is active: "dev"
2024-05-21 17:27:56.782  INFO 20312 --- [main] .s.d.r.c.RepositoryConfigurationDelegate : Multiple Spring Data modules found, entering strict repository configuration mode
2024-05-21 17:27:56.787  INFO 20312 --- [main] .s.d.r.c.RepositoryConfigurationDelegate : Bootstrapping Spring Data Redis repositories in DEFAULT mode.
2024-05-21 17:27:56.857  INFO 20312 --- [main] .s.d.r.c.RepositoryConfigurationDelegate : Finished Spring Data repository scanning in 50 ms. Found 0 Redis repository interfaces.
2024-05-21 17:28:00.351  INFO 20312 --- [main] com.zaxxer.hikari.HikariDataSource       : HikariPool-1 - Starting...
2024-05-21 17:28:00.748  INFO 20312 --- [main] com.zaxxer.hikari.HikariDataSource       : HikariPool-1 - Start completed.
2024-05-21 17:28:00.839  INFO 20312 --- [main] c.y.v.system.netty.NettyClient           : å½“å‰å®¢æˆ·ç«¯ï¼šA, è¿›è¡Œåˆå§‹åŒ–
2024-05-21 17:28:01.194  INFO 20312 --- [main] c.y.v.system.netty.NettyClient           : å½“å‰å®¢æˆ·ç«¯ï¼šB, è¿›è¡Œåˆå§‹åŒ–
2024-05-21 17:28:04.880  INFO 20312 --- [main] o.y.standard.ServerEndpointExporter      : [34mNetty WebSocket started on port: 8880 with context path(s): '/websocket/{pageId}' .[0m
2024-05-21 17:28:04.929  INFO 20312 --- [main] YuandiInjectiondispenserApplicationTests : Started YuandiInjectiondispenserApplicationTests in 10.785 seconds (JVM running for 13.19)
2024-05-21 17:28:05.776  INFO 20312 --- [main] c.y.v.system.zyc.ZcyRequestBuilder       : 514112619
2024-05-21 17:28:06.302  INFO 20312 --- [SpringApplicationShutdownHook] com.zaxxer.hikari.HikariDataSource       : HikariPool-1 - Shutdown initiated...
2024-05-21 17:28:06.376  INFO 20312 --- [SpringApplicationShutdownHook] com.zaxxer.hikari.HikariDataSource       : HikariPool-1 - Shutdown completed.
2024-05-21 17:29:11.100  INFO 17824 --- [main] YuandiInjectiondispenserApplicationTests : Starting YuandiInjectiondispenserApplicationTests using Java 17.0.9 on ZH with PID 17824 (started by 78671 in D:\work\ç–«è‹—å‘è¯æœº\yiwan-vaccinedispenser_-v1.0\yiwan-vaccinedispenser-admin)
2024-05-21 17:29:11.103  INFO 17824 --- [main] YuandiInjectiondispenserApplicationTests : The following 1 profile is active: "dev"
2024-05-21 17:29:13.163  INFO 17824 --- [main] .s.d.r.c.RepositoryConfigurationDelegate : Multiple Spring Data modules found, entering strict repository configuration mode
2024-05-21 17:29:13.168  INFO 17824 --- [main] .s.d.r.c.RepositoryConfigurationDelegate : Bootstrapping Spring Data Redis repositories in DEFAULT mode.
2024-05-21 17:29:13.278  INFO 17824 --- [main] .s.d.r.c.RepositoryConfigurationDelegate : Finished Spring Data repository scanning in 73 ms. Found 0 Redis repository interfaces.
2024-05-21 17:29:16.892  INFO 17824 --- [main] com.zaxxer.hikari.HikariDataSource       : HikariPool-1 - Starting...
2024-05-21 17:29:17.222  INFO 17824 --- [main] com.zaxxer.hikari.HikariDataSource       : HikariPool-1 - Start completed.
2024-05-21 17:29:17.317  INFO 17824 --- [main] c.y.v.system.netty.NettyClient           : å½“å‰å®¢æˆ·ç«¯ï¼šA, è¿›è¡Œåˆå§‹åŒ–
2024-05-21 17:29:17.758  INFO 17824 --- [main] c.y.v.system.netty.NettyClient           : å½“å‰å®¢æˆ·ç«¯ï¼šB, è¿›è¡Œåˆå§‹åŒ–
2024-05-21 17:29:22.936  INFO 17824 --- [main] o.y.standard.ServerEndpointExporter      : [34mNetty WebSocket started on port: 8880 with context path(s): '/websocket/{pageId}' .[0m
2024-05-21 17:29:22.979  INFO 17824 --- [main] YuandiInjectiondispenserApplicationTests : Started YuandiInjectiondispenserApplicationTests in 12.894 seconds (JVM running for 14.291)
2024-05-21 17:29:23.953  INFO 17824 --- [main] c.y.v.system.zyc.ZcyRequestBuilder       : 514112619
2024-05-21 17:29:23.954  INFO 17824 --- [main] c.y.v.system.zyc.ZcyRequestBuilder       : RkN2ekHJxbuDuRSH
2024-05-21 17:29:24.569  INFO 17824 --- [SpringApplicationShutdownHook] com.zaxxer.hikari.HikariDataSource       : HikariPool-1 - Shutdown initiated...
2024-05-21 17:29:24.643  INFO 17824 --- [SpringApplicationShutdownHook] com.zaxxer.hikari.HikariDataSource       : HikariPool-1 - Shutdown completed.
2024-05-21 17:36:35.237  INFO 692 --- [main] YuandiInjectiondispenserApplicationTests : Starting YuandiInjectiondispenserApplicationTests using Java 17.0.9 on ZH with PID 692 (started by 78671 in D:\work\ç–«è‹—å‘è¯æœº\yiwan-vaccinedispenser_-v1.0\yiwan-vaccinedispenser-admin)
2024-05-21 17:36:35.238  INFO 692 --- [main] YuandiInjectiondispenserApplicationTests : The following 1 profile is active: "dev"
2024-05-21 17:36:36.960  INFO 692 --- [main] .s.d.r.c.RepositoryConfigurationDelegate : Multiple Spring Data modules found, entering strict repository configuration mode
2024-05-21 17:36:36.965  INFO 692 --- [main] .s.d.r.c.RepositoryConfigurationDelegate : Bootstrapping Spring Data Redis repositories in DEFAULT mode.
2024-05-21 17:36:37.039  INFO 692 --- [main] .s.d.r.c.RepositoryConfigurationDelegate : Finished Spring Data repository scanning in 47 ms. Found 0 Redis repository interfaces.
2024-05-21 17:36:40.491  INFO 692 --- [main] com.zaxxer.hikari.HikariDataSource       : HikariPool-1 - Starting...
2024-05-21 17:36:40.779  INFO 692 --- [main] com.zaxxer.hikari.HikariDataSource       : HikariPool-1 - Start completed.
2024-05-21 17:36:40.847  INFO 692 --- [main] c.y.v.system.netty.NettyClient           : å½“å‰å®¢æˆ·ç«¯ï¼šA, è¿›è¡Œåˆå§‹åŒ–
2024-05-21 17:36:41.080  INFO 692 --- [main] c.y.v.system.netty.NettyClient           : å½“å‰å®¢æˆ·ç«¯ï¼šB, è¿›è¡Œåˆå§‹åŒ–
2024-05-21 17:36:44.267  INFO 692 --- [main] o.y.standard.ServerEndpointExporter      : [34mNetty WebSocket started on port: 8880 with context path(s): '/websocket/{pageId}' .[0m
2024-05-21 17:36:44.302  INFO 692 --- [main] YuandiInjectiondispenserApplicationTests : Started YuandiInjectiondispenserApplicationTests in 10.244 seconds (JVM running for 12.29)
2024-05-21 17:36:45.195  INFO 692 --- [main] c.y.v.system.zyc.ZcyRequestBuilder       : 514112619
2024-05-21 17:36:45.196  INFO 692 --- [main] c.y.v.system.zyc.ZcyRequestBuilder       : D:\work\ç–«è‹—å‘è¯æœº\æ¥å£æ–‡æ¡£\å¯†é’¥\private_key.pem
2024-05-21 17:36:45.260  INFO 692 --- [SpringApplicationShutdownHook] com.zaxxer.hikari.HikariDataSource       : HikariPool-1 - Shutdown initiated...
2024-05-21 17:36:45.343  INFO 692 --- [SpringApplicationShutdownHook] com.zaxxer.hikari.HikariDataSource       : HikariPool-1 - Shutdown completed.
2024-05-21 17:37:19.058  INFO 19968 --- [main] YuandiInjectiondispenserApplicationTests : Starting YuandiInjectiondispenserApplicationTests using Java 17.0.9 on ZH with PID 19968 (started by 78671 in D:\work\ç–«è‹—å‘è¯æœº\yiwan-vaccinedispenser_-v1.0\yiwan-vaccinedispenser-admin)
2024-05-21 17:37:19.063  INFO 19968 --- [main] YuandiInjectiondispenserApplicationTests : The following 1 profile is active: "dev"
2024-05-21 17:37:20.759  INFO 19968 --- [main] .s.d.r.c.RepositoryConfigurationDelegate : Multiple Spring Data modules found, entering strict repository configuration mode
2024-05-21 17:37:20.763  INFO 19968 --- [main] .s.d.r.c.RepositoryConfigurationDelegate : Bootstrapping Spring Data Redis repositories in DEFAULT mode.
2024-05-21 17:37:20.837  INFO 19968 --- [main] .s.d.r.c.RepositoryConfigurationDelegate : Finished Spring Data repository scanning in 49 ms. Found 0 Redis repository interfaces.
2024-05-21 17:37:24.063  INFO 19968 --- [main] com.zaxxer.hikari.HikariDataSource       : HikariPool-1 - Starting...
2024-05-21 17:37:24.372  INFO 19968 --- [main] com.zaxxer.hikari.HikariDataSource       : HikariPool-1 - Start completed.
2024-05-21 17:37:24.444  INFO 19968 --- [main] c.y.v.system.netty.NettyClient           : å½“å‰å®¢æˆ·ç«¯ï¼šA, è¿›è¡Œåˆå§‹åŒ–
2024-05-21 17:37:24.705  INFO 19968 --- [main] c.y.v.system.netty.NettyClient           : å½“å‰å®¢æˆ·ç«¯ï¼šB, è¿›è¡Œåˆå§‹åŒ–
2024-05-21 17:37:28.208  INFO 19968 --- [main] o.y.standard.ServerEndpointExporter      : [34mNetty WebSocket started on port: 8880 with context path(s): '/websocket/{pageId}' .[0m
2024-05-21 17:37:28.244  INFO 19968 --- [main] YuandiInjectiondispenserApplicationTests : Started YuandiInjectiondispenserApplicationTests in 10.173 seconds (JVM running for 12.402)
2024-05-21 17:37:29.188  INFO 19968 --- [main] c.y.v.system.zyc.ZcyRequestBuilder       : 514112619
2024-05-21 17:37:29.188  INFO 19968 --- [main] c.y.v.system.zyc.ZcyRequestBuilder       : D:\work\ç–«è‹—å‘è¯æœº\æ¥å£æ–‡æ¡£\å¯†é’¥\private_key.pem
2024-05-21 17:37:29.255  INFO 19968 --- [SpringApplicationShutdownHook] com.zaxxer.hikari.HikariDataSource       : HikariPool-1 - Shutdown initiated...
2024-05-21 17:37:29.354  INFO 19968 --- [SpringApplicationShutdownHook] com.zaxxer.hikari.HikariDataSource       : HikariPool-1 - Shutdown completed.
2024-05-21 17:38:40.825  INFO 1780 --- [main] YuandiInjectiondispenserApplicationTests : Starting YuandiInjectiondispenserApplicationTests using Java 17.0.9 on ZH with PID 1780 (started by 78671 in D:\work\ç–«è‹—å‘è¯æœº\yiwan-vaccinedispenser_-v1.0\yiwan-vaccinedispenser-admin)
2024-05-21 17:38:40.828  INFO 1780 --- [main] YuandiInjectiondispenserApplicationTests : The following 1 profile is active: "dev"
2024-05-21 17:38:42.489  INFO 1780 --- [main] .s.d.r.c.RepositoryConfigurationDelegate : Multiple Spring Data modules found, entering strict repository configuration mode
2024-05-21 17:38:42.492  INFO 1780 --- [main] .s.d.r.c.RepositoryConfigurationDelegate : Bootstrapping Spring Data Redis repositories in DEFAULT mode.
2024-05-21 17:38:42.569  INFO 1780 --- [main] .s.d.r.c.RepositoryConfigurationDelegate : Finished Spring Data repository scanning in 56 ms. Found 0 Redis repository interfaces.
2024-05-21 17:38:45.706  INFO 1780 --- [main] com.zaxxer.hikari.HikariDataSource       : HikariPool-1 - Starting...
2024-05-21 17:38:46.025  INFO 1780 --- [main] com.zaxxer.hikari.HikariDataSource       : HikariPool-1 - Start completed.
2024-05-21 17:38:46.098  INFO 1780 --- [main] c.y.v.system.netty.NettyClient           : å½“å‰å®¢æˆ·ç«¯ï¼šA, è¿›è¡Œåˆå§‹åŒ–
2024-05-21 17:38:46.369  INFO 1780 --- [main] c.y.v.system.netty.NettyClient           : å½“å‰å®¢æˆ·ç«¯ï¼šB, è¿›è¡Œåˆå§‹åŒ–
2024-05-21 17:38:49.900  INFO 1780 --- [main] o.y.standard.ServerEndpointExporter      : [34mNetty WebSocket started on port: 8880 with context path(s): '/websocket/{pageId}' .[0m
2024-05-21 17:38:49.940  INFO 1780 --- [main] YuandiInjectiondispenserApplicationTests : Started YuandiInjectiondispenserApplicationTests in 10.205 seconds (JVM running for 12.387)
2024-05-21 17:38:51.283  INFO 1780 --- [SpringApplicationShutdownHook] com.zaxxer.hikari.HikariDataSource       : HikariPool-1 - Shutdown initiated...
2024-05-21 17:38:51.362  INFO 1780 --- [SpringApplicationShutdownHook] com.zaxxer.hikari.HikariDataSource       : HikariPool-1 - Shutdown completed.
