2025-02-23 17:59:28.289  INFO 20004 --- [main] YuandiInjectiondispenserApplicationTests : Starting YuandiInjectiondispenserApplicationTests using Java 17.0.9 on æ–½æ—æµ© with PID 20004 (started by 78671 in D:\work\yiwan\ç–«è‹—å‘è¯æœº\yiwan-vaccinedispenser_-v1.0\yiwan-vaccinedispenser-admin)
2025-02-23 17:59:28.290  INFO 20004 --- [main] YuandiInjectiondispenserApplicationTests : The following 1 profile is active: "test"
2025-02-23 17:59:28.893  INFO 20004 --- [main] .s.d.r.c.RepositoryConfigurationDelegate : Multiple Spring Data modules found, entering strict repository configuration mode
2025-02-23 17:59:28.895  INFO 20004 --- [main] .s.d.r.c.RepositoryConfigurationDelegate : Bootstrapping Spring Data Redis repositories in DEFAULT mode.
2025-02-23 17:59:28.935  INFO 20004 --- [main] .s.d.r.c.RepositoryConfigurationDelegate : Finished Spring Data repository scanning in 28 ms. Found 0 Redis repository interfaces.
2025-02-23 17:59:31.079  INFO 20004 --- [nioEventLoopGroup-6-1] c.y.v.system.camera.CameraClient         : å½“å‰å®¢æˆ·ç«¯ï¼šä¾§æ–¹æ‰«ç ç›¸æœº æœåŠ¡ç«¯è¿æ¥æˆåŠŸ...
2025-02-23 17:59:31.079  INFO 20004 --- [nioEventLoopGroup-4-1] c.y.v.system.camera.CameraClient         : å½“å‰å®¢æˆ·ç«¯ï¼šä¸Šæ–¹æ‰«ç ç›¸æœº æœåŠ¡ç«¯è¿æ¥æˆåŠŸ...
2025-02-23 17:59:31.079  INFO 20004 --- [nioEventLoopGroup-5-1] c.y.v.system.camera.CameraClient         : å½“å‰å®¢æˆ·ç«¯ï¼šä¸‹æ–¹æ‰«ç ç›¸æœº æœåŠ¡ç«¯è¿æ¥æˆåŠŸ...
2025-02-23 17:59:31.132  INFO 20004 --- [main] com.zaxxer.hikari.HikariDataSource       : HikariPool-1 - Starting...
2025-02-23 17:59:31.337  INFO 20004 --- [main] com.zaxxer.hikari.HikariDataSource       : HikariPool-1 - Start completed.
2025-02-23 17:59:31.378  INFO 20004 --- [main] c.y.v.system.netty.NettyClient           : å½“å‰å®¢æˆ·ç«¯ï¼šA, è¿›è¡Œåˆå§‹åŒ–
2025-02-23 17:59:31.424  INFO 20004 --- [nioEventLoopGroup-8-1] c.y.v.system.netty.NettyClient           : å½“å‰å®¢æˆ·ç«¯ï¼šA æœåŠ¡ç«¯è¿æ¥æˆåŠŸ...
2025-02-23 17:59:31.426  INFO 20004 --- [main] c.y.v.system.netty.NettyClient           : å½“å‰å®¢æˆ·ç«¯ï¼šB, è¿›è¡Œåˆå§‹åŒ–
2025-02-23 17:59:31.426  INFO 20004 --- [nioEventLoopGroup-8-1] c.y.v.system.netty.NettyClientHandler    : å½“å‰çš„clientï¼šA è¿æ¥æœåŠ¡å™¨æˆåŠŸ
2025-02-23 17:59:31.462  INFO 20004 --- [nioEventLoopGroup-9-1] c.y.v.system.netty.NettyClient           : å½“å‰å®¢æˆ·ç«¯ï¼šB æœåŠ¡ç«¯è¿æ¥æˆåŠŸ...
2025-02-23 17:59:31.464  INFO 20004 --- [nioEventLoopGroup-9-1] c.y.v.system.netty.NettyClientHandler    : å½“å‰çš„clientï¼šB è¿æ¥æœåŠ¡å™¨æˆåŠŸ
2025-02-23 17:59:31.464  INFO 20004 --- [main] c.y.v.system.netty.NettyClient           : å½“å‰å®¢æˆ·ç«¯ï¼šC, è¿›è¡Œåˆå§‹åŒ–
2025-02-23 17:59:31.499  INFO 20004 --- [nioEventLoopGroup-10-1] c.y.v.system.netty.NettyClient           : å½“å‰å®¢æˆ·ç«¯ï¼šC æœåŠ¡ç«¯è¿æ¥æˆåŠŸ...
2025-02-23 17:59:31.501  INFO 20004 --- [nioEventLoopGroup-10-1] c.y.v.system.netty.NettyClientHandler    : å½“å‰çš„clientï¼šC è¿æ¥æœåŠ¡å™¨æˆåŠŸ
2025-02-23 17:59:33.034  INFO 20004 --- [main] o.y.standard.ServerEndpointExporter      : [34mNetty WebSocket started on port: 8880 with context path(s): '/websocket/{pageId}' .[0m
2025-02-23 17:59:33.053  INFO 20004 --- [main] YuandiInjectiondispenserApplicationTests : Started YuandiInjectiondispenserApplicationTests in 5.097 seconds (JVM running for 5.758)
2025-02-23 17:59:33.060  INFO 20004 --- [scheduling-1] c.y.v.system.dispensing.VacTimer         : true
2025-02-23 17:59:33.065 ERROR 20004 --- [scheduling-1] c.y.v.system.dispensing.VacTimer         : æœªçŸ¥å¼‚å¸¸ï¼š

java.nio.file.NoSuchFileException: .\yiwan-vaccinedispenser-admin\src\main\resources\private_key.pem
	at java.base/sun.nio.fs.WindowsException.translateToIOException(WindowsException.java:85)
	at java.base/sun.nio.fs.WindowsException.rethrowAsIOException(WindowsException.java:103)
	at java.base/sun.nio.fs.WindowsException.rethrowAsIOException(WindowsException.java:108)
	at java.base/sun.nio.fs.WindowsFileSystemProvider.newByteChannel(WindowsFileSystemProvider.java:236)
	at java.base/java.nio.file.Files.newByteChannel(Files.java:380)
	at java.base/java.nio.file.Files.newByteChannel(Files.java:432)
	at java.base/java.nio.file.Files.readAllBytes(Files.java:3288)
	at com.yiwan.vaccinedispenser.system.zyc.ZcyRequestBuilder.getRequest(ZcyRequestBuilder.java:192)
	at com.yiwan.vaccinedispenser.system.zyc.ZcyRequestBuilder.getVaccineListRequest(ZcyRequestBuilder.java:57)
	at com.yiwan.vaccinedispenser.system.zyc.ZcyFunction.getVaccine(ZcyFunction.java:57)
	at com.yiwan.vaccinedispenser.system.dispensing.VacTimer.getVaccine(VacTimer.java:50)
	at java.base/jdk.internal.reflect.NativeMethodAccessorImpl.invoke0(Native Method)
	at java.base/jdk.internal.reflect.NativeMethodAccessorImpl.invoke(NativeMethodAccessorImpl.java:77)
	at java.base/jdk.internal.reflect.DelegatingMethodAccessorImpl.invoke(DelegatingMethodAccessorImpl.java:43)
	at java.base/java.lang.reflect.Method.invoke(Method.java:568)
	at org.springframework.scheduling.support.ScheduledMethodRunnable.run(ScheduledMethodRunnable.java:84)
	at org.springframework.scheduling.support.DelegatingErrorHandlingRunnable.run(DelegatingErrorHandlingRunnable.java:54)
	at java.base/java.util.concurrent.Executors$RunnableAdapter.call(Executors.java:539)
	at java.base/java.util.concurrent.FutureTask.runAndReset$$$capture(FutureTask.java:305)
	at java.base/java.util.concurrent.FutureTask.runAndReset(FutureTask.java)
	at java.base/java.util.concurrent.ScheduledThreadPoolExecutor$ScheduledFutureTask.run(ScheduledThreadPoolExecutor.java:305)
	at java.base/java.util.concurrent.ThreadPoolExecutor.runWorker(ThreadPoolExecutor.java:1136)
	at java.base/java.util.concurrent.ThreadPoolExecutor$Worker.run(ThreadPoolExecutor.java:635)
	at java.base/java.lang.Thread.run(Thread.java:842)

2025-02-23 17:59:33.068  INFO 20004 --- [scheduling-1] c.y.v.system.dispensing.VacTimer         : è·å–æ”¿é‡‡äº‘å‘è‹—æŒ‡ä»¤
2025-02-23 17:59:33.069 ERROR 20004 --- [scheduling-1] c.y.v.system.dispensing.VacTimer         : æœªçŸ¥å¼‚å¸¸ï¼š

java.nio.file.NoSuchFileException: .\yiwan-vaccinedispenser-admin\src\main\resources\private_key.pem
	at java.base/sun.nio.fs.WindowsException.translateToIOException(WindowsException.java:85)
	at java.base/sun.nio.fs.WindowsException.rethrowAsIOException(WindowsException.java:103)
	at java.base/sun.nio.fs.WindowsException.rethrowAsIOException(WindowsException.java:108)
	at java.base/sun.nio.fs.WindowsFileSystemProvider.newByteChannel(WindowsFileSystemProvider.java:236)
	at java.base/java.nio.file.Files.newByteChannel(Files.java:380)
	at java.base/java.nio.file.Files.newByteChannel(Files.java:432)
	at java.base/java.nio.file.Files.readAllBytes(Files.java:3288)
	at com.yiwan.vaccinedispenser.system.zyc.ZcyRequestBuilder.getRequest(ZcyRequestBuilder.java:192)
	at com.yiwan.vaccinedispenser.system.zyc.ZcyRequestBuilder.getSendVaccineRequest(ZcyRequestBuilder.java:103)
	at com.yiwan.vaccinedispenser.system.zyc.ZcyFunction.getVaccineSendMsg(ZcyFunction.java:108)
	at com.yiwan.vaccinedispenser.system.dispensing.VacTimer.getVaccineSendMsg(VacTimer.java:92)
	at java.base/jdk.internal.reflect.NativeMethodAccessorImpl.invoke0(Native Method)
	at java.base/jdk.internal.reflect.NativeMethodAccessorImpl.invoke(NativeMethodAccessorImpl.java:77)
	at java.base/jdk.internal.reflect.DelegatingMethodAccessorImpl.invoke(DelegatingMethodAccessorImpl.java:43)
	at java.base/java.lang.reflect.Method.invoke(Method.java:568)
	at org.springframework.scheduling.support.ScheduledMethodRunnable.run(ScheduledMethodRunnable.java:84)
	at org.springframework.scheduling.support.DelegatingErrorHandlingRunnable.run(DelegatingErrorHandlingRunnable.java:54)
	at java.base/java.util.concurrent.Executors$RunnableAdapter.call(Executors.java:539)
	at java.base/java.util.concurrent.FutureTask.runAndReset$$$capture(FutureTask.java:305)
	at java.base/java.util.concurrent.FutureTask.runAndReset(FutureTask.java)
	at java.base/java.util.concurrent.ScheduledThreadPoolExecutor$ScheduledFutureTask.run(ScheduledThreadPoolExecutor.java:305)
	at java.base/java.util.concurrent.ThreadPoolExecutor.runWorker(ThreadPoolExecutor.java:1136)
	at java.base/java.util.concurrent.ThreadPoolExecutor$Worker.run(ThreadPoolExecutor.java:635)
	at java.base/java.lang.Thread.run(Thread.java:842)

2025-02-23 17:59:33.664  INFO 20004 --- [SpringApplicationShutdownHook] com.zaxxer.hikari.HikariDataSource       : HikariPool-1 - Shutdown initiated...
2025-02-23 17:59:33.679  INFO 20004 --- [SpringApplicationShutdownHook] com.zaxxer.hikari.HikariDataSource       : HikariPool-1 - Shutdown completed.
