2025-02-28 01:37:35.039  INFO 8260 --- [main] YuandiInjectiondispenserApplicationTests : Starting YuandiInjectiondispenserApplicationTests using Java 17.0.9 on æ–½æ—æµ© with PID 8260 (started by 78671 in D:\work\yiwan\ç–«è‹—å‘è¯æœº\yiwan-vaccinedispenser_-v1.0\yiwan-vaccinedispenser-admin)
2025-02-28 01:37:35.040  INFO 8260 --- [main] YuandiInjectiondispenserApplicationTests : The following 1 profile is active: "test"
2025-02-28 01:37:35.967  INFO 8260 --- [main] .s.d.r.c.RepositoryConfigurationDelegate : Multiple Spring Data modules found, entering strict repository configuration mode
2025-02-28 01:37:35.969  INFO 8260 --- [main] .s.d.r.c.RepositoryConfigurationDelegate : Bootstrapping Spring Data Redis repositories in DEFAULT mode.
2025-02-28 01:37:36.010  INFO 8260 --- [main] .s.d.r.c.RepositoryConfigurationDelegate : Finished Spring Data repository scanning in 28 ms. Found 0 Redis repository interfaces.
2025-02-28 01:37:38.648  INFO 8260 --- [nioEventLoopGroup-5-1] c.y.v.system.camera.CameraClient         : å½“å‰å®¢æˆ·ç«¯ï¼šä¸‹æ–¹æ‰«ç ç›¸æœº æœåŠ¡ç«¯è¿æ¥æˆåŠŸ...
2025-02-28 01:37:38.648  INFO 8260 --- [nioEventLoopGroup-4-1] c.y.v.system.camera.CameraClient         : å½“å‰å®¢æˆ·ç«¯ï¼šä¸Šæ–¹æ‰«ç ç›¸æœº æœåŠ¡ç«¯è¿æ¥æˆåŠŸ...
2025-02-28 01:37:38.648  INFO 8260 --- [nioEventLoopGroup-6-1] c.y.v.system.camera.CameraClient         : å½“å‰å®¢æˆ·ç«¯ï¼šä¾§æ–¹æ‰«ç ç›¸æœº æœåŠ¡ç«¯è¿æ¥æˆåŠŸ...
2025-02-28 01:37:38.799  INFO 8260 --- [main] com.zaxxer.hikari.HikariDataSource       : HikariPool-1 - Starting...
2025-02-28 01:37:39.217  INFO 8260 --- [main] com.zaxxer.hikari.HikariDataSource       : HikariPool-1 - Start completed.
2025-02-28 01:37:39.268  INFO 8260 --- [main] c.y.v.system.netty.NettyClient           : å½“å‰å®¢æˆ·ç«¯ï¼šA, è¿›è¡Œåˆå§‹åŒ–
2025-02-28 01:37:39.314  INFO 8260 --- [main] c.y.v.system.netty.NettyClient           : å½“å‰å®¢æˆ·ç«¯ï¼šB, è¿›è¡Œåˆå§‹åŒ–
2025-02-28 01:37:39.314  INFO 8260 --- [nioEventLoopGroup-8-1] c.y.v.system.netty.NettyClient           : å½“å‰å®¢æˆ·ç«¯ï¼šA æœåŠ¡ç«¯è¿æ¥æˆåŠŸ...
2025-02-28 01:37:39.316  INFO 8260 --- [nioEventLoopGroup-8-1] c.y.v.system.netty.NettyClientHandler    : å½“å‰çš„clientï¼šA è¿æ¥æœåŠ¡å™¨æˆåŠŸ
2025-02-28 01:37:39.407  INFO 8260 --- [nioEventLoopGroup-9-1] c.y.v.system.netty.NettyClient           : å½“å‰å®¢æˆ·ç«¯ï¼šB æœåŠ¡ç«¯è¿æ¥æˆåŠŸ...
2025-02-28 01:37:39.409  INFO 8260 --- [nioEventLoopGroup-9-1] c.y.v.system.netty.NettyClientHandler    : å½“å‰çš„clientï¼šB è¿æ¥æœåŠ¡å™¨æˆåŠŸ
2025-02-28 01:37:39.411  INFO 8260 --- [main] c.y.v.system.netty.NettyClient           : å½“å‰å®¢æˆ·ç«¯ï¼šC, è¿›è¡Œåˆå§‹åŒ–
2025-02-28 01:37:39.450  INFO 8260 --- [nioEventLoopGroup-10-1] c.y.v.system.netty.NettyClient           : å½“å‰å®¢æˆ·ç«¯ï¼šC æœåŠ¡ç«¯è¿æ¥æˆåŠŸ...
2025-02-28 01:37:39.452  INFO 8260 --- [nioEventLoopGroup-10-1] c.y.v.system.netty.NettyClientHandler    : å½“å‰çš„clientï¼šC è¿æ¥æœåŠ¡å™¨æˆåŠŸ
2025-02-28 01:37:41.519  INFO 8260 --- [main] o.y.standard.ServerEndpointExporter      : [34mNetty WebSocket started on port: 8880 with context path(s): '/websocket/{pageId}' .[0m
2025-02-28 01:37:41.535  INFO 8260 --- [main] YuandiInjectiondispenserApplicationTests : Started YuandiInjectiondispenserApplicationTests in 6.822 seconds (JVM running for 7.527)
2025-02-28 01:37:41.542  INFO 8260 --- [scheduling-1] c.y.v.system.dispensing.VacTimer         : false
2025-02-28 01:37:42.059  INFO 8260 --- [main] YuandiInjectiondispenserApplicationTests : 1
2025-02-28 01:37:42.059  INFO 8260 --- [main] YuandiInjectiondispenserApplicationTests : 2
2025-02-28 01:37:42.059  INFO 8260 --- [main] YuandiInjectiondispenserApplicationTests : 2
2025-02-28 01:37:42.059  INFO 8260 --- [main] YuandiInjectiondispenserApplicationTests : 2
2025-02-28 01:37:42.059  INFO 8260 --- [main] YuandiInjectiondispenserApplicationTests : 1
2025-02-28 01:37:42.059  INFO 8260 --- [main] YuandiInjectiondispenserApplicationTests : 1
2025-02-28 01:37:42.082  INFO 8260 --- [SpringApplicationShutdownHook] com.zaxxer.hikari.HikariDataSource       : HikariPool-1 - Shutdown initiated...
2025-02-28 01:37:42.100  INFO 8260 --- [SpringApplicationShutdownHook] com.zaxxer.hikari.HikariDataSource       : HikariPool-1 - Shutdown completed.
