2025-03-15 09:54:28.699  INFO 15592 --- [main] YuandiInjectiondispenserApplicationTests : Starting YuandiInjectiondispenserApplicationTests using Java 17.0.9 on æ–½æ—æµ© with PID 15592 (started by 78671 in D:\work\yiwan\ç–«è‹—å‘è¯æœº\yiwan-vaccinedispenser_-v1.0\yiwan-vaccinedispenser-admin)
2025-03-15 09:54:28.700  INFO 15592 --- [main] YuandiInjectiondispenserApplicationTests : The following 1 profile is active: "test"
2025-03-15 09:54:29.590  INFO 15592 --- [main] .s.d.r.c.RepositoryConfigurationDelegate : Multiple Spring Data modules found, entering strict repository configuration mode
2025-03-15 09:54:29.592  INFO 15592 --- [main] .s.d.r.c.RepositoryConfigurationDelegate : Bootstrapping Spring Data Redis repositories in DEFAULT mode.
2025-03-15 09:54:29.648  INFO 15592 --- [main] .s.d.r.c.RepositoryConfigurationDelegate : Finished Spring Data repository scanning in 40 ms. Found 0 Redis repository interfaces.
2025-03-15 09:54:32.152  INFO 15592 --- [main] com.zaxxer.hikari.HikariDataSource       : HikariPool-1 - Starting...
2025-03-15 09:54:32.301  INFO 15592 --- [main] com.zaxxer.hikari.HikariDataSource       : HikariPool-1 - Start completed.
2025-03-15 09:54:32.348  INFO 15592 --- [main] c.y.v.system.netty.NettyClient           : å½“å‰å®¢æˆ·ç«¯ï¼šA, è¿›è¡Œåˆå§‹åŒ–
2025-03-15 09:54:32.393  INFO 15592 --- [main] c.y.v.system.netty.NettyClient           : å½“å‰å®¢æˆ·ç«¯ï¼šB, è¿›è¡Œåˆå§‹åŒ–
2025-03-15 09:54:32.438  INFO 15592 --- [main] c.y.v.system.netty.NettyClient           : å½“å‰å®¢æˆ·ç«¯ï¼šC, è¿›è¡Œåˆå§‹åŒ–
2025-03-15 09:54:34.590  INFO 15592 --- [main] o.y.standard.ServerEndpointExporter      : [34mNetty WebSocket started on port: 8880 with context path(s): '/websocket/{pageId}' .[0m
2025-03-15 09:54:34.611  INFO 15592 --- [main] YuandiInjectiondispenserApplicationTests : Started YuandiInjectiondispenserApplicationTests in 6.353 seconds (JVM running for 7.053)
2025-03-15 09:54:34.621  INFO 15592 --- [scheduling-1] c.y.v.system.dispensing.VacTimer         : false
2025-03-15 09:54:35.308  INFO 15592 --- [SpringApplicationShutdownHook] com.zaxxer.hikari.HikariDataSource       : HikariPool-1 - Shutdown initiated...
2025-03-15 09:54:36.100  INFO 15592 --- [SpringApplicationShutdownHook] com.zaxxer.hikari.HikariDataSource       : HikariPool-1 - Shutdown completed.
2025-03-15 09:56:17.729  INFO 13760 --- [main] YuandiInjectiondispenserApplicationTests : Starting YuandiInjectiondispenserApplicationTests using Java 17.0.9 on æ–½æ—æµ© with PID 13760 (started by 78671 in D:\work\yiwan\ç–«è‹—å‘è¯æœº\yiwan-vaccinedispenser_-v1.0\yiwan-vaccinedispenser-admin)
2025-03-15 09:56:17.731  INFO 13760 --- [main] YuandiInjectiondispenserApplicationTests : The following 1 profile is active: "test"
2025-03-15 09:56:18.423  INFO 13760 --- [main] .s.d.r.c.RepositoryConfigurationDelegate : Multiple Spring Data modules found, entering strict repository configuration mode
2025-03-15 09:56:18.426  INFO 13760 --- [main] .s.d.r.c.RepositoryConfigurationDelegate : Bootstrapping Spring Data Redis repositories in DEFAULT mode.
2025-03-15 09:56:18.464  INFO 13760 --- [main] .s.d.r.c.RepositoryConfigurationDelegate : Finished Spring Data repository scanning in 27 ms. Found 0 Redis repository interfaces.
2025-03-15 09:56:21.014  INFO 13760 --- [main] com.zaxxer.hikari.HikariDataSource       : HikariPool-1 - Starting...
2025-03-15 09:56:21.214  INFO 13760 --- [main] com.zaxxer.hikari.HikariDataSource       : HikariPool-1 - Start completed.
2025-03-15 09:56:21.248  INFO 13760 --- [main] c.y.v.system.netty.NettyClient           : å½“å‰å®¢æˆ·ç«¯ï¼šA, è¿›è¡Œåˆå§‹åŒ–
2025-03-15 09:56:21.291  INFO 13760 --- [main] c.y.v.system.netty.NettyClient           : å½“å‰å®¢æˆ·ç«¯ï¼šB, è¿›è¡Œåˆå§‹åŒ–
2025-03-15 09:56:21.327  INFO 13760 --- [main] c.y.v.system.netty.NettyClient           : å½“å‰å®¢æˆ·ç«¯ï¼šC, è¿›è¡Œåˆå§‹åŒ–
2025-03-15 09:56:23.801  INFO 13760 --- [main] o.y.standard.ServerEndpointExporter      : [34mNetty WebSocket started on port: 8880 with context path(s): '/websocket/{pageId}' .[0m
2025-03-15 09:56:23.837  INFO 13760 --- [main] YuandiInjectiondispenserApplicationTests : Started YuandiInjectiondispenserApplicationTests in 6.547 seconds (JVM running for 7.247)
2025-03-15 09:56:23.845  INFO 13760 --- [scheduling-1] c.y.v.system.dispensing.VacTimer         : false
2025-03-15 09:56:24.436  INFO 13760 --- [SpringApplicationShutdownHook] com.zaxxer.hikari.HikariDataSource       : HikariPool-1 - Shutdown initiated...
2025-03-15 09:56:24.979  INFO 13760 --- [SpringApplicationShutdownHook] com.zaxxer.hikari.HikariDataSource       : HikariPool-1 - Shutdown completed.
