2025-02-20 13:48:13.401  INFO 10628 --- [main] YuandiInjectiondispenserApplicationTests : Starting YuandiInjectiondispenserApplicationTests using Java 17.0.9 on æ–½æ—æµ© with PID 10628 (started by 78671 in D:\work\yiwan\ç–«è‹—å‘è¯æœº\yiwan-vaccinedispenser_-v1.0\yiwan-vaccinedispenser-admin)
2025-02-20 13:48:13.403  INFO 10628 --- [main] YuandiInjectiondispenserApplicationTests : The following 1 profile is active: "test"
2025-02-20 13:48:14.177  INFO 10628 --- [main] .s.d.r.c.RepositoryConfigurationDelegate : Multiple Spring Data modules found, entering strict repository configuration mode
2025-02-20 13:48:14.181  INFO 10628 --- [main] .s.d.r.c.RepositoryConfigurationDelegate : Bootstrapping Spring Data Redis repositories in DEFAULT mode.
2025-02-20 13:48:14.239  INFO 10628 --- [main] .s.d.r.c.RepositoryConfigurationDelegate : Finished Spring Data repository scanning in 41 ms. Found 0 Redis repository interfaces.
2025-02-20 13:48:16.576  INFO 10628 --- [main] com.zaxxer.hikari.HikariDataSource       : HikariPool-1 - Starting...
2025-02-20 13:48:16.708  INFO 10628 --- [main] com.zaxxer.hikari.HikariDataSource       : HikariPool-1 - Start completed.
2025-02-20 13:48:16.732  INFO 10628 --- [main] c.y.v.system.netty.NettyClient           : å½“å‰å®¢æˆ·ç«¯ï¼šA, è¿›è¡Œåˆå§‹åŒ–
2025-02-20 13:48:16.778  INFO 10628 --- [main] c.y.v.system.netty.NettyClient           : å½“å‰å®¢æˆ·ç«¯ï¼šB, è¿›è¡Œåˆå§‹åŒ–
2025-02-20 13:48:16.830  INFO 10628 --- [main] c.y.v.system.netty.NettyClient           : å½“å‰å®¢æˆ·ç«¯ï¼šC, è¿›è¡Œåˆå§‹åŒ–
2025-02-20 13:48:18.951  INFO 10628 --- [main] o.y.standard.ServerEndpointExporter      : [34mNetty WebSocket started on port: 8880 with context path(s): '/websocket/{pageId}' .[0m
2025-02-20 13:48:18.972  INFO 10628 --- [main] YuandiInjectiondispenserApplicationTests : Started YuandiInjectiondispenserApplicationTests in 5.917 seconds (JVM running for 6.624)
2025-02-20 13:48:18.977  INFO 10628 --- [scheduling-1] c.y.v.system.dispensing.VacTimer         : false
2025-02-20 13:48:19.634  INFO 10628 --- [SpringApplicationShutdownHook] com.zaxxer.hikari.HikariDataSource       : HikariPool-1 - Shutdown initiated...
2025-02-20 13:48:19.650  INFO 10628 --- [SpringApplicationShutdownHook] com.zaxxer.hikari.HikariDataSource       : HikariPool-1 - Shutdown completed.
2025-02-20 13:49:00.504  INFO 4328 --- [main] YuandiInjectiondispenserApplicationTests : Starting YuandiInjectiondispenserApplicationTests using Java 17.0.9 on æ–½æ—æµ© with PID 4328 (started by 78671 in D:\work\yiwan\ç–«è‹—å‘è¯æœº\yiwan-vaccinedispenser_-v1.0\yiwan-vaccinedispenser-admin)
2025-02-20 13:49:00.506  INFO 4328 --- [main] YuandiInjectiondispenserApplicationTests : The following 1 profile is active: "test"
2025-02-20 13:49:01.195  INFO 4328 --- [main] .s.d.r.c.RepositoryConfigurationDelegate : Multiple Spring Data modules found, entering strict repository configuration mode
2025-02-20 13:49:01.198  INFO 4328 --- [main] .s.d.r.c.RepositoryConfigurationDelegate : Bootstrapping Spring Data Redis repositories in DEFAULT mode.
2025-02-20 13:49:01.242  INFO 4328 --- [main] .s.d.r.c.RepositoryConfigurationDelegate : Finished Spring Data repository scanning in 30 ms. Found 0 Redis repository interfaces.
2025-02-20 13:49:03.763  INFO 4328 --- [main] com.zaxxer.hikari.HikariDataSource       : HikariPool-1 - Starting...
2025-02-20 13:49:03.940  INFO 4328 --- [main] com.zaxxer.hikari.HikariDataSource       : HikariPool-1 - Start completed.
2025-02-20 13:49:03.968  INFO 4328 --- [main] c.y.v.system.netty.NettyClient           : å½“å‰å®¢æˆ·ç«¯ï¼šA, è¿›è¡Œåˆå§‹åŒ–
2025-02-20 13:49:04.015  INFO 4328 --- [main] c.y.v.system.netty.NettyClient           : å½“å‰å®¢æˆ·ç«¯ï¼šB, è¿›è¡Œåˆå§‹åŒ–
2025-02-20 13:49:04.062  INFO 4328 --- [main] c.y.v.system.netty.NettyClient           : å½“å‰å®¢æˆ·ç«¯ï¼šC, è¿›è¡Œåˆå§‹åŒ–
2025-02-20 13:49:06.190  INFO 4328 --- [main] o.y.standard.ServerEndpointExporter      : [34mNetty WebSocket started on port: 8880 with context path(s): '/websocket/{pageId}' .[0m
2025-02-20 13:49:06.212  INFO 4328 --- [main] YuandiInjectiondispenserApplicationTests : Started YuandiInjectiondispenserApplicationTests in 6.091 seconds (JVM running for 6.815)
2025-02-20 13:49:06.218  INFO 4328 --- [scheduling-1] c.y.v.system.dispensing.VacTimer         : false
2025-02-20 13:49:06.836  INFO 4328 --- [SpringApplicationShutdownHook] com.zaxxer.hikari.HikariDataSource       : HikariPool-1 - Shutdown initiated...
2025-02-20 13:49:06.857  INFO 4328 --- [SpringApplicationShutdownHook] com.zaxxer.hikari.HikariDataSource       : HikariPool-1 - Shutdown completed.
2025-02-20 13:50:52.531  INFO 7712 --- [main] YuandiInjectiondispenserApplicationTests : Starting YuandiInjectiondispenserApplicationTests using Java 17.0.9 on æ–½æ—æµ© with PID 7712 (started by 78671 in D:\work\yiwan\ç–«è‹—å‘è¯æœº\yiwan-vaccinedispenser_-v1.0\yiwan-vaccinedispenser-admin)
2025-02-20 13:50:52.532  INFO 7712 --- [main] YuandiInjectiondispenserApplicationTests : The following 1 profile is active: "test"
2025-02-20 13:50:53.230  INFO 7712 --- [main] .s.d.r.c.RepositoryConfigurationDelegate : Multiple Spring Data modules found, entering strict repository configuration mode
2025-02-20 13:50:53.233  INFO 7712 --- [main] .s.d.r.c.RepositoryConfigurationDelegate : Bootstrapping Spring Data Redis repositories in DEFAULT mode.
2025-02-20 13:50:53.281  INFO 7712 --- [main] .s.d.r.c.RepositoryConfigurationDelegate : Finished Spring Data repository scanning in 33 ms. Found 0 Redis repository interfaces.
2025-02-20 13:50:55.651  INFO 7712 --- [main] com.zaxxer.hikari.HikariDataSource       : HikariPool-1 - Starting...
2025-02-20 13:50:55.783  INFO 7712 --- [main] com.zaxxer.hikari.HikariDataSource       : HikariPool-1 - Start completed.
2025-02-20 13:50:55.815  INFO 7712 --- [main] c.y.v.system.netty.NettyClient           : å½“å‰å®¢æˆ·ç«¯ï¼šA, è¿›è¡Œåˆå§‹åŒ–
2025-02-20 13:50:55.854  INFO 7712 --- [main] c.y.v.system.netty.NettyClient           : å½“å‰å®¢æˆ·ç«¯ï¼šB, è¿›è¡Œåˆå§‹åŒ–
2025-02-20 13:50:55.887  INFO 7712 --- [main] c.y.v.system.netty.NettyClient           : å½“å‰å®¢æˆ·ç«¯ï¼šC, è¿›è¡Œåˆå§‹åŒ–
2025-02-20 13:50:57.738  INFO 7712 --- [main] o.y.standard.ServerEndpointExporter      : [34mNetty WebSocket started on port: 8880 with context path(s): '/websocket/{pageId}' .[0m
2025-02-20 13:50:57.756  INFO 7712 --- [main] YuandiInjectiondispenserApplicationTests : Started YuandiInjectiondispenserApplicationTests in 5.586 seconds (JVM running for 6.393)
2025-02-20 13:50:57.761  INFO 7712 --- [scheduling-1] c.y.v.system.dispensing.VacTimer         : false
2025-02-20 13:50:58.413  INFO 7712 --- [SpringApplicationShutdownHook] com.zaxxer.hikari.HikariDataSource       : HikariPool-1 - Shutdown initiated...
2025-02-20 13:50:58.430  INFO 7712 --- [SpringApplicationShutdownHook] com.zaxxer.hikari.HikariDataSource       : HikariPool-1 - Shutdown completed.
2025-02-20 13:54:15.671  INFO 9952 --- [main] YuandiInjectiondispenserApplicationTests : Starting YuandiInjectiondispenserApplicationTests using Java 17.0.9 on æ–½æ—æµ© with PID 9952 (started by 78671 in D:\work\yiwan\ç–«è‹—å‘è¯æœº\yiwan-vaccinedispenser_-v1.0\yiwan-vaccinedispenser-admin)
2025-02-20 13:54:15.673  INFO 9952 --- [main] YuandiInjectiondispenserApplicationTests : The following 1 profile is active: "test"
2025-02-20 13:54:16.466  INFO 9952 --- [main] .s.d.r.c.RepositoryConfigurationDelegate : Multiple Spring Data modules found, entering strict repository configuration mode
2025-02-20 13:54:16.468  INFO 9952 --- [main] .s.d.r.c.RepositoryConfigurationDelegate : Bootstrapping Spring Data Redis repositories in DEFAULT mode.
2025-02-20 13:54:16.519  INFO 9952 --- [main] .s.d.r.c.RepositoryConfigurationDelegate : Finished Spring Data repository scanning in 38 ms. Found 0 Redis repository interfaces.
2025-02-20 13:54:19.151  INFO 9952 --- [main] com.zaxxer.hikari.HikariDataSource       : HikariPool-1 - Starting...
2025-02-20 13:54:19.303  INFO 9952 --- [main] com.zaxxer.hikari.HikariDataSource       : HikariPool-1 - Start completed.
2025-02-20 13:54:19.328  INFO 9952 --- [main] c.y.v.system.netty.NettyClient           : å½“å‰å®¢æˆ·ç«¯ï¼šA, è¿›è¡Œåˆå§‹åŒ–
2025-02-20 13:54:19.368  INFO 9952 --- [main] c.y.v.system.netty.NettyClient           : å½“å‰å®¢æˆ·ç«¯ï¼šB, è¿›è¡Œåˆå§‹åŒ–
2025-02-20 13:54:19.403  INFO 9952 --- [main] c.y.v.system.netty.NettyClient           : å½“å‰å®¢æˆ·ç«¯ï¼šC, è¿›è¡Œåˆå§‹åŒ–
2025-02-20 13:54:21.378  INFO 9952 --- [main] o.y.standard.ServerEndpointExporter      : [34mNetty WebSocket started on port: 8880 with context path(s): '/websocket/{pageId}' .[0m
2025-02-20 13:54:21.403  INFO 9952 --- [main] YuandiInjectiondispenserApplicationTests : Started YuandiInjectiondispenserApplicationTests in 6.081 seconds (JVM running for 6.774)
2025-02-20 13:54:21.410  INFO 9952 --- [scheduling-1] c.y.v.system.dispensing.VacTimer         : false
2025-02-20 13:54:22.052  INFO 9952 --- [SpringApplicationShutdownHook] com.zaxxer.hikari.HikariDataSource       : HikariPool-1 - Shutdown initiated...
2025-02-20 13:54:22.070  INFO 9952 --- [SpringApplicationShutdownHook] com.zaxxer.hikari.HikariDataSource       : HikariPool-1 - Shutdown completed.
2025-02-20 13:55:45.030  INFO 2420 --- [main] YuandiInjectiondispenserApplicationTests : Starting YuandiInjectiondispenserApplicationTests using Java 17.0.9 on æ–½æ—æµ© with PID 2420 (started by 78671 in D:\work\yiwan\ç–«è‹—å‘è¯æœº\yiwan-vaccinedispenser_-v1.0\yiwan-vaccinedispenser-admin)
2025-02-20 13:55:45.031  INFO 2420 --- [main] YuandiInjectiondispenserApplicationTests : The following 1 profile is active: "test"
2025-02-20 13:55:45.749  INFO 2420 --- [main] .s.d.r.c.RepositoryConfigurationDelegate : Multiple Spring Data modules found, entering strict repository configuration mode
2025-02-20 13:55:45.753  INFO 2420 --- [main] .s.d.r.c.RepositoryConfigurationDelegate : Bootstrapping Spring Data Redis repositories in DEFAULT mode.
2025-02-20 13:55:45.799  INFO 2420 --- [main] .s.d.r.c.RepositoryConfigurationDelegate : Finished Spring Data repository scanning in 30 ms. Found 0 Redis repository interfaces.
2025-02-20 13:55:48.104  INFO 2420 --- [main] com.zaxxer.hikari.HikariDataSource       : HikariPool-1 - Starting...
2025-02-20 13:55:48.375  INFO 2420 --- [main] com.zaxxer.hikari.HikariDataSource       : HikariPool-1 - Start completed.
2025-02-20 13:55:48.421  INFO 2420 --- [main] c.y.v.system.netty.NettyClient           : å½“å‰å®¢æˆ·ç«¯ï¼šA, è¿›è¡Œåˆå§‹åŒ–
2025-02-20 13:55:48.472  INFO 2420 --- [main] c.y.v.system.netty.NettyClient           : å½“å‰å®¢æˆ·ç«¯ï¼šB, è¿›è¡Œåˆå§‹åŒ–
2025-02-20 13:55:48.528  INFO 2420 --- [main] c.y.v.system.netty.NettyClient           : å½“å‰å®¢æˆ·ç«¯ï¼šC, è¿›è¡Œåˆå§‹åŒ–
2025-02-20 13:55:50.583  INFO 2420 --- [main] o.y.standard.ServerEndpointExporter      : [34mNetty WebSocket started on port: 8880 with context path(s): '/websocket/{pageId}' .[0m
2025-02-20 13:55:50.602  INFO 2420 --- [main] YuandiInjectiondispenserApplicationTests : Started YuandiInjectiondispenserApplicationTests in 5.937 seconds (JVM running for 6.648)
2025-02-20 13:55:50.612  INFO 2420 --- [scheduling-1] c.y.v.system.dispensing.VacTimer         : false
2025-02-20 13:55:51.152  INFO 2420 --- [SpringApplicationShutdownHook] com.zaxxer.hikari.HikariDataSource       : HikariPool-1 - Shutdown initiated...
2025-02-20 13:55:51.171  INFO 2420 --- [SpringApplicationShutdownHook] com.zaxxer.hikari.HikariDataSource       : HikariPool-1 - Shutdown completed.
2025-02-20 13:57:37.171  INFO 23776 --- [main] YuandiInjectiondispenserApplicationTests : Starting YuandiInjectiondispenserApplicationTests using Java 17.0.9 on æ–½æ—æµ© with PID 23776 (started by 78671 in D:\work\yiwan\ç–«è‹—å‘è¯æœº\yiwan-vaccinedispenser_-v1.0\yiwan-vaccinedispenser-admin)
2025-02-20 13:57:37.172  INFO 23776 --- [main] YuandiInjectiondispenserApplicationTests : The following 1 profile is active: "test"
2025-02-20 13:57:37.896  INFO 23776 --- [main] .s.d.r.c.RepositoryConfigurationDelegate : Multiple Spring Data modules found, entering strict repository configuration mode
2025-02-20 13:57:37.898  INFO 23776 --- [main] .s.d.r.c.RepositoryConfigurationDelegate : Bootstrapping Spring Data Redis repositories in DEFAULT mode.
2025-02-20 13:57:37.939  INFO 23776 --- [main] .s.d.r.c.RepositoryConfigurationDelegate : Finished Spring Data repository scanning in 29 ms. Found 0 Redis repository interfaces.
2025-02-20 13:57:40.054  INFO 23776 --- [main] com.zaxxer.hikari.HikariDataSource       : HikariPool-1 - Starting...
2025-02-20 13:57:40.209  INFO 23776 --- [main] com.zaxxer.hikari.HikariDataSource       : HikariPool-1 - Start completed.
2025-02-20 13:57:40.238  INFO 23776 --- [main] c.y.v.system.netty.NettyClient           : å½“å‰å®¢æˆ·ç«¯ï¼šA, è¿›è¡Œåˆå§‹åŒ–
2025-02-20 13:57:40.283  INFO 23776 --- [main] c.y.v.system.netty.NettyClient           : å½“å‰å®¢æˆ·ç«¯ï¼šB, è¿›è¡Œåˆå§‹åŒ–
2025-02-20 13:57:40.318  INFO 23776 --- [main] c.y.v.system.netty.NettyClient           : å½“å‰å®¢æˆ·ç«¯ï¼šC, è¿›è¡Œåˆå§‹åŒ–
2025-02-20 13:57:42.207  INFO 23776 --- [main] o.y.standard.ServerEndpointExporter      : [34mNetty WebSocket started on port: 8880 with context path(s): '/websocket/{pageId}' .[0m
2025-02-20 13:57:42.229  INFO 23776 --- [main] YuandiInjectiondispenserApplicationTests : Started YuandiInjectiondispenserApplicationTests in 5.382 seconds (JVM running for 6.083)
2025-02-20 13:57:42.233  INFO 23776 --- [scheduling-1] c.y.v.system.dispensing.VacTimer         : false
2025-02-20 13:57:42.780  INFO 23776 --- [SpringApplicationShutdownHook] com.zaxxer.hikari.HikariDataSource       : HikariPool-1 - Shutdown initiated...
2025-02-20 13:57:42.796  INFO 23776 --- [SpringApplicationShutdownHook] com.zaxxer.hikari.HikariDataSource       : HikariPool-1 - Shutdown completed.
