2025-03-06 08:27:53.351  INFO 39212 --- [main] YuandiInjectiondispenserApplicationTests : Starting YuandiInjectiondispenserApplicationTests using Java 17.0.9 on æ–½æ—æµ© with PID 39212 (started by 78671 in D:\work\yiwan\ç–«è‹—å‘è¯æœº\yiwan-vaccinedispenser_-v1.0\yiwan-vaccinedispenser-admin)
2025-03-06 08:27:53.352  INFO 39212 --- [main] YuandiInjectiondispenserApplicationTests : The following 1 profile is active: "test"
2025-03-06 08:27:53.985  INFO 39212 --- [main] .s.d.r.c.RepositoryConfigurationDelegate : Multiple Spring Data modules found, entering strict repository configuration mode
2025-03-06 08:27:53.987  INFO 39212 --- [main] .s.d.r.c.RepositoryConfigurationDelegate : Bootstrapping Spring Data Redis repositories in DEFAULT mode.
2025-03-06 08:27:54.027  INFO 39212 --- [main] .s.d.r.c.RepositoryConfigurationDelegate : Finished Spring Data repository scanning in 28 ms. Found 0 Redis repository interfaces.
2025-03-06 08:27:56.198  INFO 39212 --- [main] com.zaxxer.hikari.HikariDataSource       : HikariPool-1 - Starting...
2025-03-06 08:27:56.317  INFO 39212 --- [main] com.zaxxer.hikari.HikariDataSource       : HikariPool-1 - Start completed.
2025-03-06 08:27:56.348  INFO 39212 --- [main] c.y.v.system.netty.NettyClient           : å½“å‰å®¢æˆ·ç«¯ï¼šA, è¿›è¡Œåˆå§‹åŒ–
2025-03-06 08:27:56.385  INFO 39212 --- [main] c.y.v.system.netty.NettyClient           : å½“å‰å®¢æˆ·ç«¯ï¼šB, è¿›è¡Œåˆå§‹åŒ–
2025-03-06 08:27:56.424  INFO 39212 --- [main] c.y.v.system.netty.NettyClient           : å½“å‰å®¢æˆ·ç«¯ï¼šC, è¿›è¡Œåˆå§‹åŒ–
2025-03-06 08:27:58.138  INFO 39212 --- [main] o.y.standard.ServerEndpointExporter      : [34mNetty WebSocket started on port: 8880 with context path(s): '/websocket/{pageId}' .[0m
2025-03-06 08:27:58.152  INFO 39212 --- [main] YuandiInjectiondispenserApplicationTests : Started YuandiInjectiondispenserApplicationTests in 5.12 seconds (JVM running for 5.823)
2025-03-06 08:27:58.160  INFO 39212 --- [scheduling-1] c.y.v.system.dispensing.VacTimer         : false
2025-03-06 08:27:58.754  INFO 39212 --- [main] c.y.v.s.s.s.n.impl.CabinetCServiceImpl   : 0x0C CæŸœæŸœ-0x01-è¯æŒ‡ä»¤ï¼šA5 5A 09 00 01 00 0C 01 04 01 00 5A 6C 55
2025-03-06 08:27:59.002 ERROR 39212 --- [main] c.y.v.s.dispensing.DispensingFunction    : å‘è¯ä¼ºæœå¼‚å¸¸ï¼æ— æ³•æ­£å¸¸å‘è¯
2025-03-06 08:28:44.960  WARN 39212 --- [HikariPool-1 housekeeper] com.zaxxer.hikari.pool.HikariPool        : HikariPool-1 - Thread starvation or clock leap detected (housekeeper delta=48s528ms554Âµs200ns).
2025-03-06 08:28:44.965  WARN 39212 --- [nioEventLoopGroup-4-1] c.y.v.system.camera.CameraClient         : å½“å‰ç›¸æœºï¼šä¸Šæ–¹æ‰«ç ç›¸æœº, æ‰§è¡Œé‡æ–°è¿æ¥åˆ°æœåŠ¡å™¨192.168.1.11:2001
2025-03-06 08:28:44.965  WARN 39212 --- [nioEventLoopGroup-7-1] c.y.v.system.netty.NettyClient           : å½“å‰å®¢æˆ·ç«¯ï¼šA, æ‰§è¡Œé‡æ–°è¿æ¥åˆ°æœåŠ¡å™¨192.168.1.66:8088
2025-03-06 08:28:44.965  WARN 39212 --- [nioEventLoopGroup-6-1] c.y.v.system.camera.CameraClient         : å½“å‰ç›¸æœºï¼šä¾§æ–¹æ‰«ç ç›¸æœº, æ‰§è¡Œé‡æ–°è¿æ¥åˆ°æœåŠ¡å™¨192.168.1.13:2001
2025-03-06 08:28:44.965  WARN 39212 --- [nioEventLoopGroup-5-1] c.y.v.system.camera.CameraClient         : å½“å‰ç›¸æœºï¼šä¸‹æ–¹æ‰«ç ç›¸æœº, æ‰§è¡Œé‡æ–°è¿æ¥åˆ°æœåŠ¡å™¨192.168.1.12:2001
2025-03-06 08:28:44.965  WARN 39212 --- [nioEventLoopGroup-8-1] c.y.v.system.netty.NettyClient           : å½“å‰å®¢æˆ·ç«¯ï¼šB, æ‰§è¡Œé‡æ–°è¿æ¥åˆ°æœåŠ¡å™¨192.168.1.77:8088
2025-03-06 08:28:44.965  WARN 39212 --- [nioEventLoopGroup-9-1] c.y.v.system.netty.NettyClient           : å½“å‰å®¢æˆ·ç«¯ï¼šC, æ‰§è¡Œé‡æ–°è¿æ¥åˆ°æœåŠ¡å™¨192.168.1.88:8088
2025-03-06 08:28:45.027  INFO 39212 --- [main] c.y.v.s.dispensing.DispensingFunction    : æ·»åŠ å‘è¯å¤„æ–¹ï¼š{"beltNum":4,"boxNo":"A0814","lineNum":8,"machineId":833,"positionNum":14,"productName":"å›½-13ä»·è‚ºç‚-æ²ƒæ£®-1/0.5ml/æ”¯-æ¶²é¢„æ³¨1","productNo":"05626000705","requestNo":"requestNo","taskId":"c4c101f5-65c1-45e0-8969-6346851475d4","uuid":"ca08ed6f-23cb-4af7-b308-ae7e512f60af","workbenchNo":"69","workbenchNum":1}
2025-03-06 08:28:45.029  INFO 39212 --- [main] c.y.v.s.s.s.n.impl.CabinetCServiceImpl   : 0x0C CæŸœæŸœ-0x01-è¯æŒ‡ä»¤ï¼šA5 5A 09 00 02 00 0C 01 04 01 00 69 6C 55
2025-03-06 08:28:45.239 ERROR 39212 --- [main] c.y.v.s.dispensing.DispensingFunction    : å‘è¯ä¼ºæœå¼‚å¸¸ï¼æ— æ³•æ­£å¸¸å‘è¯
2025-03-06 08:28:52.141  INFO 39212 --- [main] c.y.v.s.dispensing.DispensingFunction    : æ·»åŠ å‘è¯å¤„æ–¹ï¼š{"beltNum":5,"boxNo":"A0914","lineNum":9,"machineId":860,"positionNum":14,"productName":"å›½-13ä»·è‚ºç‚-æ²ƒæ£®-1/0.5ml/æ”¯-æ¶²é¢„æ³¨1","productNo":"05626000705","requestNo":"requestNo","taskId":"c4c101f5-65c1-45e0-8969-6346851475d4","uuid":"1c15036d-1cce-42a3-95f0-ef7d2da0fbcd","workbenchNo":"69","workbenchNum":1}
2025-03-06 08:28:52.142  INFO 39212 --- [main] c.y.v.s.s.s.n.impl.CabinetCServiceImpl   : 0x0C CæŸœæŸœ-0x01-è¯æŒ‡ä»¤ï¼šA5 5A 09 00 03 00 0C 01 04 01 00 79 AC 55
2025-03-06 08:28:52.198  INFO 39212 --- [Dispensing-7] c.y.v.s.dispensing.DispensingFunction    : æ‰è¯ä¿¡æ¯ï¼šä»“ä½ï¼šA0814 æ‰è¯:å›½-13ä»·è‚ºç‚-æ²ƒæ£®-1/0.5ml/æ”¯-æ¶²é¢„æ³¨1
2025-03-06 08:28:52.199  INFO 39212 --- [Dispensing-7] c.y.v.s.s.s.n.impl.CabinetAServiceImpl   : 0x0A AæŸœæŸœ-0x01-æ‰è¯ï¼šA5 5A 0C 00 04 00 0A 01 08 04 00 0E 10 00 3D E6 55
2025-03-06 08:28:52.253  INFO 39212 --- [Dispensing-8] c.y.v.s.dispensing.DispensingFunction    : æ‰è¯ä¿¡æ¯ï¼šä»“ä½ï¼šA0914 æ‰è¯:å›½-13ä»·è‚ºç‚-æ²ƒæ£®-1/0.5ml/æ”¯-æ¶²é¢„æ³¨1
2025-03-06 08:28:52.253  INFO 39212 --- [Dispensing-8] c.y.v.s.s.s.n.impl.CabinetAServiceImpl   : 0x0A AæŸœæŸœ-0x01-æ‰è¯ï¼šA5 5A 0C 00 05 00 0A 01 09 04 00 0E 10 00 6D F2 55
2025-03-06 08:28:52.349 ERROR 39212 --- [main] c.y.v.s.dispensing.DispensingFunction    : å‘è¯ä¼ºæœå¼‚å¸¸ï¼æ— æ³•æ­£å¸¸å‘è¯
2025-03-06 08:28:55.173  INFO 39212 --- [main] c.y.v.s.dispensing.DispensingFunction    : æ·»åŠ å‘è¯å¤„æ–¹ï¼š{"beltNum":4,"boxNo":"A0814","lineNum":8,"machineId":833,"positionNum":14,"productName":"å›½-13ä»·è‚ºç‚-æ²ƒæ£®-1/0.5ml/æ”¯-æ¶²é¢„æ³¨1","productNo":"05626000705","requestNo":"requestNo","taskId":"c4c101f5-65c1-45e0-8969-6346851475d4","uuid":"254aef63-47e0-431b-921a-a08c374b734f","workbenchNo":"69","workbenchNum":1}
2025-03-06 08:28:55.175  INFO 39212 --- [main] c.y.v.s.s.s.n.impl.CabinetCServiceImpl   : 0x0C CæŸœæŸœ-0x01-è¯æŒ‡ä»¤ï¼šA5 5A 09 00 06 00 0C 01 04 01 00 2C AC 55
2025-03-06 08:28:55.392 ERROR 39212 --- [main] c.y.v.s.dispensing.DispensingFunction    : å‘è¯ä¼ºæœå¼‚å¸¸ï¼æ— æ³•æ­£å¸¸å‘è¯
2025-03-06 08:28:58.486  INFO 39212 --- [main] c.y.v.s.dispensing.DispensingFunction    : æ·»åŠ å‘è¯å¤„æ–¹ï¼š{"beltNum":5,"boxNo":"A0914","lineNum":9,"machineId":860,"positionNum":14,"productName":"å›½-13ä»·è‚ºç‚-æ²ƒæ£®-1/0.5ml/æ”¯-æ¶²é¢„æ³¨1","productNo":"05626000705","requestNo":"requestNo","taskId":"c4c101f5-65c1-45e0-8969-6346851475d4","uuid":"fc5ca344-8f48-4d98-98ce-cbfa3fff8b9b","workbenchNo":"69","workbenchNum":1}
2025-03-06 08:28:58.488  INFO 39212 --- [main] c.y.v.s.s.s.n.impl.CabinetCServiceImpl   : 0x0C CæŸœæŸœ-0x01-è¯æŒ‡ä»¤ï¼šA5 5A 09 00 07 00 0C 01 04 01 00 3C 6C 55
2025-03-06 08:28:58.703 ERROR 39212 --- [main] c.y.v.s.dispensing.DispensingFunction    : å‘è¯ä¼ºæœå¼‚å¸¸ï¼æ— æ³•æ­£å¸¸å‘è¯
2025-03-06 08:29:00.868  INFO 39212 --- [main] c.y.v.s.dispensing.DispensingFunction    : æ·»åŠ å‘è¯å¤„æ–¹ï¼š{"beltNum":4,"boxNo":"A0814","lineNum":8,"machineId":833,"positionNum":14,"productName":"å›½-13ä»·è‚ºç‚-æ²ƒæ£®-1/0.5ml/æ”¯-æ¶²é¢„æ³¨1","productNo":"05626000705","requestNo":"requestNo","taskId":"c4c101f5-65c1-45e0-8969-6346851475d4","uuid":"d4405eab-9cb9-43bd-9751-ad19c1b5761c","workbenchNo":"69","workbenchNum":1}
2025-03-06 08:29:00.882  INFO 39212 --- [SpringApplicationShutdownHook] com.zaxxer.hikari.HikariDataSource       : HikariPool-1 - Shutdown initiated...
2025-03-06 08:29:00.896  INFO 39212 --- [SpringApplicationShutdownHook] com.zaxxer.hikari.HikariDataSource       : HikariPool-1 - Shutdown completed.
