2025-03-05 21:04:15.091  INFO 50724 --- [main] YuandiInjectiondispenserApplicationTests : Starting YuandiInjectiondispenserApplicationTests using Java 17.0.9 on æ–½æ—æµ© with PID 50724 (started by 78671 in D:\work\yiwan\ç–«è‹—å‘è¯æœº\yiwan-vaccinedispenser_-v1.0\yiwan-vaccinedispenser-admin)
2025-03-05 21:04:15.092  INFO 50724 --- [main] YuandiInjectiondispenserApplicationTests : The following 1 profile is active: "test"
2025-03-05 21:04:15.978  INFO 50724 --- [main] .s.d.r.c.RepositoryConfigurationDelegate : Multiple Spring Data modules found, entering strict repository configuration mode
2025-03-05 21:04:15.981  INFO 50724 --- [main] .s.d.r.c.RepositoryConfigurationDelegate : Bootstrapping Spring Data Redis repositories in DEFAULT mode.
2025-03-05 21:04:16.054  INFO 50724 --- [main] .s.d.r.c.RepositoryConfigurationDelegate : Finished Spring Data repository scanning in 42 ms. Found 0 Redis repository interfaces.
2025-03-05 21:04:18.852  INFO 50724 --- [main] com.zaxxer.hikari.HikariDataSource       : HikariPool-1 - Starting...
2025-03-05 21:04:18.986  INFO 50724 --- [main] com.zaxxer.hikari.HikariDataSource       : HikariPool-1 - Start completed.
2025-03-05 21:04:19.027  INFO 50724 --- [main] c.y.v.system.netty.NettyClient           : å½“å‰å®¢æˆ·ç«¯ï¼šA, è¿›è¡Œåˆå§‹åŒ–
2025-03-05 21:04:19.079  INFO 50724 --- [main] c.y.v.system.netty.NettyClient           : å½“å‰å®¢æˆ·ç«¯ï¼šB, è¿›è¡Œåˆå§‹åŒ–
2025-03-05 21:04:19.125  INFO 50724 --- [main] c.y.v.system.netty.NettyClient           : å½“å‰å®¢æˆ·ç«¯ï¼šC, è¿›è¡Œåˆå§‹åŒ–
2025-03-05 21:04:21.990  INFO 50724 --- [main] o.y.standard.ServerEndpointExporter      : [34mNetty WebSocket started on port: 8880 with context path(s): '/websocket/{pageId}' .[0m
2025-03-05 21:04:22.012  INFO 50724 --- [main] YuandiInjectiondispenserApplicationTests : Started YuandiInjectiondispenserApplicationTests in 7.311 seconds (JVM running for 8.316)
2025-03-05 21:04:22.047  INFO 50724 --- [scheduling-1] c.y.v.system.dispensing.VacTimer         : false
2025-03-05 21:04:22.823  INFO 50724 --- [SpringApplicationShutdownHook] com.zaxxer.hikari.HikariDataSource       : HikariPool-1 - Shutdown initiated...
2025-03-05 21:04:24.631  INFO 50724 --- [SpringApplicationShutdownHook] com.zaxxer.hikari.HikariDataSource       : HikariPool-1 - Shutdown completed.
2025-03-05 21:05:16.341  INFO 28108 --- [main] YuandiInjectiondispenserApplicationTests : Starting YuandiInjectiondispenserApplicationTests using Java 17.0.9 on æ–½æ—æµ© with PID 28108 (started by 78671 in D:\work\yiwan\ç–«è‹—å‘è¯æœº\yiwan-vaccinedispenser_-v1.0\yiwan-vaccinedispenser-admin)
2025-03-05 21:05:16.342  INFO 28108 --- [main] YuandiInjectiondispenserApplicationTests : The following 1 profile is active: "test"
2025-03-05 21:05:17.130  INFO 28108 --- [main] .s.d.r.c.RepositoryConfigurationDelegate : Multiple Spring Data modules found, entering strict repository configuration mode
2025-03-05 21:05:17.132  INFO 28108 --- [main] .s.d.r.c.RepositoryConfigurationDelegate : Bootstrapping Spring Data Redis repositories in DEFAULT mode.
2025-03-05 21:05:17.175  INFO 28108 --- [main] .s.d.r.c.RepositoryConfigurationDelegate : Finished Spring Data repository scanning in 31 ms. Found 0 Redis repository interfaces.
2025-03-05 21:05:20.155  INFO 28108 --- [main] com.zaxxer.hikari.HikariDataSource       : HikariPool-1 - Starting...
2025-03-05 21:05:20.278  INFO 28108 --- [main] com.zaxxer.hikari.HikariDataSource       : HikariPool-1 - Start completed.
2025-03-05 21:05:20.316  INFO 28108 --- [main] c.y.v.system.netty.NettyClient           : å½“å‰å®¢æˆ·ç«¯ï¼šA, è¿›è¡Œåˆå§‹åŒ–
2025-03-05 21:05:20.362  INFO 28108 --- [main] c.y.v.system.netty.NettyClient           : å½“å‰å®¢æˆ·ç«¯ï¼šB, è¿›è¡Œåˆå§‹åŒ–
2025-03-05 21:05:20.413  INFO 28108 --- [main] c.y.v.system.netty.NettyClient           : å½“å‰å®¢æˆ·ç«¯ï¼šC, è¿›è¡Œåˆå§‹åŒ–
2025-03-05 21:05:23.359  INFO 28108 --- [main] o.y.standard.ServerEndpointExporter      : [34mNetty WebSocket started on port: 8880 with context path(s): '/websocket/{pageId}' .[0m
2025-03-05 21:05:23.400  INFO 28108 --- [main] YuandiInjectiondispenserApplicationTests : Started YuandiInjectiondispenserApplicationTests in 7.381 seconds (JVM running for 8.117)
2025-03-05 21:05:23.411  INFO 28108 --- [scheduling-1] c.y.v.system.dispensing.VacTimer         : false
2025-03-05 21:05:23.995  INFO 28108 --- [main] c.y.v.s.s.s.n.impl.CabinetCServiceImpl   : 0x0C CæŸœæŸœ-0x01-è¯æŒ‡ä»¤ï¼šA5 5A 09 00 01 00 0C 01 04 01 00 5A 6C 55
2025-03-05 21:05:24.234 ERROR 28108 --- [main] c.y.v.s.dispensing.DispensingFunction    : å‘è¯ä¼ºæœå¼‚å¸¸ï¼æ— æ³•æ­£å¸¸å‘è¯
2025-03-05 21:05:31.517  INFO 28108 --- [main] c.y.v.s.dispensing.DispensingFunction    : æ·»åŠ å‘è¯å¤„æ–¹ï¼š{"beltNum":5,"boxNo":"A1014","lineNum":10,"machineId":887,"positionNum":15,"productName":"å›½-13ä»·è‚ºç‚-æ²ƒæ£®-1/0.5ml/æ”¯-æ¶²é¢„æ³¨1","productNo":"05626000705","requestNo":"requestNo","taskId":"06c69476-c46a-478a-aecd-b39dd52e4c33","uuid":"b077921a-116c-4616-a63e-fc62f1c00c77","workbenchNo":"69","workbenchNum":1}
2025-03-05 21:05:31.520  INFO 28108 --- [main] c.y.v.s.s.s.n.impl.CabinetCServiceImpl   : 0x0C CæŸœæŸœ-0x01-è¯æŒ‡ä»¤ï¼šA5 5A 09 00 02 00 0C 01 04 01 00 69 6C 55
2025-03-05 21:05:31.728 ERROR 28108 --- [main] c.y.v.s.dispensing.DispensingFunction    : å‘è¯ä¼ºæœå¼‚å¸¸ï¼æ— æ³•æ­£å¸¸å‘è¯
2025-03-05 21:05:31.735 ERROR 28108 --- [Dispensing-3] c.y.v.s.dispensing.DispensingFunction    : ä¼ é€å°çš®å¸¦ä¸Šæœ‰è¯ æœ‰å¼‚å¸¸
2025-03-05 21:05:42.974  WARN 28108 --- [nioEventLoopGroup-5-1] c.y.v.system.camera.CameraClient         : å½“å‰ç›¸æœºï¼šä¸‹æ–¹æ‰«ç ç›¸æœº, æ‰§è¡Œé‡æ–°è¿æ¥åˆ°æœåŠ¡å™¨192.168.1.12:2001
2025-03-05 21:05:42.974  WARN 28108 --- [nioEventLoopGroup-7-1] c.y.v.system.netty.NettyClient           : å½“å‰å®¢æˆ·ç«¯ï¼šA, æ‰§è¡Œé‡æ–°è¿æ¥åˆ°æœåŠ¡å™¨192.168.1.66:8088
2025-03-05 21:05:42.974  WARN 28108 --- [nioEventLoopGroup-9-1] c.y.v.system.netty.NettyClient           : å½“å‰å®¢æˆ·ç«¯ï¼šC, æ‰§è¡Œé‡æ–°è¿æ¥åˆ°æœåŠ¡å™¨192.168.1.88:8088
2025-03-05 21:05:42.974  WARN 28108 --- [nioEventLoopGroup-6-1] c.y.v.system.camera.CameraClient         : å½“å‰ç›¸æœºï¼šä¾§æ–¹æ‰«ç ç›¸æœº, æ‰§è¡Œé‡æ–°è¿æ¥åˆ°æœåŠ¡å™¨192.168.1.13:2001
2025-03-05 21:05:42.974  WARN 28108 --- [nioEventLoopGroup-4-1] c.y.v.system.camera.CameraClient         : å½“å‰ç›¸æœºï¼šä¸Šæ–¹æ‰«ç ç›¸æœº, æ‰§è¡Œé‡æ–°è¿æ¥åˆ°æœåŠ¡å™¨192.168.1.11:2001
2025-03-05 21:05:42.974  WARN 28108 --- [nioEventLoopGroup-8-1] c.y.v.system.netty.NettyClient           : å½“å‰å®¢æˆ·ç«¯ï¼šB, æ‰§è¡Œé‡æ–°è¿æ¥åˆ°æœåŠ¡å™¨192.168.1.77:8088
2025-03-05 21:05:43.010  INFO 28108 --- [main] c.y.v.s.dispensing.DispensingFunction    : æ·»åŠ å‘è¯å¤„æ–¹ï¼š{"beltNum":5,"boxNo":"A1014","lineNum":10,"machineId":887,"positionNum":15,"productName":"å›½-13ä»·è‚ºç‚-æ²ƒæ£®-1/0.5ml/æ”¯-æ¶²é¢„æ³¨1","productNo":"05626000705","requestNo":"requestNo","taskId":"06c69476-c46a-478a-aecd-b39dd52e4c33","uuid":"1b2a9dcf-0a50-40a2-977b-f4954ed932d9","workbenchNo":"69","workbenchNum":1}
2025-03-05 21:05:43.044  INFO 28108 --- [SpringApplicationShutdownHook] com.zaxxer.hikari.HikariDataSource       : HikariPool-1 - Shutdown initiated...
2025-03-05 21:05:43.046 ERROR 28108 --- [Dispensing-4] c.y.v.s.dispensing.DispensingFunction    : ä¼ é€å°çš®å¸¦ä¸Šæœ‰è¯ æœ‰å¼‚å¸¸
2025-03-05 21:05:43.072 ERROR 28108 --- [Dispensing-2] c.y.v.s.d.DispensingThreadManager        : æ‰è¯ä»»åŠ¡è¢«ä¸­æ–­

java.lang.InterruptedException: null
	at java.base/java.util.concurrent.locks.AbstractQueuedSynchronizer.tryAcquireSharedNanos(AbstractQueuedSynchronizer.java:1081)
	at java.base/java.util.concurrent.CountDownLatch.await(CountDownLatch.java:276)
	at com.yiwan.vaccinedispenser.system.dispensing.DispensingThreadManager.lambda$moveBelt$5(DispensingThreadManager.java:190)
	at java.base/java.util.concurrent.ThreadPoolExecutor.runWorker(ThreadPoolExecutor.java:1136)
	at java.base/java.util.concurrent.ThreadPoolExecutor$Worker.run(ThreadPoolExecutor.java:635)
	at java.base/java.lang.Thread.run(Thread.java:842)

2025-03-05 21:05:47.241  INFO 28108 --- [SpringApplicationShutdownHook] com.zaxxer.hikari.HikariDataSource       : HikariPool-1 - Shutdown completed.
2025-03-05 21:07:37.665  INFO 22640 --- [main] YuandiInjectiondispenserApplicationTests : Starting YuandiInjectiondispenserApplicationTests using Java 17.0.9 on æ–½æ—æµ© with PID 22640 (started by 78671 in D:\work\yiwan\ç–«è‹—å‘è¯æœº\yiwan-vaccinedispenser_-v1.0\yiwan-vaccinedispenser-admin)
2025-03-05 21:07:37.666  INFO 22640 --- [main] YuandiInjectiondispenserApplicationTests : The following 1 profile is active: "test"
2025-03-05 21:07:38.435  INFO 22640 --- [main] .s.d.r.c.RepositoryConfigurationDelegate : Multiple Spring Data modules found, entering strict repository configuration mode
2025-03-05 21:07:38.439  INFO 22640 --- [main] .s.d.r.c.RepositoryConfigurationDelegate : Bootstrapping Spring Data Redis repositories in DEFAULT mode.
2025-03-05 21:07:38.492  INFO 22640 --- [main] .s.d.r.c.RepositoryConfigurationDelegate : Finished Spring Data repository scanning in 35 ms. Found 0 Redis repository interfaces.
2025-03-05 21:07:41.082  INFO 22640 --- [main] com.zaxxer.hikari.HikariDataSource       : HikariPool-1 - Starting...
2025-03-05 21:07:41.219  INFO 22640 --- [main] com.zaxxer.hikari.HikariDataSource       : HikariPool-1 - Start completed.
2025-03-05 21:07:41.246  INFO 22640 --- [main] c.y.v.system.netty.NettyClient           : å½“å‰å®¢æˆ·ç«¯ï¼šA, è¿›è¡Œåˆå§‹åŒ–
2025-03-05 21:07:41.289  INFO 22640 --- [main] c.y.v.system.netty.NettyClient           : å½“å‰å®¢æˆ·ç«¯ï¼šB, è¿›è¡Œåˆå§‹åŒ–
2025-03-05 21:07:41.334  INFO 22640 --- [main] c.y.v.system.netty.NettyClient           : å½“å‰å®¢æˆ·ç«¯ï¼šC, è¿›è¡Œåˆå§‹åŒ–
2025-03-05 21:07:43.570  INFO 22640 --- [main] o.y.standard.ServerEndpointExporter      : [34mNetty WebSocket started on port: 8880 with context path(s): '/websocket/{pageId}' .[0m
2025-03-05 21:07:43.592  INFO 22640 --- [main] YuandiInjectiondispenserApplicationTests : Started YuandiInjectiondispenserApplicationTests in 6.318 seconds (JVM running for 7.039)
2025-03-05 21:07:43.600  INFO 22640 --- [scheduling-1] c.y.v.system.dispensing.VacTimer         : false
2025-03-05 21:07:44.069  INFO 22640 --- [main] c.y.v.s.s.s.n.impl.CabinetCServiceImpl   : 0x0C CæŸœæŸœ-0x01-è¯æŒ‡ä»¤ï¼šA5 5A 09 00 01 00 0C 01 04 01 00 5A 6C 55
2025-03-05 21:07:44.299 ERROR 22640 --- [main] c.y.v.s.dispensing.DispensingFunction    : å‘è¯ä¼ºæœå¼‚å¸¸ï¼æ— æ³•æ­£å¸¸å‘è¯
2025-03-05 21:07:54.106  INFO 22640 --- [main] c.y.v.s.dispensing.DispensingFunction    : æ·»åŠ å‘è¯å¤„æ–¹ï¼š{"beltNum":4,"boxNo":"A0814","lineNum":8,"machineId":833,"positionNum":14,"productName":"å›½-13ä»·è‚ºç‚-æ²ƒæ£®-1/0.5ml/æ”¯-æ¶²é¢„æ³¨1","productNo":"05626000705","requestNo":"requestNo","taskId":"c12e088d-d90e-4836-8385-d49d01c51897","uuid":"b4dd0e45-6134-40a7-854b-dbdbb123c635","workbenchNo":"69","workbenchNum":1}
2025-03-05 21:07:54.109  INFO 22640 --- [main] c.y.v.s.s.s.n.impl.CabinetCServiceImpl   : 0x0C CæŸœæŸœ-0x01-è¯æŒ‡ä»¤ï¼šA5 5A 09 00 02 00 0C 01 04 01 00 69 6C 55
2025-03-05 21:07:54.317 ERROR 22640 --- [main] c.y.v.s.dispensing.DispensingFunction    : å‘è¯ä¼ºæœå¼‚å¸¸ï¼æ— æ³•æ­£å¸¸å‘è¯
2025-03-05 21:07:58.947  INFO 22640 --- [main] c.y.v.s.dispensing.DispensingFunction    : æ·»åŠ å‘è¯å¤„æ–¹ï¼š{"beltNum":5,"boxNo":"A0914","lineNum":9,"machineId":860,"positionNum":14,"productName":"å›½-13ä»·è‚ºç‚-æ²ƒæ£®-1/0.5ml/æ”¯-æ¶²é¢„æ³¨1","productNo":"05626000705","requestNo":"requestNo","taskId":"c12e088d-d90e-4836-8385-d49d01c51897","uuid":"a335fc02-2a23-4b61-a4ca-806db0ed8003","workbenchNo":"69","workbenchNum":1}
2025-03-05 21:07:58.971  INFO 22640 --- [SpringApplicationShutdownHook] com.zaxxer.hikari.HikariDataSource       : HikariPool-1 - Shutdown initiated...
2025-03-05 21:08:01.764  INFO 22640 --- [SpringApplicationShutdownHook] com.zaxxer.hikari.HikariDataSource       : HikariPool-1 - Shutdown completed.
